[0.073s] Invoking command in '/app/build/modus_board_interfaces': CMAKE_PREFIX_PATH=/app/install/kapibara_interfaces:/app/install/start_sequence:/app/install/kapibara_vel_saltis_bridge:/app/install/kapibara_twingo_bridge:/app/install/vel_saltis_services:/app/install/vel_saltis_ears:/app/install/vel_saltis_drive:/app/install/sample_package:/app/install/mqtt_bridge:/app/install/modus_board:/app/install/modus_board_interfaces:/app/install/microphone:/app/install/kapibara:/app/install/emotion_estimer:/opt/ros/humble LD_LIBRARY_PATH=/app/install/kapibara_interfaces/lib:/app/install/vel_saltis_services/lib:/app/install/vel_saltis_ears/lib:/app/install/vel_saltis_drive/lib:/app/install/modus_board_interfaces/lib:/opt/ros/humble/opt/rviz_ogre_vendor/lib:/opt/ros/humble/lib/x86_64-linux-gnu:/opt/ros/humble/lib /usr/bin/cmake --build /app/build/modus_board_interfaces -- -j12 -l12
[0.190s] [ 12%] Built target modus_board_interfaces__rosidl_generator_c
[0.191s] [ 12%] Built target modus_board_interfaces__cpp
[0.192s] [ 15%] Built target modus_board_interfaces__rs
[0.201s] [ 15%] Built target ament_cmake_python_symlink_modus_board_interfaces
[0.257s] [ 25%] Built target modus_board_interfaces__rosidl_typesupport_fastrtps_c
[0.261s] [ 35%] Built target modus_board_interfaces__rosidl_typesupport_introspection_cpp
[0.265s] [ 45%] Built target modus_board_interfaces__rosidl_typesupport_introspection_c
[0.266s] [ 55%] Built target modus_board_interfaces__rosidl_typesupport_c
[0.284s] [ 65%] Built target modus_board_interfaces__rosidl_typesupport_fastrtps_cpp
[0.290s] [ 75%] Built target modus_board_interfaces__rosidl_typesupport_cpp
[0.334s] [ 75%] Built target modus_board_interfaces
[0.383s] [ 77%] Built target modus_board_interfaces__py
[0.431s] [ 85%] Built target modus_board_interfaces__rosidl_generator_py
[0.500s] [ 90%] Built target modus_board_interfaces__rosidl_typesupport_introspection_c__pyext
[0.502s] [ 95%] Built target modus_board_interfaces__rosidl_typesupport_fastrtps_c__pyext
[0.505s] [100%] Built target modus_board_interfaces__rosidl_typesupport_c__pyext
[0.583s] running egg_info
[0.583s] writing modus_board_interfaces.egg-info/PKG-INFO
[0.583s] writing dependency_links to modus_board_interfaces.egg-info/dependency_links.txt
[0.583s] writing top-level names to modus_board_interfaces.egg-info/top_level.txt
[0.587s] reading manifest file 'modus_board_interfaces.egg-info/SOURCES.txt'
[0.589s] writing manifest file 'modus_board_interfaces.egg-info/SOURCES.txt'
[0.628s] [100%] Built target ament_cmake_python_build_modus_board_interfaces_egg
[0.642s] Invoked command in '/app/build/modus_board_interfaces' returned '0': CMAKE_PREFIX_PATH=/app/install/kapibara_interfaces:/app/install/start_sequence:/app/install/kapibara_vel_saltis_bridge:/app/install/kapibara_twingo_bridge:/app/install/vel_saltis_services:/app/install/vel_saltis_ears:/app/install/vel_saltis_drive:/app/install/sample_package:/app/install/mqtt_bridge:/app/install/modus_board:/app/install/modus_board_interfaces:/app/install/microphone:/app/install/kapibara:/app/install/emotion_estimer:/opt/ros/humble LD_LIBRARY_PATH=/app/install/kapibara_interfaces/lib:/app/install/vel_saltis_services/lib:/app/install/vel_saltis_ears/lib:/app/install/vel_saltis_drive/lib:/app/install/modus_board_interfaces/lib:/opt/ros/humble/opt/rviz_ogre_vendor/lib:/opt/ros/humble/lib/x86_64-linux-gnu:/opt/ros/humble/lib /usr/bin/cmake --build /app/build/modus_board_interfaces -- -j12 -l12
[0.645s] Invoking command in '/app/build/modus_board_interfaces': CMAKE_PREFIX_PATH=/app/install/kapibara_interfaces:/app/install/start_sequence:/app/install/kapibara_vel_saltis_bridge:/app/install/kapibara_twingo_bridge:/app/install/vel_saltis_services:/app/install/vel_saltis_ears:/app/install/vel_saltis_drive:/app/install/sample_package:/app/install/mqtt_bridge:/app/install/modus_board:/app/install/modus_board_interfaces:/app/install/microphone:/app/install/kapibara:/app/install/emotion_estimer:/opt/ros/humble LD_LIBRARY_PATH=/app/install/kapibara_interfaces/lib:/app/install/vel_saltis_services/lib:/app/install/vel_saltis_ears/lib:/app/install/vel_saltis_drive/lib:/app/install/modus_board_interfaces/lib:/opt/ros/humble/opt/rviz_ogre_vendor/lib:/opt/ros/humble/lib/x86_64-linux-gnu:/opt/ros/humble/lib /usr/bin/cmake --install /app/build/modus_board_interfaces
[0.655s] -- Install configuration: ""
[0.655s] -- Execute custom install script
[0.656s] -- Up-to-date symlink: /app/install/modus_board_interfaces/share/ament_index/resource_index/rosidl_interfaces/modus_board_interfaces
[0.656s] -- Up-to-date symlink: /app/install/modus_board_interfaces/include/modus_board_interfaces/modus_board_interfaces/msg/rosidl_generator_c__visibility_control.h
[0.656s] -- Up-to-date symlink: /app/install/modus_board_interfaces/include/modus_board_interfaces/modus_board_interfaces/srv/detail/enable_boards__functions.h
[0.656s] -- Up-to-date symlink: /app/install/modus_board_interfaces/include/modus_board_interfaces/modus_board_interfaces/srv/detail/enable_boards__struct.h
[0.656s] -- Up-to-date symlink: /app/install/modus_board_interfaces/include/modus_board_interfaces/modus_board_interfaces/srv/detail/enable_boards__type_support.h
[0.657s] -- Up-to-date symlink: /app/install/modus_board_interfaces/include/modus_board_interfaces/modus_board_interfaces/srv/detail/reset_boards__functions.h
[0.657s] -- Up-to-date symlink: /app/install/modus_board_interfaces/include/modus_board_interfaces/modus_board_interfaces/srv/detail/reset_boards__struct.h
[0.657s] -- Up-to-date symlink: /app/install/modus_board_interfaces/include/modus_board_interfaces/modus_board_interfaces/srv/detail/reset_boards__type_support.h
[0.657s] -- Up-to-date symlink: /app/install/modus_board_interfaces/include/modus_board_interfaces/modus_board_interfaces/srv/enable_boards.h
[0.657s] -- Up-to-date symlink: /app/install/modus_board_interfaces/include/modus_board_interfaces/modus_board_interfaces/srv/reset_boards.h
[0.657s] -- Up-to-date symlink: /app/install/modus_board_interfaces/share/modus_board_interfaces/environment/library_path.sh
[0.661s] -- Up-to-date symlink: /app/install/modus_board_interfaces/share/modus_board_interfaces/environment/library_path.dsv
[0.661s] -- Up-to-date symlink: /app/install/modus_board_interfaces/include/modus_board_interfaces/modus_board_interfaces/msg/rosidl_typesupport_fastrtps_c__visibility_control.h
[0.661s] -- Up-to-date symlink: /app/install/modus_board_interfaces/include/modus_board_interfaces/modus_board_interfaces/srv/detail/enable_boards__rosidl_typesupport_fastrtps_c.h
[0.661s] -- Up-to-date symlink: /app/install/modus_board_interfaces/include/modus_board_interfaces/modus_board_interfaces/srv/detail/reset_boards__rosidl_typesupport_fastrtps_c.h
[0.662s] -- Up-to-date symlink: /app/install/modus_board_interfaces/include/modus_board_interfaces/modus_board_interfaces/msg/rosidl_generator_cpp__visibility_control.hpp
[0.663s] -- Up-to-date symlink: /app/install/modus_board_interfaces/include/modus_board_interfaces/modus_board_interfaces/srv/detail/enable_boards__builder.hpp
[0.663s] -- Up-to-date symlink: /app/install/modus_board_interfaces/include/modus_board_interfaces/modus_board_interfaces/srv/detail/enable_boards__struct.hpp
[0.663s] -- Up-to-date symlink: /app/install/modus_board_interfaces/include/modus_board_interfaces/modus_board_interfaces/srv/detail/enable_boards__traits.hpp
[0.664s] -- Up-to-date symlink: /app/install/modus_board_interfaces/include/modus_board_interfaces/modus_board_interfaces/srv/detail/enable_boards__type_support.hpp
[0.664s] -- Up-to-date symlink: /app/install/modus_board_interfaces/include/modus_board_interfaces/modus_board_interfaces/srv/detail/reset_boards__builder.hpp
[0.664s] -- Up-to-date symlink: /app/install/modus_board_interfaces/include/modus_board_interfaces/modus_board_interfaces/srv/detail/reset_boards__struct.hpp
[0.664s] -- Up-to-date symlink: /app/install/modus_board_interfaces/include/modus_board_interfaces/modus_board_interfaces/srv/detail/reset_boards__traits.hpp
[0.664s] -- Up-to-date symlink: /app/install/modus_board_interfaces/include/modus_board_interfaces/modus_board_interfaces/srv/detail/reset_boards__type_support.hpp
[0.665s] -- Up-to-date symlink: /app/install/modus_board_interfaces/include/modus_board_interfaces/modus_board_interfaces/srv/enable_boards.hpp
[0.665s] -- Up-to-date symlink: /app/install/modus_board_interfaces/include/modus_board_interfaces/modus_board_interfaces/srv/reset_boards.hpp
[0.666s] -- Up-to-date symlink: /app/install/modus_board_interfaces/include/modus_board_interfaces/modus_board_interfaces/msg/rosidl_typesupport_fastrtps_cpp__visibility_control.h
[0.666s] -- Up-to-date symlink: /app/install/modus_board_interfaces/include/modus_board_interfaces/modus_board_interfaces/srv/detail/enable_boards__rosidl_typesupport_fastrtps_cpp.hpp
[0.667s] -- Up-to-date symlink: /app/install/modus_board_interfaces/include/modus_board_interfaces/modus_board_interfaces/srv/detail/reset_boards__rosidl_typesupport_fastrtps_cpp.hpp
[0.667s] -- Up-to-date symlink: /app/install/modus_board_interfaces/include/modus_board_interfaces/modus_board_interfaces/msg/rosidl_typesupport_introspection_c__visibility_control.h
[0.668s] -- Up-to-date symlink: /app/install/modus_board_interfaces/include/modus_board_interfaces/modus_board_interfaces/srv/detail/enable_boards__rosidl_typesupport_introspection_c.h
[0.669s] -- Up-to-date symlink: /app/install/modus_board_interfaces/include/modus_board_interfaces/modus_board_interfaces/srv/detail/reset_boards__rosidl_typesupport_introspection_c.h
[0.669s] -- Up-to-date symlink: /app/install/modus_board_interfaces/include/modus_board_interfaces/modus_board_interfaces/srv/detail/enable_boards__rosidl_typesupport_introspection_cpp.hpp
[0.669s] -- Up-to-date symlink: /app/install/modus_board_interfaces/include/modus_board_interfaces/modus_board_interfaces/srv/detail/reset_boards__rosidl_typesupport_introspection_cpp.hpp
[0.669s] -- Up-to-date symlink: /app/install/modus_board_interfaces/share/modus_board_interfaces/environment/pythonpath.sh
[0.669s] -- Up-to-date symlink: /app/install/modus_board_interfaces/share/modus_board_interfaces/environment/pythonpath.dsv
[0.670s] -- Up-to-date symlink: /app/install/modus_board_interfaces/local/lib/python3.10/dist-packages/modus_board_interfaces-0.8.0-py3.10.egg-info/PKG-INFO
[0.672s] -- Up-to-date symlink: /app/install/modus_board_interfaces/local/lib/python3.10/dist-packages/modus_board_interfaces-0.8.0-py3.10.egg-info/SOURCES.txt
[0.672s] -- Up-to-date symlink: /app/install/modus_board_interfaces/local/lib/python3.10/dist-packages/modus_board_interfaces-0.8.0-py3.10.egg-info/dependency_links.txt
[0.672s] -- Up-to-date symlink: /app/install/modus_board_interfaces/local/lib/python3.10/dist-packages/modus_board_interfaces-0.8.0-py3.10.egg-info/top_level.txt
[0.672s] -- Up-to-date symlink: /app/install/modus_board_interfaces/local/lib/python3.10/dist-packages/modus_board_interfaces/__init__.py
[0.674s] -- Up-to-date symlink: /app/install/modus_board_interfaces/local/lib/python3.10/dist-packages/modus_board_interfaces/_modus_board_interfaces_s.ep.rosidl_typesupport_c.c
[0.674s] -- Up-to-date symlink: /app/install/modus_board_interfaces/local/lib/python3.10/dist-packages/modus_board_interfaces/_modus_board_interfaces_s.ep.rosidl_typesupport_fastrtps_c.c
[0.674s] -- Up-to-date symlink: /app/install/modus_board_interfaces/local/lib/python3.10/dist-packages/modus_board_interfaces/_modus_board_interfaces_s.ep.rosidl_typesupport_introspection_c.c
[0.675s] -- Up-to-date symlink: /app/install/modus_board_interfaces/local/lib/python3.10/dist-packages/modus_board_interfaces/libmodus_board_interfaces__rosidl_generator_py.so
[0.675s] -- Up-to-date symlink: /app/install/modus_board_interfaces/local/lib/python3.10/dist-packages/modus_board_interfaces/modus_board_interfaces_s__rosidl_typesupport_c.cpython-310-x86_64-linux-gnu.so
[0.675s] -- Up-to-date symlink: /app/install/modus_board_interfaces/local/lib/python3.10/dist-packages/modus_board_interfaces/modus_board_interfaces_s__rosidl_typesupport_fastrtps_c.cpython-310-x86_64-linux-gnu.so
[0.675s] -- Up-to-date symlink: /app/install/modus_board_interfaces/local/lib/python3.10/dist-packages/modus_board_interfaces/modus_board_interfaces_s__rosidl_typesupport_introspection_c.cpython-310-x86_64-linux-gnu.so
[0.675s] -- Up-to-date symlink: /app/install/modus_board_interfaces/local/lib/python3.10/dist-packages/modus_board_interfaces/srv/__init__.py
[0.675s] -- Up-to-date symlink: /app/install/modus_board_interfaces/local/lib/python3.10/dist-packages/modus_board_interfaces/srv/_enable_boards.py
[0.675s] -- Up-to-date symlink: /app/install/modus_board_interfaces/local/lib/python3.10/dist-packages/modus_board_interfaces/srv/_enable_boards_s.c
[0.675s] -- Up-to-date symlink: /app/install/modus_board_interfaces/local/lib/python3.10/dist-packages/modus_board_interfaces/srv/_reset_boards.py
[0.675s] -- Up-to-date symlink: /app/install/modus_board_interfaces/local/lib/python3.10/dist-packages/modus_board_interfaces/srv/_reset_boards_s.c
[0.675s] -- Up-to-date symlink: /app/install/modus_board_interfaces/local/lib/python3.10/dist-packages/modus_board_interfaces/modus_board_interfaces_s__rosidl_typesupport_fastrtps_c.cpython-310-x86_64-linux-gnu.so
[0.676s] -- Up-to-date symlink: /app/install/modus_board_interfaces/local/lib/python3.10/dist-packages/modus_board_interfaces/modus_board_interfaces_s__rosidl_typesupport_introspection_c.cpython-310-x86_64-linux-gnu.so
[0.676s] -- Up-to-date symlink: /app/install/modus_board_interfaces/local/lib/python3.10/dist-packages/modus_board_interfaces/modus_board_interfaces_s__rosidl_typesupport_c.cpython-310-x86_64-linux-gnu.so
[0.676s] -- Up-to-date symlink: /app/install/modus_board_interfaces/share/ament_index/resource_index/rust_packages/modus_board_interfaces
[0.678s] -- Up-to-date symlink: /app/install/modus_board_interfaces/share/modus_board_interfaces/rust/Cargo.toml
[0.678s] -- Up-to-date symlink: /app/install/modus_board_interfaces/share/modus_board_interfaces/rust/build.rs
[0.678s] -- Up-to-date symlink: /app/install/modus_board_interfaces/share/modus_board_interfaces/rust/src/lib.rs
[0.678s] -- Up-to-date symlink: /app/install/modus_board_interfaces/share/modus_board_interfaces/rust/src/srv.rs
[0.678s] -- Up-to-date symlink: /app/install/modus_board_interfaces/share/modus_board_interfaces/rust/src/srv/rmw.rs
[0.679s] -- Up-to-date symlink: /app/install/modus_board_interfaces/share/modus_board_interfaces/srv/EnableBoards.idl
[0.679s] -- Up-to-date symlink: /app/install/modus_board_interfaces/share/modus_board_interfaces/srv/ResetBoards.idl
[0.679s] -- Up-to-date symlink: /app/install/modus_board_interfaces/share/modus_board_interfaces/srv/EnableBoards.srv
[0.679s] -- Up-to-date symlink: /app/install/modus_board_interfaces/share/modus_board_interfaces/srv/EnableBoards_Request.msg
[0.679s] -- Up-to-date symlink: /app/install/modus_board_interfaces/share/modus_board_interfaces/srv/EnableBoards_Response.msg
[0.679s] -- Up-to-date symlink: /app/install/modus_board_interfaces/share/modus_board_interfaces/srv/ResetBoards.srv
[0.679s] -- Up-to-date symlink: /app/install/modus_board_interfaces/share/modus_board_interfaces/srv/ResetBoards_Request.msg
[0.679s] -- Up-to-date symlink: /app/install/modus_board_interfaces/share/modus_board_interfaces/srv/ResetBoards_Response.msg
[0.679s] -- Up-to-date symlink: /app/install/modus_board_interfaces/share/ament_index/resource_index/package_run_dependencies/modus_board_interfaces
[0.679s] -- Up-to-date symlink: /app/install/modus_board_interfaces/share/ament_index/resource_index/parent_prefix_path/modus_board_interfaces
[0.679s] -- Up-to-date symlink: /app/install/modus_board_interfaces/share/modus_board_interfaces/environment/ament_prefix_path.sh
[0.681s] -- Up-to-date symlink: /app/install/modus_board_interfaces/share/modus_board_interfaces/environment/ament_prefix_path.dsv
[0.681s] -- Up-to-date symlink: /app/install/modus_board_interfaces/share/modus_board_interfaces/environment/path.sh
[0.681s] -- Up-to-date symlink: /app/install/modus_board_interfaces/share/modus_board_interfaces/environment/path.dsv
[0.681s] -- Up-to-date symlink: /app/install/modus_board_interfaces/share/modus_board_interfaces/local_setup.bash
[0.681s] -- Up-to-date symlink: /app/install/modus_board_interfaces/share/modus_board_interfaces/local_setup.sh
[0.681s] -- Up-to-date symlink: /app/install/modus_board_interfaces/share/modus_board_interfaces/local_setup.zsh
[0.682s] -- Up-to-date symlink: /app/install/modus_board_interfaces/share/modus_board_interfaces/local_setup.dsv
[0.682s] -- Symlinking: /app/install/modus_board_interfaces/share/modus_board_interfaces/package.dsv
[0.694s] -- Up-to-date symlink: /app/install/modus_board_interfaces/share/ament_index/resource_index/packages/modus_board_interfaces
[0.696s] -- Up-to-date symlink: /app/install/modus_board_interfaces/share/modus_board_interfaces/cmake/rosidl_cmake-extras.cmake
[0.696s] -- Up-to-date symlink: /app/install/modus_board_interfaces/share/modus_board_interfaces/cmake/ament_cmake_export_dependencies-extras.cmake
[0.697s] -- Up-to-date symlink: /app/install/modus_board_interfaces/share/modus_board_interfaces/cmake/ament_cmake_export_include_directories-extras.cmake
[0.697s] -- Up-to-date symlink: /app/install/modus_board_interfaces/share/modus_board_interfaces/cmake/ament_cmake_export_libraries-extras.cmake
[0.697s] -- Up-to-date symlink: /app/install/modus_board_interfaces/share/modus_board_interfaces/cmake/ament_cmake_export_targets-extras.cmake
[0.697s] -- Up-to-date symlink: /app/install/modus_board_interfaces/share/modus_board_interfaces/cmake/rosidl_cmake_export_typesupport_targets-extras.cmake
[0.697s] -- Up-to-date symlink: /app/install/modus_board_interfaces/share/modus_board_interfaces/cmake/rosidl_cmake_export_typesupport_libraries-extras.cmake
[0.697s] -- Up-to-date symlink: /app/install/modus_board_interfaces/share/modus_board_interfaces/cmake/modus_board_interfacesConfig.cmake
[0.697s] -- Up-to-date symlink: /app/install/modus_board_interfaces/share/modus_board_interfaces/cmake/modus_board_interfacesConfig-version.cmake
[0.697s] -- Up-to-date symlink: /app/install/modus_board_interfaces/share/modus_board_interfaces/package.xml
[0.697s] -- Up-to-date: /app/install/modus_board_interfaces/lib/libmodus_board_interfaces__rosidl_generator_c.so
[0.697s] -- Up-to-date: /app/install/modus_board_interfaces/lib/libmodus_board_interfaces__rosidl_typesupport_fastrtps_c.so
[0.698s] -- Up-to-date: /app/install/modus_board_interfaces/lib/libmodus_board_interfaces__rosidl_typesupport_fastrtps_cpp.so
[0.698s] -- Up-to-date: /app/install/modus_board_interfaces/lib/libmodus_board_interfaces__rosidl_typesupport_introspection_c.so
[0.699s] -- Up-to-date: /app/install/modus_board_interfaces/lib/libmodus_board_interfaces__rosidl_typesupport_c.so
[0.700s] -- Up-to-date: /app/install/modus_board_interfaces/lib/libmodus_board_interfaces__rosidl_typesupport_introspection_cpp.so
[0.701s] -- Up-to-date: /app/install/modus_board_interfaces/lib/libmodus_board_interfaces__rosidl_typesupport_cpp.so
[0.738s] Listing '/app/install/modus_board_interfaces/local/lib/python3.10/dist-packages/modus_board_interfaces'...
[0.740s] Listing '/app/install/modus_board_interfaces/local/lib/python3.10/dist-packages/modus_board_interfaces/srv'...
[0.745s] -- Up-to-date: /app/install/modus_board_interfaces/lib/libmodus_board_interfaces__rosidl_generator_py.so
[0.745s] -- Up-to-date: /app/install/modus_board_interfaces/share/modus_board_interfaces/cmake/export_modus_board_interfaces__rosidl_generator_cExport.cmake
[0.746s] -- Up-to-date: /app/install/modus_board_interfaces/share/modus_board_interfaces/cmake/export_modus_board_interfaces__rosidl_generator_cExport-noconfig.cmake
[0.746s] -- Up-to-date: /app/install/modus_board_interfaces/share/modus_board_interfaces/cmake/export_modus_board_interfaces__rosidl_typesupport_fastrtps_cExport.cmake
[0.746s] -- Up-to-date: /app/install/modus_board_interfaces/share/modus_board_interfaces/cmake/export_modus_board_interfaces__rosidl_typesupport_fastrtps_cExport-noconfig.cmake
[0.746s] -- Up-to-date: /app/install/modus_board_interfaces/share/modus_board_interfaces/cmake/export_modus_board_interfaces__rosidl_generator_cppExport.cmake
[0.748s] -- Up-to-date: /app/install/modus_board_interfaces/share/modus_board_interfaces/cmake/export_modus_board_interfaces__rosidl_typesupport_fastrtps_cppExport.cmake
[0.748s] -- Up-to-date: /app/install/modus_board_interfaces/share/modus_board_interfaces/cmake/export_modus_board_interfaces__rosidl_typesupport_fastrtps_cppExport-noconfig.cmake
[0.749s] -- Up-to-date: /app/install/modus_board_interfaces/share/modus_board_interfaces/cmake/modus_board_interfaces__rosidl_typesupport_introspection_cExport.cmake
[0.749s] -- Up-to-date: /app/install/modus_board_interfaces/share/modus_board_interfaces/cmake/modus_board_interfaces__rosidl_typesupport_introspection_cExport-noconfig.cmake
[0.749s] -- Up-to-date: /app/install/modus_board_interfaces/share/modus_board_interfaces/cmake/modus_board_interfaces__rosidl_typesupport_cExport.cmake
[0.750s] -- Up-to-date: /app/install/modus_board_interfaces/share/modus_board_interfaces/cmake/modus_board_interfaces__rosidl_typesupport_cExport-noconfig.cmake
[0.750s] -- Up-to-date: /app/install/modus_board_interfaces/share/modus_board_interfaces/cmake/modus_board_interfaces__rosidl_typesupport_introspection_cppExport.cmake
[0.750s] -- Up-to-date: /app/install/modus_board_interfaces/share/modus_board_interfaces/cmake/modus_board_interfaces__rosidl_typesupport_introspection_cppExport-noconfig.cmake
[0.750s] -- Up-to-date: /app/install/modus_board_interfaces/share/modus_board_interfaces/cmake/modus_board_interfaces__rosidl_typesupport_cppExport.cmake
[0.751s] -- Up-to-date: /app/install/modus_board_interfaces/share/modus_board_interfaces/cmake/modus_board_interfaces__rosidl_typesupport_cppExport-noconfig.cmake
[0.751s] -- Up-to-date: /app/install/modus_board_interfaces/share/modus_board_interfaces/cmake/export_modus_board_interfaces__rosidl_generator_pyExport.cmake
[0.751s] -- Up-to-date: /app/install/modus_board_interfaces/share/modus_board_interfaces/cmake/export_modus_board_interfaces__rosidl_generator_pyExport-noconfig.cmake
[0.754s] Invoked command in '/app/build/modus_board_interfaces' returned '0': CMAKE_PREFIX_PATH=/app/install/kapibara_interfaces:/app/install/start_sequence:/app/install/kapibara_vel_saltis_bridge:/app/install/kapibara_twingo_bridge:/app/install/vel_saltis_services:/app/install/vel_saltis_ears:/app/install/vel_saltis_drive:/app/install/sample_package:/app/install/mqtt_bridge:/app/install/modus_board:/app/install/modus_board_interfaces:/app/install/microphone:/app/install/kapibara:/app/install/emotion_estimer:/opt/ros/humble LD_LIBRARY_PATH=/app/install/kapibara_interfaces/lib:/app/install/vel_saltis_services/lib:/app/install/vel_saltis_ears/lib:/app/install/vel_saltis_drive/lib:/app/install/modus_board_interfaces/lib:/opt/ros/humble/opt/rviz_ogre_vendor/lib:/opt/ros/humble/lib/x86_64-linux-gnu:/opt/ros/humble/lib /usr/bin/cmake --install /app/build/modus_board_interfaces
