[0.024s] Invoking command in '/app/build/sample_package': CMAKE_PREFIX_PATH=/opt/ros/humble /usr/bin/cmake --build /app/build/sample_package -- -j12 -l12
[0.075s] [100%] Built target hello
[0.088s] Invoked command in '/app/build/sample_package' returned '0': CMAKE_PREFIX_PATH=/opt/ros/humble /usr/bin/cmake --build /app/build/sample_package -- -j12 -l12
[0.099s] Invoking command in '/app/build/sample_package': CMAKE_PREFIX_PATH=/opt/ros/humble /usr/bin/cmake --install /app/build/sample_package
[0.108s] -- Install configuration: ""
[0.109s] -- Execute custom install script
[0.109s] -- Up-to-date symlink: /app/install/sample_package/lib/sample_package/hello
[0.109s] -- Up-to-date symlink: /app/install/sample_package/lib/sample_package/hello.py
[0.109s] -- Up-to-date symlink: /app/install/sample_package/share/ament_index/resource_index/package_run_dependencies/sample_package
[0.109s] -- Up-to-date symlink: /app/install/sample_package/share/ament_index/resource_index/parent_prefix_path/sample_package
[0.109s] -- Up-to-date symlink: /app/install/sample_package/share/sample_package/environment/ament_prefix_path.sh
[0.109s] -- Up-to-date symlink: /app/install/sample_package/share/sample_package/environment/ament_prefix_path.dsv
[0.109s] -- Up-to-date symlink: /app/install/sample_package/share/sample_package/environment/path.sh
[0.110s] -- Up-to-date symlink: /app/install/sample_package/share/sample_package/environment/path.dsv
[0.110s] -- Up-to-date symlink: /app/install/sample_package/share/sample_package/local_setup.bash
[0.110s] -- Up-to-date symlink: /app/install/sample_package/share/sample_package/local_setup.sh
[0.110s] -- Up-to-date symlink: /app/install/sample_package/share/sample_package/local_setup.zsh
[0.110s] -- Up-to-date symlink: /app/install/sample_package/share/sample_package/local_setup.dsv
[0.110s] -- Symlinking: /app/install/sample_package/share/sample_package/package.dsv
[0.118s] -- Up-to-date symlink: /app/install/sample_package/share/ament_index/resource_index/packages/sample_package
[0.118s] -- Up-to-date symlink: /app/install/sample_package/share/sample_package/cmake/sample_packageConfig.cmake
[0.119s] -- Up-to-date symlink: /app/install/sample_package/share/sample_package/cmake/sample_packageConfig-version.cmake
[0.119s] -- Up-to-date symlink: /app/install/sample_package/share/sample_package/package.xml
[0.120s] Invoked command in '/app/build/sample_package' returned '0': CMAKE_PREFIX_PATH=/opt/ros/humble /usr/bin/cmake --install /app/build/sample_package
