[0.011s] Invoking command in '/app/build/kapibara_interfaces': CMAKE_PREFIX_PATH=/opt/ros/humble /usr/bin/cmake --build /app/build/kapibara_interfaces -- -j12 -l12
[0.060s] [35m[1mConsolidate compiler generated dependencies of target kapibara_interfaces__rosidl_generator_c[0m
[0.066s] [  1%] Built target kapibara_interfaces__rs
[0.069s] [  1%] Built target kapibara_interfaces__cpp
[0.073s] [  2%] Built target ament_cmake_python_symlink_kapibara_interfaces
[0.073s] [ 13%] Built target kapibara_interfaces__rosidl_generator_c
[0.083s] [35m[1mConsolidate compiler generated dependencies of target kapibara_interfaces__rosidl_typesupport_introspection_cpp[0m
[0.083s] [35m[1mConsolidate compiler generated dependencies of target kapibara_interfaces__rosidl_typesupport_fastrtps_cpp[0m
[0.083s] [35m[1mConsolidate compiler generated dependencies of target kapibara_interfaces__rosidl_typesupport_cpp[0m
[0.086s] [35m[1mConsolidate compiler generated dependencies of target kapibara_interfaces__rosidl_typesupport_c[0m
[0.087s] [35m[1mConsolidate compiler generated dependencies of target kapibara_interfaces__rosidl_typesupport_fastrtps_c[0m
[0.087s] [35m[1mConsolidate compiler generated dependencies of target kapibara_interfaces__rosidl_typesupport_introspection_c[0m
[0.102s] [ 25%] Built target kapibara_interfaces__rosidl_typesupport_c
[0.106s] [ 37%] Built target kapibara_interfaces__rosidl_typesupport_introspection_c
[0.107s] [ 49%] Built target kapibara_interfaces__rosidl_typesupport_introspection_cpp
[0.108s] [ 61%] Built target kapibara_interfaces__rosidl_typesupport_cpp
[0.109s] [ 81%] Built target kapibara_interfaces__rosidl_typesupport_fastrtps_cpp
[0.109s] [ 85%] Built target kapibara_interfaces__rosidl_typesupport_fastrtps_c
[0.129s] [ 85%] Built target kapibara_interfaces
[0.147s] [ 86%] Built target kapibara_interfaces__py
[0.158s] [35m[1mConsolidate compiler generated dependencies of target kapibara_interfaces__rosidl_generator_py[0m
[0.179s] [ 97%] Built target kapibara_interfaces__rosidl_generator_py
[0.189s] [35m[1mConsolidate compiler generated dependencies of target kapibara_interfaces__rosidl_typesupport_c__pyext[0m
[0.189s] [35m[1mConsolidate compiler generated dependencies of target kapibara_interfaces__rosidl_typesupport_introspection_c__pyext[0m
[0.189s] [35m[1mConsolidate compiler generated dependencies of target kapibara_interfaces__rosidl_typesupport_fastrtps_c__pyext[0m
[0.201s] [100%] Built target kapibara_interfaces__rosidl_typesupport_c__pyext
[0.201s] [100%] Built target kapibara_interfaces__rosidl_typesupport_introspection_c__pyext
[0.201s] [100%] Built target kapibara_interfaces__rosidl_typesupport_fastrtps_c__pyext
[0.234s] running egg_info
[0.235s] writing kapibara_interfaces.egg-info/PKG-INFO
[0.235s] writing dependency_links to kapibara_interfaces.egg-info/dependency_links.txt
[0.235s] writing top-level names to kapibara_interfaces.egg-info/top_level.txt
[0.237s] reading manifest file 'kapibara_interfaces.egg-info/SOURCES.txt'
[0.237s] writing manifest file 'kapibara_interfaces.egg-info/SOURCES.txt'
[0.258s] [100%] Built target ament_cmake_python_build_kapibara_interfaces_egg
[0.268s] Invoked command in '/app/build/kapibara_interfaces' returned '0': CMAKE_PREFIX_PATH=/opt/ros/humble /usr/bin/cmake --build /app/build/kapibara_interfaces -- -j12 -l12
[0.269s] Invoking command in '/app/build/kapibara_interfaces': CMAKE_PREFIX_PATH=/opt/ros/humble /usr/bin/cmake --install /app/build/kapibara_interfaces
[0.275s] -- Install configuration: ""
[0.276s] -- Execute custom install script
[0.276s] -- Up-to-date symlink: /app/install/kapibara_interfaces/share/ament_index/resource_index/rosidl_interfaces/kapibara_interfaces
[0.277s] -- Up-to-date symlink: /app/install/kapibara_interfaces/include/kapibara_interfaces/kapibara_interfaces/msg/can_ack.h
[0.277s] -- Up-to-date symlink: /app/install/kapibara_interfaces/include/kapibara_interfaces/kapibara_interfaces/msg/can_ping.h
[0.277s] -- Up-to-date symlink: /app/install/kapibara_interfaces/include/kapibara_interfaces/kapibara_interfaces/msg/detail/can_ack__functions.h
[0.277s] -- Up-to-date symlink: /app/install/kapibara_interfaces/include/kapibara_interfaces/kapibara_interfaces/msg/detail/can_ack__struct.h
[0.277s] -- Up-to-date symlink: /app/install/kapibara_interfaces/include/kapibara_interfaces/kapibara_interfaces/msg/detail/can_ack__type_support.h
[0.277s] -- Up-to-date symlink: /app/install/kapibara_interfaces/include/kapibara_interfaces/kapibara_interfaces/msg/detail/can_ping__functions.h
[0.277s] -- Up-to-date symlink: /app/install/kapibara_interfaces/include/kapibara_interfaces/kapibara_interfaces/msg/detail/can_ping__struct.h
[0.277s] -- Up-to-date symlink: /app/install/kapibara_interfaces/include/kapibara_interfaces/kapibara_interfaces/msg/detail/can_ping__type_support.h
[0.277s] -- Up-to-date symlink: /app/install/kapibara_interfaces/include/kapibara_interfaces/kapibara_interfaces/msg/detail/diff_encoder__functions.h
[0.277s] -- Up-to-date symlink: /app/install/kapibara_interfaces/include/kapibara_interfaces/kapibara_interfaces/msg/detail/diff_encoder__struct.h
[0.277s] -- Up-to-date symlink: /app/install/kapibara_interfaces/include/kapibara_interfaces/kapibara_interfaces/msg/detail/diff_encoder__type_support.h
[0.277s] -- Up-to-date symlink: /app/install/kapibara_interfaces/include/kapibara_interfaces/kapibara_interfaces/msg/detail/emotions__functions.h
[0.277s] -- Up-to-date symlink: /app/install/kapibara_interfaces/include/kapibara_interfaces/kapibara_interfaces/msg/detail/emotions__struct.h
[0.277s] -- Up-to-date symlink: /app/install/kapibara_interfaces/include/kapibara_interfaces/kapibara_interfaces/msg/detail/emotions__type_support.h
[0.278s] -- Up-to-date symlink: /app/install/kapibara_interfaces/include/kapibara_interfaces/kapibara_interfaces/msg/detail/encoder__functions.h
[0.278s] -- Up-to-date symlink: /app/install/kapibara_interfaces/include/kapibara_interfaces/kapibara_interfaces/msg/detail/encoder__struct.h
[0.278s] -- Up-to-date symlink: /app/install/kapibara_interfaces/include/kapibara_interfaces/kapibara_interfaces/msg/detail/encoder__type_support.h
[0.278s] -- Up-to-date symlink: /app/install/kapibara_interfaces/include/kapibara_interfaces/kapibara_interfaces/msg/detail/encoders_and_speed__functions.h
[0.278s] -- Up-to-date symlink: /app/install/kapibara_interfaces/include/kapibara_interfaces/kapibara_interfaces/msg/detail/encoders_and_speed__struct.h
[0.278s] -- Up-to-date symlink: /app/install/kapibara_interfaces/include/kapibara_interfaces/kapibara_interfaces/msg/detail/encoders_and_speed__type_support.h
[0.278s] -- Up-to-date symlink: /app/install/kapibara_interfaces/include/kapibara_interfaces/kapibara_interfaces/msg/detail/face__functions.h
[0.278s] -- Up-to-date symlink: /app/install/kapibara_interfaces/include/kapibara_interfaces/kapibara_interfaces/msg/detail/face__struct.h
[0.278s] -- Up-to-date symlink: /app/install/kapibara_interfaces/include/kapibara_interfaces/kapibara_interfaces/msg/detail/face__type_support.h
[0.278s] -- Up-to-date symlink: /app/install/kapibara_interfaces/include/kapibara_interfaces/kapibara_interfaces/msg/detail/face_embed__functions.h
[0.278s] -- Up-to-date symlink: /app/install/kapibara_interfaces/include/kapibara_interfaces/kapibara_interfaces/msg/detail/face_embed__struct.h
[0.278s] -- Up-to-date symlink: /app/install/kapibara_interfaces/include/kapibara_interfaces/kapibara_interfaces/msg/detail/face_embed__type_support.h
[0.278s] -- Up-to-date symlink: /app/install/kapibara_interfaces/include/kapibara_interfaces/kapibara_interfaces/msg/detail/microphone__functions.h
[0.278s] -- Up-to-date symlink: /app/install/kapibara_interfaces/include/kapibara_interfaces/kapibara_interfaces/msg/detail/microphone__struct.h
[0.279s] -- Up-to-date symlink: /app/install/kapibara_interfaces/include/kapibara_interfaces/kapibara_interfaces/msg/detail/microphone__type_support.h
[0.279s] -- Up-to-date symlink: /app/install/kapibara_interfaces/include/kapibara_interfaces/kapibara_interfaces/msg/detail/pid__functions.h
[0.279s] -- Up-to-date symlink: /app/install/kapibara_interfaces/include/kapibara_interfaces/kapibara_interfaces/msg/detail/pid__struct.h
[0.279s] -- Up-to-date symlink: /app/install/kapibara_interfaces/include/kapibara_interfaces/kapibara_interfaces/msg/detail/pid__type_support.h
[0.279s] -- Up-to-date symlink: /app/install/kapibara_interfaces/include/kapibara_interfaces/kapibara_interfaces/msg/detail/piezo_sense__functions.h
[0.279s] -- Up-to-date symlink: /app/install/kapibara_interfaces/include/kapibara_interfaces/kapibara_interfaces/msg/detail/piezo_sense__struct.h
[0.279s] -- Up-to-date symlink: /app/install/kapibara_interfaces/include/kapibara_interfaces/kapibara_interfaces/msg/detail/piezo_sense__type_support.h
[0.279s] -- Up-to-date symlink: /app/install/kapibara_interfaces/include/kapibara_interfaces/kapibara_interfaces/msg/detail/point_value2_d__functions.h
[0.279s] -- Up-to-date symlink: /app/install/kapibara_interfaces/include/kapibara_interfaces/kapibara_interfaces/msg/detail/point_value2_d__struct.h
[0.279s] -- Up-to-date symlink: /app/install/kapibara_interfaces/include/kapibara_interfaces/kapibara_interfaces/msg/detail/point_value2_d__type_support.h
[0.279s] -- Up-to-date symlink: /app/install/kapibara_interfaces/include/kapibara_interfaces/kapibara_interfaces/msg/detail/rect_i__functions.h
[0.279s] -- Up-to-date symlink: /app/install/kapibara_interfaces/include/kapibara_interfaces/kapibara_interfaces/msg/detail/rect_i__struct.h
[0.279s] -- Up-to-date symlink: /app/install/kapibara_interfaces/include/kapibara_interfaces/kapibara_interfaces/msg/detail/rect_i__type_support.h
[0.280s] -- Up-to-date symlink: /app/install/kapibara_interfaces/include/kapibara_interfaces/kapibara_interfaces/msg/detail/servo__functions.h
[0.280s] -- Up-to-date symlink: /app/install/kapibara_interfaces/include/kapibara_interfaces/kapibara_interfaces/msg/detail/servo__struct.h
[0.280s] -- Up-to-date symlink: /app/install/kapibara_interfaces/include/kapibara_interfaces/kapibara_interfaces/msg/detail/servo__type_support.h
[0.280s] -- Up-to-date symlink: /app/install/kapibara_interfaces/include/kapibara_interfaces/kapibara_interfaces/msg/detail/vector2_di__functions.h
[0.280s] -- Up-to-date symlink: /app/install/kapibara_interfaces/include/kapibara_interfaces/kapibara_interfaces/msg/detail/vector2_di__struct.h
[0.280s] -- Up-to-date symlink: /app/install/kapibara_interfaces/include/kapibara_interfaces/kapibara_interfaces/msg/detail/vector2_di__type_support.h
[0.280s] -- Up-to-date symlink: /app/install/kapibara_interfaces/include/kapibara_interfaces/kapibara_interfaces/msg/diff_encoder.h
[0.280s] -- Up-to-date symlink: /app/install/kapibara_interfaces/include/kapibara_interfaces/kapibara_interfaces/msg/emotions.h
[0.280s] -- Up-to-date symlink: /app/install/kapibara_interfaces/include/kapibara_interfaces/kapibara_interfaces/msg/encoder.h
[0.280s] -- Up-to-date symlink: /app/install/kapibara_interfaces/include/kapibara_interfaces/kapibara_interfaces/msg/encoders_and_speed.h
[0.280s] -- Up-to-date symlink: /app/install/kapibara_interfaces/include/kapibara_interfaces/kapibara_interfaces/msg/face.h
[0.280s] -- Up-to-date symlink: /app/install/kapibara_interfaces/include/kapibara_interfaces/kapibara_interfaces/msg/face_embed.h
[0.280s] -- Up-to-date symlink: /app/install/kapibara_interfaces/include/kapibara_interfaces/kapibara_interfaces/msg/microphone.h
[0.280s] -- Up-to-date symlink: /app/install/kapibara_interfaces/include/kapibara_interfaces/kapibara_interfaces/msg/pid.h
[0.281s] -- Up-to-date symlink: /app/install/kapibara_interfaces/include/kapibara_interfaces/kapibara_interfaces/msg/piezo_sense.h
[0.281s] -- Up-to-date symlink: /app/install/kapibara_interfaces/include/kapibara_interfaces/kapibara_interfaces/msg/point_value2_d.h
[0.281s] -- Up-to-date symlink: /app/install/kapibara_interfaces/include/kapibara_interfaces/kapibara_interfaces/msg/rect_i.h
[0.281s] -- Up-to-date symlink: /app/install/kapibara_interfaces/include/kapibara_interfaces/kapibara_interfaces/msg/rosidl_generator_c__visibility_control.h
[0.281s] -- Up-to-date symlink: /app/install/kapibara_interfaces/include/kapibara_interfaces/kapibara_interfaces/msg/servo.h
[0.281s] -- Up-to-date symlink: /app/install/kapibara_interfaces/include/kapibara_interfaces/kapibara_interfaces/msg/vector2_di.h
[0.281s] -- Up-to-date symlink: /app/install/kapibara_interfaces/include/kapibara_interfaces/kapibara_interfaces/srv/detail/emotions__functions.h
[0.281s] -- Up-to-date symlink: /app/install/kapibara_interfaces/include/kapibara_interfaces/kapibara_interfaces/srv/detail/emotions__struct.h
[0.281s] -- Up-to-date symlink: /app/install/kapibara_interfaces/include/kapibara_interfaces/kapibara_interfaces/srv/detail/emotions__type_support.h
[0.281s] -- Up-to-date symlink: /app/install/kapibara_interfaces/include/kapibara_interfaces/kapibara_interfaces/srv/detail/stop_mind__functions.h
[0.281s] -- Up-to-date symlink: /app/install/kapibara_interfaces/include/kapibara_interfaces/kapibara_interfaces/srv/detail/stop_mind__struct.h
[0.281s] -- Up-to-date symlink: /app/install/kapibara_interfaces/include/kapibara_interfaces/kapibara_interfaces/srv/detail/stop_mind__type_support.h
[0.281s] -- Up-to-date symlink: /app/install/kapibara_interfaces/include/kapibara_interfaces/kapibara_interfaces/srv/emotions.h
[0.281s] -- Up-to-date symlink: /app/install/kapibara_interfaces/include/kapibara_interfaces/kapibara_interfaces/srv/stop_mind.h
[0.282s] -- Up-to-date symlink: /app/install/kapibara_interfaces/share/kapibara_interfaces/environment/library_path.sh
[0.282s] -- Up-to-date symlink: /app/install/kapibara_interfaces/share/kapibara_interfaces/environment/library_path.dsv
[0.282s] -- Up-to-date symlink: /app/install/kapibara_interfaces/include/kapibara_interfaces/kapibara_interfaces/msg/detail/can_ack__rosidl_typesupport_fastrtps_c.h
[0.282s] -- Up-to-date symlink: /app/install/kapibara_interfaces/include/kapibara_interfaces/kapibara_interfaces/msg/detail/can_ping__rosidl_typesupport_fastrtps_c.h
[0.283s] -- Up-to-date symlink: /app/install/kapibara_interfaces/include/kapibara_interfaces/kapibara_interfaces/msg/detail/diff_encoder__rosidl_typesupport_fastrtps_c.h
[0.283s] -- Up-to-date symlink: /app/install/kapibara_interfaces/include/kapibara_interfaces/kapibara_interfaces/msg/detail/emotions__rosidl_typesupport_fastrtps_c.h
[0.283s] -- Up-to-date symlink: /app/install/kapibara_interfaces/include/kapibara_interfaces/kapibara_interfaces/msg/detail/encoder__rosidl_typesupport_fastrtps_c.h
[0.283s] -- Up-to-date symlink: /app/install/kapibara_interfaces/include/kapibara_interfaces/kapibara_interfaces/msg/detail/encoders_and_speed__rosidl_typesupport_fastrtps_c.h
[0.283s] -- Up-to-date symlink: /app/install/kapibara_interfaces/include/kapibara_interfaces/kapibara_interfaces/msg/detail/face__rosidl_typesupport_fastrtps_c.h
[0.283s] -- Up-to-date symlink: /app/install/kapibara_interfaces/include/kapibara_interfaces/kapibara_interfaces/msg/detail/face_embed__rosidl_typesupport_fastrtps_c.h
[0.283s] -- Up-to-date symlink: /app/install/kapibara_interfaces/include/kapibara_interfaces/kapibara_interfaces/msg/detail/microphone__rosidl_typesupport_fastrtps_c.h
[0.283s] -- Up-to-date symlink: /app/install/kapibara_interfaces/include/kapibara_interfaces/kapibara_interfaces/msg/detail/pid__rosidl_typesupport_fastrtps_c.h
[0.283s] -- Up-to-date symlink: /app/install/kapibara_interfaces/include/kapibara_interfaces/kapibara_interfaces/msg/detail/piezo_sense__rosidl_typesupport_fastrtps_c.h
[0.283s] -- Up-to-date symlink: /app/install/kapibara_interfaces/include/kapibara_interfaces/kapibara_interfaces/msg/detail/point_value2_d__rosidl_typesupport_fastrtps_c.h
[0.283s] -- Up-to-date symlink: /app/install/kapibara_interfaces/include/kapibara_interfaces/kapibara_interfaces/msg/detail/rect_i__rosidl_typesupport_fastrtps_c.h
[0.283s] -- Up-to-date symlink: /app/install/kapibara_interfaces/include/kapibara_interfaces/kapibara_interfaces/msg/detail/servo__rosidl_typesupport_fastrtps_c.h
[0.283s] -- Up-to-date symlink: /app/install/kapibara_interfaces/include/kapibara_interfaces/kapibara_interfaces/msg/detail/vector2_di__rosidl_typesupport_fastrtps_c.h
[0.283s] -- Up-to-date symlink: /app/install/kapibara_interfaces/include/kapibara_interfaces/kapibara_interfaces/msg/rosidl_typesupport_fastrtps_c__visibility_control.h
[0.284s] -- Up-to-date symlink: /app/install/kapibara_interfaces/include/kapibara_interfaces/kapibara_interfaces/srv/detail/emotions__rosidl_typesupport_fastrtps_c.h
[0.284s] -- Up-to-date symlink: /app/install/kapibara_interfaces/include/kapibara_interfaces/kapibara_interfaces/srv/detail/stop_mind__rosidl_typesupport_fastrtps_c.h
[0.284s] -- Up-to-date symlink: /app/install/kapibara_interfaces/include/kapibara_interfaces/kapibara_interfaces/msg/detail/can_ack__rosidl_typesupport_introspection_c.h
[0.284s] -- Up-to-date symlink: /app/install/kapibara_interfaces/include/kapibara_interfaces/kapibara_interfaces/msg/detail/can_ping__rosidl_typesupport_introspection_c.h
[0.284s] -- Up-to-date symlink: /app/install/kapibara_interfaces/include/kapibara_interfaces/kapibara_interfaces/msg/detail/diff_encoder__rosidl_typesupport_introspection_c.h
[0.284s] -- Up-to-date symlink: /app/install/kapibara_interfaces/include/kapibara_interfaces/kapibara_interfaces/msg/detail/emotions__rosidl_typesupport_introspection_c.h
[0.284s] -- Up-to-date symlink: /app/install/kapibara_interfaces/include/kapibara_interfaces/kapibara_interfaces/msg/detail/encoder__rosidl_typesupport_introspection_c.h
[0.284s] -- Up-to-date symlink: /app/install/kapibara_interfaces/include/kapibara_interfaces/kapibara_interfaces/msg/detail/encoders_and_speed__rosidl_typesupport_introspection_c.h
[0.284s] -- Up-to-date symlink: /app/install/kapibara_interfaces/include/kapibara_interfaces/kapibara_interfaces/msg/detail/face__rosidl_typesupport_introspection_c.h
[0.285s] -- Up-to-date symlink: /app/install/kapibara_interfaces/include/kapibara_interfaces/kapibara_interfaces/msg/detail/face_embed__rosidl_typesupport_introspection_c.h
[0.285s] -- Up-to-date symlink: /app/install/kapibara_interfaces/include/kapibara_interfaces/kapibara_interfaces/msg/detail/microphone__rosidl_typesupport_introspection_c.h
[0.285s] -- Up-to-date symlink: /app/install/kapibara_interfaces/include/kapibara_interfaces/kapibara_interfaces/msg/detail/pid__rosidl_typesupport_introspection_c.h
[0.285s] -- Up-to-date symlink: /app/install/kapibara_interfaces/include/kapibara_interfaces/kapibara_interfaces/msg/detail/piezo_sense__rosidl_typesupport_introspection_c.h
[0.285s] -- Up-to-date symlink: /app/install/kapibara_interfaces/include/kapibara_interfaces/kapibara_interfaces/msg/detail/point_value2_d__rosidl_typesupport_introspection_c.h
[0.285s] -- Up-to-date symlink: /app/install/kapibara_interfaces/include/kapibara_interfaces/kapibara_interfaces/msg/detail/rect_i__rosidl_typesupport_introspection_c.h
[0.285s] -- Up-to-date symlink: /app/install/kapibara_interfaces/include/kapibara_interfaces/kapibara_interfaces/msg/detail/servo__rosidl_typesupport_introspection_c.h
[0.285s] -- Up-to-date symlink: /app/install/kapibara_interfaces/include/kapibara_interfaces/kapibara_interfaces/msg/detail/vector2_di__rosidl_typesupport_introspection_c.h
[0.285s] -- Up-to-date symlink: /app/install/kapibara_interfaces/include/kapibara_interfaces/kapibara_interfaces/msg/rosidl_typesupport_introspection_c__visibility_control.h
[0.285s] -- Up-to-date symlink: /app/install/kapibara_interfaces/include/kapibara_interfaces/kapibara_interfaces/srv/detail/emotions__rosidl_typesupport_introspection_c.h
[0.285s] -- Up-to-date symlink: /app/install/kapibara_interfaces/include/kapibara_interfaces/kapibara_interfaces/srv/detail/stop_mind__rosidl_typesupport_introspection_c.h
[0.286s] -- Up-to-date symlink: /app/install/kapibara_interfaces/include/kapibara_interfaces/kapibara_interfaces/msg/can_ack.hpp
[0.286s] -- Up-to-date symlink: /app/install/kapibara_interfaces/include/kapibara_interfaces/kapibara_interfaces/msg/can_ping.hpp
[0.286s] -- Up-to-date symlink: /app/install/kapibara_interfaces/include/kapibara_interfaces/kapibara_interfaces/msg/detail/can_ack__builder.hpp
[0.286s] -- Up-to-date symlink: /app/install/kapibara_interfaces/include/kapibara_interfaces/kapibara_interfaces/msg/detail/can_ack__struct.hpp
[0.286s] -- Up-to-date symlink: /app/install/kapibara_interfaces/include/kapibara_interfaces/kapibara_interfaces/msg/detail/can_ack__traits.hpp
[0.286s] -- Up-to-date symlink: /app/install/kapibara_interfaces/include/kapibara_interfaces/kapibara_interfaces/msg/detail/can_ack__type_support.hpp
[0.287s] -- Up-to-date symlink: /app/install/kapibara_interfaces/include/kapibara_interfaces/kapibara_interfaces/msg/detail/can_ping__builder.hpp
[0.287s] -- Up-to-date symlink: /app/install/kapibara_interfaces/include/kapibara_interfaces/kapibara_interfaces/msg/detail/can_ping__struct.hpp
[0.287s] -- Up-to-date symlink: /app/install/kapibara_interfaces/include/kapibara_interfaces/kapibara_interfaces/msg/detail/can_ping__traits.hpp
[0.287s] -- Up-to-date symlink: /app/install/kapibara_interfaces/include/kapibara_interfaces/kapibara_interfaces/msg/detail/can_ping__type_support.hpp
[0.287s] -- Up-to-date symlink: /app/install/kapibara_interfaces/include/kapibara_interfaces/kapibara_interfaces/msg/detail/diff_encoder__builder.hpp
[0.287s] -- Up-to-date symlink: /app/install/kapibara_interfaces/include/kapibara_interfaces/kapibara_interfaces/msg/detail/diff_encoder__struct.hpp
[0.287s] -- Up-to-date symlink: /app/install/kapibara_interfaces/include/kapibara_interfaces/kapibara_interfaces/msg/detail/diff_encoder__traits.hpp
[0.287s] -- Up-to-date symlink: /app/install/kapibara_interfaces/include/kapibara_interfaces/kapibara_interfaces/msg/detail/diff_encoder__type_support.hpp
[0.287s] -- Up-to-date symlink: /app/install/kapibara_interfaces/include/kapibara_interfaces/kapibara_interfaces/msg/detail/emotions__builder.hpp
[0.287s] -- Up-to-date symlink: /app/install/kapibara_interfaces/include/kapibara_interfaces/kapibara_interfaces/msg/detail/emotions__struct.hpp
[0.287s] -- Up-to-date symlink: /app/install/kapibara_interfaces/include/kapibara_interfaces/kapibara_interfaces/msg/detail/emotions__traits.hpp
[0.287s] -- Up-to-date symlink: /app/install/kapibara_interfaces/include/kapibara_interfaces/kapibara_interfaces/msg/detail/emotions__type_support.hpp
[0.287s] -- Up-to-date symlink: /app/install/kapibara_interfaces/include/kapibara_interfaces/kapibara_interfaces/msg/detail/encoder__builder.hpp
[0.288s] -- Up-to-date symlink: /app/install/kapibara_interfaces/include/kapibara_interfaces/kapibara_interfaces/msg/detail/encoder__struct.hpp
[0.288s] -- Up-to-date symlink: /app/install/kapibara_interfaces/include/kapibara_interfaces/kapibara_interfaces/msg/detail/encoder__traits.hpp
[0.288s] -- Up-to-date symlink: /app/install/kapibara_interfaces/include/kapibara_interfaces/kapibara_interfaces/msg/detail/encoder__type_support.hpp
[0.288s] -- Up-to-date symlink: /app/install/kapibara_interfaces/include/kapibara_interfaces/kapibara_interfaces/msg/detail/encoders_and_speed__builder.hpp
[0.288s] -- Up-to-date symlink: /app/install/kapibara_interfaces/include/kapibara_interfaces/kapibara_interfaces/msg/detail/encoders_and_speed__struct.hpp
[0.288s] -- Up-to-date symlink: /app/install/kapibara_interfaces/include/kapibara_interfaces/kapibara_interfaces/msg/detail/encoders_and_speed__traits.hpp
[0.288s] -- Up-to-date symlink: /app/install/kapibara_interfaces/include/kapibara_interfaces/kapibara_interfaces/msg/detail/encoders_and_speed__type_support.hpp
[0.288s] -- Up-to-date symlink: /app/install/kapibara_interfaces/include/kapibara_interfaces/kapibara_interfaces/msg/detail/face__builder.hpp
[0.288s] -- Up-to-date symlink: /app/install/kapibara_interfaces/include/kapibara_interfaces/kapibara_interfaces/msg/detail/face__struct.hpp
[0.288s] -- Up-to-date symlink: /app/install/kapibara_interfaces/include/kapibara_interfaces/kapibara_interfaces/msg/detail/face__traits.hpp
[0.288s] -- Up-to-date symlink: /app/install/kapibara_interfaces/include/kapibara_interfaces/kapibara_interfaces/msg/detail/face__type_support.hpp
[0.288s] -- Up-to-date symlink: /app/install/kapibara_interfaces/include/kapibara_interfaces/kapibara_interfaces/msg/detail/face_embed__builder.hpp
[0.288s] -- Up-to-date symlink: /app/install/kapibara_interfaces/include/kapibara_interfaces/kapibara_interfaces/msg/detail/face_embed__struct.hpp
[0.288s] -- Up-to-date symlink: /app/install/kapibara_interfaces/include/kapibara_interfaces/kapibara_interfaces/msg/detail/face_embed__traits.hpp
[0.289s] -- Up-to-date symlink: /app/install/kapibara_interfaces/include/kapibara_interfaces/kapibara_interfaces/msg/detail/face_embed__type_support.hpp
[0.289s] -- Up-to-date symlink: /app/install/kapibara_interfaces/include/kapibara_interfaces/kapibara_interfaces/msg/detail/microphone__builder.hpp
[0.289s] -- Up-to-date symlink: /app/install/kapibara_interfaces/include/kapibara_interfaces/kapibara_interfaces/msg/detail/microphone__struct.hpp
[0.289s] -- Up-to-date symlink: /app/install/kapibara_interfaces/include/kapibara_interfaces/kapibara_interfaces/msg/detail/microphone__traits.hpp
[0.289s] -- Up-to-date symlink: /app/install/kapibara_interfaces/include/kapibara_interfaces/kapibara_interfaces/msg/detail/microphone__type_support.hpp
[0.289s] -- Up-to-date symlink: /app/install/kapibara_interfaces/include/kapibara_interfaces/kapibara_interfaces/msg/detail/pid__builder.hpp
[0.289s] -- Up-to-date symlink: /app/install/kapibara_interfaces/include/kapibara_interfaces/kapibara_interfaces/msg/detail/pid__struct.hpp
[0.289s] -- Up-to-date symlink: /app/install/kapibara_interfaces/include/kapibara_interfaces/kapibara_interfaces/msg/detail/pid__traits.hpp
[0.289s] -- Up-to-date symlink: /app/install/kapibara_interfaces/include/kapibara_interfaces/kapibara_interfaces/msg/detail/pid__type_support.hpp
[0.289s] -- Up-to-date symlink: /app/install/kapibara_interfaces/include/kapibara_interfaces/kapibara_interfaces/msg/detail/piezo_sense__builder.hpp
[0.289s] -- Up-to-date symlink: /app/install/kapibara_interfaces/include/kapibara_interfaces/kapibara_interfaces/msg/detail/piezo_sense__struct.hpp
[0.289s] -- Up-to-date symlink: /app/install/kapibara_interfaces/include/kapibara_interfaces/kapibara_interfaces/msg/detail/piezo_sense__traits.hpp
[0.289s] -- Up-to-date symlink: /app/install/kapibara_interfaces/include/kapibara_interfaces/kapibara_interfaces/msg/detail/piezo_sense__type_support.hpp
[0.289s] -- Up-to-date symlink: /app/install/kapibara_interfaces/include/kapibara_interfaces/kapibara_interfaces/msg/detail/point_value2_d__builder.hpp
[0.290s] -- Up-to-date symlink: /app/install/kapibara_interfaces/include/kapibara_interfaces/kapibara_interfaces/msg/detail/point_value2_d__struct.hpp
[0.290s] -- Up-to-date symlink: /app/install/kapibara_interfaces/include/kapibara_interfaces/kapibara_interfaces/msg/detail/point_value2_d__traits.hpp
[0.290s] -- Up-to-date symlink: /app/install/kapibara_interfaces/include/kapibara_interfaces/kapibara_interfaces/msg/detail/point_value2_d__type_support.hpp
[0.290s] -- Up-to-date symlink: /app/install/kapibara_interfaces/include/kapibara_interfaces/kapibara_interfaces/msg/detail/rect_i__builder.hpp
[0.290s] -- Up-to-date symlink: /app/install/kapibara_interfaces/include/kapibara_interfaces/kapibara_interfaces/msg/detail/rect_i__struct.hpp
[0.290s] -- Up-to-date symlink: /app/install/kapibara_interfaces/include/kapibara_interfaces/kapibara_interfaces/msg/detail/rect_i__traits.hpp
[0.290s] -- Up-to-date symlink: /app/install/kapibara_interfaces/include/kapibara_interfaces/kapibara_interfaces/msg/detail/rect_i__type_support.hpp
[0.290s] -- Up-to-date symlink: /app/install/kapibara_interfaces/include/kapibara_interfaces/kapibara_interfaces/msg/detail/servo__builder.hpp
[0.290s] -- Up-to-date symlink: /app/install/kapibara_interfaces/include/kapibara_interfaces/kapibara_interfaces/msg/detail/servo__struct.hpp
[0.290s] -- Up-to-date symlink: /app/install/kapibara_interfaces/include/kapibara_interfaces/kapibara_interfaces/msg/detail/servo__traits.hpp
[0.290s] -- Up-to-date symlink: /app/install/kapibara_interfaces/include/kapibara_interfaces/kapibara_interfaces/msg/detail/servo__type_support.hpp
[0.290s] -- Up-to-date symlink: /app/install/kapibara_interfaces/include/kapibara_interfaces/kapibara_interfaces/msg/detail/vector2_di__builder.hpp
[0.290s] -- Up-to-date symlink: /app/install/kapibara_interfaces/include/kapibara_interfaces/kapibara_interfaces/msg/detail/vector2_di__struct.hpp
[0.290s] -- Up-to-date symlink: /app/install/kapibara_interfaces/include/kapibara_interfaces/kapibara_interfaces/msg/detail/vector2_di__traits.hpp
[0.291s] -- Up-to-date symlink: /app/install/kapibara_interfaces/include/kapibara_interfaces/kapibara_interfaces/msg/detail/vector2_di__type_support.hpp
[0.291s] -- Up-to-date symlink: /app/install/kapibara_interfaces/include/kapibara_interfaces/kapibara_interfaces/msg/diff_encoder.hpp
[0.291s] -- Up-to-date symlink: /app/install/kapibara_interfaces/include/kapibara_interfaces/kapibara_interfaces/msg/emotions.hpp
[0.291s] -- Up-to-date symlink: /app/install/kapibara_interfaces/include/kapibara_interfaces/kapibara_interfaces/msg/encoder.hpp
[0.291s] -- Up-to-date symlink: /app/install/kapibara_interfaces/include/kapibara_interfaces/kapibara_interfaces/msg/encoders_and_speed.hpp
[0.291s] -- Up-to-date symlink: /app/install/kapibara_interfaces/include/kapibara_interfaces/kapibara_interfaces/msg/face.hpp
[0.291s] -- Up-to-date symlink: /app/install/kapibara_interfaces/include/kapibara_interfaces/kapibara_interfaces/msg/face_embed.hpp
[0.291s] -- Up-to-date symlink: /app/install/kapibara_interfaces/include/kapibara_interfaces/kapibara_interfaces/msg/microphone.hpp
[0.291s] -- Up-to-date symlink: /app/install/kapibara_interfaces/include/kapibara_interfaces/kapibara_interfaces/msg/pid.hpp
[0.291s] -- Up-to-date symlink: /app/install/kapibara_interfaces/include/kapibara_interfaces/kapibara_interfaces/msg/piezo_sense.hpp
[0.291s] -- Up-to-date symlink: /app/install/kapibara_interfaces/include/kapibara_interfaces/kapibara_interfaces/msg/point_value2_d.hpp
[0.291s] -- Up-to-date symlink: /app/install/kapibara_interfaces/include/kapibara_interfaces/kapibara_interfaces/msg/rect_i.hpp
[0.291s] -- Up-to-date symlink: /app/install/kapibara_interfaces/include/kapibara_interfaces/kapibara_interfaces/msg/rosidl_generator_cpp__visibility_control.hpp
[0.291s] -- Up-to-date symlink: /app/install/kapibara_interfaces/include/kapibara_interfaces/kapibara_interfaces/msg/servo.hpp
[0.291s] -- Up-to-date symlink: /app/install/kapibara_interfaces/include/kapibara_interfaces/kapibara_interfaces/msg/vector2_di.hpp
[0.292s] -- Up-to-date symlink: /app/install/kapibara_interfaces/include/kapibara_interfaces/kapibara_interfaces/srv/detail/emotions__builder.hpp
[0.292s] -- Up-to-date symlink: /app/install/kapibara_interfaces/include/kapibara_interfaces/kapibara_interfaces/srv/detail/emotions__struct.hpp
[0.292s] -- Up-to-date symlink: /app/install/kapibara_interfaces/include/kapibara_interfaces/kapibara_interfaces/srv/detail/emotions__traits.hpp
[0.292s] -- Up-to-date symlink: /app/install/kapibara_interfaces/include/kapibara_interfaces/kapibara_interfaces/srv/detail/emotions__type_support.hpp
[0.292s] -- Up-to-date symlink: /app/install/kapibara_interfaces/include/kapibara_interfaces/kapibara_interfaces/srv/detail/stop_mind__builder.hpp
[0.292s] -- Up-to-date symlink: /app/install/kapibara_interfaces/include/kapibara_interfaces/kapibara_interfaces/srv/detail/stop_mind__struct.hpp
[0.292s] -- Up-to-date symlink: /app/install/kapibara_interfaces/include/kapibara_interfaces/kapibara_interfaces/srv/detail/stop_mind__traits.hpp
[0.292s] -- Up-to-date symlink: /app/install/kapibara_interfaces/include/kapibara_interfaces/kapibara_interfaces/srv/detail/stop_mind__type_support.hpp
[0.292s] -- Up-to-date symlink: /app/install/kapibara_interfaces/include/kapibara_interfaces/kapibara_interfaces/srv/emotions.hpp
[0.292s] -- Up-to-date symlink: /app/install/kapibara_interfaces/include/kapibara_interfaces/kapibara_interfaces/srv/stop_mind.hpp
[0.293s] -- Up-to-date symlink: /app/install/kapibara_interfaces/include/kapibara_interfaces/kapibara_interfaces/msg/detail/can_ack__rosidl_typesupport_fastrtps_cpp.hpp
[0.293s] -- Up-to-date symlink: /app/install/kapibara_interfaces/include/kapibara_interfaces/kapibara_interfaces/msg/detail/can_ping__rosidl_typesupport_fastrtps_cpp.hpp
[0.293s] -- Up-to-date symlink: /app/install/kapibara_interfaces/include/kapibara_interfaces/kapibara_interfaces/msg/detail/diff_encoder__rosidl_typesupport_fastrtps_cpp.hpp
[0.293s] -- Up-to-date symlink: /app/install/kapibara_interfaces/include/kapibara_interfaces/kapibara_interfaces/msg/detail/emotions__rosidl_typesupport_fastrtps_cpp.hpp
[0.293s] -- Up-to-date symlink: /app/install/kapibara_interfaces/include/kapibara_interfaces/kapibara_interfaces/msg/detail/encoder__rosidl_typesupport_fastrtps_cpp.hpp
[0.293s] -- Up-to-date symlink: /app/install/kapibara_interfaces/include/kapibara_interfaces/kapibara_interfaces/msg/detail/encoders_and_speed__rosidl_typesupport_fastrtps_cpp.hpp
[0.293s] -- Up-to-date symlink: /app/install/kapibara_interfaces/include/kapibara_interfaces/kapibara_interfaces/msg/detail/face__rosidl_typesupport_fastrtps_cpp.hpp
[0.294s] -- Up-to-date symlink: /app/install/kapibara_interfaces/include/kapibara_interfaces/kapibara_interfaces/msg/detail/face_embed__rosidl_typesupport_fastrtps_cpp.hpp
[0.294s] -- Up-to-date symlink: /app/install/kapibara_interfaces/include/kapibara_interfaces/kapibara_interfaces/msg/detail/microphone__rosidl_typesupport_fastrtps_cpp.hpp
[0.294s] -- Up-to-date symlink: /app/install/kapibara_interfaces/include/kapibara_interfaces/kapibara_interfaces/msg/detail/pid__rosidl_typesupport_fastrtps_cpp.hpp
[0.294s] -- Up-to-date symlink: /app/install/kapibara_interfaces/include/kapibara_interfaces/kapibara_interfaces/msg/detail/piezo_sense__rosidl_typesupport_fastrtps_cpp.hpp
[0.294s] -- Up-to-date symlink: /app/install/kapibara_interfaces/include/kapibara_interfaces/kapibara_interfaces/msg/detail/point_value2_d__rosidl_typesupport_fastrtps_cpp.hpp
[0.294s] -- Up-to-date symlink: /app/install/kapibara_interfaces/include/kapibara_interfaces/kapibara_interfaces/msg/detail/rect_i__rosidl_typesupport_fastrtps_cpp.hpp
[0.294s] -- Up-to-date symlink: /app/install/kapibara_interfaces/include/kapibara_interfaces/kapibara_interfaces/msg/detail/servo__rosidl_typesupport_fastrtps_cpp.hpp
[0.294s] -- Up-to-date symlink: /app/install/kapibara_interfaces/include/kapibara_interfaces/kapibara_interfaces/msg/detail/vector2_di__rosidl_typesupport_fastrtps_cpp.hpp
[0.294s] -- Up-to-date symlink: /app/install/kapibara_interfaces/include/kapibara_interfaces/kapibara_interfaces/msg/rosidl_typesupport_fastrtps_cpp__visibility_control.h
[0.294s] -- Up-to-date symlink: /app/install/kapibara_interfaces/include/kapibara_interfaces/kapibara_interfaces/srv/detail/emotions__rosidl_typesupport_fastrtps_cpp.hpp
[0.294s] -- Up-to-date symlink: /app/install/kapibara_interfaces/include/kapibara_interfaces/kapibara_interfaces/srv/detail/stop_mind__rosidl_typesupport_fastrtps_cpp.hpp
[0.295s] -- Up-to-date symlink: /app/install/kapibara_interfaces/include/kapibara_interfaces/kapibara_interfaces/msg/detail/can_ack__rosidl_typesupport_introspection_cpp.hpp
[0.295s] -- Up-to-date symlink: /app/install/kapibara_interfaces/include/kapibara_interfaces/kapibara_interfaces/msg/detail/can_ping__rosidl_typesupport_introspection_cpp.hpp
[0.295s] -- Up-to-date symlink: /app/install/kapibara_interfaces/include/kapibara_interfaces/kapibara_interfaces/msg/detail/diff_encoder__rosidl_typesupport_introspection_cpp.hpp
[0.295s] -- Up-to-date symlink: /app/install/kapibara_interfaces/include/kapibara_interfaces/kapibara_interfaces/msg/detail/emotions__rosidl_typesupport_introspection_cpp.hpp
[0.295s] -- Up-to-date symlink: /app/install/kapibara_interfaces/include/kapibara_interfaces/kapibara_interfaces/msg/detail/encoder__rosidl_typesupport_introspection_cpp.hpp
[0.295s] -- Up-to-date symlink: /app/install/kapibara_interfaces/include/kapibara_interfaces/kapibara_interfaces/msg/detail/encoders_and_speed__rosidl_typesupport_introspection_cpp.hpp
[0.295s] -- Up-to-date symlink: /app/install/kapibara_interfaces/include/kapibara_interfaces/kapibara_interfaces/msg/detail/face__rosidl_typesupport_introspection_cpp.hpp
[0.295s] -- Up-to-date symlink: /app/install/kapibara_interfaces/include/kapibara_interfaces/kapibara_interfaces/msg/detail/face_embed__rosidl_typesupport_introspection_cpp.hpp
[0.295s] -- Up-to-date symlink: /app/install/kapibara_interfaces/include/kapibara_interfaces/kapibara_interfaces/msg/detail/microphone__rosidl_typesupport_introspection_cpp.hpp
[0.295s] -- Up-to-date symlink: /app/install/kapibara_interfaces/include/kapibara_interfaces/kapibara_interfaces/msg/detail/pid__rosidl_typesupport_introspection_cpp.hpp
[0.295s] -- Up-to-date symlink: /app/install/kapibara_interfaces/include/kapibara_interfaces/kapibara_interfaces/msg/detail/piezo_sense__rosidl_typesupport_introspection_cpp.hpp
[0.295s] -- Up-to-date symlink: /app/install/kapibara_interfaces/include/kapibara_interfaces/kapibara_interfaces/msg/detail/point_value2_d__rosidl_typesupport_introspection_cpp.hpp
[0.296s] -- Up-to-date symlink: /app/install/kapibara_interfaces/include/kapibara_interfaces/kapibara_interfaces/msg/detail/rect_i__rosidl_typesupport_introspection_cpp.hpp
[0.296s] -- Up-to-date symlink: /app/install/kapibara_interfaces/include/kapibara_interfaces/kapibara_interfaces/msg/detail/servo__rosidl_typesupport_introspection_cpp.hpp
[0.296s] -- Up-to-date symlink: /app/install/kapibara_interfaces/include/kapibara_interfaces/kapibara_interfaces/msg/detail/vector2_di__rosidl_typesupport_introspection_cpp.hpp
[0.296s] -- Up-to-date symlink: /app/install/kapibara_interfaces/include/kapibara_interfaces/kapibara_interfaces/srv/detail/emotions__rosidl_typesupport_introspection_cpp.hpp
[0.296s] -- Up-to-date symlink: /app/install/kapibara_interfaces/include/kapibara_interfaces/kapibara_interfaces/srv/detail/stop_mind__rosidl_typesupport_introspection_cpp.hpp
[0.296s] -- Up-to-date symlink: /app/install/kapibara_interfaces/share/kapibara_interfaces/environment/pythonpath.sh
[0.296s] -- Up-to-date symlink: /app/install/kapibara_interfaces/share/kapibara_interfaces/environment/pythonpath.dsv
[0.296s] -- Up-to-date symlink: /app/install/kapibara_interfaces/local/lib/python3.10/dist-packages/kapibara_interfaces-0.8.0-py3.10.egg-info/PKG-INFO
[0.296s] -- Up-to-date symlink: /app/install/kapibara_interfaces/local/lib/python3.10/dist-packages/kapibara_interfaces-0.8.0-py3.10.egg-info/SOURCES.txt
[0.296s] -- Up-to-date symlink: /app/install/kapibara_interfaces/local/lib/python3.10/dist-packages/kapibara_interfaces-0.8.0-py3.10.egg-info/dependency_links.txt
[0.296s] -- Up-to-date symlink: /app/install/kapibara_interfaces/local/lib/python3.10/dist-packages/kapibara_interfaces-0.8.0-py3.10.egg-info/top_level.txt
[0.297s] -- Up-to-date symlink: /app/install/kapibara_interfaces/local/lib/python3.10/dist-packages/kapibara_interfaces/__init__.py
[0.297s] -- Up-to-date symlink: /app/install/kapibara_interfaces/local/lib/python3.10/dist-packages/kapibara_interfaces/_kapibara_interfaces_s.ep.rosidl_typesupport_c.c
[0.297s] -- Up-to-date symlink: /app/install/kapibara_interfaces/local/lib/python3.10/dist-packages/kapibara_interfaces/_kapibara_interfaces_s.ep.rosidl_typesupport_fastrtps_c.c
[0.297s] -- Up-to-date symlink: /app/install/kapibara_interfaces/local/lib/python3.10/dist-packages/kapibara_interfaces/_kapibara_interfaces_s.ep.rosidl_typesupport_introspection_c.c
[0.297s] -- Up-to-date symlink: /app/install/kapibara_interfaces/local/lib/python3.10/dist-packages/kapibara_interfaces/kapibara_interfaces_s__rosidl_typesupport_c.cpython-310-x86_64-linux-gnu.so
[0.298s] -- Up-to-date symlink: /app/install/kapibara_interfaces/local/lib/python3.10/dist-packages/kapibara_interfaces/kapibara_interfaces_s__rosidl_typesupport_fastrtps_c.cpython-310-x86_64-linux-gnu.so
[0.298s] -- Up-to-date symlink: /app/install/kapibara_interfaces/local/lib/python3.10/dist-packages/kapibara_interfaces/kapibara_interfaces_s__rosidl_typesupport_introspection_c.cpython-310-x86_64-linux-gnu.so
[0.298s] -- Up-to-date symlink: /app/install/kapibara_interfaces/local/lib/python3.10/dist-packages/kapibara_interfaces/libkapibara_interfaces__rosidl_generator_py.so
[0.298s] -- Up-to-date symlink: /app/install/kapibara_interfaces/local/lib/python3.10/dist-packages/kapibara_interfaces/msg/__init__.py
[0.298s] -- Up-to-date symlink: /app/install/kapibara_interfaces/local/lib/python3.10/dist-packages/kapibara_interfaces/msg/_can_ack.py
[0.298s] -- Up-to-date symlink: /app/install/kapibara_interfaces/local/lib/python3.10/dist-packages/kapibara_interfaces/msg/_can_ack_s.c
[0.298s] -- Up-to-date symlink: /app/install/kapibara_interfaces/local/lib/python3.10/dist-packages/kapibara_interfaces/msg/_can_ping.py
[0.298s] -- Up-to-date symlink: /app/install/kapibara_interfaces/local/lib/python3.10/dist-packages/kapibara_interfaces/msg/_can_ping_s.c
[0.298s] -- Up-to-date symlink: /app/install/kapibara_interfaces/local/lib/python3.10/dist-packages/kapibara_interfaces/msg/_diff_encoder.py
[0.298s] -- Up-to-date symlink: /app/install/kapibara_interfaces/local/lib/python3.10/dist-packages/kapibara_interfaces/msg/_diff_encoder_s.c
[0.298s] -- Up-to-date symlink: /app/install/kapibara_interfaces/local/lib/python3.10/dist-packages/kapibara_interfaces/msg/_emotions.py
[0.298s] -- Up-to-date symlink: /app/install/kapibara_interfaces/local/lib/python3.10/dist-packages/kapibara_interfaces/msg/_emotions_s.c
[0.298s] -- Up-to-date symlink: /app/install/kapibara_interfaces/local/lib/python3.10/dist-packages/kapibara_interfaces/msg/_encoder.py
[0.298s] -- Up-to-date symlink: /app/install/kapibara_interfaces/local/lib/python3.10/dist-packages/kapibara_interfaces/msg/_encoder_s.c
[0.299s] -- Up-to-date symlink: /app/install/kapibara_interfaces/local/lib/python3.10/dist-packages/kapibara_interfaces/msg/_encoders_and_speed.py
[0.299s] -- Up-to-date symlink: /app/install/kapibara_interfaces/local/lib/python3.10/dist-packages/kapibara_interfaces/msg/_encoders_and_speed_s.c
[0.299s] -- Up-to-date symlink: /app/install/kapibara_interfaces/local/lib/python3.10/dist-packages/kapibara_interfaces/msg/_face.py
[0.299s] -- Up-to-date symlink: /app/install/kapibara_interfaces/local/lib/python3.10/dist-packages/kapibara_interfaces/msg/_face_embed.py
[0.299s] -- Up-to-date symlink: /app/install/kapibara_interfaces/local/lib/python3.10/dist-packages/kapibara_interfaces/msg/_face_embed_s.c
[0.299s] -- Up-to-date symlink: /app/install/kapibara_interfaces/local/lib/python3.10/dist-packages/kapibara_interfaces/msg/_face_s.c
[0.299s] -- Up-to-date symlink: /app/install/kapibara_interfaces/local/lib/python3.10/dist-packages/kapibara_interfaces/msg/_microphone.py
[0.299s] -- Up-to-date symlink: /app/install/kapibara_interfaces/local/lib/python3.10/dist-packages/kapibara_interfaces/msg/_microphone_s.c
[0.299s] -- Up-to-date symlink: /app/install/kapibara_interfaces/local/lib/python3.10/dist-packages/kapibara_interfaces/msg/_pid.py
[0.299s] -- Up-to-date symlink: /app/install/kapibara_interfaces/local/lib/python3.10/dist-packages/kapibara_interfaces/msg/_pid_s.c
[0.299s] -- Up-to-date symlink: /app/install/kapibara_interfaces/local/lib/python3.10/dist-packages/kapibara_interfaces/msg/_piezo_sense.py
[0.299s] -- Up-to-date symlink: /app/install/kapibara_interfaces/local/lib/python3.10/dist-packages/kapibara_interfaces/msg/_piezo_sense_s.c
[0.299s] -- Up-to-date symlink: /app/install/kapibara_interfaces/local/lib/python3.10/dist-packages/kapibara_interfaces/msg/_point_value2_d.py
[0.300s] -- Up-to-date symlink: /app/install/kapibara_interfaces/local/lib/python3.10/dist-packages/kapibara_interfaces/msg/_point_value2_d_s.c
[0.300s] -- Up-to-date symlink: /app/install/kapibara_interfaces/local/lib/python3.10/dist-packages/kapibara_interfaces/msg/_rect_i.py
[0.300s] -- Up-to-date symlink: /app/install/kapibara_interfaces/local/lib/python3.10/dist-packages/kapibara_interfaces/msg/_rect_i_s.c
[0.300s] -- Up-to-date symlink: /app/install/kapibara_interfaces/local/lib/python3.10/dist-packages/kapibara_interfaces/msg/_servo.py
[0.300s] -- Up-to-date symlink: /app/install/kapibara_interfaces/local/lib/python3.10/dist-packages/kapibara_interfaces/msg/_servo_s.c
[0.300s] -- Up-to-date symlink: /app/install/kapibara_interfaces/local/lib/python3.10/dist-packages/kapibara_interfaces/msg/_vector2_di.py
[0.300s] -- Up-to-date symlink: /app/install/kapibara_interfaces/local/lib/python3.10/dist-packages/kapibara_interfaces/msg/_vector2_di_s.c
[0.300s] -- Up-to-date symlink: /app/install/kapibara_interfaces/local/lib/python3.10/dist-packages/kapibara_interfaces/srv/__init__.py
[0.300s] -- Up-to-date symlink: /app/install/kapibara_interfaces/local/lib/python3.10/dist-packages/kapibara_interfaces/srv/_emotions.py
[0.300s] -- Up-to-date symlink: /app/install/kapibara_interfaces/local/lib/python3.10/dist-packages/kapibara_interfaces/srv/_emotions_s.c
[0.300s] -- Up-to-date symlink: /app/install/kapibara_interfaces/local/lib/python3.10/dist-packages/kapibara_interfaces/srv/_stop_mind.py
[0.300s] -- Up-to-date symlink: /app/install/kapibara_interfaces/local/lib/python3.10/dist-packages/kapibara_interfaces/srv/_stop_mind_s.c
[0.300s] -- Up-to-date symlink: /app/install/kapibara_interfaces/local/lib/python3.10/dist-packages/kapibara_interfaces/kapibara_interfaces_s__rosidl_typesupport_fastrtps_c.cpython-310-x86_64-linux-gnu.so
[0.301s] -- Up-to-date symlink: /app/install/kapibara_interfaces/local/lib/python3.10/dist-packages/kapibara_interfaces/kapibara_interfaces_s__rosidl_typesupport_introspection_c.cpython-310-x86_64-linux-gnu.so
[0.301s] -- Up-to-date symlink: /app/install/kapibara_interfaces/local/lib/python3.10/dist-packages/kapibara_interfaces/kapibara_interfaces_s__rosidl_typesupport_c.cpython-310-x86_64-linux-gnu.so
[0.301s] -- Up-to-date symlink: /app/install/kapibara_interfaces/share/ament_index/resource_index/rust_packages/kapibara_interfaces
[0.301s] -- Up-to-date symlink: /app/install/kapibara_interfaces/share/kapibara_interfaces/rust/Cargo.toml
[0.301s] -- Up-to-date symlink: /app/install/kapibara_interfaces/share/kapibara_interfaces/rust/build.rs
[0.301s] -- Up-to-date symlink: /app/install/kapibara_interfaces/share/kapibara_interfaces/rust/src/lib.rs
[0.301s] -- Up-to-date symlink: /app/install/kapibara_interfaces/share/kapibara_interfaces/rust/src/msg.rs
[0.301s] -- Up-to-date symlink: /app/install/kapibara_interfaces/share/kapibara_interfaces/rust/src/msg/rmw.rs
[0.302s] -- Up-to-date symlink: /app/install/kapibara_interfaces/share/kapibara_interfaces/rust/src/srv.rs
[0.302s] -- Up-to-date symlink: /app/install/kapibara_interfaces/share/kapibara_interfaces/rust/src/srv/rmw.rs
[0.302s] -- Up-to-date symlink: /app/install/kapibara_interfaces/share/kapibara_interfaces/msg/Encoder.idl
[0.302s] -- Up-to-date symlink: /app/install/kapibara_interfaces/share/kapibara_interfaces/msg/DiffEncoder.idl
[0.302s] -- Up-to-date symlink: /app/install/kapibara_interfaces/share/kapibara_interfaces/msg/Microphone.idl
[0.302s] -- Up-to-date symlink: /app/install/kapibara_interfaces/share/kapibara_interfaces/msg/Servo.idl
[0.302s] -- Up-to-date symlink: /app/install/kapibara_interfaces/share/kapibara_interfaces/msg/Face.idl
[0.302s] -- Up-to-date symlink: /app/install/kapibara_interfaces/share/kapibara_interfaces/msg/FaceEmbed.idl
[0.302s] -- Up-to-date symlink: /app/install/kapibara_interfaces/share/kapibara_interfaces/msg/RectI.idl
[0.302s] -- Up-to-date symlink: /app/install/kapibara_interfaces/share/kapibara_interfaces/msg/Vector2DI.idl
[0.302s] -- Up-to-date symlink: /app/install/kapibara_interfaces/share/kapibara_interfaces/msg/Emotions.idl
[0.303s] -- Up-to-date symlink: /app/install/kapibara_interfaces/share/kapibara_interfaces/msg/EncodersAndSpeed.idl
[0.303s] -- Up-to-date symlink: /app/install/kapibara_interfaces/share/kapibara_interfaces/msg/CanPing.idl
[0.303s] -- Up-to-date symlink: /app/install/kapibara_interfaces/share/kapibara_interfaces/msg/CanACK.idl
[0.303s] -- Up-to-date symlink: /app/install/kapibara_interfaces/share/kapibara_interfaces/msg/PID.idl
[0.303s] -- Up-to-date symlink: /app/install/kapibara_interfaces/share/kapibara_interfaces/msg/PiezoSense.idl
[0.303s] -- Up-to-date symlink: /app/install/kapibara_interfaces/share/kapibara_interfaces/msg/PointValue2D.idl
[0.303s] -- Up-to-date symlink: /app/install/kapibara_interfaces/share/kapibara_interfaces/srv/Emotions.idl
[0.303s] -- Up-to-date symlink: /app/install/kapibara_interfaces/share/kapibara_interfaces/srv/StopMind.idl
[0.303s] -- Up-to-date symlink: /app/install/kapibara_interfaces/share/kapibara_interfaces/msg/Encoder.msg
[0.303s] -- Up-to-date symlink: /app/install/kapibara_interfaces/share/kapibara_interfaces/msg/DiffEncoder.msg
[0.303s] -- Up-to-date symlink: /app/install/kapibara_interfaces/share/kapibara_interfaces/msg/Microphone.msg
[0.303s] -- Up-to-date symlink: /app/install/kapibara_interfaces/share/kapibara_interfaces/msg/Servo.msg
[0.304s] -- Up-to-date symlink: /app/install/kapibara_interfaces/share/kapibara_interfaces/msg/Face.msg
[0.304s] -- Up-to-date symlink: /app/install/kapibara_interfaces/share/kapibara_interfaces/msg/FaceEmbed.msg
[0.304s] -- Up-to-date symlink: /app/install/kapibara_interfaces/share/kapibara_interfaces/msg/RectI.msg
[0.304s] -- Up-to-date symlink: /app/install/kapibara_interfaces/share/kapibara_interfaces/msg/Vector2DI.msg
[0.304s] -- Up-to-date symlink: /app/install/kapibara_interfaces/share/kapibara_interfaces/msg/Emotions.msg
[0.304s] -- Up-to-date symlink: /app/install/kapibara_interfaces/share/kapibara_interfaces/msg/EncodersAndSpeed.msg
[0.304s] -- Up-to-date symlink: /app/install/kapibara_interfaces/share/kapibara_interfaces/msg/CanPing.msg
[0.304s] -- Up-to-date symlink: /app/install/kapibara_interfaces/share/kapibara_interfaces/msg/CanACK.msg
[0.304s] -- Up-to-date symlink: /app/install/kapibara_interfaces/share/kapibara_interfaces/msg/PID.msg
[0.304s] -- Up-to-date symlink: /app/install/kapibara_interfaces/share/kapibara_interfaces/msg/PiezoSense.msg
[0.304s] -- Up-to-date symlink: /app/install/kapibara_interfaces/share/kapibara_interfaces/msg/PointValue2D.msg
[0.304s] -- Up-to-date symlink: /app/install/kapibara_interfaces/share/kapibara_interfaces/srv/Emotions.srv
[0.305s] -- Up-to-date symlink: /app/install/kapibara_interfaces/share/kapibara_interfaces/srv/Emotions_Request.msg
[0.305s] -- Up-to-date symlink: /app/install/kapibara_interfaces/share/kapibara_interfaces/srv/Emotions_Response.msg
[0.305s] -- Up-to-date symlink: /app/install/kapibara_interfaces/share/kapibara_interfaces/srv/StopMind.srv
[0.305s] -- Up-to-date symlink: /app/install/kapibara_interfaces/share/kapibara_interfaces/srv/StopMind_Request.msg
[0.305s] -- Up-to-date symlink: /app/install/kapibara_interfaces/share/kapibara_interfaces/srv/StopMind_Response.msg
[0.305s] -- Up-to-date symlink: /app/install/kapibara_interfaces/share/ament_index/resource_index/package_run_dependencies/kapibara_interfaces
[0.305s] -- Up-to-date symlink: /app/install/kapibara_interfaces/share/ament_index/resource_index/parent_prefix_path/kapibara_interfaces
[0.306s] -- Up-to-date symlink: /app/install/kapibara_interfaces/share/kapibara_interfaces/environment/ament_prefix_path.sh
[0.306s] -- Up-to-date symlink: /app/install/kapibara_interfaces/share/kapibara_interfaces/environment/ament_prefix_path.dsv
[0.306s] -- Up-to-date symlink: /app/install/kapibara_interfaces/share/kapibara_interfaces/environment/path.sh
[0.306s] -- Up-to-date symlink: /app/install/kapibara_interfaces/share/kapibara_interfaces/environment/path.dsv
[0.306s] -- Up-to-date symlink: /app/install/kapibara_interfaces/share/kapibara_interfaces/local_setup.bash
[0.306s] -- Up-to-date symlink: /app/install/kapibara_interfaces/share/kapibara_interfaces/local_setup.sh
[0.306s] -- Up-to-date symlink: /app/install/kapibara_interfaces/share/kapibara_interfaces/local_setup.zsh
[0.306s] -- Up-to-date symlink: /app/install/kapibara_interfaces/share/kapibara_interfaces/local_setup.dsv
[0.306s] -- Symlinking: /app/install/kapibara_interfaces/share/kapibara_interfaces/package.dsv
[0.316s] -- Up-to-date symlink: /app/install/kapibara_interfaces/share/ament_index/resource_index/packages/kapibara_interfaces
[0.316s] -- Up-to-date symlink: /app/install/kapibara_interfaces/share/kapibara_interfaces/cmake/rosidl_cmake-extras.cmake
[0.316s] -- Up-to-date symlink: /app/install/kapibara_interfaces/share/kapibara_interfaces/cmake/ament_cmake_export_include_directories-extras.cmake
[0.316s] -- Up-to-date symlink: /app/install/kapibara_interfaces/share/kapibara_interfaces/cmake/ament_cmake_export_libraries-extras.cmake
[0.316s] -- Up-to-date symlink: /app/install/kapibara_interfaces/share/kapibara_interfaces/cmake/ament_cmake_export_targets-extras.cmake
[0.316s] -- Up-to-date symlink: /app/install/kapibara_interfaces/share/kapibara_interfaces/cmake/rosidl_cmake_export_typesupport_targets-extras.cmake
[0.316s] -- Up-to-date symlink: /app/install/kapibara_interfaces/share/kapibara_interfaces/cmake/ament_cmake_export_dependencies-extras.cmake
[0.317s] -- Up-to-date symlink: /app/install/kapibara_interfaces/share/kapibara_interfaces/cmake/rosidl_cmake_export_typesupport_libraries-extras.cmake
[0.317s] -- Up-to-date symlink: /app/install/kapibara_interfaces/share/kapibara_interfaces/cmake/kapibara_interfacesConfig.cmake
[0.317s] -- Up-to-date symlink: /app/install/kapibara_interfaces/share/kapibara_interfaces/cmake/kapibara_interfacesConfig-version.cmake
[0.317s] -- Up-to-date symlink: /app/install/kapibara_interfaces/share/kapibara_interfaces/package.xml
[0.317s] -- Up-to-date: /app/install/kapibara_interfaces/lib/libkapibara_interfaces__rosidl_generator_c.so
[0.317s] -- Up-to-date: /app/install/kapibara_interfaces/lib/libkapibara_interfaces__rosidl_typesupport_fastrtps_c.so
[0.318s] -- Up-to-date: /app/install/kapibara_interfaces/lib/libkapibara_interfaces__rosidl_typesupport_introspection_c.so
[0.318s] -- Up-to-date: /app/install/kapibara_interfaces/lib/libkapibara_interfaces__rosidl_typesupport_c.so
[0.318s] -- Up-to-date: /app/install/kapibara_interfaces/lib/libkapibara_interfaces__rosidl_typesupport_fastrtps_cpp.so
[0.318s] -- Up-to-date: /app/install/kapibara_interfaces/lib/libkapibara_interfaces__rosidl_typesupport_introspection_cpp.so
[0.319s] -- Up-to-date: /app/install/kapibara_interfaces/lib/libkapibara_interfaces__rosidl_typesupport_cpp.so
[0.340s] Listing '/app/install/kapibara_interfaces/local/lib/python3.10/dist-packages/kapibara_interfaces'...
[0.340s] Listing '/app/install/kapibara_interfaces/local/lib/python3.10/dist-packages/kapibara_interfaces/msg'...
[0.340s] Listing '/app/install/kapibara_interfaces/local/lib/python3.10/dist-packages/kapibara_interfaces/srv'...
[0.343s] -- Up-to-date: /app/install/kapibara_interfaces/lib/libkapibara_interfaces__rosidl_generator_py.so
[0.344s] -- Up-to-date: /app/install/kapibara_interfaces/share/kapibara_interfaces/cmake/export_kapibara_interfaces__rosidl_generator_cExport.cmake
[0.344s] -- Up-to-date: /app/install/kapibara_interfaces/share/kapibara_interfaces/cmake/export_kapibara_interfaces__rosidl_generator_cExport-noconfig.cmake
[0.344s] -- Up-to-date: /app/install/kapibara_interfaces/share/kapibara_interfaces/cmake/export_kapibara_interfaces__rosidl_typesupport_fastrtps_cExport.cmake
[0.344s] -- Up-to-date: /app/install/kapibara_interfaces/share/kapibara_interfaces/cmake/export_kapibara_interfaces__rosidl_typesupport_fastrtps_cExport-noconfig.cmake
[0.344s] -- Up-to-date: /app/install/kapibara_interfaces/share/kapibara_interfaces/cmake/kapibara_interfaces__rosidl_typesupport_introspection_cExport.cmake
[0.344s] -- Up-to-date: /app/install/kapibara_interfaces/share/kapibara_interfaces/cmake/kapibara_interfaces__rosidl_typesupport_introspection_cExport-noconfig.cmake
[0.344s] -- Up-to-date: /app/install/kapibara_interfaces/share/kapibara_interfaces/cmake/kapibara_interfaces__rosidl_typesupport_cExport.cmake
[0.344s] -- Up-to-date: /app/install/kapibara_interfaces/share/kapibara_interfaces/cmake/kapibara_interfaces__rosidl_typesupport_cExport-noconfig.cmake
[0.344s] -- Up-to-date: /app/install/kapibara_interfaces/share/kapibara_interfaces/cmake/export_kapibara_interfaces__rosidl_generator_cppExport.cmake
[0.344s] -- Up-to-date: /app/install/kapibara_interfaces/share/kapibara_interfaces/cmake/export_kapibara_interfaces__rosidl_typesupport_fastrtps_cppExport.cmake
[0.344s] -- Up-to-date: /app/install/kapibara_interfaces/share/kapibara_interfaces/cmake/export_kapibara_interfaces__rosidl_typesupport_fastrtps_cppExport-noconfig.cmake
[0.344s] -- Up-to-date: /app/install/kapibara_interfaces/share/kapibara_interfaces/cmake/kapibara_interfaces__rosidl_typesupport_introspection_cppExport.cmake
[0.344s] -- Up-to-date: /app/install/kapibara_interfaces/share/kapibara_interfaces/cmake/kapibara_interfaces__rosidl_typesupport_introspection_cppExport-noconfig.cmake
[0.344s] -- Up-to-date: /app/install/kapibara_interfaces/share/kapibara_interfaces/cmake/kapibara_interfaces__rosidl_typesupport_cppExport.cmake
[0.344s] -- Up-to-date: /app/install/kapibara_interfaces/share/kapibara_interfaces/cmake/kapibara_interfaces__rosidl_typesupport_cppExport-noconfig.cmake
[0.344s] -- Up-to-date: /app/install/kapibara_interfaces/share/kapibara_interfaces/cmake/export_kapibara_interfaces__rosidl_generator_pyExport.cmake
[0.344s] -- Up-to-date: /app/install/kapibara_interfaces/share/kapibara_interfaces/cmake/export_kapibara_interfaces__rosidl_generator_pyExport-noconfig.cmake
[0.347s] Invoked command in '/app/build/kapibara_interfaces' returned '0': CMAKE_PREFIX_PATH=/opt/ros/humble /usr/bin/cmake --install /app/build/kapibara_interfaces
