[0.032s] Invoking command in '/app/build/modus_board_interfaces': AMENT_PREFIX_PATH=/app/install/kapibara_interfaces:${AMENT_PREFIX_PATH} CMAKE_PREFIX_PATH=/app/install/kapibara_interfaces:/opt/ros/humble LD_LIBRARY_PATH=/app/install/kapibara_interfaces/lib:${LD_LIBRARY_PATH} PYTHONPATH=/app/install/kapibara_interfaces/local/lib/python3.10/dist-packages:${PYTHONPATH} /usr/bin/cmake --build /app/build/modus_board_interfaces -- -j12 -l12
[0.099s] [35m[1mConsolidate compiler generated dependencies of target modus_board_interfaces__rosidl_generator_c[0m
[0.102s] [  2%] Built target modus_board_interfaces__cpp
[0.122s] [  5%] Built target modus_board_interfaces__rs
[0.127s] [  5%] Built target ament_cmake_python_symlink_modus_board_interfaces
[0.132s] [ 15%] Built target modus_board_interfaces__rosidl_generator_c
[0.136s] [35m[1mConsolidate compiler generated dependencies of target modus_board_interfaces__rosidl_typesupport_introspection_cpp[0m
[0.141s] [35m[1mConsolidate compiler generated dependencies of target modus_board_interfaces__rosidl_typesupport_cpp[0m
[0.142s] [35m[1mConsolidate compiler generated dependencies of target modus_board_interfaces__rosidl_typesupport_fastrtps_cpp[0m
[0.158s] [35m[1mConsolidate compiler generated dependencies of target modus_board_interfaces__rosidl_typesupport_fastrtps_c[0m
[0.167s] [35m[1mConsolidate compiler generated dependencies of target modus_board_interfaces__rosidl_typesupport_introspection_c[0m
[0.167s] [35m[1mConsolidate compiler generated dependencies of target modus_board_interfaces__rosidl_typesupport_c[0m
[0.176s] [ 25%] Built target modus_board_interfaces__rosidl_typesupport_cpp
[0.187s] [ 35%] Built target modus_board_interfaces__rosidl_typesupport_introspection_cpp
[0.190s] [ 45%] Built target modus_board_interfaces__rosidl_typesupport_introspection_c
[0.191s] [ 55%] Built target modus_board_interfaces__rosidl_typesupport_fastrtps_cpp
[0.195s] [ 65%] Built target modus_board_interfaces__rosidl_typesupport_c
[0.203s] [ 75%] Built target modus_board_interfaces__rosidl_typesupport_fastrtps_c
[0.229s] [ 75%] Built target modus_board_interfaces
[0.269s] [ 77%] Built target modus_board_interfaces__py
[0.283s] [35m[1mConsolidate compiler generated dependencies of target modus_board_interfaces__rosidl_generator_py[0m
[0.299s] [ 85%] Built target modus_board_interfaces__rosidl_generator_py
[0.312s] [35m[1mConsolidate compiler generated dependencies of target modus_board_interfaces__rosidl_typesupport_fastrtps_c__pyext[0m
[0.312s] [35m[1mConsolidate compiler generated dependencies of target modus_board_interfaces__rosidl_typesupport_introspection_c__pyext[0m
[0.319s] [35m[1mConsolidate compiler generated dependencies of target modus_board_interfaces__rosidl_typesupport_c__pyext[0m
[0.330s] [ 90%] Built target modus_board_interfaces__rosidl_typesupport_fastrtps_c__pyext
[0.330s] [ 95%] Built target modus_board_interfaces__rosidl_typesupport_introspection_c__pyext
[0.330s] [100%] Built target modus_board_interfaces__rosidl_typesupport_c__pyext
[0.404s] running egg_info
[0.404s] writing modus_board_interfaces.egg-info/PKG-INFO
[0.404s] writing dependency_links to modus_board_interfaces.egg-info/dependency_links.txt
[0.405s] writing top-level names to modus_board_interfaces.egg-info/top_level.txt
[0.406s] reading manifest file 'modus_board_interfaces.egg-info/SOURCES.txt'
[0.406s] writing manifest file 'modus_board_interfaces.egg-info/SOURCES.txt'
[0.429s] [100%] Built target ament_cmake_python_build_modus_board_interfaces_egg
[0.439s] Invoked command in '/app/build/modus_board_interfaces' returned '0': AMENT_PREFIX_PATH=/app/install/kapibara_interfaces:${AMENT_PREFIX_PATH} CMAKE_PREFIX_PATH=/app/install/kapibara_interfaces:/opt/ros/humble LD_LIBRARY_PATH=/app/install/kapibara_interfaces/lib:${LD_LIBRARY_PATH} PYTHONPATH=/app/install/kapibara_interfaces/local/lib/python3.10/dist-packages:${PYTHONPATH} /usr/bin/cmake --build /app/build/modus_board_interfaces -- -j12 -l12
[0.440s] Invoking command in '/app/build/modus_board_interfaces': AMENT_PREFIX_PATH=/app/install/kapibara_interfaces:${AMENT_PREFIX_PATH} CMAKE_PREFIX_PATH=/app/install/kapibara_interfaces:/opt/ros/humble LD_LIBRARY_PATH=/app/install/kapibara_interfaces/lib:${LD_LIBRARY_PATH} PYTHONPATH=/app/install/kapibara_interfaces/local/lib/python3.10/dist-packages:${PYTHONPATH} /usr/bin/cmake --install /app/build/modus_board_interfaces
[0.446s] -- Install configuration: ""
[0.447s] -- Execute custom install script
[0.447s] -- Up-to-date symlink: /app/install/modus_board_interfaces/share/ament_index/resource_index/rosidl_interfaces/modus_board_interfaces
[0.449s] -- Up-to-date symlink: /app/install/modus_board_interfaces/include/modus_board_interfaces/modus_board_interfaces/msg/rosidl_generator_c__visibility_control.h
[0.450s] -- Up-to-date symlink: /app/install/modus_board_interfaces/include/modus_board_interfaces/modus_board_interfaces/srv/detail/enable_boards__functions.h
[0.450s] -- Up-to-date symlink: /app/install/modus_board_interfaces/include/modus_board_interfaces/modus_board_interfaces/srv/detail/enable_boards__struct.h
[0.450s] -- Up-to-date symlink: /app/install/modus_board_interfaces/include/modus_board_interfaces/modus_board_interfaces/srv/detail/enable_boards__type_support.h
[0.450s] -- Up-to-date symlink: /app/install/modus_board_interfaces/include/modus_board_interfaces/modus_board_interfaces/srv/detail/reset_boards__functions.h
[0.450s] -- Up-to-date symlink: /app/install/modus_board_interfaces/include/modus_board_interfaces/modus_board_interfaces/srv/detail/reset_boards__struct.h
[0.451s] -- Up-to-date symlink: /app/install/modus_board_interfaces/include/modus_board_interfaces/modus_board_interfaces/srv/detail/reset_boards__type_support.h
[0.451s] -- Up-to-date symlink: /app/install/modus_board_interfaces/include/modus_board_interfaces/modus_board_interfaces/srv/enable_boards.h
[0.451s] -- Up-to-date symlink: /app/install/modus_board_interfaces/include/modus_board_interfaces/modus_board_interfaces/srv/reset_boards.h
[0.451s] -- Up-to-date symlink: /app/install/modus_board_interfaces/share/modus_board_interfaces/environment/library_path.sh
[0.451s] -- Up-to-date symlink: /app/install/modus_board_interfaces/share/modus_board_interfaces/environment/library_path.dsv
[0.452s] -- Up-to-date symlink: /app/install/modus_board_interfaces/include/modus_board_interfaces/modus_board_interfaces/msg/rosidl_typesupport_fastrtps_c__visibility_control.h
[0.452s] -- Up-to-date symlink: /app/install/modus_board_interfaces/include/modus_board_interfaces/modus_board_interfaces/srv/detail/enable_boards__rosidl_typesupport_fastrtps_c.h
[0.452s] -- Up-to-date symlink: /app/install/modus_board_interfaces/include/modus_board_interfaces/modus_board_interfaces/srv/detail/reset_boards__rosidl_typesupport_fastrtps_c.h
[0.452s] -- Up-to-date symlink: /app/install/modus_board_interfaces/include/modus_board_interfaces/modus_board_interfaces/msg/rosidl_generator_cpp__visibility_control.hpp
[0.453s] -- Up-to-date symlink: /app/install/modus_board_interfaces/include/modus_board_interfaces/modus_board_interfaces/srv/detail/enable_boards__builder.hpp
[0.453s] -- Up-to-date symlink: /app/install/modus_board_interfaces/include/modus_board_interfaces/modus_board_interfaces/srv/detail/enable_boards__struct.hpp
[0.453s] -- Up-to-date symlink: /app/install/modus_board_interfaces/include/modus_board_interfaces/modus_board_interfaces/srv/detail/enable_boards__traits.hpp
[0.453s] -- Up-to-date symlink: /app/install/modus_board_interfaces/include/modus_board_interfaces/modus_board_interfaces/srv/detail/enable_boards__type_support.hpp
[0.453s] -- Up-to-date symlink: /app/install/modus_board_interfaces/include/modus_board_interfaces/modus_board_interfaces/srv/detail/reset_boards__builder.hpp
[0.454s] -- Up-to-date symlink: /app/install/modus_board_interfaces/include/modus_board_interfaces/modus_board_interfaces/srv/detail/reset_boards__struct.hpp
[0.454s] -- Up-to-date symlink: /app/install/modus_board_interfaces/include/modus_board_interfaces/modus_board_interfaces/srv/detail/reset_boards__traits.hpp
[0.454s] -- Up-to-date symlink: /app/install/modus_board_interfaces/include/modus_board_interfaces/modus_board_interfaces/srv/detail/reset_boards__type_support.hpp
[0.454s] -- Up-to-date symlink: /app/install/modus_board_interfaces/include/modus_board_interfaces/modus_board_interfaces/srv/enable_boards.hpp
[0.454s] -- Up-to-date symlink: /app/install/modus_board_interfaces/include/modus_board_interfaces/modus_board_interfaces/srv/reset_boards.hpp
[0.454s] -- Up-to-date symlink: /app/install/modus_board_interfaces/include/modus_board_interfaces/modus_board_interfaces/msg/rosidl_typesupport_fastrtps_cpp__visibility_control.h
[0.454s] -- Up-to-date symlink: /app/install/modus_board_interfaces/include/modus_board_interfaces/modus_board_interfaces/srv/detail/enable_boards__rosidl_typesupport_fastrtps_cpp.hpp
[0.455s] -- Up-to-date symlink: /app/install/modus_board_interfaces/include/modus_board_interfaces/modus_board_interfaces/srv/detail/reset_boards__rosidl_typesupport_fastrtps_cpp.hpp
[0.455s] -- Up-to-date symlink: /app/install/modus_board_interfaces/include/modus_board_interfaces/modus_board_interfaces/msg/rosidl_typesupport_introspection_c__visibility_control.h
[0.455s] -- Up-to-date symlink: /app/install/modus_board_interfaces/include/modus_board_interfaces/modus_board_interfaces/srv/detail/enable_boards__rosidl_typesupport_introspection_c.h
[0.455s] -- Up-to-date symlink: /app/install/modus_board_interfaces/include/modus_board_interfaces/modus_board_interfaces/srv/detail/reset_boards__rosidl_typesupport_introspection_c.h
[0.455s] -- Up-to-date symlink: /app/install/modus_board_interfaces/include/modus_board_interfaces/modus_board_interfaces/srv/detail/enable_boards__rosidl_typesupport_introspection_cpp.hpp
[0.455s] -- Up-to-date symlink: /app/install/modus_board_interfaces/include/modus_board_interfaces/modus_board_interfaces/srv/detail/reset_boards__rosidl_typesupport_introspection_cpp.hpp
[0.455s] -- Up-to-date symlink: /app/install/modus_board_interfaces/share/modus_board_interfaces/environment/pythonpath.sh
[0.456s] -- Up-to-date symlink: /app/install/modus_board_interfaces/share/modus_board_interfaces/environment/pythonpath.dsv
[0.456s] -- Up-to-date symlink: /app/install/modus_board_interfaces/local/lib/python3.10/dist-packages/modus_board_interfaces-0.8.0-py3.10.egg-info/PKG-INFO
[0.456s] -- Up-to-date symlink: /app/install/modus_board_interfaces/local/lib/python3.10/dist-packages/modus_board_interfaces-0.8.0-py3.10.egg-info/SOURCES.txt
[0.456s] -- Up-to-date symlink: /app/install/modus_board_interfaces/local/lib/python3.10/dist-packages/modus_board_interfaces-0.8.0-py3.10.egg-info/dependency_links.txt
[0.456s] -- Up-to-date symlink: /app/install/modus_board_interfaces/local/lib/python3.10/dist-packages/modus_board_interfaces-0.8.0-py3.10.egg-info/top_level.txt
[0.457s] -- Up-to-date symlink: /app/install/modus_board_interfaces/local/lib/python3.10/dist-packages/modus_board_interfaces/__init__.py
[0.457s] -- Up-to-date symlink: /app/install/modus_board_interfaces/local/lib/python3.10/dist-packages/modus_board_interfaces/_modus_board_interfaces_s.ep.rosidl_typesupport_c.c
[0.457s] -- Up-to-date symlink: /app/install/modus_board_interfaces/local/lib/python3.10/dist-packages/modus_board_interfaces/_modus_board_interfaces_s.ep.rosidl_typesupport_fastrtps_c.c
[0.457s] -- Up-to-date symlink: /app/install/modus_board_interfaces/local/lib/python3.10/dist-packages/modus_board_interfaces/_modus_board_interfaces_s.ep.rosidl_typesupport_introspection_c.c
[0.457s] -- Up-to-date symlink: /app/install/modus_board_interfaces/local/lib/python3.10/dist-packages/modus_board_interfaces/libmodus_board_interfaces__rosidl_generator_py.so
[0.458s] -- Up-to-date symlink: /app/install/modus_board_interfaces/local/lib/python3.10/dist-packages/modus_board_interfaces/modus_board_interfaces_s__rosidl_typesupport_c.cpython-310-x86_64-linux-gnu.so
[0.458s] -- Up-to-date symlink: /app/install/modus_board_interfaces/local/lib/python3.10/dist-packages/modus_board_interfaces/modus_board_interfaces_s__rosidl_typesupport_fastrtps_c.cpython-310-x86_64-linux-gnu.so
[0.458s] -- Up-to-date symlink: /app/install/modus_board_interfaces/local/lib/python3.10/dist-packages/modus_board_interfaces/modus_board_interfaces_s__rosidl_typesupport_introspection_c.cpython-310-x86_64-linux-gnu.so
[0.458s] -- Up-to-date symlink: /app/install/modus_board_interfaces/local/lib/python3.10/dist-packages/modus_board_interfaces/srv/__init__.py
[0.458s] -- Up-to-date symlink: /app/install/modus_board_interfaces/local/lib/python3.10/dist-packages/modus_board_interfaces/srv/_enable_boards.py
[0.458s] -- Up-to-date symlink: /app/install/modus_board_interfaces/local/lib/python3.10/dist-packages/modus_board_interfaces/srv/_enable_boards_s.c
[0.459s] -- Up-to-date symlink: /app/install/modus_board_interfaces/local/lib/python3.10/dist-packages/modus_board_interfaces/srv/_reset_boards.py
[0.459s] -- Up-to-date symlink: /app/install/modus_board_interfaces/local/lib/python3.10/dist-packages/modus_board_interfaces/srv/_reset_boards_s.c
[0.459s] -- Up-to-date symlink: /app/install/modus_board_interfaces/local/lib/python3.10/dist-packages/modus_board_interfaces/modus_board_interfaces_s__rosidl_typesupport_fastrtps_c.cpython-310-x86_64-linux-gnu.so
[0.460s] -- Up-to-date symlink: /app/install/modus_board_interfaces/local/lib/python3.10/dist-packages/modus_board_interfaces/modus_board_interfaces_s__rosidl_typesupport_introspection_c.cpython-310-x86_64-linux-gnu.so
[0.460s] -- Up-to-date symlink: /app/install/modus_board_interfaces/local/lib/python3.10/dist-packages/modus_board_interfaces/modus_board_interfaces_s__rosidl_typesupport_c.cpython-310-x86_64-linux-gnu.so
[0.460s] -- Up-to-date symlink: /app/install/modus_board_interfaces/share/ament_index/resource_index/rust_packages/modus_board_interfaces
[0.460s] -- Up-to-date symlink: /app/install/modus_board_interfaces/share/modus_board_interfaces/rust/Cargo.toml
[0.460s] -- Up-to-date symlink: /app/install/modus_board_interfaces/share/modus_board_interfaces/rust/build.rs
[0.461s] -- Up-to-date symlink: /app/install/modus_board_interfaces/share/modus_board_interfaces/rust/src/lib.rs
[0.461s] -- Up-to-date symlink: /app/install/modus_board_interfaces/share/modus_board_interfaces/rust/src/srv.rs
[0.461s] -- Up-to-date symlink: /app/install/modus_board_interfaces/share/modus_board_interfaces/rust/src/srv/rmw.rs
[0.461s] -- Up-to-date symlink: /app/install/modus_board_interfaces/share/modus_board_interfaces/srv/EnableBoards.idl
[0.462s] -- Up-to-date symlink: /app/install/modus_board_interfaces/share/modus_board_interfaces/srv/ResetBoards.idl
[0.462s] -- Up-to-date symlink: /app/install/modus_board_interfaces/share/modus_board_interfaces/srv/EnableBoards.srv
[0.462s] -- Up-to-date symlink: /app/install/modus_board_interfaces/share/modus_board_interfaces/srv/EnableBoards_Request.msg
[0.462s] -- Up-to-date symlink: /app/install/modus_board_interfaces/share/modus_board_interfaces/srv/EnableBoards_Response.msg
[0.462s] -- Up-to-date symlink: /app/install/modus_board_interfaces/share/modus_board_interfaces/srv/ResetBoards.srv
[0.462s] -- Up-to-date symlink: /app/install/modus_board_interfaces/share/modus_board_interfaces/srv/ResetBoards_Request.msg
[0.462s] -- Up-to-date symlink: /app/install/modus_board_interfaces/share/modus_board_interfaces/srv/ResetBoards_Response.msg
[0.462s] -- Up-to-date symlink: /app/install/modus_board_interfaces/share/ament_index/resource_index/package_run_dependencies/modus_board_interfaces
[0.463s] -- Up-to-date symlink: /app/install/modus_board_interfaces/share/ament_index/resource_index/parent_prefix_path/modus_board_interfaces
[0.463s] -- Up-to-date symlink: /app/install/modus_board_interfaces/share/modus_board_interfaces/environment/ament_prefix_path.sh
[0.464s] -- Up-to-date symlink: /app/install/modus_board_interfaces/share/modus_board_interfaces/environment/ament_prefix_path.dsv
[0.464s] -- Up-to-date symlink: /app/install/modus_board_interfaces/share/modus_board_interfaces/environment/path.sh
[0.464s] -- Up-to-date symlink: /app/install/modus_board_interfaces/share/modus_board_interfaces/environment/path.dsv
[0.464s] -- Up-to-date symlink: /app/install/modus_board_interfaces/share/modus_board_interfaces/local_setup.bash
[0.464s] -- Up-to-date symlink: /app/install/modus_board_interfaces/share/modus_board_interfaces/local_setup.sh
[0.464s] -- Up-to-date symlink: /app/install/modus_board_interfaces/share/modus_board_interfaces/local_setup.zsh
[0.464s] -- Up-to-date symlink: /app/install/modus_board_interfaces/share/modus_board_interfaces/local_setup.dsv
[0.465s] -- Symlinking: /app/install/modus_board_interfaces/share/modus_board_interfaces/package.dsv
[0.473s] -- Up-to-date symlink: /app/install/modus_board_interfaces/share/ament_index/resource_index/packages/modus_board_interfaces
[0.473s] -- Up-to-date symlink: /app/install/modus_board_interfaces/share/modus_board_interfaces/cmake/rosidl_cmake-extras.cmake
[0.473s] -- Up-to-date symlink: /app/install/modus_board_interfaces/share/modus_board_interfaces/cmake/ament_cmake_export_dependencies-extras.cmake
[0.474s] -- Up-to-date symlink: /app/install/modus_board_interfaces/share/modus_board_interfaces/cmake/ament_cmake_export_include_directories-extras.cmake
[0.474s] -- Up-to-date symlink: /app/install/modus_board_interfaces/share/modus_board_interfaces/cmake/ament_cmake_export_libraries-extras.cmake
[0.474s] -- Up-to-date symlink: /app/install/modus_board_interfaces/share/modus_board_interfaces/cmake/ament_cmake_export_targets-extras.cmake
[0.474s] -- Up-to-date symlink: /app/install/modus_board_interfaces/share/modus_board_interfaces/cmake/rosidl_cmake_export_typesupport_targets-extras.cmake
[0.474s] -- Up-to-date symlink: /app/install/modus_board_interfaces/share/modus_board_interfaces/cmake/rosidl_cmake_export_typesupport_libraries-extras.cmake
[0.474s] -- Up-to-date symlink: /app/install/modus_board_interfaces/share/modus_board_interfaces/cmake/modus_board_interfacesConfig.cmake
[0.474s] -- Up-to-date symlink: /app/install/modus_board_interfaces/share/modus_board_interfaces/cmake/modus_board_interfacesConfig-version.cmake
[0.475s] -- Up-to-date symlink: /app/install/modus_board_interfaces/share/modus_board_interfaces/package.xml
[0.475s] -- Up-to-date: /app/install/modus_board_interfaces/lib/libmodus_board_interfaces__rosidl_generator_c.so
[0.475s] -- Up-to-date: /app/install/modus_board_interfaces/lib/libmodus_board_interfaces__rosidl_typesupport_fastrtps_c.so
[0.475s] -- Up-to-date: /app/install/modus_board_interfaces/lib/libmodus_board_interfaces__rosidl_typesupport_fastrtps_cpp.so
[0.476s] -- Up-to-date: /app/install/modus_board_interfaces/lib/libmodus_board_interfaces__rosidl_typesupport_introspection_c.so
[0.476s] -- Up-to-date: /app/install/modus_board_interfaces/lib/libmodus_board_interfaces__rosidl_typesupport_c.so
[0.476s] -- Up-to-date: /app/install/modus_board_interfaces/lib/libmodus_board_interfaces__rosidl_typesupport_introspection_cpp.so
[0.477s] -- Up-to-date: /app/install/modus_board_interfaces/lib/libmodus_board_interfaces__rosidl_typesupport_cpp.so
[0.501s] Listing '/app/install/modus_board_interfaces/local/lib/python3.10/dist-packages/modus_board_interfaces'...
[0.501s] Listing '/app/install/modus_board_interfaces/local/lib/python3.10/dist-packages/modus_board_interfaces/srv'...
[0.505s] -- Up-to-date: /app/install/modus_board_interfaces/lib/libmodus_board_interfaces__rosidl_generator_py.so
[0.505s] -- Up-to-date: /app/install/modus_board_interfaces/share/modus_board_interfaces/cmake/export_modus_board_interfaces__rosidl_generator_cExport.cmake
[0.505s] -- Up-to-date: /app/install/modus_board_interfaces/share/modus_board_interfaces/cmake/export_modus_board_interfaces__rosidl_generator_cExport-noconfig.cmake
[0.506s] -- Up-to-date: /app/install/modus_board_interfaces/share/modus_board_interfaces/cmake/export_modus_board_interfaces__rosidl_typesupport_fastrtps_cExport.cmake
[0.506s] -- Up-to-date: /app/install/modus_board_interfaces/share/modus_board_interfaces/cmake/export_modus_board_interfaces__rosidl_typesupport_fastrtps_cExport-noconfig.cmake
[0.506s] -- Up-to-date: /app/install/modus_board_interfaces/share/modus_board_interfaces/cmake/export_modus_board_interfaces__rosidl_generator_cppExport.cmake
[0.506s] -- Up-to-date: /app/install/modus_board_interfaces/share/modus_board_interfaces/cmake/export_modus_board_interfaces__rosidl_typesupport_fastrtps_cppExport.cmake
[0.506s] -- Up-to-date: /app/install/modus_board_interfaces/share/modus_board_interfaces/cmake/export_modus_board_interfaces__rosidl_typesupport_fastrtps_cppExport-noconfig.cmake
[0.506s] -- Up-to-date: /app/install/modus_board_interfaces/share/modus_board_interfaces/cmake/modus_board_interfaces__rosidl_typesupport_introspection_cExport.cmake
[0.506s] -- Up-to-date: /app/install/modus_board_interfaces/share/modus_board_interfaces/cmake/modus_board_interfaces__rosidl_typesupport_introspection_cExport-noconfig.cmake
[0.506s] -- Up-to-date: /app/install/modus_board_interfaces/share/modus_board_interfaces/cmake/modus_board_interfaces__rosidl_typesupport_cExport.cmake
[0.506s] -- Up-to-date: /app/install/modus_board_interfaces/share/modus_board_interfaces/cmake/modus_board_interfaces__rosidl_typesupport_cExport-noconfig.cmake
[0.506s] -- Up-to-date: /app/install/modus_board_interfaces/share/modus_board_interfaces/cmake/modus_board_interfaces__rosidl_typesupport_introspection_cppExport.cmake
[0.506s] -- Up-to-date: /app/install/modus_board_interfaces/share/modus_board_interfaces/cmake/modus_board_interfaces__rosidl_typesupport_introspection_cppExport-noconfig.cmake
[0.506s] -- Up-to-date: /app/install/modus_board_interfaces/share/modus_board_interfaces/cmake/modus_board_interfaces__rosidl_typesupport_cppExport.cmake
[0.506s] -- Up-to-date: /app/install/modus_board_interfaces/share/modus_board_interfaces/cmake/modus_board_interfaces__rosidl_typesupport_cppExport-noconfig.cmake
[0.506s] -- Up-to-date: /app/install/modus_board_interfaces/share/modus_board_interfaces/cmake/export_modus_board_interfaces__rosidl_generator_pyExport.cmake
[0.506s] -- Up-to-date: /app/install/modus_board_interfaces/share/modus_board_interfaces/cmake/export_modus_board_interfaces__rosidl_generator_pyExport-noconfig.cmake
[0.508s] Invoked command in '/app/build/modus_board_interfaces' returned '0': AMENT_PREFIX_PATH=/app/install/kapibara_interfaces:${AMENT_PREFIX_PATH} CMAKE_PREFIX_PATH=/app/install/kapibara_interfaces:/opt/ros/humble LD_LIBRARY_PATH=/app/install/kapibara_interfaces/lib:${LD_LIBRARY_PATH} PYTHONPATH=/app/install/kapibara_interfaces/local/lib/python3.10/dist-packages:${PYTHONPATH} /usr/bin/cmake --install /app/build/modus_board_interfaces
