[  0%] [34m[1mGenerating C code for ROS interfaces[0m
[  1%] [34m[1mGenerating Rust code for ROS interfaces[0m
[  1%] [34m[1mGenerating C++ code for ROS interfaces[0m
[  1%] Built target ament_cmake_python_symlink_kapibara_interfaces
running egg_info
creating kapibara_interfaces.egg-info
writing kapibara_interfaces.egg-info/PKG-INFO
writing dependency_links to kapibara_interfaces.egg-info/dependency_links.txt
writing top-level names to kapibara_interfaces.egg-info/top_level.txt
writing manifest file 'kapibara_interfaces.egg-info/SOURCES.txt'
reading manifest file 'kapibara_interfaces.egg-info/SOURCES.txt'
writing manifest file 'kapibara_interfaces.egg-info/SOURCES.txt'
[  1%] Built target ament_cmake_python_build_kapibara_interfaces_egg
[  1%] Built target kapibara_interfaces__rs
[  1%] Built target kapibara_interfaces__cpp
[  2%] [34m[1mGenerating C++ type support for eProsima Fast-RTPS[0m
[  3%] [34m[1mGenerating C++ introspection for ROS interfaces[0m
[  4%] [34m[1mGenerating C++ type support dispatch for ROS interfaces[0m
[  5%] [32mBuilding C object CMakeFiles/kapibara_interfaces__rosidl_generator_c.dir/rosidl_generator_c/kapibara_interfaces/msg/detail/microphone__functions.c.o[0m
[  5%] [32mBuilding C object CMakeFiles/kapibara_interfaces__rosidl_generator_c.dir/rosidl_generator_c/kapibara_interfaces/msg/detail/encoder__functions.c.o[0m
[  6%] [32mBuilding C object CMakeFiles/kapibara_interfaces__rosidl_generator_c.dir/rosidl_generator_c/kapibara_interfaces/msg/detail/diff_encoder__functions.c.o[0m
[  8%] [32mBuilding C object CMakeFiles/kapibara_interfaces__rosidl_generator_c.dir/rosidl_generator_c/kapibara_interfaces/msg/detail/servo__functions.c.o[0m
[  8%] [32mBuilding C object CMakeFiles/kapibara_interfaces__rosidl_generator_c.dir/rosidl_generator_c/kapibara_interfaces/msg/detail/face__functions.c.o[0m
[  9%] [32mBuilding C object CMakeFiles/kapibara_interfaces__rosidl_generator_c.dir/rosidl_generator_c/kapibara_interfaces/msg/detail/rect_i__functions.c.o[0m
[  9%] [32mBuilding C object CMakeFiles/kapibara_interfaces__rosidl_generator_c.dir/rosidl_generator_c/kapibara_interfaces/msg/detail/face_embed__functions.c.o[0m
[ 10%] [32mBuilding C object CMakeFiles/kapibara_interfaces__rosidl_generator_c.dir/rosidl_generator_c/kapibara_interfaces/msg/detail/emotions__functions.c.o[0m
[ 10%] [32mBuilding C object CMakeFiles/kapibara_interfaces__rosidl_generator_c.dir/rosidl_generator_c/kapibara_interfaces/msg/detail/vector2_di__functions.c.o[0m
[ 11%] [32mBuilding C object CMakeFiles/kapibara_interfaces__rosidl_generator_c.dir/rosidl_generator_c/kapibara_interfaces/msg/detail/encoders_and_speed__functions.c.o[0m
[ 12%] [32mBuilding C object CMakeFiles/kapibara_interfaces__rosidl_generator_c.dir/rosidl_generator_c/kapibara_interfaces/msg/detail/can_ping__functions.c.o[0m
[ 12%] [32mBuilding C object CMakeFiles/kapibara_interfaces__rosidl_generator_c.dir/rosidl_generator_c/kapibara_interfaces/msg/detail/can_ack__functions.c.o[0m
[ 12%] [32mBuilding C object CMakeFiles/kapibara_interfaces__rosidl_generator_c.dir/rosidl_generator_c/kapibara_interfaces/msg/detail/piezo_sense__functions.c.o[0m
[ 13%] [32mBuilding C object CMakeFiles/kapibara_interfaces__rosidl_generator_c.dir/rosidl_generator_c/kapibara_interfaces/msg/detail/pid__functions.c.o[0m
[ 14%] [32mBuilding C object CMakeFiles/kapibara_interfaces__rosidl_generator_c.dir/rosidl_generator_c/kapibara_interfaces/msg/detail/point_value2_d__functions.c.o[0m
[ 15%] [32mBuilding C object CMakeFiles/kapibara_interfaces__rosidl_generator_c.dir/rosidl_generator_c/kapibara_interfaces/srv/detail/stop_mind__functions.c.o[0m
[ 15%] [32mBuilding C object CMakeFiles/kapibara_interfaces__rosidl_generator_c.dir/rosidl_generator_c/kapibara_interfaces/srv/detail/emotions__functions.c.o[0m
[ 16%] [32m[1mLinking C shared library libkapibara_interfaces__rosidl_generator_c.so[0m
[ 16%] Built target kapibara_interfaces__rosidl_generator_c
[ 17%] [34m[1mGenerating C type support dispatch for ROS interfaces[0m
[ 18%] [34m[1mGenerating C introspection for ROS interfaces[0m
[ 19%] [34m[1mGenerating C type support for eProsima Fast-RTPS[0m
[ 20%] [32mBuilding CXX object CMakeFiles/kapibara_interfaces__rosidl_typesupport_cpp.dir/rosidl_typesupport_cpp/kapibara_interfaces/msg/encoder__type_support.cpp.o[0m
[ 20%] [32mBuilding CXX object CMakeFiles/kapibara_interfaces__rosidl_typesupport_cpp.dir/rosidl_typesupport_cpp/kapibara_interfaces/msg/servo__type_support.cpp.o[0m
[ 20%] [32mBuilding CXX object CMakeFiles/kapibara_interfaces__rosidl_typesupport_cpp.dir/rosidl_typesupport_cpp/kapibara_interfaces/msg/diff_encoder__type_support.cpp.o[0m
[ 20%] [32mBuilding CXX object CMakeFiles/kapibara_interfaces__rosidl_typesupport_cpp.dir/rosidl_typesupport_cpp/kapibara_interfaces/msg/face_embed__type_support.cpp.o[0m
[ 21%] [32mBuilding CXX object CMakeFiles/kapibara_interfaces__rosidl_typesupport_cpp.dir/rosidl_typesupport_cpp/kapibara_interfaces/msg/microphone__type_support.cpp.o[0m
[ 22%] [32mBuilding CXX object CMakeFiles/kapibara_interfaces__rosidl_typesupport_cpp.dir/rosidl_typesupport_cpp/kapibara_interfaces/msg/rect_i__type_support.cpp.o[0m
[ 23%] [32mBuilding CXX object CMakeFiles/kapibara_interfaces__rosidl_typesupport_introspection_cpp.dir/rosidl_typesupport_introspection_cpp/kapibara_interfaces/msg/detail/encoder__type_support.cpp.o[0m
[ 23%] [32mBuilding CXX object CMakeFiles/kapibara_interfaces__rosidl_typesupport_cpp.dir/rosidl_typesupport_cpp/kapibara_interfaces/msg/face__type_support.cpp.o[0m
[ 24%] [32mBuilding CXX object CMakeFiles/kapibara_interfaces__rosidl_typesupport_cpp.dir/rosidl_typesupport_cpp/kapibara_interfaces/msg/vector2_di__type_support.cpp.o[0m
[ 26%] [32mBuilding CXX object CMakeFiles/kapibara_interfaces__rosidl_typesupport_introspection_cpp.dir/rosidl_typesupport_introspection_cpp/kapibara_interfaces/msg/detail/diff_encoder__type_support.cpp.o[0m
[ 26%] [32mBuilding CXX object CMakeFiles/kapibara_interfaces__rosidl_typesupport_introspection_cpp.dir/rosidl_typesupport_introspection_cpp/kapibara_interfaces/msg/detail/microphone__type_support.cpp.o[0m
[ 26%] [32mBuilding CXX object CMakeFiles/kapibara_interfaces__rosidl_typesupport_c.dir/rosidl_typesupport_c/kapibara_interfaces/msg/encoder__type_support.cpp.o[0m
[ 26%] [32mBuilding CXX object CMakeFiles/kapibara_interfaces__rosidl_typesupport_introspection_cpp.dir/rosidl_typesupport_introspection_cpp/kapibara_interfaces/msg/detail/servo__type_support.cpp.o[0m
[ 27%] [32mBuilding CXX object CMakeFiles/kapibara_interfaces__rosidl_typesupport_c.dir/rosidl_typesupport_c/kapibara_interfaces/msg/diff_encoder__type_support.cpp.o[0m
[ 28%] [32mBuilding CXX object CMakeFiles/kapibara_interfaces__rosidl_typesupport_introspection_cpp.dir/rosidl_typesupport_introspection_cpp/kapibara_interfaces/msg/detail/face__type_support.cpp.o[0m
[ 28%] [32mBuilding CXX object CMakeFiles/kapibara_interfaces__rosidl_typesupport_cpp.dir/rosidl_typesupport_cpp/kapibara_interfaces/msg/emotions__type_support.cpp.o[0m
[ 28%] [32mBuilding CXX object CMakeFiles/kapibara_interfaces__rosidl_typesupport_c.dir/rosidl_typesupport_c/kapibara_interfaces/msg/microphone__type_support.cpp.o[0m
[ 28%] [32mBuilding CXX object CMakeFiles/kapibara_interfaces__rosidl_typesupport_introspection_cpp.dir/rosidl_typesupport_introspection_cpp/kapibara_interfaces/msg/detail/face_embed__type_support.cpp.o[0m
[ 29%] [32mBuilding CXX object CMakeFiles/kapibara_interfaces__rosidl_typesupport_c.dir/rosidl_typesupport_c/kapibara_interfaces/msg/servo__type_support.cpp.o[0m
[ 30%] [32mBuilding CXX object CMakeFiles/kapibara_interfaces__rosidl_typesupport_c.dir/rosidl_typesupport_c/kapibara_interfaces/msg/face__type_support.cpp.o[0m
[ 31%] [32mBuilding CXX object CMakeFiles/kapibara_interfaces__rosidl_typesupport_cpp.dir/rosidl_typesupport_cpp/kapibara_interfaces/msg/encoders_and_speed__type_support.cpp.o[0m
[ 31%] [32mBuilding CXX object CMakeFiles/kapibara_interfaces__rosidl_typesupport_fastrtps_cpp.dir/rosidl_typesupport_fastrtps_cpp/kapibara_interfaces/msg/detail/dds_fastrtps/encoder__type_support.cpp.o[0m
[ 31%] [32mBuilding CXX object CMakeFiles/kapibara_interfaces__rosidl_typesupport_c.dir/rosidl_typesupport_c/kapibara_interfaces/msg/face_embed__type_support.cpp.o[0m
[ 32%] [32mBuilding CXX object CMakeFiles/kapibara_interfaces__rosidl_typesupport_c.dir/rosidl_typesupport_c/kapibara_interfaces/msg/rect_i__type_support.cpp.o[0m
[ 33%] [32mBuilding CXX object CMakeFiles/kapibara_interfaces__rosidl_typesupport_fastrtps_cpp.dir/rosidl_typesupport_fastrtps_cpp/kapibara_interfaces/msg/detail/dds_fastrtps/diff_encoder__type_support.cpp.o[0m
[ 34%] [32mBuilding CXX object CMakeFiles/kapibara_interfaces__rosidl_typesupport_c.dir/rosidl_typesupport_c/kapibara_interfaces/msg/vector2_di__type_support.cpp.o[0m
[ 34%] [32mBuilding CXX object CMakeFiles/kapibara_interfaces__rosidl_typesupport_c.dir/rosidl_typesupport_c/kapibara_interfaces/msg/emotions__type_support.cpp.o[0m
[ 35%] [32mBuilding CXX object CMakeFiles/kapibara_interfaces__rosidl_typesupport_fastrtps_cpp.dir/rosidl_typesupport_fastrtps_cpp/kapibara_interfaces/msg/detail/dds_fastrtps/microphone__type_support.cpp.o[0m
[ 36%] [32mBuilding CXX object CMakeFiles/kapibara_interfaces__rosidl_typesupport_c.dir/rosidl_typesupport_c/kapibara_interfaces/msg/encoders_and_speed__type_support.cpp.o[0m
[ 36%] [32mBuilding CXX object CMakeFiles/kapibara_interfaces__rosidl_typesupport_c.dir/rosidl_typesupport_c/kapibara_interfaces/msg/can_ping__type_support.cpp.o[0m
[ 37%] [32mBuilding CXX object CMakeFiles/kapibara_interfaces__rosidl_typesupport_cpp.dir/rosidl_typesupport_cpp/kapibara_interfaces/msg/can_ping__type_support.cpp.o[0m
[ 38%] [32mBuilding CXX object CMakeFiles/kapibara_interfaces__rosidl_typesupport_introspection_cpp.dir/rosidl_typesupport_introspection_cpp/kapibara_interfaces/msg/detail/rect_i__type_support.cpp.o[0m
[ 38%] [32mBuilding CXX object CMakeFiles/kapibara_interfaces__rosidl_typesupport_fastrtps_cpp.dir/rosidl_typesupport_fastrtps_cpp/kapibara_interfaces/msg/detail/dds_fastrtps/servo__type_support.cpp.o[0m
[ 39%] [32mBuilding CXX object CMakeFiles/kapibara_interfaces__rosidl_typesupport_c.dir/rosidl_typesupport_c/kapibara_interfaces/msg/can_ack__type_support.cpp.o[0m
[ 40%] [32mBuilding CXX object CMakeFiles/kapibara_interfaces__rosidl_typesupport_fastrtps_cpp.dir/rosidl_typesupport_fastrtps_cpp/kapibara_interfaces/msg/detail/dds_fastrtps/face__type_support.cpp.o[0m
[ 40%] [32mBuilding C object CMakeFiles/kapibara_interfaces__rosidl_typesupport_introspection_c.dir/rosidl_typesupport_introspection_c/kapibara_interfaces/msg/detail/encoder__type_support.c.o[0m
[ 41%] [32mBuilding CXX object CMakeFiles/kapibara_interfaces__rosidl_typesupport_c.dir/rosidl_typesupport_c/kapibara_interfaces/msg/pid__type_support.cpp.o[0m
[ 42%] [32mBuilding C object CMakeFiles/kapibara_interfaces__rosidl_typesupport_introspection_c.dir/rosidl_typesupport_introspection_c/kapibara_interfaces/msg/detail/diff_encoder__type_support.c.o[0m
[ 42%] [32mBuilding CXX object CMakeFiles/kapibara_interfaces__rosidl_typesupport_c.dir/rosidl_typesupport_c/kapibara_interfaces/msg/piezo_sense__type_support.cpp.o[0m
[ 42%] [32mBuilding CXX object CMakeFiles/kapibara_interfaces__rosidl_typesupport_fastrtps_cpp.dir/rosidl_typesupport_fastrtps_cpp/kapibara_interfaces/msg/detail/dds_fastrtps/face_embed__type_support.cpp.o[0m
[ 43%] [32mBuilding CXX object CMakeFiles/kapibara_interfaces__rosidl_typesupport_c.dir/rosidl_typesupport_c/kapibara_interfaces/msg/point_value2_d__type_support.cpp.o[0m
[ 43%] [32mBuilding C object CMakeFiles/kapibara_interfaces__rosidl_typesupport_introspection_c.dir/rosidl_typesupport_introspection_c/kapibara_interfaces/msg/detail/microphone__type_support.c.o[0m
[ 44%] [32mBuilding CXX object CMakeFiles/kapibara_interfaces__rosidl_typesupport_c.dir/rosidl_typesupport_c/kapibara_interfaces/srv/emotions__type_support.cpp.o[0m
[ 44%] [32mBuilding CXX object CMakeFiles/kapibara_interfaces__rosidl_typesupport_cpp.dir/rosidl_typesupport_cpp/kapibara_interfaces/msg/can_ack__type_support.cpp.o[0m
[ 45%] [32mBuilding C object CMakeFiles/kapibara_interfaces__rosidl_typesupport_introspection_c.dir/rosidl_typesupport_introspection_c/kapibara_interfaces/msg/detail/servo__type_support.c.o[0m
[ 45%] [32mBuilding CXX object CMakeFiles/kapibara_interfaces__rosidl_typesupport_c.dir/rosidl_typesupport_c/kapibara_interfaces/srv/stop_mind__type_support.cpp.o[0m
[ 46%] [32mBuilding CXX object CMakeFiles/kapibara_interfaces__rosidl_typesupport_introspection_cpp.dir/rosidl_typesupport_introspection_cpp/kapibara_interfaces/msg/detail/vector2_di__type_support.cpp.o[0m
[ 46%] [32mBuilding CXX object CMakeFiles/kapibara_interfaces__rosidl_typesupport_fastrtps_c.dir/rosidl_typesupport_fastrtps_c/kapibara_interfaces/msg/detail/encoder__type_support_c.cpp.o[0m
[ 47%] [32mBuilding CXX object CMakeFiles/kapibara_interfaces__rosidl_typesupport_fastrtps_c.dir/rosidl_typesupport_fastrtps_c/kapibara_interfaces/msg/detail/diff_encoder__type_support_c.cpp.o[0m
[ 48%] [32mBuilding C object CMakeFiles/kapibara_interfaces__rosidl_typesupport_introspection_c.dir/rosidl_typesupport_introspection_c/kapibara_interfaces/msg/detail/face__type_support.c.o[0m
[ 49%] [32m[1mLinking CXX shared library libkapibara_interfaces__rosidl_typesupport_c.so[0m
[ 49%] [32mBuilding CXX object CMakeFiles/kapibara_interfaces__rosidl_typesupport_introspection_cpp.dir/rosidl_typesupport_introspection_cpp/kapibara_interfaces/msg/detail/emotions__type_support.cpp.o[0m
[ 49%] [32mBuilding C object CMakeFiles/kapibara_interfaces__rosidl_typesupport_introspection_c.dir/rosidl_typesupport_introspection_c/kapibara_interfaces/msg/detail/face_embed__type_support.c.o[0m
[ 50%] [32mBuilding CXX object CMakeFiles/kapibara_interfaces__rosidl_typesupport_cpp.dir/rosidl_typesupport_cpp/kapibara_interfaces/msg/pid__type_support.cpp.o[0m
[ 51%] [32mBuilding C object CMakeFiles/kapibara_interfaces__rosidl_typesupport_introspection_c.dir/rosidl_typesupport_introspection_c/kapibara_interfaces/msg/detail/rect_i__type_support.c.o[0m
[ 51%] Built target kapibara_interfaces__rosidl_typesupport_c
[ 51%] [32mBuilding CXX object CMakeFiles/kapibara_interfaces__rosidl_typesupport_cpp.dir/rosidl_typesupport_cpp/kapibara_interfaces/msg/piezo_sense__type_support.cpp.o[0m
[ 52%] [32mBuilding C object CMakeFiles/kapibara_interfaces__rosidl_typesupport_introspection_c.dir/rosidl_typesupport_introspection_c/kapibara_interfaces/msg/detail/vector2_di__type_support.c.o[0m
[ 53%] [32mBuilding CXX object CMakeFiles/kapibara_interfaces__rosidl_typesupport_cpp.dir/rosidl_typesupport_cpp/kapibara_interfaces/msg/point_value2_d__type_support.cpp.o[0m
[ 53%] [32mBuilding CXX object CMakeFiles/kapibara_interfaces__rosidl_typesupport_fastrtps_c.dir/rosidl_typesupport_fastrtps_c/kapibara_interfaces/msg/detail/microphone__type_support_c.cpp.o[0m
[ 53%] [32mBuilding C object CMakeFiles/kapibara_interfaces__rosidl_typesupport_introspection_c.dir/rosidl_typesupport_introspection_c/kapibara_interfaces/msg/detail/emotions__type_support.c.o[0m
[ 54%] [32mBuilding CXX object CMakeFiles/kapibara_interfaces__rosidl_typesupport_fastrtps_cpp.dir/rosidl_typesupport_fastrtps_cpp/kapibara_interfaces/msg/detail/dds_fastrtps/rect_i__type_support.cpp.o[0m
[ 55%] [32mBuilding C object CMakeFiles/kapibara_interfaces__rosidl_typesupport_introspection_c.dir/rosidl_typesupport_introspection_c/kapibara_interfaces/msg/detail/encoders_and_speed__type_support.c.o[0m
[ 56%] [32mBuilding CXX object CMakeFiles/kapibara_interfaces__rosidl_typesupport_fastrtps_cpp.dir/rosidl_typesupport_fastrtps_cpp/kapibara_interfaces/msg/detail/dds_fastrtps/vector2_di__type_support.cpp.o[0m
[ 56%] [32mBuilding C object CMakeFiles/kapibara_interfaces__rosidl_typesupport_introspection_c.dir/rosidl_typesupport_introspection_c/kapibara_interfaces/msg/detail/can_ping__type_support.c.o[0m
[ 57%] [32mBuilding CXX object CMakeFiles/kapibara_interfaces__rosidl_typesupport_fastrtps_c.dir/rosidl_typesupport_fastrtps_c/kapibara_interfaces/msg/detail/servo__type_support_c.cpp.o[0m
[ 58%] [32mBuilding C object CMakeFiles/kapibara_interfaces__rosidl_typesupport_introspection_c.dir/rosidl_typesupport_introspection_c/kapibara_interfaces/msg/detail/can_ack__type_support.c.o[0m
[ 59%] [32mBuilding CXX object CMakeFiles/kapibara_interfaces__rosidl_typesupport_fastrtps_cpp.dir/rosidl_typesupport_fastrtps_cpp/kapibara_interfaces/msg/detail/dds_fastrtps/encoders_and_speed__type_support.cpp.o[0m
[ 59%] [32mBuilding CXX object CMakeFiles/kapibara_interfaces__rosidl_typesupport_fastrtps_cpp.dir/rosidl_typesupport_fastrtps_cpp/kapibara_interfaces/msg/detail/dds_fastrtps/emotions__type_support.cpp.o[0m
[ 60%] [32mBuilding C object CMakeFiles/kapibara_interfaces__rosidl_typesupport_introspection_c.dir/rosidl_typesupport_introspection_c/kapibara_interfaces/msg/detail/pid__type_support.c.o[0m
[ 61%] [32mBuilding CXX object CMakeFiles/kapibara_interfaces__rosidl_typesupport_cpp.dir/rosidl_typesupport_cpp/kapibara_interfaces/srv/emotions__type_support.cpp.o[0m
[ 61%] [32mBuilding C object CMakeFiles/kapibara_interfaces__rosidl_typesupport_introspection_c.dir/rosidl_typesupport_introspection_c/kapibara_interfaces/msg/detail/piezo_sense__type_support.c.o[0m
[ 62%] [32mBuilding CXX object CMakeFiles/kapibara_interfaces__rosidl_typesupport_fastrtps_cpp.dir/rosidl_typesupport_fastrtps_cpp/kapibara_interfaces/msg/detail/dds_fastrtps/can_ping__type_support.cpp.o[0m
[ 63%] [32mBuilding CXX object CMakeFiles/kapibara_interfaces__rosidl_typesupport_introspection_cpp.dir/rosidl_typesupport_introspection_cpp/kapibara_interfaces/msg/detail/encoders_and_speed__type_support.cpp.o[0m
[ 64%] [32mBuilding C object CMakeFiles/kapibara_interfaces__rosidl_typesupport_introspection_c.dir/rosidl_typesupport_introspection_c/kapibara_interfaces/msg/detail/point_value2_d__type_support.c.o[0m
[ 65%] [32mBuilding CXX object CMakeFiles/kapibara_interfaces__rosidl_typesupport_introspection_cpp.dir/rosidl_typesupport_introspection_cpp/kapibara_interfaces/msg/detail/can_ping__type_support.cpp.o[0m
[ 66%] [32mBuilding CXX object CMakeFiles/kapibara_interfaces__rosidl_typesupport_fastrtps_c.dir/rosidl_typesupport_fastrtps_c/kapibara_interfaces/msg/detail/face__type_support_c.cpp.o[0m
[ 67%] [32mBuilding C object CMakeFiles/kapibara_interfaces__rosidl_typesupport_introspection_c.dir/rosidl_typesupport_introspection_c/kapibara_interfaces/srv/detail/emotions__type_support.c.o[0m
[ 67%] [32mBuilding C object CMakeFiles/kapibara_interfaces__rosidl_typesupport_introspection_c.dir/rosidl_typesupport_introspection_c/kapibara_interfaces/srv/detail/stop_mind__type_support.c.o[0m
[ 67%] [32mBuilding CXX object CMakeFiles/kapibara_interfaces__rosidl_typesupport_fastrtps_cpp.dir/rosidl_typesupport_fastrtps_cpp/kapibara_interfaces/msg/detail/dds_fastrtps/can_ack__type_support.cpp.o[0m
[ 68%] [32m[1mLinking C shared library libkapibara_interfaces__rosidl_typesupport_introspection_c.so[0m
[ 68%] [32mBuilding CXX object CMakeFiles/kapibara_interfaces__rosidl_typesupport_introspection_cpp.dir/rosidl_typesupport_introspection_cpp/kapibara_interfaces/msg/detail/can_ack__type_support.cpp.o[0m
[ 68%] Built target kapibara_interfaces__rosidl_typesupport_introspection_c
[ 68%] [32mBuilding CXX object CMakeFiles/kapibara_interfaces__rosidl_typesupport_fastrtps_c.dir/rosidl_typesupport_fastrtps_c/kapibara_interfaces/msg/detail/face_embed__type_support_c.cpp.o[0m
[ 68%] [32mBuilding CXX object CMakeFiles/kapibara_interfaces__rosidl_typesupport_cpp.dir/rosidl_typesupport_cpp/kapibara_interfaces/srv/stop_mind__type_support.cpp.o[0m
[ 69%] [32mBuilding CXX object CMakeFiles/kapibara_interfaces__rosidl_typesupport_fastrtps_c.dir/rosidl_typesupport_fastrtps_c/kapibara_interfaces/msg/detail/rect_i__type_support_c.cpp.o[0m
[ 70%] [32mBuilding CXX object CMakeFiles/kapibara_interfaces__rosidl_typesupport_introspection_cpp.dir/rosidl_typesupport_introspection_cpp/kapibara_interfaces/msg/detail/pid__type_support.cpp.o[0m
[ 70%] [32mBuilding CXX object CMakeFiles/kapibara_interfaces__rosidl_typesupport_introspection_cpp.dir/rosidl_typesupport_introspection_cpp/kapibara_interfaces/msg/detail/piezo_sense__type_support.cpp.o[0m
[ 71%] [32mBuilding CXX object CMakeFiles/kapibara_interfaces__rosidl_typesupport_fastrtps_cpp.dir/rosidl_typesupport_fastrtps_cpp/kapibara_interfaces/msg/detail/dds_fastrtps/pid__type_support.cpp.o[0m
[ 71%] [32mBuilding CXX object CMakeFiles/kapibara_interfaces__rosidl_typesupport_fastrtps_cpp.dir/rosidl_typesupport_fastrtps_cpp/kapibara_interfaces/msg/detail/dds_fastrtps/piezo_sense__type_support.cpp.o[0m
[ 72%] [32mBuilding CXX object CMakeFiles/kapibara_interfaces__rosidl_typesupport_fastrtps_c.dir/rosidl_typesupport_fastrtps_c/kapibara_interfaces/msg/detail/vector2_di__type_support_c.cpp.o[0m
[ 72%] [32mBuilding CXX object CMakeFiles/kapibara_interfaces__rosidl_typesupport_fastrtps_c.dir/rosidl_typesupport_fastrtps_c/kapibara_interfaces/msg/detail/emotions__type_support_c.cpp.o[0m
[ 73%] [32mBuilding CXX object CMakeFiles/kapibara_interfaces__rosidl_typesupport_introspection_cpp.dir/rosidl_typesupport_introspection_cpp/kapibara_interfaces/msg/detail/point_value2_d__type_support.cpp.o[0m
[ 74%] [32mBuilding CXX object CMakeFiles/kapibara_interfaces__rosidl_typesupport_fastrtps_c.dir/rosidl_typesupport_fastrtps_c/kapibara_interfaces/msg/detail/encoders_and_speed__type_support_c.cpp.o[0m
[ 74%] [32mBuilding CXX object CMakeFiles/kapibara_interfaces__rosidl_typesupport_fastrtps_c.dir/rosidl_typesupport_fastrtps_c/kapibara_interfaces/msg/detail/can_ping__type_support_c.cpp.o[0m
[ 75%] [32m[1mLinking CXX shared library libkapibara_interfaces__rosidl_typesupport_cpp.so[0m
[ 76%] [32mBuilding CXX object CMakeFiles/kapibara_interfaces__rosidl_typesupport_fastrtps_c.dir/rosidl_typesupport_fastrtps_c/kapibara_interfaces/msg/detail/can_ack__type_support_c.cpp.o[0m
[ 77%] [32mBuilding CXX object CMakeFiles/kapibara_interfaces__rosidl_typesupport_fastrtps_cpp.dir/rosidl_typesupport_fastrtps_cpp/kapibara_interfaces/msg/detail/dds_fastrtps/point_value2_d__type_support.cpp.o[0m
[ 77%] Built target kapibara_interfaces__rosidl_typesupport_cpp
[ 78%] [32mBuilding CXX object CMakeFiles/kapibara_interfaces__rosidl_typesupport_introspection_cpp.dir/rosidl_typesupport_introspection_cpp/kapibara_interfaces/srv/detail/emotions__type_support.cpp.o[0m
[ 79%] [32mBuilding CXX object CMakeFiles/kapibara_interfaces__rosidl_typesupport_fastrtps_c.dir/rosidl_typesupport_fastrtps_c/kapibara_interfaces/msg/detail/pid__type_support_c.cpp.o[0m
[ 80%] [32mBuilding CXX object CMakeFiles/kapibara_interfaces__rosidl_typesupport_fastrtps_cpp.dir/rosidl_typesupport_fastrtps_cpp/kapibara_interfaces/srv/detail/dds_fastrtps/emotions__type_support.cpp.o[0m
[ 80%] [32mBuilding CXX object CMakeFiles/kapibara_interfaces__rosidl_typesupport_fastrtps_cpp.dir/rosidl_typesupport_fastrtps_cpp/kapibara_interfaces/srv/detail/dds_fastrtps/stop_mind__type_support.cpp.o[0m
[ 80%] [32mBuilding CXX object CMakeFiles/kapibara_interfaces__rosidl_typesupport_introspection_cpp.dir/rosidl_typesupport_introspection_cpp/kapibara_interfaces/srv/detail/stop_mind__type_support.cpp.o[0m
[ 80%] [32mBuilding CXX object CMakeFiles/kapibara_interfaces__rosidl_typesupport_fastrtps_c.dir/rosidl_typesupport_fastrtps_c/kapibara_interfaces/msg/detail/piezo_sense__type_support_c.cpp.o[0m
[ 81%] [32mBuilding CXX object CMakeFiles/kapibara_interfaces__rosidl_typesupport_fastrtps_c.dir/rosidl_typesupport_fastrtps_c/kapibara_interfaces/srv/detail/emotions__type_support_c.cpp.o[0m
[ 82%] [32mBuilding CXX object CMakeFiles/kapibara_interfaces__rosidl_typesupport_fastrtps_c.dir/rosidl_typesupport_fastrtps_c/kapibara_interfaces/msg/detail/point_value2_d__type_support_c.cpp.o[0m
[ 82%] [32mBuilding CXX object CMakeFiles/kapibara_interfaces__rosidl_typesupport_fastrtps_c.dir/rosidl_typesupport_fastrtps_c/kapibara_interfaces/srv/detail/stop_mind__type_support_c.cpp.o[0m
[ 83%] [32m[1mLinking CXX shared library libkapibara_interfaces__rosidl_typesupport_introspection_cpp.so[0m
[ 84%] [32m[1mLinking CXX shared library libkapibara_interfaces__rosidl_typesupport_fastrtps_cpp.so[0m
[ 85%] [32m[1mLinking CXX shared library libkapibara_interfaces__rosidl_typesupport_fastrtps_c.so[0m
[ 85%] Built target kapibara_interfaces__rosidl_typesupport_introspection_cpp
[ 85%] Built target kapibara_interfaces__rosidl_typesupport_fastrtps_cpp
[ 85%] Built target kapibara_interfaces__rosidl_typesupport_fastrtps_c
[ 85%] Built target kapibara_interfaces
[ 86%] [34m[1mGenerating Python code for ROS interfaces[0m
[ 86%] Built target kapibara_interfaces__py
[ 88%] [32mBuilding C object CMakeFiles/kapibara_interfaces__rosidl_generator_py.dir/rosidl_generator_py/kapibara_interfaces/msg/_microphone_s.c.o[0m
[ 88%] [32mBuilding C object CMakeFiles/kapibara_interfaces__rosidl_generator_py.dir/rosidl_generator_py/kapibara_interfaces/msg/_servo_s.c.o[0m
[ 88%] [32mBuilding C object CMakeFiles/kapibara_interfaces__rosidl_generator_py.dir/rosidl_generator_py/kapibara_interfaces/msg/_face_embed_s.c.o[0m
[ 88%] [32mBuilding C object CMakeFiles/kapibara_interfaces__rosidl_generator_py.dir/rosidl_generator_py/kapibara_interfaces/msg/_diff_encoder_s.c.o[0m
[ 90%] [32mBuilding C object CMakeFiles/kapibara_interfaces__rosidl_generator_py.dir/rosidl_generator_py/kapibara_interfaces/msg/_rect_i_s.c.o[0m
[ 88%] [32mBuilding C object CMakeFiles/kapibara_interfaces__rosidl_generator_py.dir/rosidl_generator_py/kapibara_interfaces/msg/_encoder_s.c.o[0m
[ 90%] [32mBuilding C object CMakeFiles/kapibara_interfaces__rosidl_generator_py.dir/rosidl_generator_py/kapibara_interfaces/msg/_emotions_s.c.o[0m
[ 91%] [32mBuilding C object CMakeFiles/kapibara_interfaces__rosidl_generator_py.dir/rosidl_generator_py/kapibara_interfaces/msg/_encoders_and_speed_s.c.o[0m
[ 92%] [32mBuilding C object CMakeFiles/kapibara_interfaces__rosidl_generator_py.dir/rosidl_generator_py/kapibara_interfaces/msg/_vector2_di_s.c.o[0m
[ 92%] [32mBuilding C object CMakeFiles/kapibara_interfaces__rosidl_generator_py.dir/rosidl_generator_py/kapibara_interfaces/msg/_face_s.c.o[0m
[ 93%] [32mBuilding C object CMakeFiles/kapibara_interfaces__rosidl_generator_py.dir/rosidl_generator_py/kapibara_interfaces/msg/_can_ping_s.c.o[0m
[ 93%] [32mBuilding C object CMakeFiles/kapibara_interfaces__rosidl_generator_py.dir/rosidl_generator_py/kapibara_interfaces/msg/_can_ack_s.c.o[0m
[ 94%] [32mBuilding C object CMakeFiles/kapibara_interfaces__rosidl_generator_py.dir/rosidl_generator_py/kapibara_interfaces/msg/_pid_s.c.o[0m
[ 94%] [32mBuilding C object CMakeFiles/kapibara_interfaces__rosidl_generator_py.dir/rosidl_generator_py/kapibara_interfaces/msg/_piezo_sense_s.c.o[0m
[ 95%] [32mBuilding C object CMakeFiles/kapibara_interfaces__rosidl_generator_py.dir/rosidl_generator_py/kapibara_interfaces/msg/_point_value2_d_s.c.o[0m
[ 96%] [32mBuilding C object CMakeFiles/kapibara_interfaces__rosidl_generator_py.dir/rosidl_generator_py/kapibara_interfaces/srv/_emotions_s.c.o[0m
[ 96%] [32mBuilding C object CMakeFiles/kapibara_interfaces__rosidl_generator_py.dir/rosidl_generator_py/kapibara_interfaces/srv/_stop_mind_s.c.o[0m
[ 97%] [32m[1mLinking C shared library rosidl_generator_py/kapibara_interfaces/libkapibara_interfaces__rosidl_generator_py.so[0m
[ 97%] Built target kapibara_interfaces__rosidl_generator_py
[ 97%] [32mBuilding C object CMakeFiles/kapibara_interfaces__rosidl_typesupport_fastrtps_c__pyext.dir/rosidl_generator_py/kapibara_interfaces/_kapibara_interfaces_s.ep.rosidl_typesupport_fastrtps_c.c.o[0m
[ 97%] [32mBuilding C object CMakeFiles/kapibara_interfaces__rosidl_typesupport_c__pyext.dir/rosidl_generator_py/kapibara_interfaces/_kapibara_interfaces_s.ep.rosidl_typesupport_c.c.o[0m
[ 97%] [32mBuilding C object CMakeFiles/kapibara_interfaces__rosidl_typesupport_introspection_c__pyext.dir/rosidl_generator_py/kapibara_interfaces/_kapibara_interfaces_s.ep.rosidl_typesupport_introspection_c.c.o[0m
[ 98%] [32m[1mLinking C shared library rosidl_generator_py/kapibara_interfaces/kapibara_interfaces_s__rosidl_typesupport_introspection_c.cpython-310-x86_64-linux-gnu.so[0m
[100%] [32m[1mLinking C shared library rosidl_generator_py/kapibara_interfaces/kapibara_interfaces_s__rosidl_typesupport_c.cpython-310-x86_64-linux-gnu.so[0m
[100%] [32m[1mLinking C shared library rosidl_generator_py/kapibara_interfaces/kapibara_interfaces_s__rosidl_typesupport_fastrtps_c.cpython-310-x86_64-linux-gnu.so[0m
[100%] Built target kapibara_interfaces__rosidl_typesupport_introspection_c__pyext
[100%] Built target kapibara_interfaces__rosidl_typesupport_fastrtps_c__pyext
[100%] Built target kapibara_interfaces__rosidl_typesupport_c__pyext
-- Install configuration: ""
-- Execute custom install script
-- Symlinking: /app/install/kapibara_interfaces/share/ament_index/resource_index/rosidl_interfaces/kapibara_interfaces
-- Symlinking: /app/install/kapibara_interfaces/include/kapibara_interfaces/kapibara_interfaces/msg/can_ack.h
-- Symlinking: /app/install/kapibara_interfaces/include/kapibara_interfaces/kapibara_interfaces/msg/can_ping.h
-- Symlinking: /app/install/kapibara_interfaces/include/kapibara_interfaces/kapibara_interfaces/msg/detail/can_ack__functions.h
-- Symlinking: /app/install/kapibara_interfaces/include/kapibara_interfaces/kapibara_interfaces/msg/detail/can_ack__struct.h
-- Symlinking: /app/install/kapibara_interfaces/include/kapibara_interfaces/kapibara_interfaces/msg/detail/can_ack__type_support.h
-- Symlinking: /app/install/kapibara_interfaces/include/kapibara_interfaces/kapibara_interfaces/msg/detail/can_ping__functions.h
-- Symlinking: /app/install/kapibara_interfaces/include/kapibara_interfaces/kapibara_interfaces/msg/detail/can_ping__struct.h
-- Symlinking: /app/install/kapibara_interfaces/include/kapibara_interfaces/kapibara_interfaces/msg/detail/can_ping__type_support.h
-- Symlinking: /app/install/kapibara_interfaces/include/kapibara_interfaces/kapibara_interfaces/msg/detail/diff_encoder__functions.h
-- Symlinking: /app/install/kapibara_interfaces/include/kapibara_interfaces/kapibara_interfaces/msg/detail/diff_encoder__struct.h
-- Symlinking: /app/install/kapibara_interfaces/include/kapibara_interfaces/kapibara_interfaces/msg/detail/diff_encoder__type_support.h
-- Symlinking: /app/install/kapibara_interfaces/include/kapibara_interfaces/kapibara_interfaces/msg/detail/emotions__functions.h
-- Symlinking: /app/install/kapibara_interfaces/include/kapibara_interfaces/kapibara_interfaces/msg/detail/emotions__struct.h
-- Symlinking: /app/install/kapibara_interfaces/include/kapibara_interfaces/kapibara_interfaces/msg/detail/emotions__type_support.h
-- Symlinking: /app/install/kapibara_interfaces/include/kapibara_interfaces/kapibara_interfaces/msg/detail/encoder__functions.h
-- Symlinking: /app/install/kapibara_interfaces/include/kapibara_interfaces/kapibara_interfaces/msg/detail/encoder__struct.h
-- Symlinking: /app/install/kapibara_interfaces/include/kapibara_interfaces/kapibara_interfaces/msg/detail/encoder__type_support.h
-- Symlinking: /app/install/kapibara_interfaces/include/kapibara_interfaces/kapibara_interfaces/msg/detail/encoders_and_speed__functions.h
-- Symlinking: /app/install/kapibara_interfaces/include/kapibara_interfaces/kapibara_interfaces/msg/detail/encoders_and_speed__struct.h
-- Symlinking: /app/install/kapibara_interfaces/include/kapibara_interfaces/kapibara_interfaces/msg/detail/encoders_and_speed__type_support.h
-- Symlinking: /app/install/kapibara_interfaces/include/kapibara_interfaces/kapibara_interfaces/msg/detail/face__functions.h
-- Symlinking: /app/install/kapibara_interfaces/include/kapibara_interfaces/kapibara_interfaces/msg/detail/face__struct.h
-- Symlinking: /app/install/kapibara_interfaces/include/kapibara_interfaces/kapibara_interfaces/msg/detail/face__type_support.h
-- Symlinking: /app/install/kapibara_interfaces/include/kapibara_interfaces/kapibara_interfaces/msg/detail/face_embed__functions.h
-- Symlinking: /app/install/kapibara_interfaces/include/kapibara_interfaces/kapibara_interfaces/msg/detail/face_embed__struct.h
-- Symlinking: /app/install/kapibara_interfaces/include/kapibara_interfaces/kapibara_interfaces/msg/detail/face_embed__type_support.h
-- Symlinking: /app/install/kapibara_interfaces/include/kapibara_interfaces/kapibara_interfaces/msg/detail/microphone__functions.h
-- Symlinking: /app/install/kapibara_interfaces/include/kapibara_interfaces/kapibara_interfaces/msg/detail/microphone__struct.h
-- Symlinking: /app/install/kapibara_interfaces/include/kapibara_interfaces/kapibara_interfaces/msg/detail/microphone__type_support.h
-- Symlinking: /app/install/kapibara_interfaces/include/kapibara_interfaces/kapibara_interfaces/msg/detail/pid__functions.h
-- Symlinking: /app/install/kapibara_interfaces/include/kapibara_interfaces/kapibara_interfaces/msg/detail/pid__struct.h
-- Symlinking: /app/install/kapibara_interfaces/include/kapibara_interfaces/kapibara_interfaces/msg/detail/pid__type_support.h
-- Symlinking: /app/install/kapibara_interfaces/include/kapibara_interfaces/kapibara_interfaces/msg/detail/piezo_sense__functions.h
-- Symlinking: /app/install/kapibara_interfaces/include/kapibara_interfaces/kapibara_interfaces/msg/detail/piezo_sense__struct.h
-- Symlinking: /app/install/kapibara_interfaces/include/kapibara_interfaces/kapibara_interfaces/msg/detail/piezo_sense__type_support.h
-- Symlinking: /app/install/kapibara_interfaces/include/kapibara_interfaces/kapibara_interfaces/msg/detail/point_value2_d__functions.h
-- Symlinking: /app/install/kapibara_interfaces/include/kapibara_interfaces/kapibara_interfaces/msg/detail/point_value2_d__struct.h
-- Symlinking: /app/install/kapibara_interfaces/include/kapibara_interfaces/kapibara_interfaces/msg/detail/point_value2_d__type_support.h
-- Symlinking: /app/install/kapibara_interfaces/include/kapibara_interfaces/kapibara_interfaces/msg/detail/rect_i__functions.h
-- Symlinking: /app/install/kapibara_interfaces/include/kapibara_interfaces/kapibara_interfaces/msg/detail/rect_i__struct.h
-- Symlinking: /app/install/kapibara_interfaces/include/kapibara_interfaces/kapibara_interfaces/msg/detail/rect_i__type_support.h
-- Symlinking: /app/install/kapibara_interfaces/include/kapibara_interfaces/kapibara_interfaces/msg/detail/servo__functions.h
-- Symlinking: /app/install/kapibara_interfaces/include/kapibara_interfaces/kapibara_interfaces/msg/detail/servo__struct.h
-- Symlinking: /app/install/kapibara_interfaces/include/kapibara_interfaces/kapibara_interfaces/msg/detail/servo__type_support.h
-- Symlinking: /app/install/kapibara_interfaces/include/kapibara_interfaces/kapibara_interfaces/msg/detail/vector2_di__functions.h
-- Symlinking: /app/install/kapibara_interfaces/include/kapibara_interfaces/kapibara_interfaces/msg/detail/vector2_di__struct.h
-- Symlinking: /app/install/kapibara_interfaces/include/kapibara_interfaces/kapibara_interfaces/msg/detail/vector2_di__type_support.h
-- Symlinking: /app/install/kapibara_interfaces/include/kapibara_interfaces/kapibara_interfaces/msg/diff_encoder.h
-- Symlinking: /app/install/kapibara_interfaces/include/kapibara_interfaces/kapibara_interfaces/msg/emotions.h
-- Symlinking: /app/install/kapibara_interfaces/include/kapibara_interfaces/kapibara_interfaces/msg/encoder.h
-- Symlinking: /app/install/kapibara_interfaces/include/kapibara_interfaces/kapibara_interfaces/msg/encoders_and_speed.h
-- Symlinking: /app/install/kapibara_interfaces/include/kapibara_interfaces/kapibara_interfaces/msg/face.h
-- Symlinking: /app/install/kapibara_interfaces/include/kapibara_interfaces/kapibara_interfaces/msg/face_embed.h
-- Symlinking: /app/install/kapibara_interfaces/include/kapibara_interfaces/kapibara_interfaces/msg/microphone.h
-- Symlinking: /app/install/kapibara_interfaces/include/kapibara_interfaces/kapibara_interfaces/msg/pid.h
-- Symlinking: /app/install/kapibara_interfaces/include/kapibara_interfaces/kapibara_interfaces/msg/piezo_sense.h
-- Symlinking: /app/install/kapibara_interfaces/include/kapibara_interfaces/kapibara_interfaces/msg/point_value2_d.h
-- Symlinking: /app/install/kapibara_interfaces/include/kapibara_interfaces/kapibara_interfaces/msg/rect_i.h
-- Symlinking: /app/install/kapibara_interfaces/include/kapibara_interfaces/kapibara_interfaces/msg/rosidl_generator_c__visibility_control.h
-- Symlinking: /app/install/kapibara_interfaces/include/kapibara_interfaces/kapibara_interfaces/msg/servo.h
-- Symlinking: /app/install/kapibara_interfaces/include/kapibara_interfaces/kapibara_interfaces/msg/vector2_di.h
-- Symlinking: /app/install/kapibara_interfaces/include/kapibara_interfaces/kapibara_interfaces/srv/detail/emotions__functions.h
-- Symlinking: /app/install/kapibara_interfaces/include/kapibara_interfaces/kapibara_interfaces/srv/detail/emotions__struct.h
-- Symlinking: /app/install/kapibara_interfaces/include/kapibara_interfaces/kapibara_interfaces/srv/detail/emotions__type_support.h
-- Symlinking: /app/install/kapibara_interfaces/include/kapibara_interfaces/kapibara_interfaces/srv/detail/stop_mind__functions.h
-- Symlinking: /app/install/kapibara_interfaces/include/kapibara_interfaces/kapibara_interfaces/srv/detail/stop_mind__struct.h
-- Symlinking: /app/install/kapibara_interfaces/include/kapibara_interfaces/kapibara_interfaces/srv/detail/stop_mind__type_support.h
-- Symlinking: /app/install/kapibara_interfaces/include/kapibara_interfaces/kapibara_interfaces/srv/emotions.h
-- Symlinking: /app/install/kapibara_interfaces/include/kapibara_interfaces/kapibara_interfaces/srv/stop_mind.h
-- Symlinking: /app/install/kapibara_interfaces/share/kapibara_interfaces/environment/library_path.sh
-- Symlinking: /app/install/kapibara_interfaces/share/kapibara_interfaces/environment/library_path.dsv
-- Symlinking: /app/install/kapibara_interfaces/include/kapibara_interfaces/kapibara_interfaces/msg/detail/can_ack__rosidl_typesupport_fastrtps_c.h
-- Symlinking: /app/install/kapibara_interfaces/include/kapibara_interfaces/kapibara_interfaces/msg/detail/can_ping__rosidl_typesupport_fastrtps_c.h
-- Symlinking: /app/install/kapibara_interfaces/include/kapibara_interfaces/kapibara_interfaces/msg/detail/diff_encoder__rosidl_typesupport_fastrtps_c.h
-- Symlinking: /app/install/kapibara_interfaces/include/kapibara_interfaces/kapibara_interfaces/msg/detail/emotions__rosidl_typesupport_fastrtps_c.h
-- Symlinking: /app/install/kapibara_interfaces/include/kapibara_interfaces/kapibara_interfaces/msg/detail/encoder__rosidl_typesupport_fastrtps_c.h
-- Symlinking: /app/install/kapibara_interfaces/include/kapibara_interfaces/kapibara_interfaces/msg/detail/encoders_and_speed__rosidl_typesupport_fastrtps_c.h
-- Symlinking: /app/install/kapibara_interfaces/include/kapibara_interfaces/kapibara_interfaces/msg/detail/face__rosidl_typesupport_fastrtps_c.h
-- Symlinking: /app/install/kapibara_interfaces/include/kapibara_interfaces/kapibara_interfaces/msg/detail/face_embed__rosidl_typesupport_fastrtps_c.h
-- Symlinking: /app/install/kapibara_interfaces/include/kapibara_interfaces/kapibara_interfaces/msg/detail/microphone__rosidl_typesupport_fastrtps_c.h
-- Symlinking: /app/install/kapibara_interfaces/include/kapibara_interfaces/kapibara_interfaces/msg/detail/pid__rosidl_typesupport_fastrtps_c.h
-- Symlinking: /app/install/kapibara_interfaces/include/kapibara_interfaces/kapibara_interfaces/msg/detail/piezo_sense__rosidl_typesupport_fastrtps_c.h
-- Symlinking: /app/install/kapibara_interfaces/include/kapibara_interfaces/kapibara_interfaces/msg/detail/point_value2_d__rosidl_typesupport_fastrtps_c.h
-- Symlinking: /app/install/kapibara_interfaces/include/kapibara_interfaces/kapibara_interfaces/msg/detail/rect_i__rosidl_typesupport_fastrtps_c.h
-- Symlinking: /app/install/kapibara_interfaces/include/kapibara_interfaces/kapibara_interfaces/msg/detail/servo__rosidl_typesupport_fastrtps_c.h
-- Symlinking: /app/install/kapibara_interfaces/include/kapibara_interfaces/kapibara_interfaces/msg/detail/vector2_di__rosidl_typesupport_fastrtps_c.h
-- Symlinking: /app/install/kapibara_interfaces/include/kapibara_interfaces/kapibara_interfaces/msg/rosidl_typesupport_fastrtps_c__visibility_control.h
-- Symlinking: /app/install/kapibara_interfaces/include/kapibara_interfaces/kapibara_interfaces/srv/detail/emotions__rosidl_typesupport_fastrtps_c.h
-- Symlinking: /app/install/kapibara_interfaces/include/kapibara_interfaces/kapibara_interfaces/srv/detail/stop_mind__rosidl_typesupport_fastrtps_c.h
-- Symlinking: /app/install/kapibara_interfaces/include/kapibara_interfaces/kapibara_interfaces/msg/detail/can_ack__rosidl_typesupport_introspection_c.h
-- Symlinking: /app/install/kapibara_interfaces/include/kapibara_interfaces/kapibara_interfaces/msg/detail/can_ping__rosidl_typesupport_introspection_c.h
-- Symlinking: /app/install/kapibara_interfaces/include/kapibara_interfaces/kapibara_interfaces/msg/detail/diff_encoder__rosidl_typesupport_introspection_c.h
-- Symlinking: /app/install/kapibara_interfaces/include/kapibara_interfaces/kapibara_interfaces/msg/detail/emotions__rosidl_typesupport_introspection_c.h
-- Symlinking: /app/install/kapibara_interfaces/include/kapibara_interfaces/kapibara_interfaces/msg/detail/encoder__rosidl_typesupport_introspection_c.h
-- Symlinking: /app/install/kapibara_interfaces/include/kapibara_interfaces/kapibara_interfaces/msg/detail/encoders_and_speed__rosidl_typesupport_introspection_c.h
-- Symlinking: /app/install/kapibara_interfaces/include/kapibara_interfaces/kapibara_interfaces/msg/detail/face__rosidl_typesupport_introspection_c.h
-- Symlinking: /app/install/kapibara_interfaces/include/kapibara_interfaces/kapibara_interfaces/msg/detail/face_embed__rosidl_typesupport_introspection_c.h
-- Symlinking: /app/install/kapibara_interfaces/include/kapibara_interfaces/kapibara_interfaces/msg/detail/microphone__rosidl_typesupport_introspection_c.h
-- Symlinking: /app/install/kapibara_interfaces/include/kapibara_interfaces/kapibara_interfaces/msg/detail/pid__rosidl_typesupport_introspection_c.h
-- Symlinking: /app/install/kapibara_interfaces/include/kapibara_interfaces/kapibara_interfaces/msg/detail/piezo_sense__rosidl_typesupport_introspection_c.h
-- Symlinking: /app/install/kapibara_interfaces/include/kapibara_interfaces/kapibara_interfaces/msg/detail/point_value2_d__rosidl_typesupport_introspection_c.h
-- Symlinking: /app/install/kapibara_interfaces/include/kapibara_interfaces/kapibara_interfaces/msg/detail/rect_i__rosidl_typesupport_introspection_c.h
-- Symlinking: /app/install/kapibara_interfaces/include/kapibara_interfaces/kapibara_interfaces/msg/detail/servo__rosidl_typesupport_introspection_c.h
-- Symlinking: /app/install/kapibara_interfaces/include/kapibara_interfaces/kapibara_interfaces/msg/detail/vector2_di__rosidl_typesupport_introspection_c.h
-- Symlinking: /app/install/kapibara_interfaces/include/kapibara_interfaces/kapibara_interfaces/msg/rosidl_typesupport_introspection_c__visibility_control.h
-- Symlinking: /app/install/kapibara_interfaces/include/kapibara_interfaces/kapibara_interfaces/srv/detail/emotions__rosidl_typesupport_introspection_c.h
-- Symlinking: /app/install/kapibara_interfaces/include/kapibara_interfaces/kapibara_interfaces/srv/detail/stop_mind__rosidl_typesupport_introspection_c.h
-- Symlinking: /app/install/kapibara_interfaces/include/kapibara_interfaces/kapibara_interfaces/msg/can_ack.hpp
-- Symlinking: /app/install/kapibara_interfaces/include/kapibara_interfaces/kapibara_interfaces/msg/can_ping.hpp
-- Symlinking: /app/install/kapibara_interfaces/include/kapibara_interfaces/kapibara_interfaces/msg/detail/can_ack__builder.hpp
-- Symlinking: /app/install/kapibara_interfaces/include/kapibara_interfaces/kapibara_interfaces/msg/detail/can_ack__struct.hpp
-- Symlinking: /app/install/kapibara_interfaces/include/kapibara_interfaces/kapibara_interfaces/msg/detail/can_ack__traits.hpp
-- Symlinking: /app/install/kapibara_interfaces/include/kapibara_interfaces/kapibara_interfaces/msg/detail/can_ack__type_support.hpp
-- Symlinking: /app/install/kapibara_interfaces/include/kapibara_interfaces/kapibara_interfaces/msg/detail/can_ping__builder.hpp
-- Symlinking: /app/install/kapibara_interfaces/include/kapibara_interfaces/kapibara_interfaces/msg/detail/can_ping__struct.hpp
-- Symlinking: /app/install/kapibara_interfaces/include/kapibara_interfaces/kapibara_interfaces/msg/detail/can_ping__traits.hpp
-- Symlinking: /app/install/kapibara_interfaces/include/kapibara_interfaces/kapibara_interfaces/msg/detail/can_ping__type_support.hpp
-- Symlinking: /app/install/kapibara_interfaces/include/kapibara_interfaces/kapibara_interfaces/msg/detail/diff_encoder__builder.hpp
-- Symlinking: /app/install/kapibara_interfaces/include/kapibara_interfaces/kapibara_interfaces/msg/detail/diff_encoder__struct.hpp
-- Symlinking: /app/install/kapibara_interfaces/include/kapibara_interfaces/kapibara_interfaces/msg/detail/diff_encoder__traits.hpp
-- Symlinking: /app/install/kapibara_interfaces/include/kapibara_interfaces/kapibara_interfaces/msg/detail/diff_encoder__type_support.hpp
-- Symlinking: /app/install/kapibara_interfaces/include/kapibara_interfaces/kapibara_interfaces/msg/detail/emotions__builder.hpp
-- Symlinking: /app/install/kapibara_interfaces/include/kapibara_interfaces/kapibara_interfaces/msg/detail/emotions__struct.hpp
-- Symlinking: /app/install/kapibara_interfaces/include/kapibara_interfaces/kapibara_interfaces/msg/detail/emotions__traits.hpp
-- Symlinking: /app/install/kapibara_interfaces/include/kapibara_interfaces/kapibara_interfaces/msg/detail/emotions__type_support.hpp
-- Symlinking: /app/install/kapibara_interfaces/include/kapibara_interfaces/kapibara_interfaces/msg/detail/encoder__builder.hpp
-- Symlinking: /app/install/kapibara_interfaces/include/kapibara_interfaces/kapibara_interfaces/msg/detail/encoder__struct.hpp
-- Symlinking: /app/install/kapibara_interfaces/include/kapibara_interfaces/kapibara_interfaces/msg/detail/encoder__traits.hpp
-- Symlinking: /app/install/kapibara_interfaces/include/kapibara_interfaces/kapibara_interfaces/msg/detail/encoder__type_support.hpp
-- Symlinking: /app/install/kapibara_interfaces/include/kapibara_interfaces/kapibara_interfaces/msg/detail/encoders_and_speed__builder.hpp
-- Symlinking: /app/install/kapibara_interfaces/include/kapibara_interfaces/kapibara_interfaces/msg/detail/encoders_and_speed__struct.hpp
-- Symlinking: /app/install/kapibara_interfaces/include/kapibara_interfaces/kapibara_interfaces/msg/detail/encoders_and_speed__traits.hpp
-- Symlinking: /app/install/kapibara_interfaces/include/kapibara_interfaces/kapibara_interfaces/msg/detail/encoders_and_speed__type_support.hpp
-- Symlinking: /app/install/kapibara_interfaces/include/kapibara_interfaces/kapibara_interfaces/msg/detail/face__builder.hpp
-- Symlinking: /app/install/kapibara_interfaces/include/kapibara_interfaces/kapibara_interfaces/msg/detail/face__struct.hpp
-- Symlinking: /app/install/kapibara_interfaces/include/kapibara_interfaces/kapibara_interfaces/msg/detail/face__traits.hpp
-- Symlinking: /app/install/kapibara_interfaces/include/kapibara_interfaces/kapibara_interfaces/msg/detail/face__type_support.hpp
-- Symlinking: /app/install/kapibara_interfaces/include/kapibara_interfaces/kapibara_interfaces/msg/detail/face_embed__builder.hpp
-- Symlinking: /app/install/kapibara_interfaces/include/kapibara_interfaces/kapibara_interfaces/msg/detail/face_embed__struct.hpp
-- Symlinking: /app/install/kapibara_interfaces/include/kapibara_interfaces/kapibara_interfaces/msg/detail/face_embed__traits.hpp
-- Symlinking: /app/install/kapibara_interfaces/include/kapibara_interfaces/kapibara_interfaces/msg/detail/face_embed__type_support.hpp
-- Symlinking: /app/install/kapibara_interfaces/include/kapibara_interfaces/kapibara_interfaces/msg/detail/microphone__builder.hpp
-- Symlinking: /app/install/kapibara_interfaces/include/kapibara_interfaces/kapibara_interfaces/msg/detail/microphone__struct.hpp
-- Symlinking: /app/install/kapibara_interfaces/include/kapibara_interfaces/kapibara_interfaces/msg/detail/microphone__traits.hpp
-- Symlinking: /app/install/kapibara_interfaces/include/kapibara_interfaces/kapibara_interfaces/msg/detail/microphone__type_support.hpp
-- Symlinking: /app/install/kapibara_interfaces/include/kapibara_interfaces/kapibara_interfaces/msg/detail/pid__builder.hpp
-- Symlinking: /app/install/kapibara_interfaces/include/kapibara_interfaces/kapibara_interfaces/msg/detail/pid__struct.hpp
-- Symlinking: /app/install/kapibara_interfaces/include/kapibara_interfaces/kapibara_interfaces/msg/detail/pid__traits.hpp
-- Symlinking: /app/install/kapibara_interfaces/include/kapibara_interfaces/kapibara_interfaces/msg/detail/pid__type_support.hpp
-- Symlinking: /app/install/kapibara_interfaces/include/kapibara_interfaces/kapibara_interfaces/msg/detail/piezo_sense__builder.hpp
-- Symlinking: /app/install/kapibara_interfaces/include/kapibara_interfaces/kapibara_interfaces/msg/detail/piezo_sense__struct.hpp
-- Symlinking: /app/install/kapibara_interfaces/include/kapibara_interfaces/kapibara_interfaces/msg/detail/piezo_sense__traits.hpp
-- Symlinking: /app/install/kapibara_interfaces/include/kapibara_interfaces/kapibara_interfaces/msg/detail/piezo_sense__type_support.hpp
-- Symlinking: /app/install/kapibara_interfaces/include/kapibara_interfaces/kapibara_interfaces/msg/detail/point_value2_d__builder.hpp
-- Symlinking: /app/install/kapibara_interfaces/include/kapibara_interfaces/kapibara_interfaces/msg/detail/point_value2_d__struct.hpp
-- Symlinking: /app/install/kapibara_interfaces/include/kapibara_interfaces/kapibara_interfaces/msg/detail/point_value2_d__traits.hpp
-- Symlinking: /app/install/kapibara_interfaces/include/kapibara_interfaces/kapibara_interfaces/msg/detail/point_value2_d__type_support.hpp
-- Symlinking: /app/install/kapibara_interfaces/include/kapibara_interfaces/kapibara_interfaces/msg/detail/rect_i__builder.hpp
-- Symlinking: /app/install/kapibara_interfaces/include/kapibara_interfaces/kapibara_interfaces/msg/detail/rect_i__struct.hpp
-- Symlinking: /app/install/kapibara_interfaces/include/kapibara_interfaces/kapibara_interfaces/msg/detail/rect_i__traits.hpp
-- Symlinking: /app/install/kapibara_interfaces/include/kapibara_interfaces/kapibara_interfaces/msg/detail/rect_i__type_support.hpp
-- Symlinking: /app/install/kapibara_interfaces/include/kapibara_interfaces/kapibara_interfaces/msg/detail/servo__builder.hpp
-- Symlinking: /app/install/kapibara_interfaces/include/kapibara_interfaces/kapibara_interfaces/msg/detail/servo__struct.hpp
-- Symlinking: /app/install/kapibara_interfaces/include/kapibara_interfaces/kapibara_interfaces/msg/detail/servo__traits.hpp
-- Symlinking: /app/install/kapibara_interfaces/include/kapibara_interfaces/kapibara_interfaces/msg/detail/servo__type_support.hpp
-- Symlinking: /app/install/kapibara_interfaces/include/kapibara_interfaces/kapibara_interfaces/msg/detail/vector2_di__builder.hpp
-- Symlinking: /app/install/kapibara_interfaces/include/kapibara_interfaces/kapibara_interfaces/msg/detail/vector2_di__struct.hpp
-- Symlinking: /app/install/kapibara_interfaces/include/kapibara_interfaces/kapibara_interfaces/msg/detail/vector2_di__traits.hpp
-- Symlinking: /app/install/kapibara_interfaces/include/kapibara_interfaces/kapibara_interfaces/msg/detail/vector2_di__type_support.hpp
-- Symlinking: /app/install/kapibara_interfaces/include/kapibara_interfaces/kapibara_interfaces/msg/diff_encoder.hpp
-- Symlinking: /app/install/kapibara_interfaces/include/kapibara_interfaces/kapibara_interfaces/msg/emotions.hpp
-- Symlinking: /app/install/kapibara_interfaces/include/kapibara_interfaces/kapibara_interfaces/msg/encoder.hpp
-- Symlinking: /app/install/kapibara_interfaces/include/kapibara_interfaces/kapibara_interfaces/msg/encoders_and_speed.hpp
-- Symlinking: /app/install/kapibara_interfaces/include/kapibara_interfaces/kapibara_interfaces/msg/face.hpp
-- Symlinking: /app/install/kapibara_interfaces/include/kapibara_interfaces/kapibara_interfaces/msg/face_embed.hpp
-- Symlinking: /app/install/kapibara_interfaces/include/kapibara_interfaces/kapibara_interfaces/msg/microphone.hpp
-- Symlinking: /app/install/kapibara_interfaces/include/kapibara_interfaces/kapibara_interfaces/msg/pid.hpp
-- Symlinking: /app/install/kapibara_interfaces/include/kapibara_interfaces/kapibara_interfaces/msg/piezo_sense.hpp
-- Symlinking: /app/install/kapibara_interfaces/include/kapibara_interfaces/kapibara_interfaces/msg/point_value2_d.hpp
-- Symlinking: /app/install/kapibara_interfaces/include/kapibara_interfaces/kapibara_interfaces/msg/rect_i.hpp
-- Symlinking: /app/install/kapibara_interfaces/include/kapibara_interfaces/kapibara_interfaces/msg/rosidl_generator_cpp__visibility_control.hpp
-- Symlinking: /app/install/kapibara_interfaces/include/kapibara_interfaces/kapibara_interfaces/msg/servo.hpp
-- Symlinking: /app/install/kapibara_interfaces/include/kapibara_interfaces/kapibara_interfaces/msg/vector2_di.hpp
-- Symlinking: /app/install/kapibara_interfaces/include/kapibara_interfaces/kapibara_interfaces/srv/detail/emotions__builder.hpp
-- Symlinking: /app/install/kapibara_interfaces/include/kapibara_interfaces/kapibara_interfaces/srv/detail/emotions__struct.hpp
-- Symlinking: /app/install/kapibara_interfaces/include/kapibara_interfaces/kapibara_interfaces/srv/detail/emotions__traits.hpp
-- Symlinking: /app/install/kapibara_interfaces/include/kapibara_interfaces/kapibara_interfaces/srv/detail/emotions__type_support.hpp
-- Symlinking: /app/install/kapibara_interfaces/include/kapibara_interfaces/kapibara_interfaces/srv/detail/stop_mind__builder.hpp
-- Symlinking: /app/install/kapibara_interfaces/include/kapibara_interfaces/kapibara_interfaces/srv/detail/stop_mind__struct.hpp
-- Symlinking: /app/install/kapibara_interfaces/include/kapibara_interfaces/kapibara_interfaces/srv/detail/stop_mind__traits.hpp
-- Symlinking: /app/install/kapibara_interfaces/include/kapibara_interfaces/kapibara_interfaces/srv/detail/stop_mind__type_support.hpp
-- Symlinking: /app/install/kapibara_interfaces/include/kapibara_interfaces/kapibara_interfaces/srv/emotions.hpp
-- Symlinking: /app/install/kapibara_interfaces/include/kapibara_interfaces/kapibara_interfaces/srv/stop_mind.hpp
-- Symlinking: /app/install/kapibara_interfaces/include/kapibara_interfaces/kapibara_interfaces/msg/detail/can_ack__rosidl_typesupport_fastrtps_cpp.hpp
-- Symlinking: /app/install/kapibara_interfaces/include/kapibara_interfaces/kapibara_interfaces/msg/detail/can_ping__rosidl_typesupport_fastrtps_cpp.hpp
-- Symlinking: /app/install/kapibara_interfaces/include/kapibara_interfaces/kapibara_interfaces/msg/detail/diff_encoder__rosidl_typesupport_fastrtps_cpp.hpp
-- Symlinking: /app/install/kapibara_interfaces/include/kapibara_interfaces/kapibara_interfaces/msg/detail/emotions__rosidl_typesupport_fastrtps_cpp.hpp
-- Symlinking: /app/install/kapibara_interfaces/include/kapibara_interfaces/kapibara_interfaces/msg/detail/encoder__rosidl_typesupport_fastrtps_cpp.hpp
-- Symlinking: /app/install/kapibara_interfaces/include/kapibara_interfaces/kapibara_interfaces/msg/detail/encoders_and_speed__rosidl_typesupport_fastrtps_cpp.hpp
-- Symlinking: /app/install/kapibara_interfaces/include/kapibara_interfaces/kapibara_interfaces/msg/detail/face__rosidl_typesupport_fastrtps_cpp.hpp
-- Symlinking: /app/install/kapibara_interfaces/include/kapibara_interfaces/kapibara_interfaces/msg/detail/face_embed__rosidl_typesupport_fastrtps_cpp.hpp
-- Symlinking: /app/install/kapibara_interfaces/include/kapibara_interfaces/kapibara_interfaces/msg/detail/microphone__rosidl_typesupport_fastrtps_cpp.hpp
-- Symlinking: /app/install/kapibara_interfaces/include/kapibara_interfaces/kapibara_interfaces/msg/detail/pid__rosidl_typesupport_fastrtps_cpp.hpp
-- Symlinking: /app/install/kapibara_interfaces/include/kapibara_interfaces/kapibara_interfaces/msg/detail/piezo_sense__rosidl_typesupport_fastrtps_cpp.hpp
-- Symlinking: /app/install/kapibara_interfaces/include/kapibara_interfaces/kapibara_interfaces/msg/detail/point_value2_d__rosidl_typesupport_fastrtps_cpp.hpp
-- Symlinking: /app/install/kapibara_interfaces/include/kapibara_interfaces/kapibara_interfaces/msg/detail/rect_i__rosidl_typesupport_fastrtps_cpp.hpp
-- Symlinking: /app/install/kapibara_interfaces/include/kapibara_interfaces/kapibara_interfaces/msg/detail/servo__rosidl_typesupport_fastrtps_cpp.hpp
-- Symlinking: /app/install/kapibara_interfaces/include/kapibara_interfaces/kapibara_interfaces/msg/detail/vector2_di__rosidl_typesupport_fastrtps_cpp.hpp
-- Symlinking: /app/install/kapibara_interfaces/include/kapibara_interfaces/kapibara_interfaces/msg/rosidl_typesupport_fastrtps_cpp__visibility_control.h
-- Symlinking: /app/install/kapibara_interfaces/include/kapibara_interfaces/kapibara_interfaces/srv/detail/emotions__rosidl_typesupport_fastrtps_cpp.hpp
-- Symlinking: /app/install/kapibara_interfaces/include/kapibara_interfaces/kapibara_interfaces/srv/detail/stop_mind__rosidl_typesupport_fastrtps_cpp.hpp
-- Symlinking: /app/install/kapibara_interfaces/include/kapibara_interfaces/kapibara_interfaces/msg/detail/can_ack__rosidl_typesupport_introspection_cpp.hpp
-- Symlinking: /app/install/kapibara_interfaces/include/kapibara_interfaces/kapibara_interfaces/msg/detail/can_ping__rosidl_typesupport_introspection_cpp.hpp
-- Symlinking: /app/install/kapibara_interfaces/include/kapibara_interfaces/kapibara_interfaces/msg/detail/diff_encoder__rosidl_typesupport_introspection_cpp.hpp
-- Symlinking: /app/install/kapibara_interfaces/include/kapibara_interfaces/kapibara_interfaces/msg/detail/emotions__rosidl_typesupport_introspection_cpp.hpp
-- Symlinking: /app/install/kapibara_interfaces/include/kapibara_interfaces/kapibara_interfaces/msg/detail/encoder__rosidl_typesupport_introspection_cpp.hpp
-- Symlinking: /app/install/kapibara_interfaces/include/kapibara_interfaces/kapibara_interfaces/msg/detail/encoders_and_speed__rosidl_typesupport_introspection_cpp.hpp
-- Symlinking: /app/install/kapibara_interfaces/include/kapibara_interfaces/kapibara_interfaces/msg/detail/face__rosidl_typesupport_introspection_cpp.hpp
-- Symlinking: /app/install/kapibara_interfaces/include/kapibara_interfaces/kapibara_interfaces/msg/detail/face_embed__rosidl_typesupport_introspection_cpp.hpp
-- Symlinking: /app/install/kapibara_interfaces/include/kapibara_interfaces/kapibara_interfaces/msg/detail/microphone__rosidl_typesupport_introspection_cpp.hpp
-- Symlinking: /app/install/kapibara_interfaces/include/kapibara_interfaces/kapibara_interfaces/msg/detail/pid__rosidl_typesupport_introspection_cpp.hpp
-- Symlinking: /app/install/kapibara_interfaces/include/kapibara_interfaces/kapibara_interfaces/msg/detail/piezo_sense__rosidl_typesupport_introspection_cpp.hpp
-- Symlinking: /app/install/kapibara_interfaces/include/kapibara_interfaces/kapibara_interfaces/msg/detail/point_value2_d__rosidl_typesupport_introspection_cpp.hpp
-- Symlinking: /app/install/kapibara_interfaces/include/kapibara_interfaces/kapibara_interfaces/msg/detail/rect_i__rosidl_typesupport_introspection_cpp.hpp
-- Symlinking: /app/install/kapibara_interfaces/include/kapibara_interfaces/kapibara_interfaces/msg/detail/servo__rosidl_typesupport_introspection_cpp.hpp
-- Symlinking: /app/install/kapibara_interfaces/include/kapibara_interfaces/kapibara_interfaces/msg/detail/vector2_di__rosidl_typesupport_introspection_cpp.hpp
-- Symlinking: /app/install/kapibara_interfaces/include/kapibara_interfaces/kapibara_interfaces/srv/detail/emotions__rosidl_typesupport_introspection_cpp.hpp
-- Symlinking: /app/install/kapibara_interfaces/include/kapibara_interfaces/kapibara_interfaces/srv/detail/stop_mind__rosidl_typesupport_introspection_cpp.hpp
-- Symlinking: /app/install/kapibara_interfaces/share/kapibara_interfaces/environment/pythonpath.sh
-- Symlinking: /app/install/kapibara_interfaces/share/kapibara_interfaces/environment/pythonpath.dsv
-- Symlinking: /app/install/kapibara_interfaces/local/lib/python3.10/dist-packages/kapibara_interfaces-0.8.0-py3.10.egg-info/PKG-INFO
-- Symlinking: /app/install/kapibara_interfaces/local/lib/python3.10/dist-packages/kapibara_interfaces-0.8.0-py3.10.egg-info/SOURCES.txt
-- Symlinking: /app/install/kapibara_interfaces/local/lib/python3.10/dist-packages/kapibara_interfaces-0.8.0-py3.10.egg-info/dependency_links.txt
-- Symlinking: /app/install/kapibara_interfaces/local/lib/python3.10/dist-packages/kapibara_interfaces-0.8.0-py3.10.egg-info/top_level.txt
-- Symlinking: /app/install/kapibara_interfaces/local/lib/python3.10/dist-packages/kapibara_interfaces/__init__.py
-- Symlinking: /app/install/kapibara_interfaces/local/lib/python3.10/dist-packages/kapibara_interfaces/_kapibara_interfaces_s.ep.rosidl_typesupport_c.c
-- Symlinking: /app/install/kapibara_interfaces/local/lib/python3.10/dist-packages/kapibara_interfaces/_kapibara_interfaces_s.ep.rosidl_typesupport_fastrtps_c.c
-- Symlinking: /app/install/kapibara_interfaces/local/lib/python3.10/dist-packages/kapibara_interfaces/_kapibara_interfaces_s.ep.rosidl_typesupport_introspection_c.c
-- Symlinking: /app/install/kapibara_interfaces/local/lib/python3.10/dist-packages/kapibara_interfaces/kapibara_interfaces_s__rosidl_typesupport_c.cpython-310-x86_64-linux-gnu.so
-- Symlinking: /app/install/kapibara_interfaces/local/lib/python3.10/dist-packages/kapibara_interfaces/kapibara_interfaces_s__rosidl_typesupport_fastrtps_c.cpython-310-x86_64-linux-gnu.so
-- Symlinking: /app/install/kapibara_interfaces/local/lib/python3.10/dist-packages/kapibara_interfaces/kapibara_interfaces_s__rosidl_typesupport_introspection_c.cpython-310-x86_64-linux-gnu.so
-- Symlinking: /app/install/kapibara_interfaces/local/lib/python3.10/dist-packages/kapibara_interfaces/libkapibara_interfaces__rosidl_generator_py.so
-- Symlinking: /app/install/kapibara_interfaces/local/lib/python3.10/dist-packages/kapibara_interfaces/msg/__init__.py
-- Symlinking: /app/install/kapibara_interfaces/local/lib/python3.10/dist-packages/kapibara_interfaces/msg/_can_ack.py
-- Symlinking: /app/install/kapibara_interfaces/local/lib/python3.10/dist-packages/kapibara_interfaces/msg/_can_ack_s.c
-- Symlinking: /app/install/kapibara_interfaces/local/lib/python3.10/dist-packages/kapibara_interfaces/msg/_can_ping.py
-- Symlinking: /app/install/kapibara_interfaces/local/lib/python3.10/dist-packages/kapibara_interfaces/msg/_can_ping_s.c
-- Symlinking: /app/install/kapibara_interfaces/local/lib/python3.10/dist-packages/kapibara_interfaces/msg/_diff_encoder.py
-- Symlinking: /app/install/kapibara_interfaces/local/lib/python3.10/dist-packages/kapibara_interfaces/msg/_diff_encoder_s.c
-- Symlinking: /app/install/kapibara_interfaces/local/lib/python3.10/dist-packages/kapibara_interfaces/msg/_emotions.py
-- Symlinking: /app/install/kapibara_interfaces/local/lib/python3.10/dist-packages/kapibara_interfaces/msg/_emotions_s.c
-- Symlinking: /app/install/kapibara_interfaces/local/lib/python3.10/dist-packages/kapibara_interfaces/msg/_encoder.py
-- Symlinking: /app/install/kapibara_interfaces/local/lib/python3.10/dist-packages/kapibara_interfaces/msg/_encoder_s.c
-- Symlinking: /app/install/kapibara_interfaces/local/lib/python3.10/dist-packages/kapibara_interfaces/msg/_encoders_and_speed.py
-- Symlinking: /app/install/kapibara_interfaces/local/lib/python3.10/dist-packages/kapibara_interfaces/msg/_encoders_and_speed_s.c
-- Symlinking: /app/install/kapibara_interfaces/local/lib/python3.10/dist-packages/kapibara_interfaces/msg/_face.py
-- Symlinking: /app/install/kapibara_interfaces/local/lib/python3.10/dist-packages/kapibara_interfaces/msg/_face_embed.py
-- Symlinking: /app/install/kapibara_interfaces/local/lib/python3.10/dist-packages/kapibara_interfaces/msg/_face_embed_s.c
-- Symlinking: /app/install/kapibara_interfaces/local/lib/python3.10/dist-packages/kapibara_interfaces/msg/_face_s.c
-- Symlinking: /app/install/kapibara_interfaces/local/lib/python3.10/dist-packages/kapibara_interfaces/msg/_microphone.py
-- Symlinking: /app/install/kapibara_interfaces/local/lib/python3.10/dist-packages/kapibara_interfaces/msg/_microphone_s.c
-- Symlinking: /app/install/kapibara_interfaces/local/lib/python3.10/dist-packages/kapibara_interfaces/msg/_pid.py
-- Symlinking: /app/install/kapibara_interfaces/local/lib/python3.10/dist-packages/kapibara_interfaces/msg/_pid_s.c
-- Symlinking: /app/install/kapibara_interfaces/local/lib/python3.10/dist-packages/kapibara_interfaces/msg/_piezo_sense.py
-- Symlinking: /app/install/kapibara_interfaces/local/lib/python3.10/dist-packages/kapibara_interfaces/msg/_piezo_sense_s.c
-- Symlinking: /app/install/kapibara_interfaces/local/lib/python3.10/dist-packages/kapibara_interfaces/msg/_point_value2_d.py
-- Symlinking: /app/install/kapibara_interfaces/local/lib/python3.10/dist-packages/kapibara_interfaces/msg/_point_value2_d_s.c
-- Symlinking: /app/install/kapibara_interfaces/local/lib/python3.10/dist-packages/kapibara_interfaces/msg/_rect_i.py
-- Symlinking: /app/install/kapibara_interfaces/local/lib/python3.10/dist-packages/kapibara_interfaces/msg/_rect_i_s.c
-- Symlinking: /app/install/kapibara_interfaces/local/lib/python3.10/dist-packages/kapibara_interfaces/msg/_servo.py
-- Symlinking: /app/install/kapibara_interfaces/local/lib/python3.10/dist-packages/kapibara_interfaces/msg/_servo_s.c
-- Symlinking: /app/install/kapibara_interfaces/local/lib/python3.10/dist-packages/kapibara_interfaces/msg/_vector2_di.py
-- Symlinking: /app/install/kapibara_interfaces/local/lib/python3.10/dist-packages/kapibara_interfaces/msg/_vector2_di_s.c
-- Symlinking: /app/install/kapibara_interfaces/local/lib/python3.10/dist-packages/kapibara_interfaces/srv/__init__.py
-- Symlinking: /app/install/kapibara_interfaces/local/lib/python3.10/dist-packages/kapibara_interfaces/srv/_emotions.py
-- Symlinking: /app/install/kapibara_interfaces/local/lib/python3.10/dist-packages/kapibara_interfaces/srv/_emotions_s.c
-- Symlinking: /app/install/kapibara_interfaces/local/lib/python3.10/dist-packages/kapibara_interfaces/srv/_stop_mind.py
-- Symlinking: /app/install/kapibara_interfaces/local/lib/python3.10/dist-packages/kapibara_interfaces/srv/_stop_mind_s.c
-- Up-to-date symlink: /app/install/kapibara_interfaces/local/lib/python3.10/dist-packages/kapibara_interfaces/kapibara_interfaces_s__rosidl_typesupport_fastrtps_c.cpython-310-x86_64-linux-gnu.so
-- Up-to-date symlink: /app/install/kapibara_interfaces/local/lib/python3.10/dist-packages/kapibara_interfaces/kapibara_interfaces_s__rosidl_typesupport_introspection_c.cpython-310-x86_64-linux-gnu.so
-- Up-to-date symlink: /app/install/kapibara_interfaces/local/lib/python3.10/dist-packages/kapibara_interfaces/kapibara_interfaces_s__rosidl_typesupport_c.cpython-310-x86_64-linux-gnu.so
-- Symlinking: /app/install/kapibara_interfaces/share/ament_index/resource_index/rust_packages/kapibara_interfaces
-- Symlinking: /app/install/kapibara_interfaces/share/kapibara_interfaces/rust/Cargo.toml
-- Symlinking: /app/install/kapibara_interfaces/share/kapibara_interfaces/rust/build.rs
-- Symlinking: /app/install/kapibara_interfaces/share/kapibara_interfaces/rust/src/lib.rs
-- Symlinking: /app/install/kapibara_interfaces/share/kapibara_interfaces/rust/src/msg.rs
-- Symlinking: /app/install/kapibara_interfaces/share/kapibara_interfaces/rust/src/msg/rmw.rs
-- Symlinking: /app/install/kapibara_interfaces/share/kapibara_interfaces/rust/src/srv.rs
-- Symlinking: /app/install/kapibara_interfaces/share/kapibara_interfaces/rust/src/srv/rmw.rs
-- Symlinking: /app/install/kapibara_interfaces/share/kapibara_interfaces/msg/Encoder.idl
-- Symlinking: /app/install/kapibara_interfaces/share/kapibara_interfaces/msg/DiffEncoder.idl
-- Symlinking: /app/install/kapibara_interfaces/share/kapibara_interfaces/msg/Microphone.idl
-- Symlinking: /app/install/kapibara_interfaces/share/kapibara_interfaces/msg/Servo.idl
-- Symlinking: /app/install/kapibara_interfaces/share/kapibara_interfaces/msg/Face.idl
-- Symlinking: /app/install/kapibara_interfaces/share/kapibara_interfaces/msg/FaceEmbed.idl
-- Symlinking: /app/install/kapibara_interfaces/share/kapibara_interfaces/msg/RectI.idl
-- Symlinking: /app/install/kapibara_interfaces/share/kapibara_interfaces/msg/Vector2DI.idl
-- Symlinking: /app/install/kapibara_interfaces/share/kapibara_interfaces/msg/Emotions.idl
-- Symlinking: /app/install/kapibara_interfaces/share/kapibara_interfaces/msg/EncodersAndSpeed.idl
-- Symlinking: /app/install/kapibara_interfaces/share/kapibara_interfaces/msg/CanPing.idl
-- Symlinking: /app/install/kapibara_interfaces/share/kapibara_interfaces/msg/CanACK.idl
-- Symlinking: /app/install/kapibara_interfaces/share/kapibara_interfaces/msg/PID.idl
-- Symlinking: /app/install/kapibara_interfaces/share/kapibara_interfaces/msg/PiezoSense.idl
-- Symlinking: /app/install/kapibara_interfaces/share/kapibara_interfaces/msg/PointValue2D.idl
-- Symlinking: /app/install/kapibara_interfaces/share/kapibara_interfaces/srv/Emotions.idl
-- Symlinking: /app/install/kapibara_interfaces/share/kapibara_interfaces/srv/StopMind.idl
-- Symlinking: /app/install/kapibara_interfaces/share/kapibara_interfaces/msg/Encoder.msg
-- Symlinking: /app/install/kapibara_interfaces/share/kapibara_interfaces/msg/DiffEncoder.msg
-- Symlinking: /app/install/kapibara_interfaces/share/kapibara_interfaces/msg/Microphone.msg
-- Symlinking: /app/install/kapibara_interfaces/share/kapibara_interfaces/msg/Servo.msg
-- Symlinking: /app/install/kapibara_interfaces/share/kapibara_interfaces/msg/Face.msg
-- Symlinking: /app/install/kapibara_interfaces/share/kapibara_interfaces/msg/FaceEmbed.msg
-- Symlinking: /app/install/kapibara_interfaces/share/kapibara_interfaces/msg/RectI.msg
-- Symlinking: /app/install/kapibara_interfaces/share/kapibara_interfaces/msg/Vector2DI.msg
-- Symlinking: /app/install/kapibara_interfaces/share/kapibara_interfaces/msg/Emotions.msg
-- Symlinking: /app/install/kapibara_interfaces/share/kapibara_interfaces/msg/EncodersAndSpeed.msg
-- Symlinking: /app/install/kapibara_interfaces/share/kapibara_interfaces/msg/CanPing.msg
-- Symlinking: /app/install/kapibara_interfaces/share/kapibara_interfaces/msg/CanACK.msg
-- Symlinking: /app/install/kapibara_interfaces/share/kapibara_interfaces/msg/PID.msg
-- Symlinking: /app/install/kapibara_interfaces/share/kapibara_interfaces/msg/PiezoSense.msg
-- Symlinking: /app/install/kapibara_interfaces/share/kapibara_interfaces/msg/PointValue2D.msg
-- Symlinking: /app/install/kapibara_interfaces/share/kapibara_interfaces/srv/Emotions.srv
-- Symlinking: /app/install/kapibara_interfaces/share/kapibara_interfaces/srv/Emotions_Request.msg
-- Symlinking: /app/install/kapibara_interfaces/share/kapibara_interfaces/srv/Emotions_Response.msg
-- Symlinking: /app/install/kapibara_interfaces/share/kapibara_interfaces/srv/StopMind.srv
-- Symlinking: /app/install/kapibara_interfaces/share/kapibara_interfaces/srv/StopMind_Request.msg
-- Symlinking: /app/install/kapibara_interfaces/share/kapibara_interfaces/srv/StopMind_Response.msg
-- Symlinking: /app/install/kapibara_interfaces/share/ament_index/resource_index/package_run_dependencies/kapibara_interfaces
-- Symlinking: /app/install/kapibara_interfaces/share/ament_index/resource_index/parent_prefix_path/kapibara_interfaces
-- Symlinking: /app/install/kapibara_interfaces/share/kapibara_interfaces/environment/ament_prefix_path.sh
-- Symlinking: /app/install/kapibara_interfaces/share/kapibara_interfaces/environment/ament_prefix_path.dsv
-- Symlinking: /app/install/kapibara_interfaces/share/kapibara_interfaces/environment/path.sh
-- Symlinking: /app/install/kapibara_interfaces/share/kapibara_interfaces/environment/path.dsv
-- Symlinking: /app/install/kapibara_interfaces/share/kapibara_interfaces/local_setup.bash
-- Symlinking: /app/install/kapibara_interfaces/share/kapibara_interfaces/local_setup.sh
-- Symlinking: /app/install/kapibara_interfaces/share/kapibara_interfaces/local_setup.zsh
-- Symlinking: /app/install/kapibara_interfaces/share/kapibara_interfaces/local_setup.dsv
-- Symlinking: /app/install/kapibara_interfaces/share/kapibara_interfaces/package.dsv
-- Symlinking: /app/install/kapibara_interfaces/share/ament_index/resource_index/packages/kapibara_interfaces
-- Symlinking: /app/install/kapibara_interfaces/share/kapibara_interfaces/cmake/rosidl_cmake-extras.cmake
-- Symlinking: /app/install/kapibara_interfaces/share/kapibara_interfaces/cmake/ament_cmake_export_include_directories-extras.cmake
-- Symlinking: /app/install/kapibara_interfaces/share/kapibara_interfaces/cmake/ament_cmake_export_libraries-extras.cmake
-- Symlinking: /app/install/kapibara_interfaces/share/kapibara_interfaces/cmake/ament_cmake_export_targets-extras.cmake
-- Symlinking: /app/install/kapibara_interfaces/share/kapibara_interfaces/cmake/rosidl_cmake_export_typesupport_targets-extras.cmake
-- Symlinking: /app/install/kapibara_interfaces/share/kapibara_interfaces/cmake/ament_cmake_export_dependencies-extras.cmake
-- Symlinking: /app/install/kapibara_interfaces/share/kapibara_interfaces/cmake/rosidl_cmake_export_typesupport_libraries-extras.cmake
-- Symlinking: /app/install/kapibara_interfaces/share/kapibara_interfaces/cmake/kapibara_interfacesConfig.cmake
-- Symlinking: /app/install/kapibara_interfaces/share/kapibara_interfaces/cmake/kapibara_interfacesConfig-version.cmake
-- Symlinking: /app/install/kapibara_interfaces/share/kapibara_interfaces/package.xml
-- Installing: /app/install/kapibara_interfaces/lib/libkapibara_interfaces__rosidl_generator_c.so
-- Set runtime path of "/app/install/kapibara_interfaces/lib/libkapibara_interfaces__rosidl_generator_c.so" to ""
-- Installing: /app/install/kapibara_interfaces/lib/libkapibara_interfaces__rosidl_typesupport_fastrtps_c.so
-- Set runtime path of "/app/install/kapibara_interfaces/lib/libkapibara_interfaces__rosidl_typesupport_fastrtps_c.so" to ""
-- Installing: /app/install/kapibara_interfaces/lib/libkapibara_interfaces__rosidl_typesupport_introspection_c.so
-- Set runtime path of "/app/install/kapibara_interfaces/lib/libkapibara_interfaces__rosidl_typesupport_introspection_c.so" to ""
-- Installing: /app/install/kapibara_interfaces/lib/libkapibara_interfaces__rosidl_typesupport_c.so
-- Set runtime path of "/app/install/kapibara_interfaces/lib/libkapibara_interfaces__rosidl_typesupport_c.so" to ""
-- Installing: /app/install/kapibara_interfaces/lib/libkapibara_interfaces__rosidl_typesupport_fastrtps_cpp.so
-- Set runtime path of "/app/install/kapibara_interfaces/lib/libkapibara_interfaces__rosidl_typesupport_fastrtps_cpp.so" to ""
-- Installing: /app/install/kapibara_interfaces/lib/libkapibara_interfaces__rosidl_typesupport_introspection_cpp.so
-- Set runtime path of "/app/install/kapibara_interfaces/lib/libkapibara_interfaces__rosidl_typesupport_introspection_cpp.so" to ""
-- Installing: /app/install/kapibara_interfaces/lib/libkapibara_interfaces__rosidl_typesupport_cpp.so
-- Set runtime path of "/app/install/kapibara_interfaces/lib/libkapibara_interfaces__rosidl_typesupport_cpp.so" to ""
Listing '/app/install/kapibara_interfaces/local/lib/python3.10/dist-packages/kapibara_interfaces'...
Compiling '/app/install/kapibara_interfaces/local/lib/python3.10/dist-packages/kapibara_interfaces/__init__.py'...
Listing '/app/install/kapibara_interfaces/local/lib/python3.10/dist-packages/kapibara_interfaces/msg'...
Compiling '/app/install/kapibara_interfaces/local/lib/python3.10/dist-packages/kapibara_interfaces/msg/__init__.py'...
Compiling '/app/install/kapibara_interfaces/local/lib/python3.10/dist-packages/kapibara_interfaces/msg/_can_ack.py'...
Compiling '/app/install/kapibara_interfaces/local/lib/python3.10/dist-packages/kapibara_interfaces/msg/_can_ping.py'...
Compiling '/app/install/kapibara_interfaces/local/lib/python3.10/dist-packages/kapibara_interfaces/msg/_diff_encoder.py'...
Compiling '/app/install/kapibara_interfaces/local/lib/python3.10/dist-packages/kapibara_interfaces/msg/_emotions.py'...
Compiling '/app/install/kapibara_interfaces/local/lib/python3.10/dist-packages/kapibara_interfaces/msg/_encoder.py'...
Compiling '/app/install/kapibara_interfaces/local/lib/python3.10/dist-packages/kapibara_interfaces/msg/_encoders_and_speed.py'...
Compiling '/app/install/kapibara_interfaces/local/lib/python3.10/dist-packages/kapibara_interfaces/msg/_face.py'...
Compiling '/app/install/kapibara_interfaces/local/lib/python3.10/dist-packages/kapibara_interfaces/msg/_face_embed.py'...
Compiling '/app/install/kapibara_interfaces/local/lib/python3.10/dist-packages/kapibara_interfaces/msg/_microphone.py'...
Compiling '/app/install/kapibara_interfaces/local/lib/python3.10/dist-packages/kapibara_interfaces/msg/_pid.py'...
Compiling '/app/install/kapibara_interfaces/local/lib/python3.10/dist-packages/kapibara_interfaces/msg/_piezo_sense.py'...
Compiling '/app/install/kapibara_interfaces/local/lib/python3.10/dist-packages/kapibara_interfaces/msg/_point_value2_d.py'...
Compiling '/app/install/kapibara_interfaces/local/lib/python3.10/dist-packages/kapibara_interfaces/msg/_rect_i.py'...
Compiling '/app/install/kapibara_interfaces/local/lib/python3.10/dist-packages/kapibara_interfaces/msg/_servo.py'...
Compiling '/app/install/kapibara_interfaces/local/lib/python3.10/dist-packages/kapibara_interfaces/msg/_vector2_di.py'...
Listing '/app/install/kapibara_interfaces/local/lib/python3.10/dist-packages/kapibara_interfaces/srv'...
Compiling '/app/install/kapibara_interfaces/local/lib/python3.10/dist-packages/kapibara_interfaces/srv/__init__.py'...
Compiling '/app/install/kapibara_interfaces/local/lib/python3.10/dist-packages/kapibara_interfaces/srv/_emotions.py'...
Compiling '/app/install/kapibara_interfaces/local/lib/python3.10/dist-packages/kapibara_interfaces/srv/_stop_mind.py'...
-- Installing: /app/install/kapibara_interfaces/lib/libkapibara_interfaces__rosidl_generator_py.so
-- Set runtime path of "/app/install/kapibara_interfaces/lib/libkapibara_interfaces__rosidl_generator_py.so" to ""
-- Installing: /app/install/kapibara_interfaces/share/kapibara_interfaces/cmake/export_kapibara_interfaces__rosidl_generator_cExport.cmake
-- Installing: /app/install/kapibara_interfaces/share/kapibara_interfaces/cmake/export_kapibara_interfaces__rosidl_generator_cExport-noconfig.cmake
-- Installing: /app/install/kapibara_interfaces/share/kapibara_interfaces/cmake/export_kapibara_interfaces__rosidl_typesupport_fastrtps_cExport.cmake
-- Installing: /app/install/kapibara_interfaces/share/kapibara_interfaces/cmake/export_kapibara_interfaces__rosidl_typesupport_fastrtps_cExport-noconfig.cmake
-- Installing: /app/install/kapibara_interfaces/share/kapibara_interfaces/cmake/kapibara_interfaces__rosidl_typesupport_introspection_cExport.cmake
-- Installing: /app/install/kapibara_interfaces/share/kapibara_interfaces/cmake/kapibara_interfaces__rosidl_typesupport_introspection_cExport-noconfig.cmake
-- Installing: /app/install/kapibara_interfaces/share/kapibara_interfaces/cmake/kapibara_interfaces__rosidl_typesupport_cExport.cmake
-- Installing: /app/install/kapibara_interfaces/share/kapibara_interfaces/cmake/kapibara_interfaces__rosidl_typesupport_cExport-noconfig.cmake
-- Installing: /app/install/kapibara_interfaces/share/kapibara_interfaces/cmake/export_kapibara_interfaces__rosidl_generator_cppExport.cmake
-- Installing: /app/install/kapibara_interfaces/share/kapibara_interfaces/cmake/export_kapibara_interfaces__rosidl_typesupport_fastrtps_cppExport.cmake
-- Installing: /app/install/kapibara_interfaces/share/kapibara_interfaces/cmake/export_kapibara_interfaces__rosidl_typesupport_fastrtps_cppExport-noconfig.cmake
-- Installing: /app/install/kapibara_interfaces/share/kapibara_interfaces/cmake/kapibara_interfaces__rosidl_typesupport_introspection_cppExport.cmake
-- Installing: /app/install/kapibara_interfaces/share/kapibara_interfaces/cmake/kapibara_interfaces__rosidl_typesupport_introspection_cppExport-noconfig.cmake
-- Installing: /app/install/kapibara_interfaces/share/kapibara_interfaces/cmake/kapibara_interfaces__rosidl_typesupport_cppExport.cmake
-- Installing: /app/install/kapibara_interfaces/share/kapibara_interfaces/cmake/kapibara_interfaces__rosidl_typesupport_cppExport-noconfig.cmake
-- Installing: /app/install/kapibara_interfaces/share/kapibara_interfaces/cmake/export_kapibara_interfaces__rosidl_generator_pyExport.cmake
-- Installing: /app/install/kapibara_interfaces/share/kapibara_interfaces/cmake/export_kapibara_interfaces__rosidl_generator_pyExport-noconfig.cmake
