[0.047s] Invoking command in '/app/build/modus_board': AMENT_PREFIX_PATH=/app/install/modus_board_interfaces:/app/install/kapibara_interfaces:${AMENT_PREFIX_PATH} CMAKE_PREFIX_PATH=/app/install/modus_board_interfaces:/app/install/kapibara_interfaces:/opt/ros/humble LD_LIBRARY_PATH=/app/install/modus_board_interfaces/lib:/app/install/kapibara_interfaces/lib:${LD_LIBRARY_PATH} PYTHONPATH=/app/install/modus_board_interfaces/local/lib/python3.10/dist-packages:/app/install/kapibara_interfaces/local/lib/python3.10/dist-packages:${PYTHONPATH} /usr/bin/cmake --build /app/build/modus_board -- -j12 -l12
[0.134s] Invoked command in '/app/build/modus_board' returned '0': AMENT_PREFIX_PATH=/app/install/modus_board_interfaces:/app/install/kapibara_interfaces:${AMENT_PREFIX_PATH} CMAKE_PREFIX_PATH=/app/install/modus_board_interfaces:/app/install/kapibara_interfaces:/opt/ros/humble LD_LIBRARY_PATH=/app/install/modus_board_interfaces/lib:/app/install/kapibara_interfaces/lib:${LD_LIBRARY_PATH} PYTHONPATH=/app/install/modus_board_interfaces/local/lib/python3.10/dist-packages:/app/install/kapibara_interfaces/local/lib/python3.10/dist-packages:${PYTHONPATH} /usr/bin/cmake --build /app/build/modus_board -- -j12 -l12
[0.135s] Invoking command in '/app/build/modus_board': AMENT_PREFIX_PATH=/app/install/modus_board_interfaces:/app/install/kapibara_interfaces:${AMENT_PREFIX_PATH} CMAKE_PREFIX_PATH=/app/install/modus_board_interfaces:/app/install/kapibara_interfaces:/opt/ros/humble LD_LIBRARY_PATH=/app/install/modus_board_interfaces/lib:/app/install/kapibara_interfaces/lib:${LD_LIBRARY_PATH} PYTHONPATH=/app/install/modus_board_interfaces/local/lib/python3.10/dist-packages:/app/install/kapibara_interfaces/local/lib/python3.10/dist-packages:${PYTHONPATH} /usr/bin/cmake --install /app/build/modus_board
[0.146s] -- Install configuration: ""
[0.148s] -- Execute custom install script
[0.148s] -- Up-to-date symlink: /app/install/modus_board/lib/modus_board/enable_boards.py
[0.148s] -- Up-to-date symlink: /app/install/modus_board/lib/modus_board/reset_boards.py
[0.149s] -- Up-to-date symlink: /app/install/modus_board/share/ament_index/resource_index/package_run_dependencies/modus_board
[0.149s] -- Up-to-date symlink: /app/install/modus_board/share/ament_index/resource_index/parent_prefix_path/modus_board
[0.149s] -- Up-to-date symlink: /app/install/modus_board/share/modus_board/environment/ament_prefix_path.sh
[0.149s] -- Up-to-date symlink: /app/install/modus_board/share/modus_board/environment/ament_prefix_path.dsv
[0.154s] -- Up-to-date symlink: /app/install/modus_board/share/modus_board/environment/path.sh
[0.154s] -- Up-to-date symlink: /app/install/modus_board/share/modus_board/environment/path.dsv
[0.154s] -- Up-to-date symlink: /app/install/modus_board/share/modus_board/local_setup.bash
[0.154s] -- Up-to-date symlink: /app/install/modus_board/share/modus_board/local_setup.sh
[0.154s] -- Up-to-date symlink: /app/install/modus_board/share/modus_board/local_setup.zsh
[0.154s] -- Up-to-date symlink: /app/install/modus_board/share/modus_board/local_setup.dsv
[0.154s] -- Symlinking: /app/install/modus_board/share/modus_board/package.dsv
[0.160s] -- Up-to-date symlink: /app/install/modus_board/share/ament_index/resource_index/packages/modus_board
[0.160s] -- Up-to-date symlink: /app/install/modus_board/share/modus_board/cmake/modus_boardConfig.cmake
[0.161s] -- Up-to-date symlink: /app/install/modus_board/share/modus_board/cmake/modus_boardConfig-version.cmake
[0.161s] -- Up-to-date symlink: /app/install/modus_board/share/modus_board/package.xml
[0.164s] Invoked command in '/app/build/modus_board' returned '0': AMENT_PREFIX_PATH=/app/install/modus_board_interfaces:/app/install/kapibara_interfaces:${AMENT_PREFIX_PATH} CMAKE_PREFIX_PATH=/app/install/modus_board_interfaces:/app/install/kapibara_interfaces:/opt/ros/humble LD_LIBRARY_PATH=/app/install/modus_board_interfaces/lib:/app/install/kapibara_interfaces/lib:${LD_LIBRARY_PATH} PYTHONPATH=/app/install/modus_board_interfaces/local/lib/python3.10/dist-packages:/app/install/kapibara_interfaces/local/lib/python3.10/dist-packages:${PYTHONPATH} /usr/bin/cmake --install /app/build/modus_board
