[0.055s] Invoking command in '/app/build/mqtt_bridge': CMAKE_PREFIX_PATH=/app/install/kapibara_interfaces:/app/install/start_sequence:/app/install/kapibara_vel_saltis_bridge:/app/install/kapibara_twingo_bridge:/app/install/vel_saltis_services:/app/install/vel_saltis_ears:/app/install/vel_saltis_drive:/app/install/sample_package:/app/install/mqtt_bridge:/app/install/modus_board:/app/install/modus_board_interfaces:/app/install/microphone:/app/install/kapibara:/app/install/emotion_estimer:/opt/ros/humble LD_LIBRARY_PATH=/app/install/kapibara_interfaces/lib:/app/install/vel_saltis_services/lib:/app/install/vel_saltis_ears/lib:/app/install/vel_saltis_drive/lib:/app/install/modus_board_interfaces/lib:/opt/ros/humble/opt/rviz_ogre_vendor/lib:/opt/ros/humble/lib/x86_64-linux-gnu:/opt/ros/humble/lib /usr/bin/cmake --build /app/build/mqtt_bridge -- -j12 -l12
[0.190s] [100%] Built target mqtt_bridge
[0.217s] Invoked command in '/app/build/mqtt_bridge' returned '0': CMAKE_PREFIX_PATH=/app/install/kapibara_interfaces:/app/install/start_sequence:/app/install/kapibara_vel_saltis_bridge:/app/install/kapibara_twingo_bridge:/app/install/vel_saltis_services:/app/install/vel_saltis_ears:/app/install/vel_saltis_drive:/app/install/sample_package:/app/install/mqtt_bridge:/app/install/modus_board:/app/install/modus_board_interfaces:/app/install/microphone:/app/install/kapibara:/app/install/emotion_estimer:/opt/ros/humble LD_LIBRARY_PATH=/app/install/kapibara_interfaces/lib:/app/install/vel_saltis_services/lib:/app/install/vel_saltis_ears/lib:/app/install/vel_saltis_drive/lib:/app/install/modus_board_interfaces/lib:/opt/ros/humble/opt/rviz_ogre_vendor/lib:/opt/ros/humble/lib/x86_64-linux-gnu:/opt/ros/humble/lib /usr/bin/cmake --build /app/build/mqtt_bridge -- -j12 -l12
[0.221s] Invoking command in '/app/build/mqtt_bridge': CMAKE_PREFIX_PATH=/app/install/kapibara_interfaces:/app/install/start_sequence:/app/install/kapibara_vel_saltis_bridge:/app/install/kapibara_twingo_bridge:/app/install/vel_saltis_services:/app/install/vel_saltis_ears:/app/install/vel_saltis_drive:/app/install/sample_package:/app/install/mqtt_bridge:/app/install/modus_board:/app/install/modus_board_interfaces:/app/install/microphone:/app/install/kapibara:/app/install/emotion_estimer:/opt/ros/humble LD_LIBRARY_PATH=/app/install/kapibara_interfaces/lib:/app/install/vel_saltis_services/lib:/app/install/vel_saltis_ears/lib:/app/install/vel_saltis_drive/lib:/app/install/modus_board_interfaces/lib:/opt/ros/humble/opt/rviz_ogre_vendor/lib:/opt/ros/humble/lib/x86_64-linux-gnu:/opt/ros/humble/lib /usr/bin/cmake --install /app/build/mqtt_bridge
[0.241s] -- Install configuration: ""
[0.250s] -- Execute custom install script
[0.250s] -- Up-to-date symlink: /app/install/mqtt_bridge/lib/mqtt_bridge/mqtt_bridge
[0.250s] -- Up-to-date symlink: /app/install/mqtt_bridge/share/ament_index/resource_index/package_run_dependencies/mqtt_bridge
[0.250s] -- Up-to-date symlink: /app/install/mqtt_bridge/share/ament_index/resource_index/parent_prefix_path/mqtt_bridge
[0.250s] -- Up-to-date symlink: /app/install/mqtt_bridge/share/mqtt_bridge/environment/ament_prefix_path.sh
[0.250s] -- Up-to-date symlink: /app/install/mqtt_bridge/share/mqtt_bridge/environment/ament_prefix_path.dsv
[0.250s] -- Up-to-date symlink: /app/install/mqtt_bridge/share/mqtt_bridge/environment/path.sh
[0.250s] -- Up-to-date symlink: /app/install/mqtt_bridge/share/mqtt_bridge/environment/path.dsv
[0.250s] -- Up-to-date symlink: /app/install/mqtt_bridge/share/mqtt_bridge/local_setup.bash
[0.256s] -- Up-to-date symlink: /app/install/mqtt_bridge/share/mqtt_bridge/local_setup.sh
[0.259s] -- Up-to-date symlink: /app/install/mqtt_bridge/share/mqtt_bridge/local_setup.zsh
[0.260s] -- Up-to-date symlink: /app/install/mqtt_bridge/share/mqtt_bridge/local_setup.dsv
[0.260s] -- Symlinking: /app/install/mqtt_bridge/share/mqtt_bridge/package.dsv
[0.277s] -- Up-to-date symlink: /app/install/mqtt_bridge/share/ament_index/resource_index/packages/mqtt_bridge
[0.277s] -- Up-to-date symlink: /app/install/mqtt_bridge/share/mqtt_bridge/cmake/mqtt_bridgeConfig.cmake
[0.281s] -- Up-to-date symlink: /app/install/mqtt_bridge/share/mqtt_bridge/cmake/mqtt_bridgeConfig-version.cmake
[0.281s] -- Up-to-date symlink: /app/install/mqtt_bridge/share/mqtt_bridge/package.xml
[0.292s] Invoked command in '/app/build/mqtt_bridge' returned '0': CMAKE_PREFIX_PATH=/app/install/kapibara_interfaces:/app/install/start_sequence:/app/install/kapibara_vel_saltis_bridge:/app/install/kapibara_twingo_bridge:/app/install/vel_saltis_services:/app/install/vel_saltis_ears:/app/install/vel_saltis_drive:/app/install/sample_package:/app/install/mqtt_bridge:/app/install/modus_board:/app/install/modus_board_interfaces:/app/install/microphone:/app/install/kapibara:/app/install/emotion_estimer:/opt/ros/humble LD_LIBRARY_PATH=/app/install/kapibara_interfaces/lib:/app/install/vel_saltis_services/lib:/app/install/vel_saltis_ears/lib:/app/install/vel_saltis_drive/lib:/app/install/modus_board_interfaces/lib:/opt/ros/humble/opt/rviz_ogre_vendor/lib:/opt/ros/humble/lib/x86_64-linux-gnu:/opt/ros/humble/lib /usr/bin/cmake --install /app/build/mqtt_bridge
