-- The C compiler identification is GNU 11.4.0
-- The CXX compiler identification is GNU 11.4.0
-- Detecting C compiler ABI info
-- Detecting C compiler ABI info - done
-- Check for working C compiler: /usr/bin/cc - skipped
-- Detecting C compile features
-- Detecting C compile features - done
-- Detecting CXX compiler ABI info
-- Detecting CXX compiler ABI info - done
-- Check for working CXX compiler: /usr/bin/c++ - skipped
-- Detecting CXX compile features
-- Detecting CXX compile features - done
-- Found ament_cmake: 1.3.14 (/opt/ros/humble/share/ament_cmake/cmake)
-- Found Python3: /usr/bin/python3 (found version "3.10.12") found components: Interpreter 
-- Override CMake install command with custom implementation using symlinks instead of copying resources
-- Found geometry_msgs: 4.9.1 (/opt/ros/humble/share/geometry_msgs/cmake)
-- Found rosidl_generator_c: 3.1.8 (/opt/ros/humble/share/rosidl_generator_c/cmake)
-- Found rosidl_adapter: 3.1.8 (/opt/ros/humble/share/rosidl_adapter/cmake)
-- Found rosidl_generator_cpp: 3.1.8 (/opt/ros/humble/share/rosidl_generator_cpp/cmake)
-- Using all available rosidl_typesupport_c: rosidl_typesupport_fastrtps_c;rosidl_typesupport_introspection_c
-- Using all available rosidl_typesupport_cpp: rosidl_typesupport_fastrtps_cpp;rosidl_typesupport_introspection_cpp
-- Found kapibara_interfaces: 0.8.0 (/app/install/kapibara_interfaces/share/kapibara_interfaces/cmake)
-- Found rosidl_default_generators: 1.2.1 (/opt/ros/humble/share/rosidl_default_generators/cmake)
-- Found ament_cmake_ros: 0.10.0 (/opt/ros/humble/share/ament_cmake_ros/cmake)
-- Using all available rosidl_typesupport_c: rosidl_typesupport_fastrtps_c;rosidl_typesupport_introspection_c
-- Using all available rosidl_typesupport_cpp: rosidl_typesupport_fastrtps_cpp;rosidl_typesupport_introspection_cpp
-- Found PythonInterp: /usr/bin/python3 (found suitable version "3.10.12", minimum required is "3.6") 
-- Found python_cmake_module: 0.10.0 (/opt/ros/humble/share/python_cmake_module/cmake)
-- Found PythonLibs: /usr/lib/x86_64-linux-gnu/libpython3.10.so (found suitable version "3.10.12", minimum required is "3.5") 
-- Using PYTHON_EXECUTABLE: /usr/bin/python3
-- Using PYTHON_INCLUDE_DIRS: /usr/include/python3.10
-- Using PYTHON_LIBRARIES: /usr/lib/x86_64-linux-gnu/libpython3.10.so
-- Found PythonExtra: .so  
-- Found ament_lint_auto: 0.12.15 (/opt/ros/humble/share/ament_lint_auto/cmake)
-- Added test 'lint_cmake' to check CMake code style
-- Added test 'xmllint' to check XML markup files
-- Configuring done
-- Generating done
-- Build files have been written to: /app/build/modus_board_interfaces
[  2%] [34m[1mGenerating C code for ROS interfaces[0m
[  5%] [34m[1mGenerating Rust code for ROS interfaces[0m
[  5%] Built target ament_cmake_python_symlink_modus_board_interfaces
[  7%] [34m[1mGenerating C++ code for ROS interfaces[0m
running egg_info
creating modus_board_interfaces.egg-info
writing modus_board_interfaces.egg-info/PKG-INFO
writing dependency_links to modus_board_interfaces.egg-info/dependency_links.txt
writing top-level names to modus_board_interfaces.egg-info/top_level.txt
writing manifest file 'modus_board_interfaces.egg-info/SOURCES.txt'
reading manifest file 'modus_board_interfaces.egg-info/SOURCES.txt'
writing manifest file 'modus_board_interfaces.egg-info/SOURCES.txt'
[  7%] Built target modus_board_interfaces__rs
[  7%] Built target ament_cmake_python_build_modus_board_interfaces_egg
[ 10%] [32mBuilding C object CMakeFiles/modus_board_interfaces__rosidl_generator_c.dir/rosidl_generator_c/modus_board_interfaces/srv/detail/enable_boards__functions.c.o[0m
[ 12%] [32mBuilding C object CMakeFiles/modus_board_interfaces__rosidl_generator_c.dir/rosidl_generator_c/modus_board_interfaces/srv/detail/reset_boards__functions.c.o[0m
[ 15%] [32m[1mLinking C shared library libmodus_board_interfaces__rosidl_generator_c.so[0m
[ 15%] Built target modus_board_interfaces__cpp
[ 17%] [34m[1mGenerating C++ introspection for ROS interfaces[0m
[ 20%] [34m[1mGenerating C++ type support for eProsima Fast-RTPS[0m
[ 22%] [34m[1mGenerating C++ type support dispatch for ROS interfaces[0m
[ 22%] Built target modus_board_interfaces__rosidl_generator_c
[ 25%] [34m[1mGenerating C introspection for ROS interfaces[0m
[ 27%] [34m[1mGenerating C type support for eProsima Fast-RTPS[0m
[ 30%] [34m[1mGenerating C type support dispatch for ROS interfaces[0m
[ 32%] [32mBuilding CXX object CMakeFiles/modus_board_interfaces__rosidl_typesupport_introspection_cpp.dir/rosidl_typesupport_introspection_cpp/modus_board_interfaces/srv/detail/reset_boards__type_support.cpp.o[0m
[ 35%] [32mBuilding CXX object CMakeFiles/modus_board_interfaces__rosidl_typesupport_introspection_cpp.dir/rosidl_typesupport_introspection_cpp/modus_board_interfaces/srv/detail/enable_boards__type_support.cpp.o[0m
[ 37%] [32mBuilding CXX object CMakeFiles/modus_board_interfaces__rosidl_typesupport_fastrtps_c.dir/rosidl_typesupport_fastrtps_c/modus_board_interfaces/srv/detail/reset_boards__type_support_c.cpp.o[0m
[ 40%] [32mBuilding CXX object CMakeFiles/modus_board_interfaces__rosidl_typesupport_fastrtps_c.dir/rosidl_typesupport_fastrtps_c/modus_board_interfaces/srv/detail/enable_boards__type_support_c.cpp.o[0m
[ 42%] [32mBuilding CXX object CMakeFiles/modus_board_interfaces__rosidl_typesupport_fastrtps_cpp.dir/rosidl_typesupport_fastrtps_cpp/modus_board_interfaces/srv/detail/dds_fastrtps/enable_boards__type_support.cpp.o[0m
[ 45%] [32mBuilding CXX object CMakeFiles/modus_board_interfaces__rosidl_typesupport_fastrtps_cpp.dir/rosidl_typesupport_fastrtps_cpp/modus_board_interfaces/srv/detail/dds_fastrtps/reset_boards__type_support.cpp.o[0m
[ 47%] [32mBuilding CXX object CMakeFiles/modus_board_interfaces__rosidl_typesupport_cpp.dir/rosidl_typesupport_cpp/modus_board_interfaces/srv/reset_boards__type_support.cpp.o[0m
[ 50%] [32mBuilding CXX object CMakeFiles/modus_board_interfaces__rosidl_typesupport_cpp.dir/rosidl_typesupport_cpp/modus_board_interfaces/srv/enable_boards__type_support.cpp.o[0m
[ 52%] [32mBuilding C object CMakeFiles/modus_board_interfaces__rosidl_typesupport_introspection_c.dir/rosidl_typesupport_introspection_c/modus_board_interfaces/srv/detail/reset_boards__type_support.c.o[0m
[ 55%] [32mBuilding C object CMakeFiles/modus_board_interfaces__rosidl_typesupport_introspection_c.dir/rosidl_typesupport_introspection_c/modus_board_interfaces/srv/detail/enable_boards__type_support.c.o[0m
[ 57%] [32m[1mLinking C shared library libmodus_board_interfaces__rosidl_typesupport_introspection_c.so[0m
[ 60%] [32mBuilding CXX object CMakeFiles/modus_board_interfaces__rosidl_typesupport_c.dir/rosidl_typesupport_c/modus_board_interfaces/srv/enable_boards__type_support.cpp.o[0m
[ 62%] [32mBuilding CXX object CMakeFiles/modus_board_interfaces__rosidl_typesupport_c.dir/rosidl_typesupport_c/modus_board_interfaces/srv/reset_boards__type_support.cpp.o[0m
[ 62%] Built target modus_board_interfaces__rosidl_typesupport_introspection_c
[ 65%] [32m[1mLinking CXX shared library libmodus_board_interfaces__rosidl_typesupport_c.so[0m
[ 65%] Built target modus_board_interfaces__rosidl_typesupport_c
[ 67%] [32m[1mLinking CXX shared library libmodus_board_interfaces__rosidl_typesupport_fastrtps_c.so[0m
[ 70%] [32m[1mLinking CXX shared library libmodus_board_interfaces__rosidl_typesupport_cpp.so[0m
[ 70%] Built target modus_board_interfaces__rosidl_typesupport_cpp
[ 70%] Built target modus_board_interfaces__rosidl_typesupport_fastrtps_c
[ 72%] [32m[1mLinking CXX shared library libmodus_board_interfaces__rosidl_typesupport_introspection_cpp.so[0m
[ 72%] Built target modus_board_interfaces__rosidl_typesupport_introspection_cpp
[ 75%] [32m[1mLinking CXX shared library libmodus_board_interfaces__rosidl_typesupport_fastrtps_cpp.so[0m
[ 75%] Built target modus_board_interfaces__rosidl_typesupport_fastrtps_cpp
[ 75%] Built target modus_board_interfaces
[ 77%] [34m[1mGenerating Python code for ROS interfaces[0m
[ 77%] Built target modus_board_interfaces__py
[ 80%] [32mBuilding C object CMakeFiles/modus_board_interfaces__rosidl_generator_py.dir/rosidl_generator_py/modus_board_interfaces/srv/_enable_boards_s.c.o[0m
[ 82%] [32mBuilding C object CMakeFiles/modus_board_interfaces__rosidl_generator_py.dir/rosidl_generator_py/modus_board_interfaces/srv/_reset_boards_s.c.o[0m
[ 85%] [32m[1mLinking C shared library rosidl_generator_py/modus_board_interfaces/libmodus_board_interfaces__rosidl_generator_py.so[0m
[ 85%] Built target modus_board_interfaces__rosidl_generator_py
[ 87%] [32mBuilding C object CMakeFiles/modus_board_interfaces__rosidl_typesupport_introspection_c__pyext.dir/rosidl_generator_py/modus_board_interfaces/_modus_board_interfaces_s.ep.rosidl_typesupport_introspection_c.c.o[0m
[ 90%] [32mBuilding C object CMakeFiles/modus_board_interfaces__rosidl_typesupport_fastrtps_c__pyext.dir/rosidl_generator_py/modus_board_interfaces/_modus_board_interfaces_s.ep.rosidl_typesupport_fastrtps_c.c.o[0m
[ 92%] [32mBuilding C object CMakeFiles/modus_board_interfaces__rosidl_typesupport_c__pyext.dir/rosidl_generator_py/modus_board_interfaces/_modus_board_interfaces_s.ep.rosidl_typesupport_c.c.o[0m
[ 95%] [32m[1mLinking C shared library rosidl_generator_py/modus_board_interfaces/modus_board_interfaces_s__rosidl_typesupport_fastrtps_c.cpython-310-x86_64-linux-gnu.so[0m
[ 97%] [32m[1mLinking C shared library rosidl_generator_py/modus_board_interfaces/modus_board_interfaces_s__rosidl_typesupport_introspection_c.cpython-310-x86_64-linux-gnu.so[0m
[ 97%] Built target modus_board_interfaces__rosidl_typesupport_fastrtps_c__pyext
[100%] [32m[1mLinking C shared library rosidl_generator_py/modus_board_interfaces/modus_board_interfaces_s__rosidl_typesupport_c.cpython-310-x86_64-linux-gnu.so[0m
[100%] Built target modus_board_interfaces__rosidl_typesupport_introspection_c__pyext
[100%] Built target modus_board_interfaces__rosidl_typesupport_c__pyext
-- Install configuration: ""
-- Execute custom install script
-- Symlinking: /app/install/modus_board_interfaces/share/ament_index/resource_index/rosidl_interfaces/modus_board_interfaces
-- Symlinking: /app/install/modus_board_interfaces/include/modus_board_interfaces/modus_board_interfaces/msg/rosidl_generator_c__visibility_control.h
-- Symlinking: /app/install/modus_board_interfaces/include/modus_board_interfaces/modus_board_interfaces/srv/detail/enable_boards__functions.h
-- Symlinking: /app/install/modus_board_interfaces/include/modus_board_interfaces/modus_board_interfaces/srv/detail/enable_boards__struct.h
-- Symlinking: /app/install/modus_board_interfaces/include/modus_board_interfaces/modus_board_interfaces/srv/detail/enable_boards__type_support.h
-- Symlinking: /app/install/modus_board_interfaces/include/modus_board_interfaces/modus_board_interfaces/srv/detail/reset_boards__functions.h
-- Symlinking: /app/install/modus_board_interfaces/include/modus_board_interfaces/modus_board_interfaces/srv/detail/reset_boards__struct.h
-- Symlinking: /app/install/modus_board_interfaces/include/modus_board_interfaces/modus_board_interfaces/srv/detail/reset_boards__type_support.h
-- Symlinking: /app/install/modus_board_interfaces/include/modus_board_interfaces/modus_board_interfaces/srv/enable_boards.h
-- Symlinking: /app/install/modus_board_interfaces/include/modus_board_interfaces/modus_board_interfaces/srv/reset_boards.h
-- Symlinking: /app/install/modus_board_interfaces/share/modus_board_interfaces/environment/library_path.sh
-- Symlinking: /app/install/modus_board_interfaces/share/modus_board_interfaces/environment/library_path.dsv
-- Symlinking: /app/install/modus_board_interfaces/include/modus_board_interfaces/modus_board_interfaces/msg/rosidl_typesupport_fastrtps_c__visibility_control.h
-- Symlinking: /app/install/modus_board_interfaces/include/modus_board_interfaces/modus_board_interfaces/srv/detail/enable_boards__rosidl_typesupport_fastrtps_c.h
-- Symlinking: /app/install/modus_board_interfaces/include/modus_board_interfaces/modus_board_interfaces/srv/detail/reset_boards__rosidl_typesupport_fastrtps_c.h
-- Symlinking: /app/install/modus_board_interfaces/include/modus_board_interfaces/modus_board_interfaces/msg/rosidl_generator_cpp__visibility_control.hpp
-- Symlinking: /app/install/modus_board_interfaces/include/modus_board_interfaces/modus_board_interfaces/srv/detail/enable_boards__builder.hpp
-- Symlinking: /app/install/modus_board_interfaces/include/modus_board_interfaces/modus_board_interfaces/srv/detail/enable_boards__struct.hpp
-- Symlinking: /app/install/modus_board_interfaces/include/modus_board_interfaces/modus_board_interfaces/srv/detail/enable_boards__traits.hpp
-- Symlinking: /app/install/modus_board_interfaces/include/modus_board_interfaces/modus_board_interfaces/srv/detail/enable_boards__type_support.hpp
-- Symlinking: /app/install/modus_board_interfaces/include/modus_board_interfaces/modus_board_interfaces/srv/detail/reset_boards__builder.hpp
-- Symlinking: /app/install/modus_board_interfaces/include/modus_board_interfaces/modus_board_interfaces/srv/detail/reset_boards__struct.hpp
-- Symlinking: /app/install/modus_board_interfaces/include/modus_board_interfaces/modus_board_interfaces/srv/detail/reset_boards__traits.hpp
-- Symlinking: /app/install/modus_board_interfaces/include/modus_board_interfaces/modus_board_interfaces/srv/detail/reset_boards__type_support.hpp
-- Symlinking: /app/install/modus_board_interfaces/include/modus_board_interfaces/modus_board_interfaces/srv/enable_boards.hpp
-- Symlinking: /app/install/modus_board_interfaces/include/modus_board_interfaces/modus_board_interfaces/srv/reset_boards.hpp
-- Symlinking: /app/install/modus_board_interfaces/include/modus_board_interfaces/modus_board_interfaces/msg/rosidl_typesupport_fastrtps_cpp__visibility_control.h
-- Symlinking: /app/install/modus_board_interfaces/include/modus_board_interfaces/modus_board_interfaces/srv/detail/enable_boards__rosidl_typesupport_fastrtps_cpp.hpp
-- Symlinking: /app/install/modus_board_interfaces/include/modus_board_interfaces/modus_board_interfaces/srv/detail/reset_boards__rosidl_typesupport_fastrtps_cpp.hpp
-- Symlinking: /app/install/modus_board_interfaces/include/modus_board_interfaces/modus_board_interfaces/msg/rosidl_typesupport_introspection_c__visibility_control.h
-- Symlinking: /app/install/modus_board_interfaces/include/modus_board_interfaces/modus_board_interfaces/srv/detail/enable_boards__rosidl_typesupport_introspection_c.h
-- Symlinking: /app/install/modus_board_interfaces/include/modus_board_interfaces/modus_board_interfaces/srv/detail/reset_boards__rosidl_typesupport_introspection_c.h
-- Symlinking: /app/install/modus_board_interfaces/include/modus_board_interfaces/modus_board_interfaces/srv/detail/enable_boards__rosidl_typesupport_introspection_cpp.hpp
-- Symlinking: /app/install/modus_board_interfaces/include/modus_board_interfaces/modus_board_interfaces/srv/detail/reset_boards__rosidl_typesupport_introspection_cpp.hpp
-- Symlinking: /app/install/modus_board_interfaces/share/modus_board_interfaces/environment/pythonpath.sh
-- Symlinking: /app/install/modus_board_interfaces/share/modus_board_interfaces/environment/pythonpath.dsv
-- Symlinking: /app/install/modus_board_interfaces/local/lib/python3.10/dist-packages/modus_board_interfaces-0.8.0-py3.10.egg-info/PKG-INFO
-- Symlinking: /app/install/modus_board_interfaces/local/lib/python3.10/dist-packages/modus_board_interfaces-0.8.0-py3.10.egg-info/SOURCES.txt
-- Symlinking: /app/install/modus_board_interfaces/local/lib/python3.10/dist-packages/modus_board_interfaces-0.8.0-py3.10.egg-info/dependency_links.txt
-- Symlinking: /app/install/modus_board_interfaces/local/lib/python3.10/dist-packages/modus_board_interfaces-0.8.0-py3.10.egg-info/top_level.txt
-- Symlinking: /app/install/modus_board_interfaces/local/lib/python3.10/dist-packages/modus_board_interfaces/__init__.py
-- Symlinking: /app/install/modus_board_interfaces/local/lib/python3.10/dist-packages/modus_board_interfaces/_modus_board_interfaces_s.ep.rosidl_typesupport_c.c
-- Symlinking: /app/install/modus_board_interfaces/local/lib/python3.10/dist-packages/modus_board_interfaces/_modus_board_interfaces_s.ep.rosidl_typesupport_fastrtps_c.c
-- Symlinking: /app/install/modus_board_interfaces/local/lib/python3.10/dist-packages/modus_board_interfaces/_modus_board_interfaces_s.ep.rosidl_typesupport_introspection_c.c
-- Symlinking: /app/install/modus_board_interfaces/local/lib/python3.10/dist-packages/modus_board_interfaces/libmodus_board_interfaces__rosidl_generator_py.so
-- Symlinking: /app/install/modus_board_interfaces/local/lib/python3.10/dist-packages/modus_board_interfaces/modus_board_interfaces_s__rosidl_typesupport_c.cpython-310-x86_64-linux-gnu.so
-- Symlinking: /app/install/modus_board_interfaces/local/lib/python3.10/dist-packages/modus_board_interfaces/modus_board_interfaces_s__rosidl_typesupport_fastrtps_c.cpython-310-x86_64-linux-gnu.so
-- Symlinking: /app/install/modus_board_interfaces/local/lib/python3.10/dist-packages/modus_board_interfaces/modus_board_interfaces_s__rosidl_typesupport_introspection_c.cpython-310-x86_64-linux-gnu.so
-- Symlinking: /app/install/modus_board_interfaces/local/lib/python3.10/dist-packages/modus_board_interfaces/srv/__init__.py
-- Symlinking: /app/install/modus_board_interfaces/local/lib/python3.10/dist-packages/modus_board_interfaces/srv/_enable_boards.py
-- Symlinking: /app/install/modus_board_interfaces/local/lib/python3.10/dist-packages/modus_board_interfaces/srv/_enable_boards_s.c
-- Symlinking: /app/install/modus_board_interfaces/local/lib/python3.10/dist-packages/modus_board_interfaces/srv/_reset_boards.py
-- Symlinking: /app/install/modus_board_interfaces/local/lib/python3.10/dist-packages/modus_board_interfaces/srv/_reset_boards_s.c
-- Up-to-date symlink: /app/install/modus_board_interfaces/local/lib/python3.10/dist-packages/modus_board_interfaces/modus_board_interfaces_s__rosidl_typesupport_fastrtps_c.cpython-310-x86_64-linux-gnu.so
-- Up-to-date symlink: /app/install/modus_board_interfaces/local/lib/python3.10/dist-packages/modus_board_interfaces/modus_board_interfaces_s__rosidl_typesupport_introspection_c.cpython-310-x86_64-linux-gnu.so
-- Up-to-date symlink: /app/install/modus_board_interfaces/local/lib/python3.10/dist-packages/modus_board_interfaces/modus_board_interfaces_s__rosidl_typesupport_c.cpython-310-x86_64-linux-gnu.so
-- Symlinking: /app/install/modus_board_interfaces/share/ament_index/resource_index/rust_packages/modus_board_interfaces
-- Symlinking: /app/install/modus_board_interfaces/share/modus_board_interfaces/rust/Cargo.toml
-- Symlinking: /app/install/modus_board_interfaces/share/modus_board_interfaces/rust/build.rs
-- Symlinking: /app/install/modus_board_interfaces/share/modus_board_interfaces/rust/src/lib.rs
-- Symlinking: /app/install/modus_board_interfaces/share/modus_board_interfaces/rust/src/srv.rs
-- Symlinking: /app/install/modus_board_interfaces/share/modus_board_interfaces/rust/src/srv/rmw.rs
-- Symlinking: /app/install/modus_board_interfaces/share/modus_board_interfaces/srv/EnableBoards.idl
-- Symlinking: /app/install/modus_board_interfaces/share/modus_board_interfaces/srv/ResetBoards.idl
-- Symlinking: /app/install/modus_board_interfaces/share/modus_board_interfaces/srv/EnableBoards.srv
-- Symlinking: /app/install/modus_board_interfaces/share/modus_board_interfaces/srv/EnableBoards_Request.msg
-- Symlinking: /app/install/modus_board_interfaces/share/modus_board_interfaces/srv/EnableBoards_Response.msg
-- Symlinking: /app/install/modus_board_interfaces/share/modus_board_interfaces/srv/ResetBoards.srv
-- Symlinking: /app/install/modus_board_interfaces/share/modus_board_interfaces/srv/ResetBoards_Request.msg
-- Symlinking: /app/install/modus_board_interfaces/share/modus_board_interfaces/srv/ResetBoards_Response.msg
-- Symlinking: /app/install/modus_board_interfaces/share/ament_index/resource_index/package_run_dependencies/modus_board_interfaces
-- Symlinking: /app/install/modus_board_interfaces/share/ament_index/resource_index/parent_prefix_path/modus_board_interfaces
-- Symlinking: /app/install/modus_board_interfaces/share/modus_board_interfaces/environment/ament_prefix_path.sh
-- Symlinking: /app/install/modus_board_interfaces/share/modus_board_interfaces/environment/ament_prefix_path.dsv
-- Symlinking: /app/install/modus_board_interfaces/share/modus_board_interfaces/environment/path.sh
-- Symlinking: /app/install/modus_board_interfaces/share/modus_board_interfaces/environment/path.dsv
-- Symlinking: /app/install/modus_board_interfaces/share/modus_board_interfaces/local_setup.bash
-- Symlinking: /app/install/modus_board_interfaces/share/modus_board_interfaces/local_setup.sh
-- Symlinking: /app/install/modus_board_interfaces/share/modus_board_interfaces/local_setup.zsh
-- Symlinking: /app/install/modus_board_interfaces/share/modus_board_interfaces/local_setup.dsv
-- Symlinking: /app/install/modus_board_interfaces/share/modus_board_interfaces/package.dsv
-- Symlinking: /app/install/modus_board_interfaces/share/ament_index/resource_index/packages/modus_board_interfaces
-- Symlinking: /app/install/modus_board_interfaces/share/modus_board_interfaces/cmake/rosidl_cmake-extras.cmake
-- Symlinking: /app/install/modus_board_interfaces/share/modus_board_interfaces/cmake/ament_cmake_export_dependencies-extras.cmake
-- Symlinking: /app/install/modus_board_interfaces/share/modus_board_interfaces/cmake/ament_cmake_export_include_directories-extras.cmake
-- Symlinking: /app/install/modus_board_interfaces/share/modus_board_interfaces/cmake/ament_cmake_export_libraries-extras.cmake
-- Symlinking: /app/install/modus_board_interfaces/share/modus_board_interfaces/cmake/ament_cmake_export_targets-extras.cmake
-- Symlinking: /app/install/modus_board_interfaces/share/modus_board_interfaces/cmake/rosidl_cmake_export_typesupport_targets-extras.cmake
-- Symlinking: /app/install/modus_board_interfaces/share/modus_board_interfaces/cmake/rosidl_cmake_export_typesupport_libraries-extras.cmake
-- Symlinking: /app/install/modus_board_interfaces/share/modus_board_interfaces/cmake/modus_board_interfacesConfig.cmake
-- Symlinking: /app/install/modus_board_interfaces/share/modus_board_interfaces/cmake/modus_board_interfacesConfig-version.cmake
-- Symlinking: /app/install/modus_board_interfaces/share/modus_board_interfaces/package.xml
-- Installing: /app/install/modus_board_interfaces/lib/libmodus_board_interfaces__rosidl_generator_c.so
-- Set runtime path of "/app/install/modus_board_interfaces/lib/libmodus_board_interfaces__rosidl_generator_c.so" to ""
-- Installing: /app/install/modus_board_interfaces/lib/libmodus_board_interfaces__rosidl_typesupport_fastrtps_c.so
-- Set runtime path of "/app/install/modus_board_interfaces/lib/libmodus_board_interfaces__rosidl_typesupport_fastrtps_c.so" to ""
-- Installing: /app/install/modus_board_interfaces/lib/libmodus_board_interfaces__rosidl_typesupport_fastrtps_cpp.so
-- Set runtime path of "/app/install/modus_board_interfaces/lib/libmodus_board_interfaces__rosidl_typesupport_fastrtps_cpp.so" to ""
-- Installing: /app/install/modus_board_interfaces/lib/libmodus_board_interfaces__rosidl_typesupport_introspection_c.so
-- Set runtime path of "/app/install/modus_board_interfaces/lib/libmodus_board_interfaces__rosidl_typesupport_introspection_c.so" to ""
-- Installing: /app/install/modus_board_interfaces/lib/libmodus_board_interfaces__rosidl_typesupport_c.so
-- Set runtime path of "/app/install/modus_board_interfaces/lib/libmodus_board_interfaces__rosidl_typesupport_c.so" to ""
-- Installing: /app/install/modus_board_interfaces/lib/libmodus_board_interfaces__rosidl_typesupport_introspection_cpp.so
-- Set runtime path of "/app/install/modus_board_interfaces/lib/libmodus_board_interfaces__rosidl_typesupport_introspection_cpp.so" to ""
-- Installing: /app/install/modus_board_interfaces/lib/libmodus_board_interfaces__rosidl_typesupport_cpp.so
-- Set runtime path of "/app/install/modus_board_interfaces/lib/libmodus_board_interfaces__rosidl_typesupport_cpp.so" to ""
Listing '/app/install/modus_board_interfaces/local/lib/python3.10/dist-packages/modus_board_interfaces'...
Compiling '/app/install/modus_board_interfaces/local/lib/python3.10/dist-packages/modus_board_interfaces/__init__.py'...
Listing '/app/install/modus_board_interfaces/local/lib/python3.10/dist-packages/modus_board_interfaces/srv'...
Compiling '/app/install/modus_board_interfaces/local/lib/python3.10/dist-packages/modus_board_interfaces/srv/__init__.py'...
Compiling '/app/install/modus_board_interfaces/local/lib/python3.10/dist-packages/modus_board_interfaces/srv/_enable_boards.py'...
Compiling '/app/install/modus_board_interfaces/local/lib/python3.10/dist-packages/modus_board_interfaces/srv/_reset_boards.py'...
-- Installing: /app/install/modus_board_interfaces/lib/libmodus_board_interfaces__rosidl_generator_py.so
-- Set runtime path of "/app/install/modus_board_interfaces/lib/libmodus_board_interfaces__rosidl_generator_py.so" to ""
-- Installing: /app/install/modus_board_interfaces/share/modus_board_interfaces/cmake/export_modus_board_interfaces__rosidl_generator_cExport.cmake
-- Installing: /app/install/modus_board_interfaces/share/modus_board_interfaces/cmake/export_modus_board_interfaces__rosidl_generator_cExport-noconfig.cmake
-- Installing: /app/install/modus_board_interfaces/share/modus_board_interfaces/cmake/export_modus_board_interfaces__rosidl_typesupport_fastrtps_cExport.cmake
-- Installing: /app/install/modus_board_interfaces/share/modus_board_interfaces/cmake/export_modus_board_interfaces__rosidl_typesupport_fastrtps_cExport-noconfig.cmake
-- Installing: /app/install/modus_board_interfaces/share/modus_board_interfaces/cmake/export_modus_board_interfaces__rosidl_generator_cppExport.cmake
-- Installing: /app/install/modus_board_interfaces/share/modus_board_interfaces/cmake/export_modus_board_interfaces__rosidl_typesupport_fastrtps_cppExport.cmake
-- Installing: /app/install/modus_board_interfaces/share/modus_board_interfaces/cmake/export_modus_board_interfaces__rosidl_typesupport_fastrtps_cppExport-noconfig.cmake
-- Installing: /app/install/modus_board_interfaces/share/modus_board_interfaces/cmake/modus_board_interfaces__rosidl_typesupport_introspection_cExport.cmake
-- Installing: /app/install/modus_board_interfaces/share/modus_board_interfaces/cmake/modus_board_interfaces__rosidl_typesupport_introspection_cExport-noconfig.cmake
-- Installing: /app/install/modus_board_interfaces/share/modus_board_interfaces/cmake/modus_board_interfaces__rosidl_typesupport_cExport.cmake
-- Installing: /app/install/modus_board_interfaces/share/modus_board_interfaces/cmake/modus_board_interfaces__rosidl_typesupport_cExport-noconfig.cmake
-- Installing: /app/install/modus_board_interfaces/share/modus_board_interfaces/cmake/modus_board_interfaces__rosidl_typesupport_introspection_cppExport.cmake
-- Installing: /app/install/modus_board_interfaces/share/modus_board_interfaces/cmake/modus_board_interfaces__rosidl_typesupport_introspection_cppExport-noconfig.cmake
-- Installing: /app/install/modus_board_interfaces/share/modus_board_interfaces/cmake/modus_board_interfaces__rosidl_typesupport_cppExport.cmake
-- Installing: /app/install/modus_board_interfaces/share/modus_board_interfaces/cmake/modus_board_interfaces__rosidl_typesupport_cppExport-noconfig.cmake
-- Installing: /app/install/modus_board_interfaces/share/modus_board_interfaces/cmake/export_modus_board_interfaces__rosidl_generator_pyExport.cmake
-- Installing: /app/install/modus_board_interfaces/share/modus_board_interfaces/cmake/export_modus_board_interfaces__rosidl_generator_pyExport-noconfig.cmake
