-- The C compiler identification is GNU 11.4.0
-- The CXX compiler identification is GNU 11.4.0
-- Detecting C compiler ABI info
-- Detecting C compiler ABI info - done
-- Check for working C compiler: /usr/bin/cc - skipped
-- Detecting C compile features
-- Detecting C compile features - done
-- Detecting CXX compiler ABI info
-- Detecting CXX compiler ABI info - done
-- Check for working CXX compiler: /usr/bin/c++ - skipped
-- Detecting CXX compile features
-- Detecting CXX compile features - done
-- Found ament_cmake: 1.3.14 (/opt/ros/humble/share/ament_cmake/cmake)
-- Found Python3: /usr/bin/python3 (found version "3.10.12") found components: Interpreter 
-- Override CMake install command with custom implementation using symlinks instead of copying resources
-- Found hardware_interface: 2.54.0 (/opt/ros/humble/share/hardware_interface/cmake)
-- Found rosidl_generator_c: 3.1.8 (/opt/ros/humble/share/rosidl_generator_c/cmake)
-- Found rosidl_adapter: 3.1.8 (/opt/ros/humble/share/rosidl_adapter/cmake)
-- Found rosidl_generator_cpp: 3.1.8 (/opt/ros/humble/share/rosidl_generator_cpp/cmake)
-- Using all available rosidl_typesupport_c: rosidl_typesupport_fastrtps_c;rosidl_typesupport_introspection_c
-- Using all available rosidl_typesupport_cpp: rosidl_typesupport_fastrtps_cpp;rosidl_typesupport_introspection_cpp
-- Found rmw_implementation_cmake: 6.1.2 (/opt/ros/humble/share/rmw_implementation_cmake/cmake)
-- Found rmw_fastrtps_cpp: 6.2.10 (/opt/ros/humble/share/rmw_fastrtps_cpp/cmake)
-- Found TinyXML2 via Config file: TinyXML2_DIR-NOTFOUND
-- Found OpenSSL: /usr/lib/x86_64-linux-gnu/libcrypto.so (found version "3.0.2")  
-- Found TinyXML2 via Config file: TinyXML2_DIR-NOTFOUND
-- Found FastRTPS: /opt/ros/humble/include  
-- Found TinyXML2 via Config file: TinyXML2_DIR-NOTFOUND
-- Found TinyXML2 via Config file: TinyXML2_DIR-NOTFOUND
-- Using RMW implementation 'rmw_fastrtps_cpp' as default
-- Looking for pthread.h
-- Looking for pthread.h - found
-- Performing Test CMAKE_HAVE_LIBC_PTHREAD
-- Performing Test CMAKE_HAVE_LIBC_PTHREAD - Success
-- Found Threads: TRUE  
-- Found controller_manager: 2.54.0 (/opt/ros/humble/share/controller_manager/cmake)
-- Found ament_lint_auto: 0.12.15 (/opt/ros/humble/share/ament_lint_auto/cmake)
-- Found kapibara_interfaces: 0.8.0 (/app/install/kapibara_interfaces/share/kapibara_interfaces/cmake)
-- Added test 'cppcheck' to perform static code analysis on C / C++ code
-- Configured cppcheck include dirs: /app/src/vel_saltis_drive/include
-- Configured cppcheck exclude dirs and/or files: 
-- Added test 'lint_cmake' to check CMake code style
-- Added test 'uncrustify' to check C / C++ code style
-- Configured uncrustify additional arguments: 
-- Added test 'xmllint' to check XML markup files
-- Configuring done
-- Generating done
-- Build files have been written to: /app/build/vel_saltis_drive
[ 25%] [32mBuilding CXX object CMakeFiles/vel_saltis_drive.dir/src/vel_saltis_drive.cpp.o[0m
[ 50%] [32mBuilding CXX object CMakeFiles/vel_saltis_drive.dir/src/can.cpp.o[0m
[ 75%] [32mBuilding CXX object CMakeFiles/vel_saltis_drive.dir/src/frame.cpp.o[0m
[100%] [32m[1mLinking CXX shared library libvel_saltis_drive.so[0m
[100%] Built target vel_saltis_drive
-- Install configuration: ""
-- Execute custom install script
-- Symlinking: /app/install/vel_saltis_drive/share/vel_saltis_drive//vel_saltis_drive.xml
-- Symlinking: /app/install/vel_saltis_drive/lib/libvel_saltis_drive.so
-- Symlinking: /app/install/vel_saltis_drive/share/ament_index/resource_index/package_run_dependencies/vel_saltis_drive
-- Symlinking: /app/install/vel_saltis_drive/share/ament_index/resource_index/parent_prefix_path/vel_saltis_drive
-- Symlinking: /app/install/vel_saltis_drive/share/vel_saltis_drive/environment/ament_prefix_path.sh
-- Symlinking: /app/install/vel_saltis_drive/share/vel_saltis_drive/environment/ament_prefix_path.dsv
-- Symlinking: /app/install/vel_saltis_drive/share/vel_saltis_drive/environment/path.sh
-- Symlinking: /app/install/vel_saltis_drive/share/vel_saltis_drive/environment/path.dsv
-- Symlinking: /app/install/vel_saltis_drive/share/vel_saltis_drive/local_setup.bash
-- Symlinking: /app/install/vel_saltis_drive/share/vel_saltis_drive/local_setup.sh
-- Symlinking: /app/install/vel_saltis_drive/share/vel_saltis_drive/local_setup.zsh
-- Symlinking: /app/install/vel_saltis_drive/share/vel_saltis_drive/local_setup.dsv
-- Symlinking: /app/install/vel_saltis_drive/share/vel_saltis_drive/package.dsv
-- Symlinking: /app/install/vel_saltis_drive/share/ament_index/resource_index/packages/vel_saltis_drive
-- Symlinking: /app/install/vel_saltis_drive/share/ament_index/resource_index/hardware_interface__pluginlib__plugin/vel_saltis_drive
-- Symlinking: /app/install/vel_saltis_drive/share/vel_saltis_drive/cmake/vel_saltis_driveConfig.cmake
-- Symlinking: /app/install/vel_saltis_drive/share/vel_saltis_drive/cmake/vel_saltis_driveConfig-version.cmake
-- Symlinking: /app/install/vel_saltis_drive/share/vel_saltis_drive/package.xml
