[0.027s] Invoking command in '/app/build/vel_saltis_drive': AMENT_PREFIX_PATH=/app/install/kapibara_interfaces:${AMENT_PREFIX_PATH} CMAKE_PREFIX_PATH=/app/install/kapibara_interfaces:/opt/ros/humble LD_LIBRARY_PATH=/app/install/kapibara_interfaces/lib:${LD_LIBRARY_PATH} PYTHONPATH=/app/install/kapibara_interfaces/local/lib/python3.10/dist-packages:${PYTHONPATH} /usr/bin/cmake /app/src/vel_saltis_drive -DAMENT_CMAKE_SYMLINK_INSTALL=1 -DCMAKE_INSTALL_PREFIX=/app/install/vel_saltis_drive
[0.100s] -- The C compiler identification is GNU 11.4.0
[0.165s] -- The CXX compiler identification is GNU 11.4.0
[0.174s] -- Detecting C compiler ABI info
[0.252s] -- Detecting C compiler ABI info - done
[0.259s] -- Check for working C compiler: /usr/bin/cc - skipped
[0.260s] -- Detecting C compile features
[0.260s] -- Detecting C compile features - done
[0.263s] -- Detecting CXX compiler ABI info
[0.343s] -- Detecting CXX compiler ABI info - done
[0.351s] -- Check for working CXX compiler: /usr/bin/c++ - skipped
[0.351s] -- Detecting CXX compile features
[0.352s] -- Detecting CXX compile features - done
[0.354s] -- Found ament_cmake: 1.3.14 (/opt/ros/humble/share/ament_cmake/cmake)
[0.503s] -- Found Python3: /usr/bin/python3 (found version "3.10.12") found components: Interpreter 
[0.573s] -- Override CMake install command with custom implementation using symlinks instead of copying resources
[0.630s] -- Found hardware_interface: 2.54.0 (/opt/ros/humble/share/hardware_interface/cmake)
[0.694s] -- Found rosidl_generator_c: 3.1.8 (/opt/ros/humble/share/rosidl_generator_c/cmake)
[0.702s] -- Found rosidl_adapter: 3.1.8 (/opt/ros/humble/share/rosidl_adapter/cmake)
[0.714s] -- Found rosidl_generator_cpp: 3.1.8 (/opt/ros/humble/share/rosidl_generator_cpp/cmake)
[0.729s] -- Using all available rosidl_typesupport_c: rosidl_typesupport_fastrtps_c;rosidl_typesupport_introspection_c
[0.758s] -- Using all available rosidl_typesupport_cpp: rosidl_typesupport_fastrtps_cpp;rosidl_typesupport_introspection_cpp
[1.080s] -- Found rmw_implementation_cmake: 6.1.2 (/opt/ros/humble/share/rmw_implementation_cmake/cmake)
[1.084s] -- Found rmw_fastrtps_cpp: 6.2.10 (/opt/ros/humble/share/rmw_fastrtps_cpp/cmake)
[1.116s] -- Found TinyXML2 via Config file: TinyXML2_DIR-NOTFOUND
[1.190s] -- Found OpenSSL: /usr/lib/x86_64-linux-gnu/libcrypto.so (found version "3.0.2")  
[1.194s] -- Found TinyXML2 via Config file: TinyXML2_DIR-NOTFOUND
[1.221s] -- Found FastRTPS: /opt/ros/humble/include  
[1.225s] -- Found TinyXML2 via Config file: TinyXML2_DIR-NOTFOUND
[1.233s] -- Found TinyXML2 via Config file: TinyXML2_DIR-NOTFOUND
[1.248s] -- Using RMW implementation 'rmw_fastrtps_cpp' as default
[1.261s] -- Looking for pthread.h
[1.355s] -- Looking for pthread.h - found
[1.355s] -- Performing Test CMAKE_HAVE_LIBC_PTHREAD
[1.465s] -- Performing Test CMAKE_HAVE_LIBC_PTHREAD - Success
[1.465s] -- Found Threads: TRUE  
[1.552s] -- Found controller_manager: 2.54.0 (/opt/ros/humble/share/controller_manager/cmake)
[1.622s] -- Found ament_lint_auto: 0.12.15 (/opt/ros/humble/share/ament_lint_auto/cmake)
[1.751s] -- Found kapibara_interfaces: 0.8.0 (/app/install/kapibara_interfaces/share/kapibara_interfaces/cmake)
[1.776s] -- Added test 'cppcheck' to perform static code analysis on C / C++ code
[1.777s] -- Configured cppcheck include dirs: /app/src/vel_saltis_drive/include
[1.777s] -- Configured cppcheck exclude dirs and/or files: 
[1.778s] -- Added test 'lint_cmake' to check CMake code style
[1.780s] -- Added test 'uncrustify' to check C / C++ code style
[1.781s] -- Configured uncrustify additional arguments: 
[1.781s] -- Added test 'xmllint' to check XML markup files
[1.783s] -- Configuring done
[1.810s] -- Generating done
[1.818s] -- Build files have been written to: /app/build/vel_saltis_drive
[1.838s] Invoked command in '/app/build/vel_saltis_drive' returned '0': AMENT_PREFIX_PATH=/app/install/kapibara_interfaces:${AMENT_PREFIX_PATH} CMAKE_PREFIX_PATH=/app/install/kapibara_interfaces:/opt/ros/humble LD_LIBRARY_PATH=/app/install/kapibara_interfaces/lib:${LD_LIBRARY_PATH} PYTHONPATH=/app/install/kapibara_interfaces/local/lib/python3.10/dist-packages:${PYTHONPATH} /usr/bin/cmake /app/src/vel_saltis_drive -DAMENT_CMAKE_SYMLINK_INSTALL=1 -DCMAKE_INSTALL_PREFIX=/app/install/vel_saltis_drive
[1.841s] Invoking command in '/app/build/vel_saltis_drive': AMENT_PREFIX_PATH=/app/install/kapibara_interfaces:${AMENT_PREFIX_PATH} CMAKE_PREFIX_PATH=/app/install/kapibara_interfaces:/opt/ros/humble LD_LIBRARY_PATH=/app/install/kapibara_interfaces/lib:${LD_LIBRARY_PATH} PYTHONPATH=/app/install/kapibara_interfaces/local/lib/python3.10/dist-packages:${PYTHONPATH} /usr/bin/cmake --build /app/build/vel_saltis_drive -- -j12 -l12
[1.915s] [ 25%] [32mBuilding CXX object CMakeFiles/vel_saltis_drive.dir/src/vel_saltis_drive.cpp.o[0m
[1.933s] [ 50%] [32mBuilding CXX object CMakeFiles/vel_saltis_drive.dir/src/can.cpp.o[0m
[1.933s] [ 75%] [32mBuilding CXX object CMakeFiles/vel_saltis_drive.dir/src/frame.cpp.o[0m
[7.843s] In file included from [01m[K/app/src/vel_saltis_drive/src/vel_saltis_drive.cpp:5[m[K:
[7.844s] [01m[K/app/src/vel_saltis_drive/include/vel_saltis_drive/vel_saltis_drive.hpp:46:54:[m[K [01;35m[Kwarning: [m[Kextra ‘[01m[K;[m[K’ [[01;35m[K-Wpedantic[m[K]
[7.844s]    46 |         RCLCPP_SHARED_PTR_DEFINITIONS(VelSaltisDrive)[01;35m[K;[m[K
[7.845s]       |                                                      [01;35m[K^[m[K
[7.845s]       |                                                      [31m[K-[m[K
[8.026s] [01m[K/app/src/vel_saltis_drive/include/vel_saltis_drive/vel_saltis_drive.hpp:[m[K In member function ‘[01m[Kvoid vel_saltis_drive::VelSaltisDrive::send_motor_msg(int32_t, int32_t)[m[K’:
[8.026s] [01m[K/app/src/vel_saltis_drive/include/vel_saltis_drive/vel_saltis_drive.hpp:95:17:[m[K [01;35m[Kwarning: [m[KC++ designated initializers only available with ‘[01m[K-std=c++20[m[K’ or ‘[01m[K-std=gnu++20[m[K’ [[01;35m[K-Wpedantic[m[K]
[8.026s]    95 |                 [01;35m[K.[m[Kspeed_left = speed_left,
[8.026s]       |                 [01;35m[K^[m[K
[8.026s] [01m[K/app/src/vel_saltis_drive/include/vel_saltis_drive/vel_saltis_drive.hpp:96:17:[m[K [01;35m[Kwarning: [m[KC++ designated initializers only available with ‘[01m[K-std=c++20[m[K’ or ‘[01m[K-std=gnu++20[m[K’ [[01;35m[K-Wpedantic[m[K]
[8.027s]    96 |                 [01;35m[K.[m[Kspeed_right = speed_right
[8.027s]       |                 [01;35m[K^[m[K
[8.070s] [01m[K/app/src/vel_saltis_drive/src/vel_saltis_drive.cpp:[m[K In member function ‘[01m[Kvirtual hardware_interface::CallbackReturn vel_saltis_drive::VelSaltisDrive::on_cleanup(const rclcpp_lifecycle::State&)[m[K’:
[8.070s] [01m[K/app/src/vel_saltis_drive/src/vel_saltis_drive.cpp:88:98:[m[K [01;35m[Kwarning: [m[Kunused parameter ‘[01m[Kprevious_state[m[K’ [[01;35m[K-Wunused-parameter[m[K]
[8.070s]    88 |     hardware_interface::CallbackReturn VelSaltisDrive::on_cleanup([01;35m[Kconst rclcpp_lifecycle::State &previous_state[m[K)
[8.070s]       |                                                                   [01;35m[K~~~~~~~~~~~~~~~~~~~~~~~~~~~~~~~^~~~~~~~~~~~~~[m[K
[8.070s] [01m[K/app/src/vel_saltis_drive/src/vel_saltis_drive.cpp:[m[K In member function ‘[01m[Kvirtual hardware_interface::CallbackReturn vel_saltis_drive::VelSaltisDrive::on_shutdown(const rclcpp_lifecycle::State&)[m[K’:
[8.070s] [01m[K/app/src/vel_saltis_drive/src/vel_saltis_drive.cpp:99:99:[m[K [01;35m[Kwarning: [m[Kunused parameter ‘[01m[Kprevious_state[m[K’ [[01;35m[K-Wunused-parameter[m[K]
[8.070s]    99 |     hardware_interface::CallbackReturn VelSaltisDrive::on_shutdown([01;35m[Kconst rclcpp_lifecycle::State &previous_state[m[K)
[8.071s]       |                                                                    [01;35m[K~~~~~~~~~~~~~~~~~~~~~~~~~~~~~~~^~~~~~~~~~~~~~[m[K
[8.071s] [01m[K/app/src/vel_saltis_drive/src/vel_saltis_drive.cpp:[m[K In member function ‘[01m[Kvirtual hardware_interface::CallbackReturn vel_saltis_drive::VelSaltisDrive::on_deactivate(const rclcpp_lifecycle::State&)[m[K’:
[8.071s] [01m[K/app/src/vel_saltis_drive/src/vel_saltis_drive.cpp:108:102:[m[K [01;35m[Kwarning: [m[Kunused parameter ‘[01m[Kprevious_state[m[K’ [[01;35m[K-Wunused-parameter[m[K]
[8.071s]   108 |     hardware_interface::CallbackReturn VelSaltisDrive::on_deactivate([01;35m[Kconst rclcpp_lifecycle::State & previous_state[m[K)
[8.071s]       |                                                                      [01;35m[K~~~~~~~~~~~~~~~~~~~~~~~~~~~~~~~~^~~~~~~~~~~~~~[m[K
[8.071s] [01m[K/app/src/vel_saltis_drive/src/vel_saltis_drive.cpp:[m[K In member function ‘[01m[Kvirtual hardware_interface::CallbackReturn vel_saltis_drive::VelSaltisDrive::on_activate(const rclcpp_lifecycle::State&)[m[K’:
[8.071s] [01m[K/app/src/vel_saltis_drive/src/vel_saltis_drive.cpp:117:99:[m[K [01;35m[Kwarning: [m[Kunused parameter ‘[01m[Kprevious_state[m[K’ [[01;35m[K-Wunused-parameter[m[K]
[8.071s]   117 |     hardware_interface::CallbackReturn VelSaltisDrive::on_activate([01;35m[Kconst rclcpp_lifecycle::State &previous_state[m[K)
[8.071s]       |                                                                    [01;35m[K~~~~~~~~~~~~~~~~~~~~~~~~~~~~~~~^~~~~~~~~~~~~~[m[K
[8.071s] [01m[K/app/src/vel_saltis_drive/src/vel_saltis_drive.cpp:[m[K In member function ‘[01m[Kvirtual hardware_interface::CallbackReturn vel_saltis_drive::VelSaltisDrive::on_error(const rclcpp_lifecycle::State&)[m[K’:
[8.071s] [01m[K/app/src/vel_saltis_drive/src/vel_saltis_drive.cpp:126:96:[m[K [01;35m[Kwarning: [m[Kunused parameter ‘[01m[Kprevious_state[m[K’ [[01;35m[K-Wunused-parameter[m[K]
[8.071s]   126 |     hardware_interface::CallbackReturn VelSaltisDrive::on_error([01;35m[Kconst rclcpp_lifecycle::State &previous_state[m[K)
[8.071s]       |                                                                 [01;35m[K~~~~~~~~~~~~~~~~~~~~~~~~~~~~~~~^~~~~~~~~~~~~~[m[K
[8.089s] [01m[K/app/src/vel_saltis_drive/src/vel_saltis_drive.cpp:[m[K In member function ‘[01m[Kvirtual hardware_interface::return_type vel_saltis_drive::VelSaltisDrive::read(const rclcpp::Time&, const rclcpp::Duration&)[m[K’:
[8.089s] [01m[K/app/src/vel_saltis_drive/src/vel_saltis_drive.cpp:172:78:[m[K [01;35m[Kwarning: [m[Kunused parameter ‘[01m[Ktime[m[K’ [[01;35m[K-Wunused-parameter[m[K]
[8.090s]   172 |     hardware_interface::return_type VelSaltisDrive::read([01;35m[Kconst rclcpp::Time &time[m[K, const rclcpp::Duration &period)
[8.091s]       |                                                          [01;35m[K~~~~~~~~~~~~~~~~~~~~^~~~[m[K
[8.091s] [01m[K/app/src/vel_saltis_drive/src/vel_saltis_drive.cpp:172:108:[m[K [01;35m[Kwarning: [m[Kunused parameter ‘[01m[Kperiod[m[K’ [[01;35m[K-Wunused-parameter[m[K]
[8.092s]   172 |     hardware_interface::return_type VelSaltisDrive::read(const rclcpp::Time &time, [01;35m[Kconst rclcpp::Duration &period[m[K)
[8.092s]       |                                                                                    [01;35m[K~~~~~~~~~~~~~~~~~~~~~~~~^~~~~~[m[K
[8.094s] [01m[K/app/src/vel_saltis_drive/src/vel_saltis_drive.cpp:[m[K In member function ‘[01m[Kvirtual hardware_interface::return_type vel_saltis_drive::VelSaltisDrive::write(const rclcpp::Time&, const rclcpp::Duration&)[m[K’:
[8.094s] [01m[K/app/src/vel_saltis_drive/src/vel_saltis_drive.cpp:193:79:[m[K [01;35m[Kwarning: [m[Kunused parameter ‘[01m[Ktime[m[K’ [[01;35m[K-Wunused-parameter[m[K]
[8.095s]   193 |     hardware_interface::return_type VelSaltisDrive::write([01;35m[Kconst rclcpp::Time &time[m[K, const rclcpp::Duration &period)
[8.095s]       |                                                           [01;35m[K~~~~~~~~~~~~~~~~~~~~^~~~[m[K
[8.095s] [01m[K/app/src/vel_saltis_drive/src/vel_saltis_drive.cpp:193:109:[m[K [01;35m[Kwarning: [m[Kunused parameter ‘[01m[Kperiod[m[K’ [[01;35m[K-Wunused-parameter[m[K]
[8.095s]   193 |     hardware_interface::return_type VelSaltisDrive::write(const rclcpp::Time &time, [01;35m[Kconst rclcpp::Duration &period[m[K)
[8.095s]       |                                                                                     [01;35m[K~~~~~~~~~~~~~~~~~~~~~~~~^~~~~~[m[K
[15.252s] [100%] [32m[1mLinking CXX shared library libvel_saltis_drive.so[0m
[15.670s] [100%] Built target vel_saltis_drive
[15.680s] Invoked command in '/app/build/vel_saltis_drive' returned '0': AMENT_PREFIX_PATH=/app/install/kapibara_interfaces:${AMENT_PREFIX_PATH} CMAKE_PREFIX_PATH=/app/install/kapibara_interfaces:/opt/ros/humble LD_LIBRARY_PATH=/app/install/kapibara_interfaces/lib:${LD_LIBRARY_PATH} PYTHONPATH=/app/install/kapibara_interfaces/local/lib/python3.10/dist-packages:${PYTHONPATH} /usr/bin/cmake --build /app/build/vel_saltis_drive -- -j12 -l12
[15.682s] Invoking command in '/app/build/vel_saltis_drive': AMENT_PREFIX_PATH=/app/install/kapibara_interfaces:${AMENT_PREFIX_PATH} CMAKE_PREFIX_PATH=/app/install/kapibara_interfaces:/opt/ros/humble LD_LIBRARY_PATH=/app/install/kapibara_interfaces/lib:${LD_LIBRARY_PATH} PYTHONPATH=/app/install/kapibara_interfaces/local/lib/python3.10/dist-packages:${PYTHONPATH} /usr/bin/cmake --install /app/build/vel_saltis_drive
[15.688s] -- Install configuration: ""
[15.688s] -- Execute custom install script
[15.689s] -- Symlinking: /app/install/vel_saltis_drive/share/vel_saltis_drive//vel_saltis_drive.xml
[15.697s] -- Symlinking: /app/install/vel_saltis_drive/lib/libvel_saltis_drive.so
[15.705s] -- Symlinking: /app/install/vel_saltis_drive/share/ament_index/resource_index/package_run_dependencies/vel_saltis_drive
[15.713s] -- Symlinking: /app/install/vel_saltis_drive/share/ament_index/resource_index/parent_prefix_path/vel_saltis_drive
[15.720s] -- Symlinking: /app/install/vel_saltis_drive/share/vel_saltis_drive/environment/ament_prefix_path.sh
[15.728s] -- Symlinking: /app/install/vel_saltis_drive/share/vel_saltis_drive/environment/ament_prefix_path.dsv
[15.736s] -- Symlinking: /app/install/vel_saltis_drive/share/vel_saltis_drive/environment/path.sh
[15.747s] -- Symlinking: /app/install/vel_saltis_drive/share/vel_saltis_drive/environment/path.dsv
[15.756s] -- Symlinking: /app/install/vel_saltis_drive/share/vel_saltis_drive/local_setup.bash
[15.764s] -- Symlinking: /app/install/vel_saltis_drive/share/vel_saltis_drive/local_setup.sh
[15.773s] -- Symlinking: /app/install/vel_saltis_drive/share/vel_saltis_drive/local_setup.zsh
[15.782s] -- Symlinking: /app/install/vel_saltis_drive/share/vel_saltis_drive/local_setup.dsv
[15.790s] -- Symlinking: /app/install/vel_saltis_drive/share/vel_saltis_drive/package.dsv
[15.798s] -- Symlinking: /app/install/vel_saltis_drive/share/ament_index/resource_index/packages/vel_saltis_drive
[15.806s] -- Symlinking: /app/install/vel_saltis_drive/share/ament_index/resource_index/hardware_interface__pluginlib__plugin/vel_saltis_drive
[15.814s] -- Symlinking: /app/install/vel_saltis_drive/share/vel_saltis_drive/cmake/vel_saltis_driveConfig.cmake
[15.822s] -- Symlinking: /app/install/vel_saltis_drive/share/vel_saltis_drive/cmake/vel_saltis_driveConfig-version.cmake
[15.829s] -- Symlinking: /app/install/vel_saltis_drive/share/vel_saltis_drive/package.xml
[15.840s] Invoked command in '/app/build/vel_saltis_drive' returned '0': AMENT_PREFIX_PATH=/app/install/kapibara_interfaces:${AMENT_PREFIX_PATH} CMAKE_PREFIX_PATH=/app/install/kapibara_interfaces:/opt/ros/humble LD_LIBRARY_PATH=/app/install/kapibara_interfaces/lib:${LD_LIBRARY_PATH} PYTHONPATH=/app/install/kapibara_interfaces/local/lib/python3.10/dist-packages:${PYTHONPATH} /usr/bin/cmake --install /app/build/vel_saltis_drive
