[0.058s] Invoking command in '/app/build/microphone': CMAKE_PREFIX_PATH=/app/install/kapibara_interfaces:/app/install/start_sequence:/app/install/kapibara_vel_saltis_bridge:/app/install/kapibara_twingo_bridge:/app/install/vel_saltis_services:/app/install/vel_saltis_ears:/app/install/vel_saltis_drive:/app/install/sample_package:/app/install/mqtt_bridge:/app/install/modus_board:/app/install/modus_board_interfaces:/app/install/microphone:/app/install/kapibara:/app/install/emotion_estimer:/opt/ros/humble LD_LIBRARY_PATH=/app/install/kapibara_interfaces/lib:/app/install/vel_saltis_services/lib:/app/install/vel_saltis_ears/lib:/app/install/vel_saltis_drive/lib:/app/install/modus_board_interfaces/lib:/opt/ros/humble/opt/rviz_ogre_vendor/lib:/opt/ros/humble/lib/x86_64-linux-gnu:/opt/ros/humble/lib /usr/bin/cmake --build /app/build/microphone -- -j12 -l12
[0.163s] Built target ament_cmake_python_symlink_microphone
[0.561s] running egg_info
[0.562s] writing microphone.egg-info/PKG-INFO
[0.562s] writing dependency_links to microphone.egg-info/dependency_links.txt
[0.563s] writing top-level names to microphone.egg-info/top_level.txt
[0.565s] reading manifest file 'microphone.egg-info/SOURCES.txt'
[0.566s] writing manifest file 'microphone.egg-info/SOURCES.txt'
[0.609s] Built target ament_cmake_python_build_microphone_egg
[0.623s] Invoked command in '/app/build/microphone' returned '0': CMAKE_PREFIX_PATH=/app/install/kapibara_interfaces:/app/install/start_sequence:/app/install/kapibara_vel_saltis_bridge:/app/install/kapibara_twingo_bridge:/app/install/vel_saltis_services:/app/install/vel_saltis_ears:/app/install/vel_saltis_drive:/app/install/sample_package:/app/install/mqtt_bridge:/app/install/modus_board:/app/install/modus_board_interfaces:/app/install/microphone:/app/install/kapibara:/app/install/emotion_estimer:/opt/ros/humble LD_LIBRARY_PATH=/app/install/kapibara_interfaces/lib:/app/install/vel_saltis_services/lib:/app/install/vel_saltis_ears/lib:/app/install/vel_saltis_drive/lib:/app/install/modus_board_interfaces/lib:/opt/ros/humble/opt/rviz_ogre_vendor/lib:/opt/ros/humble/lib/x86_64-linux-gnu:/opt/ros/humble/lib /usr/bin/cmake --build /app/build/microphone -- -j12 -l12
[0.626s] Invoking command in '/app/build/microphone': CMAKE_PREFIX_PATH=/app/install/kapibara_interfaces:/app/install/start_sequence:/app/install/kapibara_vel_saltis_bridge:/app/install/kapibara_twingo_bridge:/app/install/vel_saltis_services:/app/install/vel_saltis_ears:/app/install/vel_saltis_drive:/app/install/sample_package:/app/install/mqtt_bridge:/app/install/modus_board:/app/install/modus_board_interfaces:/app/install/microphone:/app/install/kapibara:/app/install/emotion_estimer:/opt/ros/humble LD_LIBRARY_PATH=/app/install/kapibara_interfaces/lib:/app/install/vel_saltis_services/lib:/app/install/vel_saltis_ears/lib:/app/install/vel_saltis_drive/lib:/app/install/modus_board_interfaces/lib:/opt/ros/humble/opt/rviz_ogre_vendor/lib:/opt/ros/humble/lib/x86_64-linux-gnu:/opt/ros/humble/lib /usr/bin/cmake --install /app/build/microphone
[0.644s] -- Install configuration: ""
[0.644s] -- Execute custom install script
[0.644s] -- Up-to-date symlink: /app/install/microphone/share/microphone/environment/pythonpath.sh
[0.644s] -- Up-to-date symlink: /app/install/microphone/share/microphone/environment/pythonpath.dsv
[0.644s] -- Up-to-date symlink: /app/install/microphone/local/lib/python3.10/dist-packages/microphone-0.0.0-py3.10.egg-info/PKG-INFO
[0.644s] -- Up-to-date symlink: /app/install/microphone/local/lib/python3.10/dist-packages/microphone-0.0.0-py3.10.egg-info/SOURCES.txt
[0.646s] -- Up-to-date symlink: /app/install/microphone/local/lib/python3.10/dist-packages/microphone-0.0.0-py3.10.egg-info/dependency_links.txt
[0.649s] -- Up-to-date symlink: /app/install/microphone/local/lib/python3.10/dist-packages/microphone-0.0.0-py3.10.egg-info/top_level.txt
[0.650s] -- Up-to-date symlink: /app/install/microphone/local/lib/python3.10/dist-packages/microphone/__init__.py
[0.650s] -- Up-to-date symlink: /app/install/microphone/lib/microphone/mic.py
[0.650s] -- Up-to-date symlink: /app/install/microphone/lib/microphone/.venv
[0.650s] -- Up-to-date symlink: /app/install/microphone/share/ament_index/resource_index/package_run_dependencies/microphone
[0.650s] -- Up-to-date symlink: /app/install/microphone/share/ament_index/resource_index/parent_prefix_path/microphone
[0.650s] -- Up-to-date symlink: /app/install/microphone/share/microphone/environment/ament_prefix_path.sh
[0.650s] -- Up-to-date symlink: /app/install/microphone/share/microphone/environment/ament_prefix_path.dsv
[0.650s] -- Up-to-date symlink: /app/install/microphone/share/microphone/environment/path.sh
[0.650s] -- Up-to-date symlink: /app/install/microphone/share/microphone/environment/path.dsv
[0.651s] -- Up-to-date symlink: /app/install/microphone/share/microphone/local_setup.bash
[0.651s] -- Up-to-date symlink: /app/install/microphone/share/microphone/local_setup.sh
[0.651s] -- Up-to-date symlink: /app/install/microphone/share/microphone/local_setup.zsh
[0.651s] -- Up-to-date symlink: /app/install/microphone/share/microphone/local_setup.dsv
[0.651s] -- Symlinking: /app/install/microphone/share/microphone/package.dsv
[0.658s] -- Up-to-date symlink: /app/install/microphone/share/ament_index/resource_index/packages/microphone
[0.658s] -- Up-to-date symlink: /app/install/microphone/share/microphone/cmake/microphoneConfig.cmake
[0.658s] -- Up-to-date symlink: /app/install/microphone/share/microphone/cmake/microphoneConfig-version.cmake
[0.658s] -- Up-to-date symlink: /app/install/microphone/share/microphone/package.xml
[0.699s] Listing '/app/install/microphone/local/lib/python3.10/dist-packages/microphone'...
[0.707s] Invoked command in '/app/build/microphone' returned '0': CMAKE_PREFIX_PATH=/app/install/kapibara_interfaces:/app/install/start_sequence:/app/install/kapibara_vel_saltis_bridge:/app/install/kapibara_twingo_bridge:/app/install/vel_saltis_services:/app/install/vel_saltis_ears:/app/install/vel_saltis_drive:/app/install/sample_package:/app/install/mqtt_bridge:/app/install/modus_board:/app/install/modus_board_interfaces:/app/install/microphone:/app/install/kapibara:/app/install/emotion_estimer:/opt/ros/humble LD_LIBRARY_PATH=/app/install/kapibara_interfaces/lib:/app/install/vel_saltis_services/lib:/app/install/vel_saltis_ears/lib:/app/install/vel_saltis_drive/lib:/app/install/modus_board_interfaces/lib:/opt/ros/humble/opt/rviz_ogre_vendor/lib:/opt/ros/humble/lib/x86_64-linux-gnu:/opt/ros/humble/lib /usr/bin/cmake --install /app/build/microphone
