-- The C compiler identification is GNU 11.4.0
-- The CXX compiler identification is GNU 11.4.0
-- Detecting C compiler ABI info
-- Detecting C compiler ABI info - done
-- Check for working C compiler: /usr/bin/cc - skipped
-- Detecting C compile features
-- Detecting C compile features - done
-- Detecting CXX compiler ABI info
-- Detecting CXX compiler ABI info - done
-- Check for working CXX compiler: /usr/bin/c++ - skipped
-- Detecting CXX compile features
-- Detecting CXX compile features - done
-- Found ament_cmake: 1.3.14 (/opt/ros/humble/share/ament_cmake/cmake)
-- Found Python3: /usr/bin/python3 (found version "3.10.12") found components: Interpreter 
-- Override CMake install command with custom implementation using symlinks instead of copying resources
-- Found hardware_interface: 2.54.0 (/opt/ros/humble/share/hardware_interface/cmake)
-- Found rosidl_generator_c: 3.1.8 (/opt/ros/humble/share/rosidl_generator_c/cmake)
-- Found rosidl_adapter: 3.1.8 (/opt/ros/humble/share/rosidl_adapter/cmake)
-- Found rosidl_generator_cpp: 3.1.8 (/opt/ros/humble/share/rosidl_generator_cpp/cmake)
-- Using all available rosidl_typesupport_c: rosidl_typesupport_fastrtps_c;rosidl_typesupport_introspection_c
-- Using all available rosidl_typesupport_cpp: rosidl_typesupport_fastrtps_cpp;rosidl_typesupport_introspection_cpp
-- Found rmw_implementation_cmake: 6.1.2 (/opt/ros/humble/share/rmw_implementation_cmake/cmake)
-- Found rmw_fastrtps_cpp: 6.2.10 (/opt/ros/humble/share/rmw_fastrtps_cpp/cmake)
-- Found TinyXML2 via Config file: TinyXML2_DIR-NOTFOUND
-- Found OpenSSL: /usr/lib/x86_64-linux-gnu/libcrypto.so (found version "3.0.2")  
-- Found TinyXML2 via Config file: TinyXML2_DIR-NOTFOUND
-- Found FastRTPS: /opt/ros/humble/include  
-- Found TinyXML2 via Config file: TinyXML2_DIR-NOTFOUND
-- Found TinyXML2 via Config file: TinyXML2_DIR-NOTFOUND
-- Using RMW implementation 'rmw_fastrtps_cpp' as default
-- Looking for pthread.h
-- Looking for pthread.h - found
-- Performing Test CMAKE_HAVE_LIBC_PTHREAD
-- Performing Test CMAKE_HAVE_LIBC_PTHREAD - Success
-- Found Threads: TRUE  
-- Found controller_manager: 2.54.0 (/opt/ros/humble/share/controller_manager/cmake)
-- Found ament_lint_auto: 0.12.15 (/opt/ros/humble/share/ament_lint_auto/cmake)
-- Found kapibara_interfaces: 0.8.0 (/app/install/kapibara_interfaces/share/kapibara_interfaces/cmake)
-- Added test 'cppcheck' to perform static code analysis on C / C++ code
-- Configured cppcheck include dirs: /app/src/vel_saltis_ears/include
-- Configured cppcheck exclude dirs and/or files: 
-- Added test 'lint_cmake' to check CMake code style
-- Added test 'uncrustify' to check C / C++ code style
-- Configured uncrustify additional arguments: 
-- Added test 'xmllint' to check XML markup files
-- Configuring done
-- Generating done
-- Build files have been written to: /app/build/vel_saltis_ears
[ 25%] [32mBuilding CXX object CMakeFiles/vel_saltis_ears.dir/src/vel_saltis_ears.cpp.o[0m
[ 50%] [32mBuilding CXX object CMakeFiles/vel_saltis_ears.dir/src/frame.cpp.o[0m
[ 75%] [32mBuilding CXX object CMakeFiles/vel_saltis_ears.dir/src/can.cpp.o[0m
In file included from [01m[K/app/src/vel_saltis_ears/src/vel_saltis_ears.cpp:5[m[K:
[01m[K/app/src/vel_saltis_ears/include/vel_saltis_ears/vel_saltis_ears.hpp:42:53:[m[K [01;35m[Kwarning: [m[Kextra ‘[01m[K;[m[K’ [[01;35m[K-Wpedantic[m[K]
   42 |         RCLCPP_SHARED_PTR_DEFINITIONS(VelSaltisEars)[01;35m[K;[m[K
      |                                                     [01;35m[K^[m[K
      |                                                     [31m[K-[m[K
[01m[K/app/src/vel_saltis_ears/include/vel_saltis_ears/vel_saltis_ears.hpp:[m[K In member function ‘[01m[Kvoid vel_saltis_ears::VelSaltisEars::send_servo_msg()[m[K’:
[01m[K/app/src/vel_saltis_ears/include/vel_saltis_ears/vel_saltis_ears.hpp:78:17:[m[K [01;35m[Kwarning: [m[KC++ designated initializers only available with ‘[01m[K-std=c++20[m[K’ or ‘[01m[K-std=gnu++20[m[K’ [[01;35m[K-Wpedantic[m[K]
   78 |                 [01;35m[K.[m[Kleft = static_cast<uint8_t>(this->left_servo.getAngle()),
      |                 [01;35m[K^[m[K
[01m[K/app/src/vel_saltis_ears/include/vel_saltis_ears/vel_saltis_ears.hpp:79:17:[m[K [01;35m[Kwarning: [m[KC++ designated initializers only available with ‘[01m[K-std=c++20[m[K’ or ‘[01m[K-std=gnu++20[m[K’ [[01;35m[K-Wpedantic[m[K]
   79 |                 [01;35m[K.[m[Kright = static_cast<uint8_t>(this->right_servo.getAngle())
      |                 [01;35m[K^[m[K
[01m[K/app/src/vel_saltis_ears/src/vel_saltis_ears.cpp:[m[K In member function ‘[01m[Kvirtual hardware_interface::CallbackReturn vel_saltis_ears::VelSaltisEars::on_cleanup(const rclcpp_lifecycle::State&)[m[K’:
[01m[K/app/src/vel_saltis_ears/src/vel_saltis_ears.cpp:64:97:[m[K [01;35m[Kwarning: [m[Kunused parameter ‘[01m[Kprevious_state[m[K’ [[01;35m[K-Wunused-parameter[m[K]
   64 |     hardware_interface::CallbackReturn VelSaltisEars::on_cleanup([01;35m[Kconst rclcpp_lifecycle::State &previous_state[m[K)
      |                                                                  [01;35m[K~~~~~~~~~~~~~~~~~~~~~~~~~~~~~~~^~~~~~~~~~~~~~[m[K
[01m[K/app/src/vel_saltis_ears/src/vel_saltis_ears.cpp:[m[K In member function ‘[01m[Kvirtual hardware_interface::CallbackReturn vel_saltis_ears::VelSaltisEars::on_shutdown(const rclcpp_lifecycle::State&)[m[K’:
[01m[K/app/src/vel_saltis_ears/src/vel_saltis_ears.cpp:69:98:[m[K [01;35m[Kwarning: [m[Kunused parameter ‘[01m[Kprevious_state[m[K’ [[01;35m[K-Wunused-parameter[m[K]
   69 |     hardware_interface::CallbackReturn VelSaltisEars::on_shutdown([01;35m[Kconst rclcpp_lifecycle::State &previous_state[m[K)
      |                                                                   [01;35m[K~~~~~~~~~~~~~~~~~~~~~~~~~~~~~~~^~~~~~~~~~~~~~[m[K
[01m[K/app/src/vel_saltis_ears/src/vel_saltis_ears.cpp:[m[K In member function ‘[01m[Kvirtual hardware_interface::CallbackReturn vel_saltis_ears::VelSaltisEars::on_deactivate(const rclcpp_lifecycle::State&)[m[K’:
[01m[K/app/src/vel_saltis_ears/src/vel_saltis_ears.cpp:74:101:[m[K [01;35m[Kwarning: [m[Kunused parameter ‘[01m[Kprevious_state[m[K’ [[01;35m[K-Wunused-parameter[m[K]
   74 |     hardware_interface::CallbackReturn VelSaltisEars::on_deactivate([01;35m[Kconst rclcpp_lifecycle::State & previous_state[m[K)
      |                                                                     [01;35m[K~~~~~~~~~~~~~~~~~~~~~~~~~~~~~~~~^~~~~~~~~~~~~~[m[K
[01m[K/app/src/vel_saltis_ears/src/vel_saltis_ears.cpp:[m[K In member function ‘[01m[Kvirtual hardware_interface::CallbackReturn vel_saltis_ears::VelSaltisEars::on_activate(const rclcpp_lifecycle::State&)[m[K’:
[01m[K/app/src/vel_saltis_ears/src/vel_saltis_ears.cpp:79:98:[m[K [01;35m[Kwarning: [m[Kunused parameter ‘[01m[Kprevious_state[m[K’ [[01;35m[K-Wunused-parameter[m[K]
   79 |     hardware_interface::CallbackReturn VelSaltisEars::on_activate([01;35m[Kconst rclcpp_lifecycle::State &previous_state[m[K)
      |                                                                   [01;35m[K~~~~~~~~~~~~~~~~~~~~~~~~~~~~~~~^~~~~~~~~~~~~~[m[K
[01m[K/app/src/vel_saltis_ears/src/vel_saltis_ears.cpp:[m[K In member function ‘[01m[Kvirtual hardware_interface::CallbackReturn vel_saltis_ears::VelSaltisEars::on_error(const rclcpp_lifecycle::State&)[m[K’:
[01m[K/app/src/vel_saltis_ears/src/vel_saltis_ears.cpp:84:95:[m[K [01;35m[Kwarning: [m[Kunused parameter ‘[01m[Kprevious_state[m[K’ [[01;35m[K-Wunused-parameter[m[K]
   84 |     hardware_interface::CallbackReturn VelSaltisEars::on_error([01;35m[Kconst rclcpp_lifecycle::State &previous_state[m[K)
      |                                                                [01;35m[K~~~~~~~~~~~~~~~~~~~~~~~~~~~~~~~^~~~~~~~~~~~~~[m[K
[01m[K/app/src/vel_saltis_ears/src/vel_saltis_ears.cpp:[m[K In member function ‘[01m[Kvirtual hardware_interface::return_type vel_saltis_ears::VelSaltisEars::read(const rclcpp::Time&, const rclcpp::Duration&)[m[K’:
[01m[K/app/src/vel_saltis_ears/src/vel_saltis_ears.cpp:117:77:[m[K [01;35m[Kwarning: [m[Kunused parameter ‘[01m[Ktime[m[K’ [[01;35m[K-Wunused-parameter[m[K]
  117 |     hardware_interface::return_type VelSaltisEars::read([01;35m[Kconst rclcpp::Time &time[m[K, const rclcpp::Duration &period)
      |                                                         [01;35m[K~~~~~~~~~~~~~~~~~~~~^~~~[m[K
[01m[K/app/src/vel_saltis_ears/src/vel_saltis_ears.cpp:117:107:[m[K [01;35m[Kwarning: [m[Kunused parameter ‘[01m[Kperiod[m[K’ [[01;35m[K-Wunused-parameter[m[K]
  117 |     hardware_interface::return_type VelSaltisEars::read(const rclcpp::Time &time, [01;35m[Kconst rclcpp::Duration &period[m[K)
      |                                                                                   [01;35m[K~~~~~~~~~~~~~~~~~~~~~~~~^~~~~~[m[K
[01m[K/app/src/vel_saltis_ears/src/vel_saltis_ears.cpp:[m[K In member function ‘[01m[Kvirtual hardware_interface::return_type vel_saltis_ears::VelSaltisEars::write(const rclcpp::Time&, const rclcpp::Duration&)[m[K’:
[01m[K/app/src/vel_saltis_ears/src/vel_saltis_ears.cpp:125:78:[m[K [01;35m[Kwarning: [m[Kunused parameter ‘[01m[Ktime[m[K’ [[01;35m[K-Wunused-parameter[m[K]
  125 |     hardware_interface::return_type VelSaltisEars::write([01;35m[Kconst rclcpp::Time &time[m[K, const rclcpp::Duration &period)
      |                                                          [01;35m[K~~~~~~~~~~~~~~~~~~~~^~~~[m[K
[01m[K/app/src/vel_saltis_ears/src/vel_saltis_ears.cpp:125:108:[m[K [01;35m[Kwarning: [m[Kunused parameter ‘[01m[Kperiod[m[K’ [[01;35m[K-Wunused-parameter[m[K]
  125 |     hardware_interface::return_type VelSaltisEars::write(const rclcpp::Time &time, [01;35m[Kconst rclcpp::Duration &period[m[K)
      |                                                                                    [01;35m[K~~~~~~~~~~~~~~~~~~~~~~~~^~~~~~[m[K
[100%] [32m[1mLinking CXX shared library libvel_saltis_ears.so[0m
[100%] Built target vel_saltis_ears
-- Install configuration: ""
-- Execute custom install script
-- Symlinking: /app/install/vel_saltis_ears/share/vel_saltis_ears//vel_saltis_ears.xml
-- Symlinking: /app/install/vel_saltis_ears/lib/libvel_saltis_ears.so
-- Symlinking: /app/install/vel_saltis_ears/share/ament_index/resource_index/package_run_dependencies/vel_saltis_ears
-- Symlinking: /app/install/vel_saltis_ears/share/ament_index/resource_index/parent_prefix_path/vel_saltis_ears
-- Symlinking: /app/install/vel_saltis_ears/share/vel_saltis_ears/environment/ament_prefix_path.sh
-- Symlinking: /app/install/vel_saltis_ears/share/vel_saltis_ears/environment/ament_prefix_path.dsv
-- Symlinking: /app/install/vel_saltis_ears/share/vel_saltis_ears/environment/path.sh
-- Symlinking: /app/install/vel_saltis_ears/share/vel_saltis_ears/environment/path.dsv
-- Symlinking: /app/install/vel_saltis_ears/share/vel_saltis_ears/local_setup.bash
-- Symlinking: /app/install/vel_saltis_ears/share/vel_saltis_ears/local_setup.sh
-- Symlinking: /app/install/vel_saltis_ears/share/vel_saltis_ears/local_setup.zsh
-- Symlinking: /app/install/vel_saltis_ears/share/vel_saltis_ears/local_setup.dsv
-- Symlinking: /app/install/vel_saltis_ears/share/vel_saltis_ears/package.dsv
-- Symlinking: /app/install/vel_saltis_ears/share/ament_index/resource_index/packages/vel_saltis_ears
-- Symlinking: /app/install/vel_saltis_ears/share/ament_index/resource_index/hardware_interface__pluginlib__plugin/vel_saltis_ears
-- Symlinking: /app/install/vel_saltis_ears/share/vel_saltis_ears/cmake/vel_saltis_earsConfig.cmake
-- Symlinking: /app/install/vel_saltis_ears/share/vel_saltis_ears/cmake/vel_saltis_earsConfig-version.cmake
-- Symlinking: /app/install/vel_saltis_ears/share/vel_saltis_ears/package.xml
