[0.025s] Invoking command in '/app/build/mqtt_bridge': AMENT_PREFIX_PATH=/app/install/kapibara_interfaces:${AMENT_PREFIX_PATH} CMAKE_PREFIX_PATH=/app/install/kapibara_interfaces:/opt/ros/humble LD_LIBRARY_PATH=/app/install/kapibara_interfaces/lib:${LD_LIBRARY_PATH} PYTHONPATH=/app/install/kapibara_interfaces/local/lib/python3.10/dist-packages:${PYTHONPATH} /usr/bin/cmake /app/src/mqtt_bridge -DAMENT_CMAKE_SYMLINK_INSTALL=1 -DCMAKE_INSTALL_PREFIX=/app/install/mqtt_bridge
[0.099s] -- The C compiler identification is GNU 11.4.0
[0.160s] -- The CXX compiler identification is GNU 11.4.0
[0.165s] -- Detecting C compiler ABI info
[0.233s] -- Detecting C compiler ABI info - done
[0.244s] -- Check for working C compiler: /usr/bin/cc - skipped
[0.244s] -- Detecting C compile features
[0.244s] -- Detecting C compile features - done
[0.247s] -- Detecting CXX compiler ABI info
[0.326s] -- Detecting CXX compiler ABI info - done
[0.334s] -- Check for working CXX compiler: /usr/bin/c++ - skipped
[0.335s] -- Detecting CXX compile features
[0.335s] -- Detecting CXX compile features - done
[0.338s] -- Found ament_cmake: 1.3.14 (/opt/ros/humble/share/ament_cmake/cmake)
[0.479s] -- Found Python3: /usr/bin/python3 (found version "3.10.12") found components: Interpreter 
[0.551s] -- Override CMake install command with custom implementation using symlinks instead of copying resources
[0.688s] -- Found OpenSSL: /usr/lib/x86_64-linux-gnu/libcrypto.so (found version "3.0.2")  
[0.692s] -- Found PahoMqttC: /usr/lib/x86_64-linux-gnu/libpaho-mqtt3as.so  
[0.693s] -- Looking for pthread.h
[0.783s] -- Looking for pthread.h - found
[0.783s] -- Performing Test CMAKE_HAVE_LIBC_PTHREAD
[0.868s] -- Performing Test CMAKE_HAVE_LIBC_PTHREAD - Success
[0.870s] -- Found Threads: TRUE  
[0.875s] -- Found nlohmann_json: /usr/lib/cmake/nlohmann_json/nlohmann_jsonConfig.cmake (found version "3.10.5") 
[0.878s] -- Found rclcpp: 16.0.19 (/opt/ros/humble/share/rclcpp/cmake)
[0.936s] -- Found rosidl_generator_c: 3.1.8 (/opt/ros/humble/share/rosidl_generator_c/cmake)
[0.943s] -- Found rosidl_adapter: 3.1.8 (/opt/ros/humble/share/rosidl_adapter/cmake)
[0.955s] -- Found rosidl_generator_cpp: 3.1.8 (/opt/ros/humble/share/rosidl_generator_cpp/cmake)
[0.968s] -- Using all available rosidl_typesupport_c: rosidl_typesupport_fastrtps_c;rosidl_typesupport_introspection_c
[0.989s] -- Using all available rosidl_typesupport_cpp: rosidl_typesupport_fastrtps_cpp;rosidl_typesupport_introspection_cpp
[1.045s] -- Found rmw_implementation_cmake: 6.1.2 (/opt/ros/humble/share/rmw_implementation_cmake/cmake)
[1.048s] -- Found rmw_fastrtps_cpp: 6.2.10 (/opt/ros/humble/share/rmw_fastrtps_cpp/cmake)
[1.143s] -- Found FastRTPS: /opt/ros/humble/include  
[1.222s] -- Using RMW implementation 'rmw_fastrtps_cpp' as default
[1.309s] -- Found kapibara_interfaces: 0.8.0 (/app/install/kapibara_interfaces/share/kapibara_interfaces/cmake)
[1.324s] -- Found ament_lint_auto: 0.12.15 (/opt/ros/humble/share/ament_lint_auto/cmake)
[1.433s] -- Added test 'cppcheck' to perform static code analysis on C / C++ code
[1.433s] -- Configured cppcheck include dirs: 
[1.434s] -- Configured cppcheck exclude dirs and/or files: 
[1.435s] -- Added test 'lint_cmake' to check CMake code style
[1.436s] -- Added test 'uncrustify' to check C / C++ code style
[1.436s] -- Configured uncrustify additional arguments: 
[1.437s] -- Added test 'xmllint' to check XML markup files
[1.438s] -- Configuring done
[1.456s] -- Generating done
[1.462s] -- Build files have been written to: /app/build/mqtt_bridge
[1.476s] Invoked command in '/app/build/mqtt_bridge' returned '0': AMENT_PREFIX_PATH=/app/install/kapibara_interfaces:${AMENT_PREFIX_PATH} CMAKE_PREFIX_PATH=/app/install/kapibara_interfaces:/opt/ros/humble LD_LIBRARY_PATH=/app/install/kapibara_interfaces/lib:${LD_LIBRARY_PATH} PYTHONPATH=/app/install/kapibara_interfaces/local/lib/python3.10/dist-packages:${PYTHONPATH} /usr/bin/cmake /app/src/mqtt_bridge -DAMENT_CMAKE_SYMLINK_INSTALL=1 -DCMAKE_INSTALL_PREFIX=/app/install/mqtt_bridge
[1.478s] Invoking command in '/app/build/mqtt_bridge': AMENT_PREFIX_PATH=/app/install/kapibara_interfaces:${AMENT_PREFIX_PATH} CMAKE_PREFIX_PATH=/app/install/kapibara_interfaces:/opt/ros/humble LD_LIBRARY_PATH=/app/install/kapibara_interfaces/lib:${LD_LIBRARY_PATH} PYTHONPATH=/app/install/kapibara_interfaces/local/lib/python3.10/dist-packages:${PYTHONPATH} /usr/bin/cmake --build /app/build/mqtt_bridge -- -j12 -l12
[1.578s] [ 50%] [32mBuilding CXX object CMakeFiles/mqtt_bridge.dir/src/mqtt.cpp.o[0m
[7.612s] [01m[K/app/src/mqtt_bridge/src/mqtt.cpp:[m[K In lambda function:
[7.614s] [01m[K/app/src/mqtt_bridge/src/mqtt.cpp:265:35:[m[K [01;35m[Kwarning: [m[Kunused parameter ‘[01m[Ksignal[m[K’ [[01;35m[K-Wunused-parameter[m[K]
[7.615s]   265 |     shutdown_handler = [node]([01;35m[Kint signal[m[K)->void    {
[7.615s]       |                               [01;35m[K~~~~^~~~~~[m[K
[19.241s] [100%] [32m[1mLinking CXX executable mqtt_bridge[0m
[19.756s] [100%] Built target mqtt_bridge
[19.767s] Invoked command in '/app/build/mqtt_bridge' returned '0': AMENT_PREFIX_PATH=/app/install/kapibara_interfaces:${AMENT_PREFIX_PATH} CMAKE_PREFIX_PATH=/app/install/kapibara_interfaces:/opt/ros/humble LD_LIBRARY_PATH=/app/install/kapibara_interfaces/lib:${LD_LIBRARY_PATH} PYTHONPATH=/app/install/kapibara_interfaces/local/lib/python3.10/dist-packages:${PYTHONPATH} /usr/bin/cmake --build /app/build/mqtt_bridge -- -j12 -l12
[19.769s] Invoking command in '/app/build/mqtt_bridge': AMENT_PREFIX_PATH=/app/install/kapibara_interfaces:${AMENT_PREFIX_PATH} CMAKE_PREFIX_PATH=/app/install/kapibara_interfaces:/opt/ros/humble LD_LIBRARY_PATH=/app/install/kapibara_interfaces/lib:${LD_LIBRARY_PATH} PYTHONPATH=/app/install/kapibara_interfaces/local/lib/python3.10/dist-packages:${PYTHONPATH} /usr/bin/cmake --install /app/build/mqtt_bridge
[19.775s] -- Install configuration: ""
[19.776s] -- Execute custom install script
[19.776s] -- Symlinking: /app/install/mqtt_bridge/lib/mqtt_bridge/mqtt_bridge
[19.784s] -- Symlinking: /app/install/mqtt_bridge/share/ament_index/resource_index/package_run_dependencies/mqtt_bridge
[19.793s] -- Symlinking: /app/install/mqtt_bridge/share/ament_index/resource_index/parent_prefix_path/mqtt_bridge
[19.801s] -- Symlinking: /app/install/mqtt_bridge/share/mqtt_bridge/environment/ament_prefix_path.sh
[19.809s] -- Symlinking: /app/install/mqtt_bridge/share/mqtt_bridge/environment/ament_prefix_path.dsv
[19.816s] -- Symlinking: /app/install/mqtt_bridge/share/mqtt_bridge/environment/path.sh
[19.824s] -- Symlinking: /app/install/mqtt_bridge/share/mqtt_bridge/environment/path.dsv
[19.832s] -- Symlinking: /app/install/mqtt_bridge/share/mqtt_bridge/local_setup.bash
[19.841s] -- Symlinking: /app/install/mqtt_bridge/share/mqtt_bridge/local_setup.sh
[19.849s] -- Symlinking: /app/install/mqtt_bridge/share/mqtt_bridge/local_setup.zsh
[19.859s] -- Symlinking: /app/install/mqtt_bridge/share/mqtt_bridge/local_setup.dsv
[19.868s] -- Symlinking: /app/install/mqtt_bridge/share/mqtt_bridge/package.dsv
[19.877s] -- Symlinking: /app/install/mqtt_bridge/share/ament_index/resource_index/packages/mqtt_bridge
[19.885s] -- Symlinking: /app/install/mqtt_bridge/share/mqtt_bridge/cmake/mqtt_bridgeConfig.cmake
[19.893s] -- Symlinking: /app/install/mqtt_bridge/share/mqtt_bridge/cmake/mqtt_bridgeConfig-version.cmake
[19.901s] -- Symlinking: /app/install/mqtt_bridge/share/mqtt_bridge/package.xml
[19.912s] Invoked command in '/app/build/mqtt_bridge' returned '0': AMENT_PREFIX_PATH=/app/install/kapibara_interfaces:${AMENT_PREFIX_PATH} CMAKE_PREFIX_PATH=/app/install/kapibara_interfaces:/opt/ros/humble LD_LIBRARY_PATH=/app/install/kapibara_interfaces/lib:${LD_LIBRARY_PATH} PYTHONPATH=/app/install/kapibara_interfaces/local/lib/python3.10/dist-packages:${PYTHONPATH} /usr/bin/cmake --install /app/build/mqtt_bridge
