-- The C compiler identification is GNU 11.4.0
-- The CXX compiler identification is GNU 11.4.0
-- Detecting C compiler ABI info
-- Detecting C compiler ABI info - done
-- Check for working C compiler: /usr/bin/cc - skipped
-- Detecting C compile features
-- Detecting C compile features - done
-- Detecting CXX compiler ABI info
-- Detecting CXX compiler ABI info - done
-- Check for working CXX compiler: /usr/bin/c++ - skipped
-- Detecting CXX compile features
-- Detecting CXX compile features - done
-- Found ament_cmake: 1.3.14 (/opt/ros/humble/share/ament_cmake/cmake)
-- Found Python3: /usr/bin/python3 (found version "3.10.12") found components: Interpreter 
-- Override CMake install command with custom implementation using symlinks instead of copying resources
-- Found ament_lint_auto: 0.12.15 (/opt/ros/humble/share/ament_lint_auto/cmake)
-- Added test 'flake8' to check Python code syntax and style conventions
-- Added test 'lint_cmake' to check CMake code style
-- Added test 'pep257' to check Python code against some of the docstring style conventions in PEP 257
-- Added test 'xmllint' to check XML markup files
-- Configuring done
-- Generating done
-- Build files have been written to: /app/build/modus_board
-- Install configuration: ""
-- Execute custom install script
-- Symlinking: /app/install/modus_board/lib/modus_board/enable_boards.py
-- Symlinking: /app/install/modus_board/lib/modus_board/reset_boards.py
-- Symlinking: /app/install/modus_board/share/ament_index/resource_index/package_run_dependencies/modus_board
-- Symlinking: /app/install/modus_board/share/ament_index/resource_index/parent_prefix_path/modus_board
-- Symlinking: /app/install/modus_board/share/modus_board/environment/ament_prefix_path.sh
-- Symlinking: /app/install/modus_board/share/modus_board/environment/ament_prefix_path.dsv
-- Symlinking: /app/install/modus_board/share/modus_board/environment/path.sh
-- Symlinking: /app/install/modus_board/share/modus_board/environment/path.dsv
-- Symlinking: /app/install/modus_board/share/modus_board/local_setup.bash
-- Symlinking: /app/install/modus_board/share/modus_board/local_setup.sh
-- Symlinking: /app/install/modus_board/share/modus_board/local_setup.zsh
-- Symlinking: /app/install/modus_board/share/modus_board/local_setup.dsv
-- Symlinking: /app/install/modus_board/share/modus_board/package.dsv
-- Symlinking: /app/install/modus_board/share/ament_index/resource_index/packages/modus_board
-- Symlinking: /app/install/modus_board/share/modus_board/cmake/modus_boardConfig.cmake
-- Symlinking: /app/install/modus_board/share/modus_board/cmake/modus_boardConfig-version.cmake
-- Symlinking: /app/install/modus_board/share/modus_board/package.xml
