[0.041s] Invoking command in '/app/build/start_sequence': CMAKE_PREFIX_PATH=/app/install/vel_saltis_services:/app/install/modus_board_interfaces:/app/install/kapibara_interfaces:/app/install/start_sequence:/app/install/kapibara_vel_saltis_bridge:/app/install/kapibara_twingo_bridge:/app/install/vel_saltis_ears:/app/install/vel_saltis_drive:/app/install/sample_package:/app/install/mqtt_bridge:/app/install/modus_board:/app/install/microphone:/app/install/kapibara:/app/install/emotion_estimer:/opt/ros/humble LD_LIBRARY_PATH=/app/install/vel_saltis_services/lib:/app/install/modus_board_interfaces/lib:/app/install/kapibara_interfaces/lib:/app/install/vel_saltis_ears/lib:/app/install/vel_saltis_drive/lib:/opt/ros/humble/opt/rviz_ogre_vendor/lib:/opt/ros/humble/lib/x86_64-linux-gnu:/opt/ros/humble/lib /usr/bin/cmake --build /app/build/start_sequence -- -j12 -l12
[0.117s] Invoked command in '/app/build/start_sequence' returned '0': CMAKE_PREFIX_PATH=/app/install/vel_saltis_services:/app/install/modus_board_interfaces:/app/install/kapibara_interfaces:/app/install/start_sequence:/app/install/kapibara_vel_saltis_bridge:/app/install/kapibara_twingo_bridge:/app/install/vel_saltis_ears:/app/install/vel_saltis_drive:/app/install/sample_package:/app/install/mqtt_bridge:/app/install/modus_board:/app/install/microphone:/app/install/kapibara:/app/install/emotion_estimer:/opt/ros/humble LD_LIBRARY_PATH=/app/install/vel_saltis_services/lib:/app/install/modus_board_interfaces/lib:/app/install/kapibara_interfaces/lib:/app/install/vel_saltis_ears/lib:/app/install/vel_saltis_drive/lib:/opt/ros/humble/opt/rviz_ogre_vendor/lib:/opt/ros/humble/lib/x86_64-linux-gnu:/opt/ros/humble/lib /usr/bin/cmake --build /app/build/start_sequence -- -j12 -l12
[0.120s] Invoking command in '/app/build/start_sequence': CMAKE_PREFIX_PATH=/app/install/vel_saltis_services:/app/install/modus_board_interfaces:/app/install/kapibara_interfaces:/app/install/start_sequence:/app/install/kapibara_vel_saltis_bridge:/app/install/kapibara_twingo_bridge:/app/install/vel_saltis_ears:/app/install/vel_saltis_drive:/app/install/sample_package:/app/install/mqtt_bridge:/app/install/modus_board:/app/install/microphone:/app/install/kapibara:/app/install/emotion_estimer:/opt/ros/humble LD_LIBRARY_PATH=/app/install/vel_saltis_services/lib:/app/install/modus_board_interfaces/lib:/app/install/kapibara_interfaces/lib:/app/install/vel_saltis_ears/lib:/app/install/vel_saltis_drive/lib:/opt/ros/humble/opt/rviz_ogre_vendor/lib:/opt/ros/humble/lib/x86_64-linux-gnu:/opt/ros/humble/lib /usr/bin/cmake --install /app/build/start_sequence
[0.138s] -- Install configuration: ""
[0.141s] -- Execute custom install script
[0.141s] -- Up-to-date symlink: /app/install/start_sequence/lib/start_sequence/start.py
[0.141s] -- Up-to-date symlink: /app/install/start_sequence/share/ament_index/resource_index/package_run_dependencies/start_sequence
[0.142s] -- Up-to-date symlink: /app/install/start_sequence/share/ament_index/resource_index/parent_prefix_path/start_sequence
[0.142s] -- Up-to-date symlink: /app/install/start_sequence/share/start_sequence/environment/ament_prefix_path.sh
[0.142s] -- Up-to-date symlink: /app/install/start_sequence/share/start_sequence/environment/ament_prefix_path.dsv
[0.142s] -- Up-to-date symlink: /app/install/start_sequence/share/start_sequence/environment/path.sh
[0.142s] -- Up-to-date symlink: /app/install/start_sequence/share/start_sequence/environment/path.dsv
[0.144s] -- Up-to-date symlink: /app/install/start_sequence/share/start_sequence/local_setup.bash
[0.144s] -- Up-to-date symlink: /app/install/start_sequence/share/start_sequence/local_setup.sh
[0.144s] -- Up-to-date symlink: /app/install/start_sequence/share/start_sequence/local_setup.zsh
[0.144s] -- Up-to-date symlink: /app/install/start_sequence/share/start_sequence/local_setup.dsv
[0.144s] -- Symlinking: /app/install/start_sequence/share/start_sequence/package.dsv
[0.162s] -- Up-to-date symlink: /app/install/start_sequence/share/ament_index/resource_index/packages/start_sequence
[0.162s] -- Up-to-date symlink: /app/install/start_sequence/share/start_sequence/cmake/start_sequenceConfig.cmake
[0.162s] -- Up-to-date symlink: /app/install/start_sequence/share/start_sequence/cmake/start_sequenceConfig-version.cmake
[0.162s] -- Up-to-date symlink: /app/install/start_sequence/share/start_sequence/package.xml
[0.170s] Invoked command in '/app/build/start_sequence' returned '0': CMAKE_PREFIX_PATH=/app/install/vel_saltis_services:/app/install/modus_board_interfaces:/app/install/kapibara_interfaces:/app/install/start_sequence:/app/install/kapibara_vel_saltis_bridge:/app/install/kapibara_twingo_bridge:/app/install/vel_saltis_ears:/app/install/vel_saltis_drive:/app/install/sample_package:/app/install/mqtt_bridge:/app/install/modus_board:/app/install/microphone:/app/install/kapibara:/app/install/emotion_estimer:/opt/ros/humble LD_LIBRARY_PATH=/app/install/vel_saltis_services/lib:/app/install/modus_board_interfaces/lib:/app/install/kapibara_interfaces/lib:/app/install/vel_saltis_ears/lib:/app/install/vel_saltis_drive/lib:/opt/ros/humble/opt/rviz_ogre_vendor/lib:/opt/ros/humble/lib/x86_64-linux-gnu:/opt/ros/humble/lib /usr/bin/cmake --install /app/build/start_sequence
