[0.037s] Invoking command in '/app/build/modus_board_interfaces': AMENT_PREFIX_PATH=/app/install/kapibara_interfaces:${AMENT_PREFIX_PATH} CMAKE_PREFIX_PATH=/app/install/kapibara_interfaces:/opt/ros/humble LD_LIBRARY_PATH=/app/install/kapibara_interfaces/lib:${LD_LIBRARY_PATH} PYTHONPATH=/app/install/kapibara_interfaces/local/lib/python3.10/dist-packages:${PYTHONPATH} /usr/bin/cmake --build /app/build/modus_board_interfaces -- -j12 -l12
[0.124s] [  2%] Built target modus_board_interfaces__rs
[0.130s] [  5%] Built target modus_board_interfaces__cpp
[0.130s] [ 15%] Built target modus_board_interfaces__rosidl_generator_c
[0.132s] [ 15%] Built target ament_cmake_python_symlink_modus_board_interfaces
[0.182s] [ 25%] Built target modus_board_interfaces__rosidl_typesupport_introspection_c
[0.197s] [ 35%] Built target modus_board_interfaces__rosidl_typesupport_cpp
[0.202s] [ 45%] Built target modus_board_interfaces__rosidl_typesupport_fastrtps_c
[0.206s] [ 55%] Built target modus_board_interfaces__rosidl_typesupport_introspection_cpp
[0.207s] [ 65%] Built target modus_board_interfaces__rosidl_typesupport_c
[0.236s] [ 75%] Built target modus_board_interfaces__rosidl_typesupport_fastrtps_cpp
[0.261s] [ 75%] Built target modus_board_interfaces
[0.296s] [ 77%] Built target modus_board_interfaces__py
[0.333s] [ 85%] Built target modus_board_interfaces__rosidl_generator_py
[0.391s] [ 90%] Built target modus_board_interfaces__rosidl_typesupport_introspection_c__pyext
[0.391s] [ 95%] Built target modus_board_interfaces__rosidl_typesupport_fastrtps_c__pyext
[0.419s] [100%] Built target modus_board_interfaces__rosidl_typesupport_c__pyext
[0.471s] running egg_info
[0.472s] writing modus_board_interfaces.egg-info/PKG-INFO
[0.472s] writing dependency_links to modus_board_interfaces.egg-info/dependency_links.txt
[0.472s] writing top-level names to modus_board_interfaces.egg-info/top_level.txt
[0.474s] reading manifest file 'modus_board_interfaces.egg-info/SOURCES.txt'
[0.475s] writing manifest file 'modus_board_interfaces.egg-info/SOURCES.txt'
[0.508s] [100%] Built target ament_cmake_python_build_modus_board_interfaces_egg
[0.526s] Invoked command in '/app/build/modus_board_interfaces' returned '0': AMENT_PREFIX_PATH=/app/install/kapibara_interfaces:${AMENT_PREFIX_PATH} CMAKE_PREFIX_PATH=/app/install/kapibara_interfaces:/opt/ros/humble LD_LIBRARY_PATH=/app/install/kapibara_interfaces/lib:${LD_LIBRARY_PATH} PYTHONPATH=/app/install/kapibara_interfaces/local/lib/python3.10/dist-packages:${PYTHONPATH} /usr/bin/cmake --build /app/build/modus_board_interfaces -- -j12 -l12
[0.526s] Invoking command in '/app/build/modus_board_interfaces': AMENT_PREFIX_PATH=/app/install/kapibara_interfaces:${AMENT_PREFIX_PATH} CMAKE_PREFIX_PATH=/app/install/kapibara_interfaces:/opt/ros/humble LD_LIBRARY_PATH=/app/install/kapibara_interfaces/lib:${LD_LIBRARY_PATH} PYTHONPATH=/app/install/kapibara_interfaces/local/lib/python3.10/dist-packages:${PYTHONPATH} /usr/bin/cmake --install /app/build/modus_board_interfaces
[0.534s] -- Install configuration: ""
[0.534s] -- Execute custom install script
[0.535s] -- Up-to-date symlink: /app/install/modus_board_interfaces/share/ament_index/resource_index/rosidl_interfaces/modus_board_interfaces
[0.535s] -- Up-to-date symlink: /app/install/modus_board_interfaces/include/modus_board_interfaces/modus_board_interfaces/msg/rosidl_generator_c__visibility_control.h
[0.536s] -- Up-to-date symlink: /app/install/modus_board_interfaces/include/modus_board_interfaces/modus_board_interfaces/srv/detail/enable_boards__functions.h
[0.536s] -- Up-to-date symlink: /app/install/modus_board_interfaces/include/modus_board_interfaces/modus_board_interfaces/srv/detail/enable_boards__struct.h
[0.536s] -- Up-to-date symlink: /app/install/modus_board_interfaces/include/modus_board_interfaces/modus_board_interfaces/srv/detail/enable_boards__type_support.h
[0.536s] -- Up-to-date symlink: /app/install/modus_board_interfaces/include/modus_board_interfaces/modus_board_interfaces/srv/detail/reset_boards__functions.h
[0.537s] -- Up-to-date symlink: /app/install/modus_board_interfaces/include/modus_board_interfaces/modus_board_interfaces/srv/detail/reset_boards__struct.h
[0.537s] -- Up-to-date symlink: /app/install/modus_board_interfaces/include/modus_board_interfaces/modus_board_interfaces/srv/detail/reset_boards__type_support.h
[0.537s] -- Up-to-date symlink: /app/install/modus_board_interfaces/include/modus_board_interfaces/modus_board_interfaces/srv/enable_boards.h
[0.537s] -- Up-to-date symlink: /app/install/modus_board_interfaces/include/modus_board_interfaces/modus_board_interfaces/srv/reset_boards.h
[0.537s] -- Up-to-date symlink: /app/install/modus_board_interfaces/share/modus_board_interfaces/environment/library_path.sh
[0.538s] -- Up-to-date symlink: /app/install/modus_board_interfaces/share/modus_board_interfaces/environment/library_path.dsv
[0.538s] -- Up-to-date symlink: /app/install/modus_board_interfaces/include/modus_board_interfaces/modus_board_interfaces/msg/rosidl_typesupport_fastrtps_c__visibility_control.h
[0.538s] -- Up-to-date symlink: /app/install/modus_board_interfaces/include/modus_board_interfaces/modus_board_interfaces/srv/detail/enable_boards__rosidl_typesupport_fastrtps_c.h
[0.538s] -- Up-to-date symlink: /app/install/modus_board_interfaces/include/modus_board_interfaces/modus_board_interfaces/srv/detail/reset_boards__rosidl_typesupport_fastrtps_c.h
[0.539s] -- Up-to-date symlink: /app/install/modus_board_interfaces/include/modus_board_interfaces/modus_board_interfaces/msg/rosidl_generator_cpp__visibility_control.hpp
[0.539s] -- Up-to-date symlink: /app/install/modus_board_interfaces/include/modus_board_interfaces/modus_board_interfaces/srv/detail/enable_boards__builder.hpp
[0.539s] -- Up-to-date symlink: /app/install/modus_board_interfaces/include/modus_board_interfaces/modus_board_interfaces/srv/detail/enable_boards__struct.hpp
[0.540s] -- Up-to-date symlink: /app/install/modus_board_interfaces/include/modus_board_interfaces/modus_board_interfaces/srv/detail/enable_boards__traits.hpp
[0.540s] -- Up-to-date symlink: /app/install/modus_board_interfaces/include/modus_board_interfaces/modus_board_interfaces/srv/detail/enable_boards__type_support.hpp
[0.540s] -- Up-to-date symlink: /app/install/modus_board_interfaces/include/modus_board_interfaces/modus_board_interfaces/srv/detail/reset_boards__builder.hpp
[0.540s] -- Up-to-date symlink: /app/install/modus_board_interfaces/include/modus_board_interfaces/modus_board_interfaces/srv/detail/reset_boards__struct.hpp
[0.540s] -- Up-to-date symlink: /app/install/modus_board_interfaces/include/modus_board_interfaces/modus_board_interfaces/srv/detail/reset_boards__traits.hpp
[0.540s] -- Up-to-date symlink: /app/install/modus_board_interfaces/include/modus_board_interfaces/modus_board_interfaces/srv/detail/reset_boards__type_support.hpp
[0.541s] -- Up-to-date symlink: /app/install/modus_board_interfaces/include/modus_board_interfaces/modus_board_interfaces/srv/enable_boards.hpp
[0.541s] -- Up-to-date symlink: /app/install/modus_board_interfaces/include/modus_board_interfaces/modus_board_interfaces/srv/reset_boards.hpp
[0.541s] -- Up-to-date symlink: /app/install/modus_board_interfaces/include/modus_board_interfaces/modus_board_interfaces/msg/rosidl_typesupport_fastrtps_cpp__visibility_control.h
[0.541s] -- Up-to-date symlink: /app/install/modus_board_interfaces/include/modus_board_interfaces/modus_board_interfaces/srv/detail/enable_boards__rosidl_typesupport_fastrtps_cpp.hpp
[0.542s] -- Up-to-date symlink: /app/install/modus_board_interfaces/include/modus_board_interfaces/modus_board_interfaces/srv/detail/reset_boards__rosidl_typesupport_fastrtps_cpp.hpp
[0.542s] -- Up-to-date symlink: /app/install/modus_board_interfaces/include/modus_board_interfaces/modus_board_interfaces/msg/rosidl_typesupport_introspection_c__visibility_control.h
[0.542s] -- Up-to-date symlink: /app/install/modus_board_interfaces/include/modus_board_interfaces/modus_board_interfaces/srv/detail/enable_boards__rosidl_typesupport_introspection_c.h
[0.542s] -- Up-to-date symlink: /app/install/modus_board_interfaces/include/modus_board_interfaces/modus_board_interfaces/srv/detail/reset_boards__rosidl_typesupport_introspection_c.h
[0.543s] -- Up-to-date symlink: /app/install/modus_board_interfaces/include/modus_board_interfaces/modus_board_interfaces/srv/detail/enable_boards__rosidl_typesupport_introspection_cpp.hpp
[0.543s] -- Up-to-date symlink: /app/install/modus_board_interfaces/include/modus_board_interfaces/modus_board_interfaces/srv/detail/reset_boards__rosidl_typesupport_introspection_cpp.hpp
[0.543s] -- Up-to-date symlink: /app/install/modus_board_interfaces/share/modus_board_interfaces/environment/pythonpath.sh
[0.543s] -- Up-to-date symlink: /app/install/modus_board_interfaces/share/modus_board_interfaces/environment/pythonpath.dsv
[0.543s] -- Up-to-date symlink: /app/install/modus_board_interfaces/local/lib/python3.10/dist-packages/modus_board_interfaces-0.8.0-py3.10.egg-info/PKG-INFO
[0.543s] -- Up-to-date symlink: /app/install/modus_board_interfaces/local/lib/python3.10/dist-packages/modus_board_interfaces-0.8.0-py3.10.egg-info/SOURCES.txt
[0.543s] -- Up-to-date symlink: /app/install/modus_board_interfaces/local/lib/python3.10/dist-packages/modus_board_interfaces-0.8.0-py3.10.egg-info/dependency_links.txt
[0.543s] -- Up-to-date symlink: /app/install/modus_board_interfaces/local/lib/python3.10/dist-packages/modus_board_interfaces-0.8.0-py3.10.egg-info/top_level.txt
[0.544s] -- Up-to-date symlink: /app/install/modus_board_interfaces/local/lib/python3.10/dist-packages/modus_board_interfaces/__init__.py
[0.544s] -- Up-to-date symlink: /app/install/modus_board_interfaces/local/lib/python3.10/dist-packages/modus_board_interfaces/_modus_board_interfaces_s.ep.rosidl_typesupport_c.c
[0.544s] -- Up-to-date symlink: /app/install/modus_board_interfaces/local/lib/python3.10/dist-packages/modus_board_interfaces/_modus_board_interfaces_s.ep.rosidl_typesupport_fastrtps_c.c
[0.544s] -- Up-to-date symlink: /app/install/modus_board_interfaces/local/lib/python3.10/dist-packages/modus_board_interfaces/_modus_board_interfaces_s.ep.rosidl_typesupport_introspection_c.c
[0.544s] -- Up-to-date symlink: /app/install/modus_board_interfaces/local/lib/python3.10/dist-packages/modus_board_interfaces/libmodus_board_interfaces__rosidl_generator_py.so
[0.544s] -- Up-to-date symlink: /app/install/modus_board_interfaces/local/lib/python3.10/dist-packages/modus_board_interfaces/modus_board_interfaces_s__rosidl_typesupport_c.cpython-310-x86_64-linux-gnu.so
[0.545s] -- Up-to-date symlink: /app/install/modus_board_interfaces/local/lib/python3.10/dist-packages/modus_board_interfaces/modus_board_interfaces_s__rosidl_typesupport_fastrtps_c.cpython-310-x86_64-linux-gnu.so
[0.545s] -- Up-to-date symlink: /app/install/modus_board_interfaces/local/lib/python3.10/dist-packages/modus_board_interfaces/modus_board_interfaces_s__rosidl_typesupport_introspection_c.cpython-310-x86_64-linux-gnu.so
[0.545s] -- Up-to-date symlink: /app/install/modus_board_interfaces/local/lib/python3.10/dist-packages/modus_board_interfaces/srv/__init__.py
[0.545s] -- Up-to-date symlink: /app/install/modus_board_interfaces/local/lib/python3.10/dist-packages/modus_board_interfaces/srv/_enable_boards.py
[0.545s] -- Up-to-date symlink: /app/install/modus_board_interfaces/local/lib/python3.10/dist-packages/modus_board_interfaces/srv/_enable_boards_s.c
[0.545s] -- Up-to-date symlink: /app/install/modus_board_interfaces/local/lib/python3.10/dist-packages/modus_board_interfaces/srv/_reset_boards.py
[0.546s] -- Up-to-date symlink: /app/install/modus_board_interfaces/local/lib/python3.10/dist-packages/modus_board_interfaces/srv/_reset_boards_s.c
[0.546s] -- Up-to-date symlink: /app/install/modus_board_interfaces/local/lib/python3.10/dist-packages/modus_board_interfaces/modus_board_interfaces_s__rosidl_typesupport_fastrtps_c.cpython-310-x86_64-linux-gnu.so
[0.546s] -- Up-to-date symlink: /app/install/modus_board_interfaces/local/lib/python3.10/dist-packages/modus_board_interfaces/modus_board_interfaces_s__rosidl_typesupport_introspection_c.cpython-310-x86_64-linux-gnu.so
[0.547s] -- Up-to-date symlink: /app/install/modus_board_interfaces/local/lib/python3.10/dist-packages/modus_board_interfaces/modus_board_interfaces_s__rosidl_typesupport_c.cpython-310-x86_64-linux-gnu.so
[0.547s] -- Up-to-date symlink: /app/install/modus_board_interfaces/share/ament_index/resource_index/rust_packages/modus_board_interfaces
[0.548s] -- Up-to-date symlink: /app/install/modus_board_interfaces/share/modus_board_interfaces/rust/Cargo.toml
[0.548s] -- Up-to-date symlink: /app/install/modus_board_interfaces/share/modus_board_interfaces/rust/build.rs
[0.548s] -- Up-to-date symlink: /app/install/modus_board_interfaces/share/modus_board_interfaces/rust/src/lib.rs
[0.548s] -- Up-to-date symlink: /app/install/modus_board_interfaces/share/modus_board_interfaces/rust/src/srv.rs
[0.548s] -- Up-to-date symlink: /app/install/modus_board_interfaces/share/modus_board_interfaces/rust/src/srv/rmw.rs
[0.548s] -- Up-to-date symlink: /app/install/modus_board_interfaces/share/modus_board_interfaces/srv/EnableBoards.idl
[0.549s] -- Up-to-date symlink: /app/install/modus_board_interfaces/share/modus_board_interfaces/srv/ResetBoards.idl
[0.549s] -- Up-to-date symlink: /app/install/modus_board_interfaces/share/modus_board_interfaces/srv/EnableBoards.srv
[0.549s] -- Up-to-date symlink: /app/install/modus_board_interfaces/share/modus_board_interfaces/srv/EnableBoards_Request.msg
[0.549s] -- Up-to-date symlink: /app/install/modus_board_interfaces/share/modus_board_interfaces/srv/EnableBoards_Response.msg
[0.549s] -- Up-to-date symlink: /app/install/modus_board_interfaces/share/modus_board_interfaces/srv/ResetBoards.srv
[0.549s] -- Up-to-date symlink: /app/install/modus_board_interfaces/share/modus_board_interfaces/srv/ResetBoards_Request.msg
[0.552s] -- Up-to-date symlink: /app/install/modus_board_interfaces/share/modus_board_interfaces/srv/ResetBoards_Response.msg
[0.552s] -- Up-to-date symlink: /app/install/modus_board_interfaces/share/ament_index/resource_index/package_run_dependencies/modus_board_interfaces
[0.552s] -- Up-to-date symlink: /app/install/modus_board_interfaces/share/ament_index/resource_index/parent_prefix_path/modus_board_interfaces
[0.552s] -- Up-to-date symlink: /app/install/modus_board_interfaces/share/modus_board_interfaces/environment/ament_prefix_path.sh
[0.552s] -- Up-to-date symlink: /app/install/modus_board_interfaces/share/modus_board_interfaces/environment/ament_prefix_path.dsv
[0.552s] -- Up-to-date symlink: /app/install/modus_board_interfaces/share/modus_board_interfaces/environment/path.sh
[0.552s] -- Up-to-date symlink: /app/install/modus_board_interfaces/share/modus_board_interfaces/environment/path.dsv
[0.552s] -- Up-to-date symlink: /app/install/modus_board_interfaces/share/modus_board_interfaces/local_setup.bash
[0.552s] -- Up-to-date symlink: /app/install/modus_board_interfaces/share/modus_board_interfaces/local_setup.sh
[0.552s] -- Up-to-date symlink: /app/install/modus_board_interfaces/share/modus_board_interfaces/local_setup.zsh
[0.553s] -- Up-to-date symlink: /app/install/modus_board_interfaces/share/modus_board_interfaces/local_setup.dsv
[0.553s] -- Symlinking: /app/install/modus_board_interfaces/share/modus_board_interfaces/package.dsv
[0.566s] -- Up-to-date symlink: /app/install/modus_board_interfaces/share/ament_index/resource_index/packages/modus_board_interfaces
[0.567s] -- Up-to-date symlink: /app/install/modus_board_interfaces/share/modus_board_interfaces/cmake/rosidl_cmake-extras.cmake
[0.567s] -- Up-to-date symlink: /app/install/modus_board_interfaces/share/modus_board_interfaces/cmake/ament_cmake_export_dependencies-extras.cmake
[0.567s] -- Up-to-date symlink: /app/install/modus_board_interfaces/share/modus_board_interfaces/cmake/ament_cmake_export_include_directories-extras.cmake
[0.568s] -- Up-to-date symlink: /app/install/modus_board_interfaces/share/modus_board_interfaces/cmake/ament_cmake_export_libraries-extras.cmake
[0.568s] -- Up-to-date symlink: /app/install/modus_board_interfaces/share/modus_board_interfaces/cmake/ament_cmake_export_targets-extras.cmake
[0.568s] -- Up-to-date symlink: /app/install/modus_board_interfaces/share/modus_board_interfaces/cmake/rosidl_cmake_export_typesupport_targets-extras.cmake
[0.568s] -- Up-to-date symlink: /app/install/modus_board_interfaces/share/modus_board_interfaces/cmake/rosidl_cmake_export_typesupport_libraries-extras.cmake
[0.568s] -- Up-to-date symlink: /app/install/modus_board_interfaces/share/modus_board_interfaces/cmake/modus_board_interfacesConfig.cmake
[0.568s] -- Up-to-date symlink: /app/install/modus_board_interfaces/share/modus_board_interfaces/cmake/modus_board_interfacesConfig-version.cmake
[0.568s] -- Up-to-date symlink: /app/install/modus_board_interfaces/share/modus_board_interfaces/package.xml
[0.569s] -- Up-to-date: /app/install/modus_board_interfaces/lib/libmodus_board_interfaces__rosidl_generator_c.so
[0.569s] -- Up-to-date: /app/install/modus_board_interfaces/lib/libmodus_board_interfaces__rosidl_typesupport_fastrtps_c.so
[0.569s] -- Up-to-date: /app/install/modus_board_interfaces/lib/libmodus_board_interfaces__rosidl_typesupport_fastrtps_cpp.so
[0.569s] -- Up-to-date: /app/install/modus_board_interfaces/lib/libmodus_board_interfaces__rosidl_typesupport_introspection_c.so
[0.569s] -- Up-to-date: /app/install/modus_board_interfaces/lib/libmodus_board_interfaces__rosidl_typesupport_c.so
[0.570s] -- Up-to-date: /app/install/modus_board_interfaces/lib/libmodus_board_interfaces__rosidl_typesupport_introspection_cpp.so
[0.570s] -- Up-to-date: /app/install/modus_board_interfaces/lib/libmodus_board_interfaces__rosidl_typesupport_cpp.so
[0.598s] Listing '/app/install/modus_board_interfaces/local/lib/python3.10/dist-packages/modus_board_interfaces'...
[0.598s] Listing '/app/install/modus_board_interfaces/local/lib/python3.10/dist-packages/modus_board_interfaces/srv'...
[0.603s] -- Up-to-date: /app/install/modus_board_interfaces/lib/libmodus_board_interfaces__rosidl_generator_py.so
[0.605s] -- Up-to-date: /app/install/modus_board_interfaces/share/modus_board_interfaces/cmake/export_modus_board_interfaces__rosidl_generator_cExport.cmake
[0.605s] -- Up-to-date: /app/install/modus_board_interfaces/share/modus_board_interfaces/cmake/export_modus_board_interfaces__rosidl_generator_cExport-noconfig.cmake
[0.605s] -- Up-to-date: /app/install/modus_board_interfaces/share/modus_board_interfaces/cmake/export_modus_board_interfaces__rosidl_typesupport_fastrtps_cExport.cmake
[0.605s] -- Up-to-date: /app/install/modus_board_interfaces/share/modus_board_interfaces/cmake/export_modus_board_interfaces__rosidl_typesupport_fastrtps_cExport-noconfig.cmake
[0.605s] -- Up-to-date: /app/install/modus_board_interfaces/share/modus_board_interfaces/cmake/export_modus_board_interfaces__rosidl_generator_cppExport.cmake
[0.605s] -- Up-to-date: /app/install/modus_board_interfaces/share/modus_board_interfaces/cmake/export_modus_board_interfaces__rosidl_typesupport_fastrtps_cppExport.cmake
[0.605s] -- Up-to-date: /app/install/modus_board_interfaces/share/modus_board_interfaces/cmake/export_modus_board_interfaces__rosidl_typesupport_fastrtps_cppExport-noconfig.cmake
[0.605s] -- Up-to-date: /app/install/modus_board_interfaces/share/modus_board_interfaces/cmake/modus_board_interfaces__rosidl_typesupport_introspection_cExport.cmake
[0.605s] -- Up-to-date: /app/install/modus_board_interfaces/share/modus_board_interfaces/cmake/modus_board_interfaces__rosidl_typesupport_introspection_cExport-noconfig.cmake
[0.605s] -- Up-to-date: /app/install/modus_board_interfaces/share/modus_board_interfaces/cmake/modus_board_interfaces__rosidl_typesupport_cExport.cmake
[0.605s] -- Up-to-date: /app/install/modus_board_interfaces/share/modus_board_interfaces/cmake/modus_board_interfaces__rosidl_typesupport_cExport-noconfig.cmake
[0.605s] -- Up-to-date: /app/install/modus_board_interfaces/share/modus_board_interfaces/cmake/modus_board_interfaces__rosidl_typesupport_introspection_cppExport.cmake
[0.605s] -- Up-to-date: /app/install/modus_board_interfaces/share/modus_board_interfaces/cmake/modus_board_interfaces__rosidl_typesupport_introspection_cppExport-noconfig.cmake
[0.605s] -- Up-to-date: /app/install/modus_board_interfaces/share/modus_board_interfaces/cmake/modus_board_interfaces__rosidl_typesupport_cppExport.cmake
[0.606s] -- Up-to-date: /app/install/modus_board_interfaces/share/modus_board_interfaces/cmake/modus_board_interfaces__rosidl_typesupport_cppExport-noconfig.cmake
[0.606s] -- Up-to-date: /app/install/modus_board_interfaces/share/modus_board_interfaces/cmake/export_modus_board_interfaces__rosidl_generator_pyExport.cmake
[0.606s] -- Up-to-date: /app/install/modus_board_interfaces/share/modus_board_interfaces/cmake/export_modus_board_interfaces__rosidl_generator_pyExport-noconfig.cmake
[0.624s] Invoked command in '/app/build/modus_board_interfaces' returned '0': AMENT_PREFIX_PATH=/app/install/kapibara_interfaces:${AMENT_PREFIX_PATH} CMAKE_PREFIX_PATH=/app/install/kapibara_interfaces:/opt/ros/humble LD_LIBRARY_PATH=/app/install/kapibara_interfaces/lib:${LD_LIBRARY_PATH} PYTHONPATH=/app/install/kapibara_interfaces/local/lib/python3.10/dist-packages:${PYTHONPATH} /usr/bin/cmake --install /app/build/modus_board_interfaces
