-- The C compiler identification is GNU 11.4.0
-- The CXX compiler identification is GNU 11.4.0
-- Detecting C compiler ABI info
-- Detecting C compiler ABI info - done
-- Check for working C compiler: /usr/bin/cc - skipped
-- Detecting C compile features
-- Detecting C compile features - done
-- Detecting CXX compiler ABI info
-- Detecting CXX compiler ABI info - done
-- Check for working CXX compiler: /usr/bin/c++ - skipped
-- Detecting CXX compile features
-- Detecting CXX compile features - done
-- Found ament_cmake: 1.3.14 (/opt/ros/humble/share/ament_cmake/cmake)
-- Found Python3: /usr/bin/python3 (found version "3.10.12") found components: Interpreter 
-- Override CMake install command with custom implementation using symlinks instead of copying resources
-- Found geometry_msgs: 4.9.1 (/opt/ros/humble/share/geometry_msgs/cmake)
-- Found rosidl_generator_c: 3.1.8 (/opt/ros/humble/share/rosidl_generator_c/cmake)
-- Found rosidl_adapter: 3.1.8 (/opt/ros/humble/share/rosidl_adapter/cmake)
-- Found rosidl_generator_cpp: 3.1.8 (/opt/ros/humble/share/rosidl_generator_cpp/cmake)
-- Using all available rosidl_typesupport_c: rosidl_typesupport_fastrtps_c;rosidl_typesupport_introspection_c
-- Using all available rosidl_typesupport_cpp: rosidl_typesupport_fastrtps_cpp;rosidl_typesupport_introspection_cpp
-- Found kapibara_interfaces: 0.8.0 (/app/install/kapibara_interfaces/share/kapibara_interfaces/cmake)
-- Found rosidl_default_generators: 1.2.1 (/opt/ros/humble/share/rosidl_default_generators/cmake)
-- Found ament_cmake_ros: 0.10.0 (/opt/ros/humble/share/ament_cmake_ros/cmake)
-- Using all available rosidl_typesupport_c: rosidl_typesupport_fastrtps_c;rosidl_typesupport_introspection_c
-- Using all available rosidl_typesupport_cpp: rosidl_typesupport_fastrtps_cpp;rosidl_typesupport_introspection_cpp
-- Found PythonInterp: /usr/bin/python3 (found suitable version "3.10.12", minimum required is "3.6") 
-- Found python_cmake_module: 0.10.0 (/opt/ros/humble/share/python_cmake_module/cmake)
-- Found PythonLibs: /usr/lib/x86_64-linux-gnu/libpython3.10.so (found suitable version "3.10.12", minimum required is "3.5") 
-- Using PYTHON_EXECUTABLE: /usr/bin/python3
-- Using PYTHON_INCLUDE_DIRS: /usr/include/python3.10
-- Using PYTHON_LIBRARIES: /usr/lib/x86_64-linux-gnu/libpython3.10.so
-- Found PythonExtra: .so  
-- Found ament_lint_auto: 0.12.15 (/opt/ros/humble/share/ament_lint_auto/cmake)
-- Added test 'lint_cmake' to check CMake code style
-- Added test 'xmllint' to check XML markup files
-- Configuring done
-- Generating done
-- Build files have been written to: /app/build/vel_saltis_services
[  1%] [34m[1mGenerating C code for ROS interfaces[0m
[  2%] [34m[1mGenerating Rust code for ROS interfaces[0m
[  2%] [34m[1mGenerating C++ code for ROS interfaces[0m
[  2%] Built target ament_cmake_python_symlink_vel_saltis_services
running egg_info
creating vel_saltis_services.egg-info
writing vel_saltis_services.egg-info/PKG-INFO
writing dependency_links to vel_saltis_services.egg-info/dependency_links.txt
writing top-level names to vel_saltis_services.egg-info/top_level.txt
writing manifest file 'vel_saltis_services.egg-info/SOURCES.txt'
reading manifest file 'vel_saltis_services.egg-info/SOURCES.txt'
writing manifest file 'vel_saltis_services.egg-info/SOURCES.txt'
[  2%] Built target ament_cmake_python_build_vel_saltis_services_egg
[  2%] Built target vel_saltis_services__rs
[  2%] Built target vel_saltis_services__cpp
[  3%] [34m[1mGenerating C++ introspection for ROS interfaces[0m
[  4%] [34m[1mGenerating C++ type support for eProsima Fast-RTPS[0m
[  5%] [34m[1mGenerating C++ type support dispatch for ROS interfaces[0m
[  5%] [32mBuilding C object CMakeFiles/vel_saltis_services__rosidl_generator_c.dir/rosidl_generator_c/vel_saltis_services/msg/detail/imu_cfg__functions.c.o[0m
[  6%] [32mBuilding C object CMakeFiles/vel_saltis_services__rosidl_generator_c.dir/rosidl_generator_c/vel_saltis_services/srv/detail/get_fusion_cfg__functions.c.o[0m
[  6%] [32mBuilding C object CMakeFiles/vel_saltis_services__rosidl_generator_c.dir/rosidl_generator_c/vel_saltis_services/srv/detail/set_fusion_cfg__functions.c.o[0m
[  6%] [32mBuilding C object CMakeFiles/vel_saltis_services__rosidl_generator_c.dir/rosidl_generator_c/vel_saltis_services/msg/detail/pidcfg__functions.c.o[0m
[  7%] [32mBuilding C object CMakeFiles/vel_saltis_services__rosidl_generator_c.dir/rosidl_generator_c/vel_saltis_services/msg/detail/servo_cfg__functions.c.o[0m
[  8%] [32mBuilding C object CMakeFiles/vel_saltis_services__rosidl_generator_c.dir/rosidl_generator_c/vel_saltis_services/msg/detail/fusion_cfg__functions.c.o[0m
[  9%] [32mBuilding C object CMakeFiles/vel_saltis_services__rosidl_generator_c.dir/rosidl_generator_c/vel_saltis_services/msg/detail/motor_cfg__functions.c.o[0m
[ 10%] [32mBuilding C object CMakeFiles/vel_saltis_services__rosidl_generator_c.dir/rosidl_generator_c/vel_saltis_services/srv/detail/set_imu_cfg__functions.c.o[0m
[ 11%] [32mBuilding C object CMakeFiles/vel_saltis_services__rosidl_generator_c.dir/rosidl_generator_c/vel_saltis_services/srv/detail/get_imu_cfg__functions.c.o[0m
[ 12%] [32mBuilding C object CMakeFiles/vel_saltis_services__rosidl_generator_c.dir/rosidl_generator_c/vel_saltis_services/srv/detail/get_motor_cfg__functions.c.o[0m
[ 12%] [32mBuilding C object CMakeFiles/vel_saltis_services__rosidl_generator_c.dir/rosidl_generator_c/vel_saltis_services/srv/detail/set_motor_cfg__functions.c.o[0m
[ 13%] [32mBuilding C object CMakeFiles/vel_saltis_services__rosidl_generator_c.dir/rosidl_generator_c/vel_saltis_services/srv/detail/get_pidcfg__functions.c.o[0m
[ 13%] [32mBuilding C object CMakeFiles/vel_saltis_services__rosidl_generator_c.dir/rosidl_generator_c/vel_saltis_services/srv/detail/get_servo_cfg__functions.c.o[0m
[ 14%] [32mBuilding C object CMakeFiles/vel_saltis_services__rosidl_generator_c.dir/rosidl_generator_c/vel_saltis_services/srv/detail/set_pidcfg__functions.c.o[0m
[ 15%] [32mBuilding C object CMakeFiles/vel_saltis_services__rosidl_generator_c.dir/rosidl_generator_c/vel_saltis_services/srv/detail/set_servo_cfg__functions.c.o[0m
[ 16%] [32m[1mLinking C shared library libvel_saltis_services__rosidl_generator_c.so[0m
[ 16%] Built target vel_saltis_services__rosidl_generator_c
[ 18%] [34m[1mGenerating C type support for eProsima Fast-RTPS[0m
[ 18%] [34m[1mGenerating C type support dispatch for ROS interfaces[0m
[ 19%] [34m[1mGenerating C introspection for ROS interfaces[0m
[ 19%] [32mBuilding CXX object CMakeFiles/vel_saltis_services__rosidl_typesupport_cpp.dir/rosidl_typesupport_cpp/vel_saltis_services/msg/pidcfg__type_support.cpp.o[0m
[ 19%] [32mBuilding CXX object CMakeFiles/vel_saltis_services__rosidl_typesupport_cpp.dir/rosidl_typesupport_cpp/vel_saltis_services/msg/imu_cfg__type_support.cpp.o[0m
[ 20%] [32mBuilding CXX object CMakeFiles/vel_saltis_services__rosidl_typesupport_cpp.dir/rosidl_typesupport_cpp/vel_saltis_services/msg/motor_cfg__type_support.cpp.o[0m
[ 21%] [32mBuilding CXX object CMakeFiles/vel_saltis_services__rosidl_typesupport_cpp.dir/rosidl_typesupport_cpp/vel_saltis_services/msg/fusion_cfg__type_support.cpp.o[0m
[ 22%] [32mBuilding CXX object CMakeFiles/vel_saltis_services__rosidl_typesupport_cpp.dir/rosidl_typesupport_cpp/vel_saltis_services/msg/servo_cfg__type_support.cpp.o[0m
[ 23%] [32mBuilding CXX object CMakeFiles/vel_saltis_services__rosidl_typesupport_cpp.dir/rosidl_typesupport_cpp/vel_saltis_services/srv/get_fusion_cfg__type_support.cpp.o[0m
[ 24%] [32mBuilding CXX object CMakeFiles/vel_saltis_services__rosidl_typesupport_cpp.dir/rosidl_typesupport_cpp/vel_saltis_services/srv/set_fusion_cfg__type_support.cpp.o[0m
[ 24%] [32mBuilding CXX object CMakeFiles/vel_saltis_services__rosidl_typesupport_cpp.dir/rosidl_typesupport_cpp/vel_saltis_services/srv/get_imu_cfg__type_support.cpp.o[0m
[ 25%] [32mBuilding CXX object CMakeFiles/vel_saltis_services__rosidl_typesupport_cpp.dir/rosidl_typesupport_cpp/vel_saltis_services/srv/set_imu_cfg__type_support.cpp.o[0m
[ 25%] [32mBuilding CXX object CMakeFiles/vel_saltis_services__rosidl_typesupport_cpp.dir/rosidl_typesupport_cpp/vel_saltis_services/srv/set_motor_cfg__type_support.cpp.o[0m
[ 25%] [32mBuilding CXX object CMakeFiles/vel_saltis_services__rosidl_typesupport_c.dir/rosidl_typesupport_c/vel_saltis_services/msg/imu_cfg__type_support.cpp.o[0m
[ 26%] [32mBuilding CXX object CMakeFiles/vel_saltis_services__rosidl_typesupport_cpp.dir/rosidl_typesupport_cpp/vel_saltis_services/srv/get_motor_cfg__type_support.cpp.o[0m
[ 27%] [32mBuilding CXX object CMakeFiles/vel_saltis_services__rosidl_typesupport_c.dir/rosidl_typesupport_c/vel_saltis_services/msg/fusion_cfg__type_support.cpp.o[0m
[ 28%] [32mBuilding CXX object CMakeFiles/vel_saltis_services__rosidl_typesupport_cpp.dir/rosidl_typesupport_cpp/vel_saltis_services/srv/get_pidcfg__type_support.cpp.o[0m
[ 29%] [32mBuilding CXX object CMakeFiles/vel_saltis_services__rosidl_typesupport_cpp.dir/rosidl_typesupport_cpp/vel_saltis_services/srv/set_pidcfg__type_support.cpp.o[0m
[ 30%] [32mBuilding CXX object CMakeFiles/vel_saltis_services__rosidl_typesupport_c.dir/rosidl_typesupport_c/vel_saltis_services/msg/motor_cfg__type_support.cpp.o[0m
[ 30%] [32mBuilding CXX object CMakeFiles/vel_saltis_services__rosidl_typesupport_c.dir/rosidl_typesupport_c/vel_saltis_services/msg/pidcfg__type_support.cpp.o[0m
[ 31%] [32mBuilding CXX object CMakeFiles/vel_saltis_services__rosidl_typesupport_c.dir/rosidl_typesupport_c/vel_saltis_services/msg/servo_cfg__type_support.cpp.o[0m
[ 31%] [32mBuilding CXX object CMakeFiles/vel_saltis_services__rosidl_typesupport_cpp.dir/rosidl_typesupport_cpp/vel_saltis_services/srv/get_servo_cfg__type_support.cpp.o[0m
[ 31%] [32mBuilding CXX object CMakeFiles/vel_saltis_services__rosidl_typesupport_fastrtps_cpp.dir/rosidl_typesupport_fastrtps_cpp/vel_saltis_services/msg/detail/dds_fastrtps/imu_cfg__type_support.cpp.o[0m
[ 32%] [32mBuilding CXX object CMakeFiles/vel_saltis_services__rosidl_typesupport_c.dir/rosidl_typesupport_c/vel_saltis_services/srv/get_fusion_cfg__type_support.cpp.o[0m
[ 33%] [32mBuilding CXX object CMakeFiles/vel_saltis_services__rosidl_typesupport_fastrtps_cpp.dir/rosidl_typesupport_fastrtps_cpp/vel_saltis_services/msg/detail/dds_fastrtps/fusion_cfg__type_support.cpp.o[0m
[ 34%] [32mBuilding CXX object CMakeFiles/vel_saltis_services__rosidl_typesupport_cpp.dir/rosidl_typesupport_cpp/vel_saltis_services/srv/set_servo_cfg__type_support.cpp.o[0m
[ 34%] [32mBuilding CXX object CMakeFiles/vel_saltis_services__rosidl_typesupport_c.dir/rosidl_typesupport_c/vel_saltis_services/srv/set_fusion_cfg__type_support.cpp.o[0m
[ 34%] [32mBuilding CXX object CMakeFiles/vel_saltis_services__rosidl_typesupport_introspection_cpp.dir/rosidl_typesupport_introspection_cpp/vel_saltis_services/msg/detail/imu_cfg__type_support.cpp.o[0m
[ 35%] [32mBuilding CXX object CMakeFiles/vel_saltis_services__rosidl_typesupport_c.dir/rosidl_typesupport_c/vel_saltis_services/srv/get_imu_cfg__type_support.cpp.o[0m
[ 36%] [32mBuilding CXX object CMakeFiles/vel_saltis_services__rosidl_typesupport_c.dir/rosidl_typesupport_c/vel_saltis_services/srv/set_imu_cfg__type_support.cpp.o[0m
[ 37%] [32mBuilding CXX object CMakeFiles/vel_saltis_services__rosidl_typesupport_introspection_cpp.dir/rosidl_typesupport_introspection_cpp/vel_saltis_services/msg/detail/fusion_cfg__type_support.cpp.o[0m
[ 38%] [32mBuilding CXX object CMakeFiles/vel_saltis_services__rosidl_typesupport_introspection_cpp.dir/rosidl_typesupport_introspection_cpp/vel_saltis_services/msg/detail/motor_cfg__type_support.cpp.o[0m
[ 38%] [32mBuilding CXX object CMakeFiles/vel_saltis_services__rosidl_typesupport_c.dir/rosidl_typesupport_c/vel_saltis_services/srv/get_motor_cfg__type_support.cpp.o[0m
[ 39%] [32mBuilding CXX object CMakeFiles/vel_saltis_services__rosidl_typesupport_c.dir/rosidl_typesupport_c/vel_saltis_services/srv/set_motor_cfg__type_support.cpp.o[0m
[ 39%] [32mBuilding CXX object CMakeFiles/vel_saltis_services__rosidl_typesupport_introspection_cpp.dir/rosidl_typesupport_introspection_cpp/vel_saltis_services/msg/detail/pidcfg__type_support.cpp.o[0m
[ 40%] [32mBuilding CXX object CMakeFiles/vel_saltis_services__rosidl_typesupport_c.dir/rosidl_typesupport_c/vel_saltis_services/srv/get_pidcfg__type_support.cpp.o[0m
[ 41%] [32mBuilding CXX object CMakeFiles/vel_saltis_services__rosidl_typesupport_c.dir/rosidl_typesupport_c/vel_saltis_services/srv/set_pidcfg__type_support.cpp.o[0m
[ 41%] [32mBuilding CXX object CMakeFiles/vel_saltis_services__rosidl_typesupport_c.dir/rosidl_typesupport_c/vel_saltis_services/srv/get_servo_cfg__type_support.cpp.o[0m
[ 42%] [32mBuilding CXX object CMakeFiles/vel_saltis_services__rosidl_typesupport_introspection_cpp.dir/rosidl_typesupport_introspection_cpp/vel_saltis_services/msg/detail/servo_cfg__type_support.cpp.o[0m
[ 44%] [32m[1mLinking CXX shared library libvel_saltis_services__rosidl_typesupport_cpp.so[0m
[ 44%] [32mBuilding CXX object CMakeFiles/vel_saltis_services__rosidl_typesupport_fastrtps_cpp.dir/rosidl_typesupport_fastrtps_cpp/vel_saltis_services/msg/detail/dds_fastrtps/motor_cfg__type_support.cpp.o[0m
[ 44%] [32mBuilding C object CMakeFiles/vel_saltis_services__rosidl_typesupport_introspection_c.dir/rosidl_typesupport_introspection_c/vel_saltis_services/msg/detail/imu_cfg__type_support.c.o[0m
[ 45%] [32mBuilding CXX object CMakeFiles/vel_saltis_services__rosidl_typesupport_introspection_cpp.dir/rosidl_typesupport_introspection_cpp/vel_saltis_services/srv/detail/get_fusion_cfg__type_support.cpp.o[0m
[ 46%] [32mBuilding C object CMakeFiles/vel_saltis_services__rosidl_typesupport_introspection_c.dir/rosidl_typesupport_introspection_c/vel_saltis_services/msg/detail/fusion_cfg__type_support.c.o[0m
[ 47%] [32mBuilding CXX object CMakeFiles/vel_saltis_services__rosidl_typesupport_c.dir/rosidl_typesupport_c/vel_saltis_services/srv/set_servo_cfg__type_support.cpp.o[0m
[ 48%] [32mBuilding C object CMakeFiles/vel_saltis_services__rosidl_typesupport_introspection_c.dir/rosidl_typesupport_introspection_c/vel_saltis_services/msg/detail/motor_cfg__type_support.c.o[0m
[ 48%] Built target vel_saltis_services__rosidl_typesupport_cpp
[ 48%] [32mBuilding CXX object CMakeFiles/vel_saltis_services__rosidl_typesupport_introspection_cpp.dir/rosidl_typesupport_introspection_cpp/vel_saltis_services/srv/detail/get_imu_cfg__type_support.cpp.o[0m
[ 48%] [32mBuilding C object CMakeFiles/vel_saltis_services__rosidl_typesupport_introspection_c.dir/rosidl_typesupport_introspection_c/vel_saltis_services/msg/detail/pidcfg__type_support.c.o[0m
[ 49%] [32m[1mLinking CXX shared library libvel_saltis_services__rosidl_typesupport_c.so[0m
[ 50%] [32mBuilding CXX object CMakeFiles/vel_saltis_services__rosidl_typesupport_introspection_cpp.dir/rosidl_typesupport_introspection_cpp/vel_saltis_services/srv/detail/set_fusion_cfg__type_support.cpp.o[0m
[ 51%] [32mBuilding C object CMakeFiles/vel_saltis_services__rosidl_typesupport_introspection_c.dir/rosidl_typesupport_introspection_c/vel_saltis_services/msg/detail/servo_cfg__type_support.c.o[0m
[ 52%] [32mBuilding CXX object CMakeFiles/vel_saltis_services__rosidl_typesupport_introspection_cpp.dir/rosidl_typesupport_introspection_cpp/vel_saltis_services/srv/detail/set_imu_cfg__type_support.cpp.o[0m
[ 52%] Built target vel_saltis_services__rosidl_typesupport_c
[ 53%] [32mBuilding C object CMakeFiles/vel_saltis_services__rosidl_typesupport_introspection_c.dir/rosidl_typesupport_introspection_c/vel_saltis_services/srv/detail/get_fusion_cfg__type_support.c.o[0m
[ 53%] [32mBuilding CXX object CMakeFiles/vel_saltis_services__rosidl_typesupport_fastrtps_cpp.dir/rosidl_typesupport_fastrtps_cpp/vel_saltis_services/msg/detail/dds_fastrtps/pidcfg__type_support.cpp.o[0m
[ 54%] [32mBuilding CXX object CMakeFiles/vel_saltis_services__rosidl_typesupport_introspection_cpp.dir/rosidl_typesupport_introspection_cpp/vel_saltis_services/srv/detail/get_motor_cfg__type_support.cpp.o[0m
[ 54%] [32mBuilding CXX object CMakeFiles/vel_saltis_services__rosidl_typesupport_fastrtps_c.dir/rosidl_typesupport_fastrtps_c/vel_saltis_services/msg/detail/imu_cfg__type_support_c.cpp.o[0m
[ 54%] [32mBuilding C object CMakeFiles/vel_saltis_services__rosidl_typesupport_introspection_c.dir/rosidl_typesupport_introspection_c/vel_saltis_services/srv/detail/set_fusion_cfg__type_support.c.o[0m
[ 55%] [32mBuilding CXX object CMakeFiles/vel_saltis_services__rosidl_typesupport_fastrtps_c.dir/rosidl_typesupport_fastrtps_c/vel_saltis_services/msg/detail/fusion_cfg__type_support_c.cpp.o[0m
[ 56%] [32mBuilding C object CMakeFiles/vel_saltis_services__rosidl_typesupport_introspection_c.dir/rosidl_typesupport_introspection_c/vel_saltis_services/srv/detail/get_imu_cfg__type_support.c.o[0m
[ 57%] [32mBuilding CXX object CMakeFiles/vel_saltis_services__rosidl_typesupport_fastrtps_cpp.dir/rosidl_typesupport_fastrtps_cpp/vel_saltis_services/msg/detail/dds_fastrtps/servo_cfg__type_support.cpp.o[0m
[ 58%] [32mBuilding CXX object CMakeFiles/vel_saltis_services__rosidl_typesupport_fastrtps_cpp.dir/rosidl_typesupport_fastrtps_cpp/vel_saltis_services/srv/detail/dds_fastrtps/get_fusion_cfg__type_support.cpp.o[0m
[ 59%] [32mBuilding CXX object CMakeFiles/vel_saltis_services__rosidl_typesupport_fastrtps_c.dir/rosidl_typesupport_fastrtps_c/vel_saltis_services/msg/detail/motor_cfg__type_support_c.cpp.o[0m
[ 60%] [32mBuilding C object CMakeFiles/vel_saltis_services__rosidl_typesupport_introspection_c.dir/rosidl_typesupport_introspection_c/vel_saltis_services/srv/detail/set_imu_cfg__type_support.c.o[0m
[ 60%] [32mBuilding C object CMakeFiles/vel_saltis_services__rosidl_typesupport_introspection_c.dir/rosidl_typesupport_introspection_c/vel_saltis_services/srv/detail/get_motor_cfg__type_support.c.o[0m
[ 60%] [32mBuilding CXX object CMakeFiles/vel_saltis_services__rosidl_typesupport_fastrtps_c.dir/rosidl_typesupport_fastrtps_c/vel_saltis_services/msg/detail/pidcfg__type_support_c.cpp.o[0m
[ 61%] [32mBuilding C object CMakeFiles/vel_saltis_services__rosidl_typesupport_introspection_c.dir/rosidl_typesupport_introspection_c/vel_saltis_services/srv/detail/set_motor_cfg__type_support.c.o[0m
[ 62%] [32mBuilding C object CMakeFiles/vel_saltis_services__rosidl_typesupport_introspection_c.dir/rosidl_typesupport_introspection_c/vel_saltis_services/srv/detail/get_pidcfg__type_support.c.o[0m
[ 63%] [32mBuilding CXX object CMakeFiles/vel_saltis_services__rosidl_typesupport_fastrtps_c.dir/rosidl_typesupport_fastrtps_c/vel_saltis_services/msg/detail/servo_cfg__type_support_c.cpp.o[0m
[ 64%] [32mBuilding CXX object CMakeFiles/vel_saltis_services__rosidl_typesupport_fastrtps_c.dir/rosidl_typesupport_fastrtps_c/vel_saltis_services/srv/detail/get_fusion_cfg__type_support_c.cpp.o[0m
[ 65%] [32mBuilding C object CMakeFiles/vel_saltis_services__rosidl_typesupport_introspection_c.dir/rosidl_typesupport_introspection_c/vel_saltis_services/srv/detail/set_pidcfg__type_support.c.o[0m
[ 66%] [32mBuilding CXX object CMakeFiles/vel_saltis_services__rosidl_typesupport_fastrtps_cpp.dir/rosidl_typesupport_fastrtps_cpp/vel_saltis_services/srv/detail/dds_fastrtps/set_fusion_cfg__type_support.cpp.o[0m
[ 66%] [32mBuilding C object CMakeFiles/vel_saltis_services__rosidl_typesupport_introspection_c.dir/rosidl_typesupport_introspection_c/vel_saltis_services/srv/detail/get_servo_cfg__type_support.c.o[0m
[ 66%] [32mBuilding CXX object CMakeFiles/vel_saltis_services__rosidl_typesupport_introspection_cpp.dir/rosidl_typesupport_introspection_cpp/vel_saltis_services/srv/detail/set_motor_cfg__type_support.cpp.o[0m
[ 67%] [32mBuilding C object CMakeFiles/vel_saltis_services__rosidl_typesupport_introspection_c.dir/rosidl_typesupport_introspection_c/vel_saltis_services/srv/detail/set_servo_cfg__type_support.c.o[0m
[ 67%] [32mBuilding CXX object CMakeFiles/vel_saltis_services__rosidl_typesupport_fastrtps_cpp.dir/rosidl_typesupport_fastrtps_cpp/vel_saltis_services/srv/detail/dds_fastrtps/get_imu_cfg__type_support.cpp.o[0m
[ 68%] [32mBuilding CXX object CMakeFiles/vel_saltis_services__rosidl_typesupport_fastrtps_cpp.dir/rosidl_typesupport_fastrtps_cpp/vel_saltis_services/srv/detail/dds_fastrtps/set_imu_cfg__type_support.cpp.o[0m
[ 69%] [32m[1mLinking C shared library libvel_saltis_services__rosidl_typesupport_introspection_c.so[0m
[ 69%] [32mBuilding CXX object CMakeFiles/vel_saltis_services__rosidl_typesupport_fastrtps_c.dir/rosidl_typesupport_fastrtps_c/vel_saltis_services/srv/detail/set_fusion_cfg__type_support_c.cpp.o[0m
[ 70%] [32mBuilding CXX object CMakeFiles/vel_saltis_services__rosidl_typesupport_fastrtps_c.dir/rosidl_typesupport_fastrtps_c/vel_saltis_services/srv/detail/get_imu_cfg__type_support_c.cpp.o[0m
[ 71%] [32mBuilding CXX object CMakeFiles/vel_saltis_services__rosidl_typesupport_fastrtps_c.dir/rosidl_typesupport_fastrtps_c/vel_saltis_services/srv/detail/set_imu_cfg__type_support_c.cpp.o[0m
[ 71%] Built target vel_saltis_services__rosidl_typesupport_introspection_c
[ 72%] [32mBuilding CXX object CMakeFiles/vel_saltis_services__rosidl_typesupport_introspection_cpp.dir/rosidl_typesupport_introspection_cpp/vel_saltis_services/srv/detail/get_pidcfg__type_support.cpp.o[0m
[ 73%] [32mBuilding CXX object CMakeFiles/vel_saltis_services__rosidl_typesupport_introspection_cpp.dir/rosidl_typesupport_introspection_cpp/vel_saltis_services/srv/detail/set_pidcfg__type_support.cpp.o[0m
[ 73%] [32mBuilding CXX object CMakeFiles/vel_saltis_services__rosidl_typesupport_fastrtps_c.dir/rosidl_typesupport_fastrtps_c/vel_saltis_services/srv/detail/get_motor_cfg__type_support_c.cpp.o[0m
[ 74%] [32mBuilding CXX object CMakeFiles/vel_saltis_services__rosidl_typesupport_fastrtps_cpp.dir/rosidl_typesupport_fastrtps_cpp/vel_saltis_services/srv/detail/dds_fastrtps/get_motor_cfg__type_support.cpp.o[0m
[ 75%] [32mBuilding CXX object CMakeFiles/vel_saltis_services__rosidl_typesupport_fastrtps_c.dir/rosidl_typesupport_fastrtps_c/vel_saltis_services/srv/detail/set_motor_cfg__type_support_c.cpp.o[0m
[ 75%] [32mBuilding CXX object CMakeFiles/vel_saltis_services__rosidl_typesupport_fastrtps_cpp.dir/rosidl_typesupport_fastrtps_cpp/vel_saltis_services/srv/detail/dds_fastrtps/set_motor_cfg__type_support.cpp.o[0m
[ 75%] [32mBuilding CXX object CMakeFiles/vel_saltis_services__rosidl_typesupport_introspection_cpp.dir/rosidl_typesupport_introspection_cpp/vel_saltis_services/srv/detail/get_servo_cfg__type_support.cpp.o[0m
[ 76%] [32mBuilding CXX object CMakeFiles/vel_saltis_services__rosidl_typesupport_fastrtps_cpp.dir/rosidl_typesupport_fastrtps_cpp/vel_saltis_services/srv/detail/dds_fastrtps/get_pidcfg__type_support.cpp.o[0m
[ 77%] [32mBuilding CXX object CMakeFiles/vel_saltis_services__rosidl_typesupport_fastrtps_c.dir/rosidl_typesupport_fastrtps_c/vel_saltis_services/srv/detail/get_pidcfg__type_support_c.cpp.o[0m
[ 78%] [32mBuilding CXX object CMakeFiles/vel_saltis_services__rosidl_typesupport_fastrtps_c.dir/rosidl_typesupport_fastrtps_c/vel_saltis_services/srv/detail/set_pidcfg__type_support_c.cpp.o[0m
[ 78%] [32mBuilding CXX object CMakeFiles/vel_saltis_services__rosidl_typesupport_fastrtps_c.dir/rosidl_typesupport_fastrtps_c/vel_saltis_services/srv/detail/get_servo_cfg__type_support_c.cpp.o[0m
[ 79%] [32mBuilding CXX object CMakeFiles/vel_saltis_services__rosidl_typesupport_fastrtps_cpp.dir/rosidl_typesupport_fastrtps_cpp/vel_saltis_services/srv/detail/dds_fastrtps/set_pidcfg__type_support.cpp.o[0m
[ 80%] [32mBuilding CXX object CMakeFiles/vel_saltis_services__rosidl_typesupport_introspection_cpp.dir/rosidl_typesupport_introspection_cpp/vel_saltis_services/srv/detail/set_servo_cfg__type_support.cpp.o[0m
[ 81%] [32mBuilding CXX object CMakeFiles/vel_saltis_services__rosidl_typesupport_fastrtps_c.dir/rosidl_typesupport_fastrtps_c/vel_saltis_services/srv/detail/set_servo_cfg__type_support_c.cpp.o[0m
[ 81%] [32mBuilding CXX object CMakeFiles/vel_saltis_services__rosidl_typesupport_fastrtps_cpp.dir/rosidl_typesupport_fastrtps_cpp/vel_saltis_services/srv/detail/dds_fastrtps/get_servo_cfg__type_support.cpp.o[0m
[ 82%] [32mBuilding CXX object CMakeFiles/vel_saltis_services__rosidl_typesupport_fastrtps_cpp.dir/rosidl_typesupport_fastrtps_cpp/vel_saltis_services/srv/detail/dds_fastrtps/set_servo_cfg__type_support.cpp.o[0m
[ 83%] [32m[1mLinking CXX shared library libvel_saltis_services__rosidl_typesupport_fastrtps_c.so[0m
[ 84%] [32m[1mLinking CXX shared library libvel_saltis_services__rosidl_typesupport_introspection_cpp.so[0m
[ 84%] Built target vel_saltis_services__rosidl_typesupport_fastrtps_c
[ 85%] [32m[1mLinking CXX shared library libvel_saltis_services__rosidl_typesupport_fastrtps_cpp.so[0m
[ 85%] Built target vel_saltis_services__rosidl_typesupport_introspection_cpp
[ 85%] Built target vel_saltis_services__rosidl_typesupport_fastrtps_cpp
[ 85%] Built target vel_saltis_services
[ 86%] [34m[1mGenerating Python code for ROS interfaces[0m
[ 86%] Built target vel_saltis_services__py
[ 88%] [32mBuilding C object CMakeFiles/vel_saltis_services__rosidl_generator_py.dir/rosidl_generator_py/vel_saltis_services/msg/_imu_cfg_s.c.o[0m
[ 88%] [32mBuilding C object CMakeFiles/vel_saltis_services__rosidl_generator_py.dir/rosidl_generator_py/vel_saltis_services/msg/_servo_cfg_s.c.o[0m
[ 88%] [32mBuilding C object CMakeFiles/vel_saltis_services__rosidl_generator_py.dir/rosidl_generator_py/vel_saltis_services/msg/_pidcfg_s.c.o[0m
[ 89%] [32mBuilding C object CMakeFiles/vel_saltis_services__rosidl_generator_py.dir/rosidl_generator_py/vel_saltis_services/msg/_fusion_cfg_s.c.o[0m
[ 89%] [32mBuilding C object CMakeFiles/vel_saltis_services__rosidl_generator_py.dir/rosidl_generator_py/vel_saltis_services/msg/_motor_cfg_s.c.o[0m
[ 90%] [32mBuilding C object CMakeFiles/vel_saltis_services__rosidl_generator_py.dir/rosidl_generator_py/vel_saltis_services/srv/_get_fusion_cfg_s.c.o[0m
[ 91%] [32mBuilding C object CMakeFiles/vel_saltis_services__rosidl_generator_py.dir/rosidl_generator_py/vel_saltis_services/srv/_set_fusion_cfg_s.c.o[0m
[ 92%] [32mBuilding C object CMakeFiles/vel_saltis_services__rosidl_generator_py.dir/rosidl_generator_py/vel_saltis_services/srv/_get_motor_cfg_s.c.o[0m
[ 92%] [32mBuilding C object CMakeFiles/vel_saltis_services__rosidl_generator_py.dir/rosidl_generator_py/vel_saltis_services/srv/_get_imu_cfg_s.c.o[0m
[ 93%] [32mBuilding C object CMakeFiles/vel_saltis_services__rosidl_generator_py.dir/rosidl_generator_py/vel_saltis_services/srv/_set_imu_cfg_s.c.o[0m
[ 93%] [32mBuilding C object CMakeFiles/vel_saltis_services__rosidl_generator_py.dir/rosidl_generator_py/vel_saltis_services/srv/_set_motor_cfg_s.c.o[0m
[ 94%] [32mBuilding C object CMakeFiles/vel_saltis_services__rosidl_generator_py.dir/rosidl_generator_py/vel_saltis_services/srv/_get_pidcfg_s.c.o[0m
[ 95%] [32mBuilding C object CMakeFiles/vel_saltis_services__rosidl_generator_py.dir/rosidl_generator_py/vel_saltis_services/srv/_set_pidcfg_s.c.o[0m
[ 95%] [32mBuilding C object CMakeFiles/vel_saltis_services__rosidl_generator_py.dir/rosidl_generator_py/vel_saltis_services/srv/_get_servo_cfg_s.c.o[0m
[ 96%] [32mBuilding C object CMakeFiles/vel_saltis_services__rosidl_generator_py.dir/rosidl_generator_py/vel_saltis_services/srv/_set_servo_cfg_s.c.o[0m
[ 97%] [32m[1mLinking C shared library rosidl_generator_py/vel_saltis_services/libvel_saltis_services__rosidl_generator_py.so[0m
[ 97%] Built target vel_saltis_services__rosidl_generator_py
[ 97%] [32mBuilding C object CMakeFiles/vel_saltis_services__rosidl_typesupport_fastrtps_c__pyext.dir/rosidl_generator_py/vel_saltis_services/_vel_saltis_services_s.ep.rosidl_typesupport_fastrtps_c.c.o[0m
[ 97%] [32mBuilding C object CMakeFiles/vel_saltis_services__rosidl_typesupport_introspection_c__pyext.dir/rosidl_generator_py/vel_saltis_services/_vel_saltis_services_s.ep.rosidl_typesupport_introspection_c.c.o[0m
[ 97%] [32mBuilding C object CMakeFiles/vel_saltis_services__rosidl_typesupport_c__pyext.dir/rosidl_generator_py/vel_saltis_services/_vel_saltis_services_s.ep.rosidl_typesupport_c.c.o[0m
[ 98%] [32m[1mLinking C shared library rosidl_generator_py/vel_saltis_services/vel_saltis_services_s__rosidl_typesupport_introspection_c.cpython-310-x86_64-linux-gnu.so[0m
[ 99%] [32m[1mLinking C shared library rosidl_generator_py/vel_saltis_services/vel_saltis_services_s__rosidl_typesupport_fastrtps_c.cpython-310-x86_64-linux-gnu.so[0m
[ 99%] Built target vel_saltis_services__rosidl_typesupport_introspection_c__pyext
[100%] [32m[1mLinking C shared library rosidl_generator_py/vel_saltis_services/vel_saltis_services_s__rosidl_typesupport_c.cpython-310-x86_64-linux-gnu.so[0m
[100%] Built target vel_saltis_services__rosidl_typesupport_fastrtps_c__pyext
[100%] Built target vel_saltis_services__rosidl_typesupport_c__pyext
-- Install configuration: ""
-- Execute custom install script
-- Symlinking: /app/install/vel_saltis_services/share/ament_index/resource_index/rosidl_interfaces/vel_saltis_services
-- Symlinking: /app/install/vel_saltis_services/include/vel_saltis_services/vel_saltis_services/msg/detail/fusion_cfg__functions.h
-- Symlinking: /app/install/vel_saltis_services/include/vel_saltis_services/vel_saltis_services/msg/detail/fusion_cfg__struct.h
-- Symlinking: /app/install/vel_saltis_services/include/vel_saltis_services/vel_saltis_services/msg/detail/fusion_cfg__type_support.h
-- Symlinking: /app/install/vel_saltis_services/include/vel_saltis_services/vel_saltis_services/msg/detail/imu_cfg__functions.h
-- Symlinking: /app/install/vel_saltis_services/include/vel_saltis_services/vel_saltis_services/msg/detail/imu_cfg__struct.h
-- Symlinking: /app/install/vel_saltis_services/include/vel_saltis_services/vel_saltis_services/msg/detail/imu_cfg__type_support.h
-- Symlinking: /app/install/vel_saltis_services/include/vel_saltis_services/vel_saltis_services/msg/detail/motor_cfg__functions.h
-- Symlinking: /app/install/vel_saltis_services/include/vel_saltis_services/vel_saltis_services/msg/detail/motor_cfg__struct.h
-- Symlinking: /app/install/vel_saltis_services/include/vel_saltis_services/vel_saltis_services/msg/detail/motor_cfg__type_support.h
-- Symlinking: /app/install/vel_saltis_services/include/vel_saltis_services/vel_saltis_services/msg/detail/pidcfg__functions.h
-- Symlinking: /app/install/vel_saltis_services/include/vel_saltis_services/vel_saltis_services/msg/detail/pidcfg__struct.h
-- Symlinking: /app/install/vel_saltis_services/include/vel_saltis_services/vel_saltis_services/msg/detail/pidcfg__type_support.h
-- Symlinking: /app/install/vel_saltis_services/include/vel_saltis_services/vel_saltis_services/msg/detail/servo_cfg__functions.h
-- Symlinking: /app/install/vel_saltis_services/include/vel_saltis_services/vel_saltis_services/msg/detail/servo_cfg__struct.h
-- Symlinking: /app/install/vel_saltis_services/include/vel_saltis_services/vel_saltis_services/msg/detail/servo_cfg__type_support.h
-- Symlinking: /app/install/vel_saltis_services/include/vel_saltis_services/vel_saltis_services/msg/fusion_cfg.h
-- Symlinking: /app/install/vel_saltis_services/include/vel_saltis_services/vel_saltis_services/msg/imu_cfg.h
-- Symlinking: /app/install/vel_saltis_services/include/vel_saltis_services/vel_saltis_services/msg/motor_cfg.h
-- Symlinking: /app/install/vel_saltis_services/include/vel_saltis_services/vel_saltis_services/msg/pidcfg.h
-- Symlinking: /app/install/vel_saltis_services/include/vel_saltis_services/vel_saltis_services/msg/rosidl_generator_c__visibility_control.h
-- Symlinking: /app/install/vel_saltis_services/include/vel_saltis_services/vel_saltis_services/msg/servo_cfg.h
-- Symlinking: /app/install/vel_saltis_services/include/vel_saltis_services/vel_saltis_services/srv/detail/get_fusion_cfg__functions.h
-- Symlinking: /app/install/vel_saltis_services/include/vel_saltis_services/vel_saltis_services/srv/detail/get_fusion_cfg__struct.h
-- Symlinking: /app/install/vel_saltis_services/include/vel_saltis_services/vel_saltis_services/srv/detail/get_fusion_cfg__type_support.h
-- Symlinking: /app/install/vel_saltis_services/include/vel_saltis_services/vel_saltis_services/srv/detail/get_imu_cfg__functions.h
-- Symlinking: /app/install/vel_saltis_services/include/vel_saltis_services/vel_saltis_services/srv/detail/get_imu_cfg__struct.h
-- Symlinking: /app/install/vel_saltis_services/include/vel_saltis_services/vel_saltis_services/srv/detail/get_imu_cfg__type_support.h
-- Symlinking: /app/install/vel_saltis_services/include/vel_saltis_services/vel_saltis_services/srv/detail/get_motor_cfg__functions.h
-- Symlinking: /app/install/vel_saltis_services/include/vel_saltis_services/vel_saltis_services/srv/detail/get_motor_cfg__struct.h
-- Symlinking: /app/install/vel_saltis_services/include/vel_saltis_services/vel_saltis_services/srv/detail/get_motor_cfg__type_support.h
-- Symlinking: /app/install/vel_saltis_services/include/vel_saltis_services/vel_saltis_services/srv/detail/get_pidcfg__functions.h
-- Symlinking: /app/install/vel_saltis_services/include/vel_saltis_services/vel_saltis_services/srv/detail/get_pidcfg__struct.h
-- Symlinking: /app/install/vel_saltis_services/include/vel_saltis_services/vel_saltis_services/srv/detail/get_pidcfg__type_support.h
-- Symlinking: /app/install/vel_saltis_services/include/vel_saltis_services/vel_saltis_services/srv/detail/get_servo_cfg__functions.h
-- Symlinking: /app/install/vel_saltis_services/include/vel_saltis_services/vel_saltis_services/srv/detail/get_servo_cfg__struct.h
-- Symlinking: /app/install/vel_saltis_services/include/vel_saltis_services/vel_saltis_services/srv/detail/get_servo_cfg__type_support.h
-- Symlinking: /app/install/vel_saltis_services/include/vel_saltis_services/vel_saltis_services/srv/detail/set_fusion_cfg__functions.h
-- Symlinking: /app/install/vel_saltis_services/include/vel_saltis_services/vel_saltis_services/srv/detail/set_fusion_cfg__struct.h
-- Symlinking: /app/install/vel_saltis_services/include/vel_saltis_services/vel_saltis_services/srv/detail/set_fusion_cfg__type_support.h
-- Symlinking: /app/install/vel_saltis_services/include/vel_saltis_services/vel_saltis_services/srv/detail/set_imu_cfg__functions.h
-- Symlinking: /app/install/vel_saltis_services/include/vel_saltis_services/vel_saltis_services/srv/detail/set_imu_cfg__struct.h
-- Symlinking: /app/install/vel_saltis_services/include/vel_saltis_services/vel_saltis_services/srv/detail/set_imu_cfg__type_support.h
-- Symlinking: /app/install/vel_saltis_services/include/vel_saltis_services/vel_saltis_services/srv/detail/set_motor_cfg__functions.h
-- Symlinking: /app/install/vel_saltis_services/include/vel_saltis_services/vel_saltis_services/srv/detail/set_motor_cfg__struct.h
-- Symlinking: /app/install/vel_saltis_services/include/vel_saltis_services/vel_saltis_services/srv/detail/set_motor_cfg__type_support.h
-- Symlinking: /app/install/vel_saltis_services/include/vel_saltis_services/vel_saltis_services/srv/detail/set_pidcfg__functions.h
-- Symlinking: /app/install/vel_saltis_services/include/vel_saltis_services/vel_saltis_services/srv/detail/set_pidcfg__struct.h
-- Symlinking: /app/install/vel_saltis_services/include/vel_saltis_services/vel_saltis_services/srv/detail/set_pidcfg__type_support.h
-- Symlinking: /app/install/vel_saltis_services/include/vel_saltis_services/vel_saltis_services/srv/detail/set_servo_cfg__functions.h
-- Symlinking: /app/install/vel_saltis_services/include/vel_saltis_services/vel_saltis_services/srv/detail/set_servo_cfg__struct.h
-- Symlinking: /app/install/vel_saltis_services/include/vel_saltis_services/vel_saltis_services/srv/detail/set_servo_cfg__type_support.h
-- Symlinking: /app/install/vel_saltis_services/include/vel_saltis_services/vel_saltis_services/srv/get_fusion_cfg.h
-- Symlinking: /app/install/vel_saltis_services/include/vel_saltis_services/vel_saltis_services/srv/get_imu_cfg.h
-- Symlinking: /app/install/vel_saltis_services/include/vel_saltis_services/vel_saltis_services/srv/get_motor_cfg.h
-- Symlinking: /app/install/vel_saltis_services/include/vel_saltis_services/vel_saltis_services/srv/get_pidcfg.h
-- Symlinking: /app/install/vel_saltis_services/include/vel_saltis_services/vel_saltis_services/srv/get_servo_cfg.h
-- Symlinking: /app/install/vel_saltis_services/include/vel_saltis_services/vel_saltis_services/srv/set_fusion_cfg.h
-- Symlinking: /app/install/vel_saltis_services/include/vel_saltis_services/vel_saltis_services/srv/set_imu_cfg.h
-- Symlinking: /app/install/vel_saltis_services/include/vel_saltis_services/vel_saltis_services/srv/set_motor_cfg.h
-- Symlinking: /app/install/vel_saltis_services/include/vel_saltis_services/vel_saltis_services/srv/set_pidcfg.h
-- Symlinking: /app/install/vel_saltis_services/include/vel_saltis_services/vel_saltis_services/srv/set_servo_cfg.h
-- Symlinking: /app/install/vel_saltis_services/share/vel_saltis_services/environment/library_path.sh
-- Symlinking: /app/install/vel_saltis_services/share/vel_saltis_services/environment/library_path.dsv
-- Symlinking: /app/install/vel_saltis_services/include/vel_saltis_services/vel_saltis_services/msg/detail/fusion_cfg__rosidl_typesupport_fastrtps_c.h
-- Symlinking: /app/install/vel_saltis_services/include/vel_saltis_services/vel_saltis_services/msg/detail/imu_cfg__rosidl_typesupport_fastrtps_c.h
-- Symlinking: /app/install/vel_saltis_services/include/vel_saltis_services/vel_saltis_services/msg/detail/motor_cfg__rosidl_typesupport_fastrtps_c.h
-- Symlinking: /app/install/vel_saltis_services/include/vel_saltis_services/vel_saltis_services/msg/detail/pidcfg__rosidl_typesupport_fastrtps_c.h
-- Symlinking: /app/install/vel_saltis_services/include/vel_saltis_services/vel_saltis_services/msg/detail/servo_cfg__rosidl_typesupport_fastrtps_c.h
-- Symlinking: /app/install/vel_saltis_services/include/vel_saltis_services/vel_saltis_services/msg/rosidl_typesupport_fastrtps_c__visibility_control.h
-- Symlinking: /app/install/vel_saltis_services/include/vel_saltis_services/vel_saltis_services/srv/detail/get_fusion_cfg__rosidl_typesupport_fastrtps_c.h
-- Symlinking: /app/install/vel_saltis_services/include/vel_saltis_services/vel_saltis_services/srv/detail/get_imu_cfg__rosidl_typesupport_fastrtps_c.h
-- Symlinking: /app/install/vel_saltis_services/include/vel_saltis_services/vel_saltis_services/srv/detail/get_motor_cfg__rosidl_typesupport_fastrtps_c.h
-- Symlinking: /app/install/vel_saltis_services/include/vel_saltis_services/vel_saltis_services/srv/detail/get_pidcfg__rosidl_typesupport_fastrtps_c.h
-- Symlinking: /app/install/vel_saltis_services/include/vel_saltis_services/vel_saltis_services/srv/detail/get_servo_cfg__rosidl_typesupport_fastrtps_c.h
-- Symlinking: /app/install/vel_saltis_services/include/vel_saltis_services/vel_saltis_services/srv/detail/set_fusion_cfg__rosidl_typesupport_fastrtps_c.h
-- Symlinking: /app/install/vel_saltis_services/include/vel_saltis_services/vel_saltis_services/srv/detail/set_imu_cfg__rosidl_typesupport_fastrtps_c.h
-- Symlinking: /app/install/vel_saltis_services/include/vel_saltis_services/vel_saltis_services/srv/detail/set_motor_cfg__rosidl_typesupport_fastrtps_c.h
-- Symlinking: /app/install/vel_saltis_services/include/vel_saltis_services/vel_saltis_services/srv/detail/set_pidcfg__rosidl_typesupport_fastrtps_c.h
-- Symlinking: /app/install/vel_saltis_services/include/vel_saltis_services/vel_saltis_services/srv/detail/set_servo_cfg__rosidl_typesupport_fastrtps_c.h
-- Symlinking: /app/install/vel_saltis_services/include/vel_saltis_services/vel_saltis_services/msg/detail/fusion_cfg__builder.hpp
-- Symlinking: /app/install/vel_saltis_services/include/vel_saltis_services/vel_saltis_services/msg/detail/fusion_cfg__struct.hpp
-- Symlinking: /app/install/vel_saltis_services/include/vel_saltis_services/vel_saltis_services/msg/detail/fusion_cfg__traits.hpp
-- Symlinking: /app/install/vel_saltis_services/include/vel_saltis_services/vel_saltis_services/msg/detail/fusion_cfg__type_support.hpp
-- Symlinking: /app/install/vel_saltis_services/include/vel_saltis_services/vel_saltis_services/msg/detail/imu_cfg__builder.hpp
-- Symlinking: /app/install/vel_saltis_services/include/vel_saltis_services/vel_saltis_services/msg/detail/imu_cfg__struct.hpp
-- Symlinking: /app/install/vel_saltis_services/include/vel_saltis_services/vel_saltis_services/msg/detail/imu_cfg__traits.hpp
-- Symlinking: /app/install/vel_saltis_services/include/vel_saltis_services/vel_saltis_services/msg/detail/imu_cfg__type_support.hpp
-- Symlinking: /app/install/vel_saltis_services/include/vel_saltis_services/vel_saltis_services/msg/detail/motor_cfg__builder.hpp
-- Symlinking: /app/install/vel_saltis_services/include/vel_saltis_services/vel_saltis_services/msg/detail/motor_cfg__struct.hpp
-- Symlinking: /app/install/vel_saltis_services/include/vel_saltis_services/vel_saltis_services/msg/detail/motor_cfg__traits.hpp
-- Symlinking: /app/install/vel_saltis_services/include/vel_saltis_services/vel_saltis_services/msg/detail/motor_cfg__type_support.hpp
-- Symlinking: /app/install/vel_saltis_services/include/vel_saltis_services/vel_saltis_services/msg/detail/pidcfg__builder.hpp
-- Symlinking: /app/install/vel_saltis_services/include/vel_saltis_services/vel_saltis_services/msg/detail/pidcfg__struct.hpp
-- Symlinking: /app/install/vel_saltis_services/include/vel_saltis_services/vel_saltis_services/msg/detail/pidcfg__traits.hpp
-- Symlinking: /app/install/vel_saltis_services/include/vel_saltis_services/vel_saltis_services/msg/detail/pidcfg__type_support.hpp
-- Symlinking: /app/install/vel_saltis_services/include/vel_saltis_services/vel_saltis_services/msg/detail/servo_cfg__builder.hpp
-- Symlinking: /app/install/vel_saltis_services/include/vel_saltis_services/vel_saltis_services/msg/detail/servo_cfg__struct.hpp
-- Symlinking: /app/install/vel_saltis_services/include/vel_saltis_services/vel_saltis_services/msg/detail/servo_cfg__traits.hpp
-- Symlinking: /app/install/vel_saltis_services/include/vel_saltis_services/vel_saltis_services/msg/detail/servo_cfg__type_support.hpp
-- Symlinking: /app/install/vel_saltis_services/include/vel_saltis_services/vel_saltis_services/msg/fusion_cfg.hpp
-- Symlinking: /app/install/vel_saltis_services/include/vel_saltis_services/vel_saltis_services/msg/imu_cfg.hpp
-- Symlinking: /app/install/vel_saltis_services/include/vel_saltis_services/vel_saltis_services/msg/motor_cfg.hpp
-- Symlinking: /app/install/vel_saltis_services/include/vel_saltis_services/vel_saltis_services/msg/pidcfg.hpp
-- Symlinking: /app/install/vel_saltis_services/include/vel_saltis_services/vel_saltis_services/msg/rosidl_generator_cpp__visibility_control.hpp
-- Symlinking: /app/install/vel_saltis_services/include/vel_saltis_services/vel_saltis_services/msg/servo_cfg.hpp
-- Symlinking: /app/install/vel_saltis_services/include/vel_saltis_services/vel_saltis_services/srv/detail/get_fusion_cfg__builder.hpp
-- Symlinking: /app/install/vel_saltis_services/include/vel_saltis_services/vel_saltis_services/srv/detail/get_fusion_cfg__struct.hpp
-- Symlinking: /app/install/vel_saltis_services/include/vel_saltis_services/vel_saltis_services/srv/detail/get_fusion_cfg__traits.hpp
-- Symlinking: /app/install/vel_saltis_services/include/vel_saltis_services/vel_saltis_services/srv/detail/get_fusion_cfg__type_support.hpp
-- Symlinking: /app/install/vel_saltis_services/include/vel_saltis_services/vel_saltis_services/srv/detail/get_imu_cfg__builder.hpp
-- Symlinking: /app/install/vel_saltis_services/include/vel_saltis_services/vel_saltis_services/srv/detail/get_imu_cfg__struct.hpp
-- Symlinking: /app/install/vel_saltis_services/include/vel_saltis_services/vel_saltis_services/srv/detail/get_imu_cfg__traits.hpp
-- Symlinking: /app/install/vel_saltis_services/include/vel_saltis_services/vel_saltis_services/srv/detail/get_imu_cfg__type_support.hpp
-- Symlinking: /app/install/vel_saltis_services/include/vel_saltis_services/vel_saltis_services/srv/detail/get_motor_cfg__builder.hpp
-- Symlinking: /app/install/vel_saltis_services/include/vel_saltis_services/vel_saltis_services/srv/detail/get_motor_cfg__struct.hpp
-- Symlinking: /app/install/vel_saltis_services/include/vel_saltis_services/vel_saltis_services/srv/detail/get_motor_cfg__traits.hpp
-- Symlinking: /app/install/vel_saltis_services/include/vel_saltis_services/vel_saltis_services/srv/detail/get_motor_cfg__type_support.hpp
-- Symlinking: /app/install/vel_saltis_services/include/vel_saltis_services/vel_saltis_services/srv/detail/get_pidcfg__builder.hpp
-- Symlinking: /app/install/vel_saltis_services/include/vel_saltis_services/vel_saltis_services/srv/detail/get_pidcfg__struct.hpp
-- Symlinking: /app/install/vel_saltis_services/include/vel_saltis_services/vel_saltis_services/srv/detail/get_pidcfg__traits.hpp
-- Symlinking: /app/install/vel_saltis_services/include/vel_saltis_services/vel_saltis_services/srv/detail/get_pidcfg__type_support.hpp
-- Symlinking: /app/install/vel_saltis_services/include/vel_saltis_services/vel_saltis_services/srv/detail/get_servo_cfg__builder.hpp
-- Symlinking: /app/install/vel_saltis_services/include/vel_saltis_services/vel_saltis_services/srv/detail/get_servo_cfg__struct.hpp
-- Symlinking: /app/install/vel_saltis_services/include/vel_saltis_services/vel_saltis_services/srv/detail/get_servo_cfg__traits.hpp
-- Symlinking: /app/install/vel_saltis_services/include/vel_saltis_services/vel_saltis_services/srv/detail/get_servo_cfg__type_support.hpp
-- Symlinking: /app/install/vel_saltis_services/include/vel_saltis_services/vel_saltis_services/srv/detail/set_fusion_cfg__builder.hpp
-- Symlinking: /app/install/vel_saltis_services/include/vel_saltis_services/vel_saltis_services/srv/detail/set_fusion_cfg__struct.hpp
-- Symlinking: /app/install/vel_saltis_services/include/vel_saltis_services/vel_saltis_services/srv/detail/set_fusion_cfg__traits.hpp
-- Symlinking: /app/install/vel_saltis_services/include/vel_saltis_services/vel_saltis_services/srv/detail/set_fusion_cfg__type_support.hpp
-- Symlinking: /app/install/vel_saltis_services/include/vel_saltis_services/vel_saltis_services/srv/detail/set_imu_cfg__builder.hpp
-- Symlinking: /app/install/vel_saltis_services/include/vel_saltis_services/vel_saltis_services/srv/detail/set_imu_cfg__struct.hpp
-- Symlinking: /app/install/vel_saltis_services/include/vel_saltis_services/vel_saltis_services/srv/detail/set_imu_cfg__traits.hpp
-- Symlinking: /app/install/vel_saltis_services/include/vel_saltis_services/vel_saltis_services/srv/detail/set_imu_cfg__type_support.hpp
-- Symlinking: /app/install/vel_saltis_services/include/vel_saltis_services/vel_saltis_services/srv/detail/set_motor_cfg__builder.hpp
-- Symlinking: /app/install/vel_saltis_services/include/vel_saltis_services/vel_saltis_services/srv/detail/set_motor_cfg__struct.hpp
-- Symlinking: /app/install/vel_saltis_services/include/vel_saltis_services/vel_saltis_services/srv/detail/set_motor_cfg__traits.hpp
-- Symlinking: /app/install/vel_saltis_services/include/vel_saltis_services/vel_saltis_services/srv/detail/set_motor_cfg__type_support.hpp
-- Symlinking: /app/install/vel_saltis_services/include/vel_saltis_services/vel_saltis_services/srv/detail/set_pidcfg__builder.hpp
-- Symlinking: /app/install/vel_saltis_services/include/vel_saltis_services/vel_saltis_services/srv/detail/set_pidcfg__struct.hpp
-- Symlinking: /app/install/vel_saltis_services/include/vel_saltis_services/vel_saltis_services/srv/detail/set_pidcfg__traits.hpp
-- Symlinking: /app/install/vel_saltis_services/include/vel_saltis_services/vel_saltis_services/srv/detail/set_pidcfg__type_support.hpp
-- Symlinking: /app/install/vel_saltis_services/include/vel_saltis_services/vel_saltis_services/srv/detail/set_servo_cfg__builder.hpp
-- Symlinking: /app/install/vel_saltis_services/include/vel_saltis_services/vel_saltis_services/srv/detail/set_servo_cfg__struct.hpp
-- Symlinking: /app/install/vel_saltis_services/include/vel_saltis_services/vel_saltis_services/srv/detail/set_servo_cfg__traits.hpp
-- Symlinking: /app/install/vel_saltis_services/include/vel_saltis_services/vel_saltis_services/srv/detail/set_servo_cfg__type_support.hpp
-- Symlinking: /app/install/vel_saltis_services/include/vel_saltis_services/vel_saltis_services/srv/get_fusion_cfg.hpp
-- Symlinking: /app/install/vel_saltis_services/include/vel_saltis_services/vel_saltis_services/srv/get_imu_cfg.hpp
-- Symlinking: /app/install/vel_saltis_services/include/vel_saltis_services/vel_saltis_services/srv/get_motor_cfg.hpp
-- Symlinking: /app/install/vel_saltis_services/include/vel_saltis_services/vel_saltis_services/srv/get_pidcfg.hpp
-- Symlinking: /app/install/vel_saltis_services/include/vel_saltis_services/vel_saltis_services/srv/get_servo_cfg.hpp
-- Symlinking: /app/install/vel_saltis_services/include/vel_saltis_services/vel_saltis_services/srv/set_fusion_cfg.hpp
-- Symlinking: /app/install/vel_saltis_services/include/vel_saltis_services/vel_saltis_services/srv/set_imu_cfg.hpp
-- Symlinking: /app/install/vel_saltis_services/include/vel_saltis_services/vel_saltis_services/srv/set_motor_cfg.hpp
-- Symlinking: /app/install/vel_saltis_services/include/vel_saltis_services/vel_saltis_services/srv/set_pidcfg.hpp
-- Symlinking: /app/install/vel_saltis_services/include/vel_saltis_services/vel_saltis_services/srv/set_servo_cfg.hpp
-- Symlinking: /app/install/vel_saltis_services/include/vel_saltis_services/vel_saltis_services/msg/detail/fusion_cfg__rosidl_typesupport_fastrtps_cpp.hpp
-- Symlinking: /app/install/vel_saltis_services/include/vel_saltis_services/vel_saltis_services/msg/detail/imu_cfg__rosidl_typesupport_fastrtps_cpp.hpp
-- Symlinking: /app/install/vel_saltis_services/include/vel_saltis_services/vel_saltis_services/msg/detail/motor_cfg__rosidl_typesupport_fastrtps_cpp.hpp
-- Symlinking: /app/install/vel_saltis_services/include/vel_saltis_services/vel_saltis_services/msg/detail/pidcfg__rosidl_typesupport_fastrtps_cpp.hpp
-- Symlinking: /app/install/vel_saltis_services/include/vel_saltis_services/vel_saltis_services/msg/detail/servo_cfg__rosidl_typesupport_fastrtps_cpp.hpp
-- Symlinking: /app/install/vel_saltis_services/include/vel_saltis_services/vel_saltis_services/msg/rosidl_typesupport_fastrtps_cpp__visibility_control.h
-- Symlinking: /app/install/vel_saltis_services/include/vel_saltis_services/vel_saltis_services/srv/detail/get_fusion_cfg__rosidl_typesupport_fastrtps_cpp.hpp
-- Symlinking: /app/install/vel_saltis_services/include/vel_saltis_services/vel_saltis_services/srv/detail/get_imu_cfg__rosidl_typesupport_fastrtps_cpp.hpp
-- Symlinking: /app/install/vel_saltis_services/include/vel_saltis_services/vel_saltis_services/srv/detail/get_motor_cfg__rosidl_typesupport_fastrtps_cpp.hpp
-- Symlinking: /app/install/vel_saltis_services/include/vel_saltis_services/vel_saltis_services/srv/detail/get_pidcfg__rosidl_typesupport_fastrtps_cpp.hpp
-- Symlinking: /app/install/vel_saltis_services/include/vel_saltis_services/vel_saltis_services/srv/detail/get_servo_cfg__rosidl_typesupport_fastrtps_cpp.hpp
-- Symlinking: /app/install/vel_saltis_services/include/vel_saltis_services/vel_saltis_services/srv/detail/set_fusion_cfg__rosidl_typesupport_fastrtps_cpp.hpp
-- Symlinking: /app/install/vel_saltis_services/include/vel_saltis_services/vel_saltis_services/srv/detail/set_imu_cfg__rosidl_typesupport_fastrtps_cpp.hpp
-- Symlinking: /app/install/vel_saltis_services/include/vel_saltis_services/vel_saltis_services/srv/detail/set_motor_cfg__rosidl_typesupport_fastrtps_cpp.hpp
-- Symlinking: /app/install/vel_saltis_services/include/vel_saltis_services/vel_saltis_services/srv/detail/set_pidcfg__rosidl_typesupport_fastrtps_cpp.hpp
-- Symlinking: /app/install/vel_saltis_services/include/vel_saltis_services/vel_saltis_services/srv/detail/set_servo_cfg__rosidl_typesupport_fastrtps_cpp.hpp
-- Symlinking: /app/install/vel_saltis_services/include/vel_saltis_services/vel_saltis_services/msg/detail/fusion_cfg__rosidl_typesupport_introspection_c.h
-- Symlinking: /app/install/vel_saltis_services/include/vel_saltis_services/vel_saltis_services/msg/detail/imu_cfg__rosidl_typesupport_introspection_c.h
-- Symlinking: /app/install/vel_saltis_services/include/vel_saltis_services/vel_saltis_services/msg/detail/motor_cfg__rosidl_typesupport_introspection_c.h
-- Symlinking: /app/install/vel_saltis_services/include/vel_saltis_services/vel_saltis_services/msg/detail/pidcfg__rosidl_typesupport_introspection_c.h
-- Symlinking: /app/install/vel_saltis_services/include/vel_saltis_services/vel_saltis_services/msg/detail/servo_cfg__rosidl_typesupport_introspection_c.h
-- Symlinking: /app/install/vel_saltis_services/include/vel_saltis_services/vel_saltis_services/msg/rosidl_typesupport_introspection_c__visibility_control.h
-- Symlinking: /app/install/vel_saltis_services/include/vel_saltis_services/vel_saltis_services/srv/detail/get_fusion_cfg__rosidl_typesupport_introspection_c.h
-- Symlinking: /app/install/vel_saltis_services/include/vel_saltis_services/vel_saltis_services/srv/detail/get_imu_cfg__rosidl_typesupport_introspection_c.h
-- Symlinking: /app/install/vel_saltis_services/include/vel_saltis_services/vel_saltis_services/srv/detail/get_motor_cfg__rosidl_typesupport_introspection_c.h
-- Symlinking: /app/install/vel_saltis_services/include/vel_saltis_services/vel_saltis_services/srv/detail/get_pidcfg__rosidl_typesupport_introspection_c.h
-- Symlinking: /app/install/vel_saltis_services/include/vel_saltis_services/vel_saltis_services/srv/detail/get_servo_cfg__rosidl_typesupport_introspection_c.h
-- Symlinking: /app/install/vel_saltis_services/include/vel_saltis_services/vel_saltis_services/srv/detail/set_fusion_cfg__rosidl_typesupport_introspection_c.h
-- Symlinking: /app/install/vel_saltis_services/include/vel_saltis_services/vel_saltis_services/srv/detail/set_imu_cfg__rosidl_typesupport_introspection_c.h
-- Symlinking: /app/install/vel_saltis_services/include/vel_saltis_services/vel_saltis_services/srv/detail/set_motor_cfg__rosidl_typesupport_introspection_c.h
-- Symlinking: /app/install/vel_saltis_services/include/vel_saltis_services/vel_saltis_services/srv/detail/set_pidcfg__rosidl_typesupport_introspection_c.h
-- Symlinking: /app/install/vel_saltis_services/include/vel_saltis_services/vel_saltis_services/srv/detail/set_servo_cfg__rosidl_typesupport_introspection_c.h
-- Symlinking: /app/install/vel_saltis_services/include/vel_saltis_services/vel_saltis_services/msg/detail/fusion_cfg__rosidl_typesupport_introspection_cpp.hpp
-- Symlinking: /app/install/vel_saltis_services/include/vel_saltis_services/vel_saltis_services/msg/detail/imu_cfg__rosidl_typesupport_introspection_cpp.hpp
-- Symlinking: /app/install/vel_saltis_services/include/vel_saltis_services/vel_saltis_services/msg/detail/motor_cfg__rosidl_typesupport_introspection_cpp.hpp
-- Symlinking: /app/install/vel_saltis_services/include/vel_saltis_services/vel_saltis_services/msg/detail/pidcfg__rosidl_typesupport_introspection_cpp.hpp
-- Symlinking: /app/install/vel_saltis_services/include/vel_saltis_services/vel_saltis_services/msg/detail/servo_cfg__rosidl_typesupport_introspection_cpp.hpp
-- Symlinking: /app/install/vel_saltis_services/include/vel_saltis_services/vel_saltis_services/srv/detail/get_fusion_cfg__rosidl_typesupport_introspection_cpp.hpp
-- Symlinking: /app/install/vel_saltis_services/include/vel_saltis_services/vel_saltis_services/srv/detail/get_imu_cfg__rosidl_typesupport_introspection_cpp.hpp
-- Symlinking: /app/install/vel_saltis_services/include/vel_saltis_services/vel_saltis_services/srv/detail/get_motor_cfg__rosidl_typesupport_introspection_cpp.hpp
-- Symlinking: /app/install/vel_saltis_services/include/vel_saltis_services/vel_saltis_services/srv/detail/get_pidcfg__rosidl_typesupport_introspection_cpp.hpp
-- Symlinking: /app/install/vel_saltis_services/include/vel_saltis_services/vel_saltis_services/srv/detail/get_servo_cfg__rosidl_typesupport_introspection_cpp.hpp
-- Symlinking: /app/install/vel_saltis_services/include/vel_saltis_services/vel_saltis_services/srv/detail/set_fusion_cfg__rosidl_typesupport_introspection_cpp.hpp
-- Symlinking: /app/install/vel_saltis_services/include/vel_saltis_services/vel_saltis_services/srv/detail/set_imu_cfg__rosidl_typesupport_introspection_cpp.hpp
-- Symlinking: /app/install/vel_saltis_services/include/vel_saltis_services/vel_saltis_services/srv/detail/set_motor_cfg__rosidl_typesupport_introspection_cpp.hpp
-- Symlinking: /app/install/vel_saltis_services/include/vel_saltis_services/vel_saltis_services/srv/detail/set_pidcfg__rosidl_typesupport_introspection_cpp.hpp
-- Symlinking: /app/install/vel_saltis_services/include/vel_saltis_services/vel_saltis_services/srv/detail/set_servo_cfg__rosidl_typesupport_introspection_cpp.hpp
-- Symlinking: /app/install/vel_saltis_services/share/vel_saltis_services/environment/pythonpath.sh
-- Symlinking: /app/install/vel_saltis_services/share/vel_saltis_services/environment/pythonpath.dsv
-- Symlinking: /app/install/vel_saltis_services/local/lib/python3.10/dist-packages/vel_saltis_services-0.8.0-py3.10.egg-info/PKG-INFO
-- Symlinking: /app/install/vel_saltis_services/local/lib/python3.10/dist-packages/vel_saltis_services-0.8.0-py3.10.egg-info/SOURCES.txt
-- Symlinking: /app/install/vel_saltis_services/local/lib/python3.10/dist-packages/vel_saltis_services-0.8.0-py3.10.egg-info/dependency_links.txt
-- Symlinking: /app/install/vel_saltis_services/local/lib/python3.10/dist-packages/vel_saltis_services-0.8.0-py3.10.egg-info/top_level.txt
-- Symlinking: /app/install/vel_saltis_services/local/lib/python3.10/dist-packages/vel_saltis_services/__init__.py
-- Symlinking: /app/install/vel_saltis_services/local/lib/python3.10/dist-packages/vel_saltis_services/_vel_saltis_services_s.ep.rosidl_typesupport_c.c
-- Symlinking: /app/install/vel_saltis_services/local/lib/python3.10/dist-packages/vel_saltis_services/_vel_saltis_services_s.ep.rosidl_typesupport_fastrtps_c.c
-- Symlinking: /app/install/vel_saltis_services/local/lib/python3.10/dist-packages/vel_saltis_services/_vel_saltis_services_s.ep.rosidl_typesupport_introspection_c.c
-- Symlinking: /app/install/vel_saltis_services/local/lib/python3.10/dist-packages/vel_saltis_services/libvel_saltis_services__rosidl_generator_py.so
-- Symlinking: /app/install/vel_saltis_services/local/lib/python3.10/dist-packages/vel_saltis_services/msg/__init__.py
-- Symlinking: /app/install/vel_saltis_services/local/lib/python3.10/dist-packages/vel_saltis_services/msg/_fusion_cfg.py
-- Symlinking: /app/install/vel_saltis_services/local/lib/python3.10/dist-packages/vel_saltis_services/msg/_fusion_cfg_s.c
-- Symlinking: /app/install/vel_saltis_services/local/lib/python3.10/dist-packages/vel_saltis_services/msg/_imu_cfg.py
-- Symlinking: /app/install/vel_saltis_services/local/lib/python3.10/dist-packages/vel_saltis_services/msg/_imu_cfg_s.c
-- Symlinking: /app/install/vel_saltis_services/local/lib/python3.10/dist-packages/vel_saltis_services/msg/_motor_cfg.py
-- Symlinking: /app/install/vel_saltis_services/local/lib/python3.10/dist-packages/vel_saltis_services/msg/_motor_cfg_s.c
-- Symlinking: /app/install/vel_saltis_services/local/lib/python3.10/dist-packages/vel_saltis_services/msg/_pidcfg.py
-- Symlinking: /app/install/vel_saltis_services/local/lib/python3.10/dist-packages/vel_saltis_services/msg/_pidcfg_s.c
-- Symlinking: /app/install/vel_saltis_services/local/lib/python3.10/dist-packages/vel_saltis_services/msg/_servo_cfg.py
-- Symlinking: /app/install/vel_saltis_services/local/lib/python3.10/dist-packages/vel_saltis_services/msg/_servo_cfg_s.c
-- Symlinking: /app/install/vel_saltis_services/local/lib/python3.10/dist-packages/vel_saltis_services/srv/__init__.py
-- Symlinking: /app/install/vel_saltis_services/local/lib/python3.10/dist-packages/vel_saltis_services/srv/_get_fusion_cfg.py
-- Symlinking: /app/install/vel_saltis_services/local/lib/python3.10/dist-packages/vel_saltis_services/srv/_get_fusion_cfg_s.c
-- Symlinking: /app/install/vel_saltis_services/local/lib/python3.10/dist-packages/vel_saltis_services/srv/_get_imu_cfg.py
-- Symlinking: /app/install/vel_saltis_services/local/lib/python3.10/dist-packages/vel_saltis_services/srv/_get_imu_cfg_s.c
-- Symlinking: /app/install/vel_saltis_services/local/lib/python3.10/dist-packages/vel_saltis_services/srv/_get_motor_cfg.py
-- Symlinking: /app/install/vel_saltis_services/local/lib/python3.10/dist-packages/vel_saltis_services/srv/_get_motor_cfg_s.c
-- Symlinking: /app/install/vel_saltis_services/local/lib/python3.10/dist-packages/vel_saltis_services/srv/_get_pidcfg.py
-- Symlinking: /app/install/vel_saltis_services/local/lib/python3.10/dist-packages/vel_saltis_services/srv/_get_pidcfg_s.c
-- Symlinking: /app/install/vel_saltis_services/local/lib/python3.10/dist-packages/vel_saltis_services/srv/_get_servo_cfg.py
-- Symlinking: /app/install/vel_saltis_services/local/lib/python3.10/dist-packages/vel_saltis_services/srv/_get_servo_cfg_s.c
-- Symlinking: /app/install/vel_saltis_services/local/lib/python3.10/dist-packages/vel_saltis_services/srv/_set_fusion_cfg.py
-- Symlinking: /app/install/vel_saltis_services/local/lib/python3.10/dist-packages/vel_saltis_services/srv/_set_fusion_cfg_s.c
-- Symlinking: /app/install/vel_saltis_services/local/lib/python3.10/dist-packages/vel_saltis_services/srv/_set_imu_cfg.py
-- Symlinking: /app/install/vel_saltis_services/local/lib/python3.10/dist-packages/vel_saltis_services/srv/_set_imu_cfg_s.c
-- Symlinking: /app/install/vel_saltis_services/local/lib/python3.10/dist-packages/vel_saltis_services/srv/_set_motor_cfg.py
-- Symlinking: /app/install/vel_saltis_services/local/lib/python3.10/dist-packages/vel_saltis_services/srv/_set_motor_cfg_s.c
-- Symlinking: /app/install/vel_saltis_services/local/lib/python3.10/dist-packages/vel_saltis_services/srv/_set_pidcfg.py
-- Symlinking: /app/install/vel_saltis_services/local/lib/python3.10/dist-packages/vel_saltis_services/srv/_set_pidcfg_s.c
-- Symlinking: /app/install/vel_saltis_services/local/lib/python3.10/dist-packages/vel_saltis_services/srv/_set_servo_cfg.py
-- Symlinking: /app/install/vel_saltis_services/local/lib/python3.10/dist-packages/vel_saltis_services/srv/_set_servo_cfg_s.c
-- Symlinking: /app/install/vel_saltis_services/local/lib/python3.10/dist-packages/vel_saltis_services/vel_saltis_services_s__rosidl_typesupport_c.cpython-310-x86_64-linux-gnu.so
-- Symlinking: /app/install/vel_saltis_services/local/lib/python3.10/dist-packages/vel_saltis_services/vel_saltis_services_s__rosidl_typesupport_fastrtps_c.cpython-310-x86_64-linux-gnu.so
-- Symlinking: /app/install/vel_saltis_services/local/lib/python3.10/dist-packages/vel_saltis_services/vel_saltis_services_s__rosidl_typesupport_introspection_c.cpython-310-x86_64-linux-gnu.so
-- Up-to-date symlink: /app/install/vel_saltis_services/local/lib/python3.10/dist-packages/vel_saltis_services/vel_saltis_services_s__rosidl_typesupport_fastrtps_c.cpython-310-x86_64-linux-gnu.so
-- Up-to-date symlink: /app/install/vel_saltis_services/local/lib/python3.10/dist-packages/vel_saltis_services/vel_saltis_services_s__rosidl_typesupport_introspection_c.cpython-310-x86_64-linux-gnu.so
-- Up-to-date symlink: /app/install/vel_saltis_services/local/lib/python3.10/dist-packages/vel_saltis_services/vel_saltis_services_s__rosidl_typesupport_c.cpython-310-x86_64-linux-gnu.so
-- Symlinking: /app/install/vel_saltis_services/share/ament_index/resource_index/rust_packages/vel_saltis_services
-- Symlinking: /app/install/vel_saltis_services/share/vel_saltis_services/rust/Cargo.toml
-- Symlinking: /app/install/vel_saltis_services/share/vel_saltis_services/rust/build.rs
-- Symlinking: /app/install/vel_saltis_services/share/vel_saltis_services/rust/src/lib.rs
-- Symlinking: /app/install/vel_saltis_services/share/vel_saltis_services/rust/src/msg.rs
-- Symlinking: /app/install/vel_saltis_services/share/vel_saltis_services/rust/src/msg/rmw.rs
-- Symlinking: /app/install/vel_saltis_services/share/vel_saltis_services/rust/src/srv.rs
-- Symlinking: /app/install/vel_saltis_services/share/vel_saltis_services/rust/src/srv/rmw.rs
-- Symlinking: /app/install/vel_saltis_services/share/vel_saltis_services/msg/ImuCFG.idl
-- Symlinking: /app/install/vel_saltis_services/share/vel_saltis_services/msg/FusionCFG.idl
-- Symlinking: /app/install/vel_saltis_services/share/vel_saltis_services/msg/MotorCFG.idl
-- Symlinking: /app/install/vel_saltis_services/share/vel_saltis_services/msg/PIDCFG.idl
-- Symlinking: /app/install/vel_saltis_services/share/vel_saltis_services/msg/ServoCFG.idl
-- Symlinking: /app/install/vel_saltis_services/share/vel_saltis_services/srv/GetFusionCFG.idl
-- Symlinking: /app/install/vel_saltis_services/share/vel_saltis_services/srv/SetFusionCFG.idl
-- Symlinking: /app/install/vel_saltis_services/share/vel_saltis_services/srv/GetImuCFG.idl
-- Symlinking: /app/install/vel_saltis_services/share/vel_saltis_services/srv/SetImuCFG.idl
-- Symlinking: /app/install/vel_saltis_services/share/vel_saltis_services/srv/GetMotorCFG.idl
-- Symlinking: /app/install/vel_saltis_services/share/vel_saltis_services/srv/SetMotorCFG.idl
-- Symlinking: /app/install/vel_saltis_services/share/vel_saltis_services/srv/GetPIDCFG.idl
-- Symlinking: /app/install/vel_saltis_services/share/vel_saltis_services/srv/SetPIDCFG.idl
-- Symlinking: /app/install/vel_saltis_services/share/vel_saltis_services/srv/GetServoCFG.idl
-- Symlinking: /app/install/vel_saltis_services/share/vel_saltis_services/srv/SetServoCFG.idl
-- Symlinking: /app/install/vel_saltis_services/share/vel_saltis_services/msg/ImuCFG.msg
-- Symlinking: /app/install/vel_saltis_services/share/vel_saltis_services/msg/FusionCFG.msg
-- Symlinking: /app/install/vel_saltis_services/share/vel_saltis_services/msg/MotorCFG.msg
-- Symlinking: /app/install/vel_saltis_services/share/vel_saltis_services/msg/PIDCFG.msg
-- Symlinking: /app/install/vel_saltis_services/share/vel_saltis_services/msg/ServoCFG.msg
-- Symlinking: /app/install/vel_saltis_services/share/vel_saltis_services/srv/GetFusionCFG.srv
-- Symlinking: /app/install/vel_saltis_services/share/vel_saltis_services/srv/GetFusionCFG_Request.msg
-- Symlinking: /app/install/vel_saltis_services/share/vel_saltis_services/srv/GetFusionCFG_Response.msg
-- Symlinking: /app/install/vel_saltis_services/share/vel_saltis_services/srv/SetFusionCFG.srv
-- Symlinking: /app/install/vel_saltis_services/share/vel_saltis_services/srv/SetFusionCFG_Request.msg
-- Symlinking: /app/install/vel_saltis_services/share/vel_saltis_services/srv/SetFusionCFG_Response.msg
-- Symlinking: /app/install/vel_saltis_services/share/vel_saltis_services/srv/GetImuCFG.srv
-- Symlinking: /app/install/vel_saltis_services/share/vel_saltis_services/srv/GetImuCFG_Request.msg
-- Symlinking: /app/install/vel_saltis_services/share/vel_saltis_services/srv/GetImuCFG_Response.msg
-- Symlinking: /app/install/vel_saltis_services/share/vel_saltis_services/srv/SetImuCFG.srv
-- Symlinking: /app/install/vel_saltis_services/share/vel_saltis_services/srv/SetImuCFG_Request.msg
-- Symlinking: /app/install/vel_saltis_services/share/vel_saltis_services/srv/SetImuCFG_Response.msg
-- Symlinking: /app/install/vel_saltis_services/share/vel_saltis_services/srv/GetMotorCFG.srv
-- Symlinking: /app/install/vel_saltis_services/share/vel_saltis_services/srv/GetMotorCFG_Request.msg
-- Symlinking: /app/install/vel_saltis_services/share/vel_saltis_services/srv/GetMotorCFG_Response.msg
-- Symlinking: /app/install/vel_saltis_services/share/vel_saltis_services/srv/SetMotorCFG.srv
-- Symlinking: /app/install/vel_saltis_services/share/vel_saltis_services/srv/SetMotorCFG_Request.msg
-- Symlinking: /app/install/vel_saltis_services/share/vel_saltis_services/srv/SetMotorCFG_Response.msg
-- Symlinking: /app/install/vel_saltis_services/share/vel_saltis_services/srv/GetPIDCFG.srv
-- Symlinking: /app/install/vel_saltis_services/share/vel_saltis_services/srv/GetPIDCFG_Request.msg
-- Symlinking: /app/install/vel_saltis_services/share/vel_saltis_services/srv/GetPIDCFG_Response.msg
-- Symlinking: /app/install/vel_saltis_services/share/vel_saltis_services/srv/SetPIDCFG.srv
-- Symlinking: /app/install/vel_saltis_services/share/vel_saltis_services/srv/SetPIDCFG_Request.msg
-- Symlinking: /app/install/vel_saltis_services/share/vel_saltis_services/srv/SetPIDCFG_Response.msg
-- Symlinking: /app/install/vel_saltis_services/share/vel_saltis_services/srv/GetServoCFG.srv
-- Symlinking: /app/install/vel_saltis_services/share/vel_saltis_services/srv/GetServoCFG_Request.msg
-- Symlinking: /app/install/vel_saltis_services/share/vel_saltis_services/srv/GetServoCFG_Response.msg
-- Symlinking: /app/install/vel_saltis_services/share/vel_saltis_services/srv/SetServoCFG.srv
-- Symlinking: /app/install/vel_saltis_services/share/vel_saltis_services/srv/SetServoCFG_Request.msg
-- Symlinking: /app/install/vel_saltis_services/share/vel_saltis_services/srv/SetServoCFG_Response.msg
-- Symlinking: /app/install/vel_saltis_services/share/ament_index/resource_index/package_run_dependencies/vel_saltis_services
-- Symlinking: /app/install/vel_saltis_services/share/ament_index/resource_index/parent_prefix_path/vel_saltis_services
-- Symlinking: /app/install/vel_saltis_services/share/vel_saltis_services/environment/ament_prefix_path.sh
-- Symlinking: /app/install/vel_saltis_services/share/vel_saltis_services/environment/ament_prefix_path.dsv
-- Symlinking: /app/install/vel_saltis_services/share/vel_saltis_services/environment/path.sh
-- Symlinking: /app/install/vel_saltis_services/share/vel_saltis_services/environment/path.dsv
-- Symlinking: /app/install/vel_saltis_services/share/vel_saltis_services/local_setup.bash
-- Symlinking: /app/install/vel_saltis_services/share/vel_saltis_services/local_setup.sh
-- Symlinking: /app/install/vel_saltis_services/share/vel_saltis_services/local_setup.zsh
-- Symlinking: /app/install/vel_saltis_services/share/vel_saltis_services/local_setup.dsv
-- Symlinking: /app/install/vel_saltis_services/share/vel_saltis_services/package.dsv
-- Symlinking: /app/install/vel_saltis_services/share/ament_index/resource_index/packages/vel_saltis_services
-- Symlinking: /app/install/vel_saltis_services/share/vel_saltis_services/cmake/rosidl_cmake-extras.cmake
-- Symlinking: /app/install/vel_saltis_services/share/vel_saltis_services/cmake/ament_cmake_export_dependencies-extras.cmake
-- Symlinking: /app/install/vel_saltis_services/share/vel_saltis_services/cmake/ament_cmake_export_include_directories-extras.cmake
-- Symlinking: /app/install/vel_saltis_services/share/vel_saltis_services/cmake/ament_cmake_export_libraries-extras.cmake
-- Symlinking: /app/install/vel_saltis_services/share/vel_saltis_services/cmake/ament_cmake_export_targets-extras.cmake
-- Symlinking: /app/install/vel_saltis_services/share/vel_saltis_services/cmake/rosidl_cmake_export_typesupport_targets-extras.cmake
-- Symlinking: /app/install/vel_saltis_services/share/vel_saltis_services/cmake/rosidl_cmake_export_typesupport_libraries-extras.cmake
-- Symlinking: /app/install/vel_saltis_services/share/vel_saltis_services/cmake/vel_saltis_servicesConfig.cmake
-- Symlinking: /app/install/vel_saltis_services/share/vel_saltis_services/cmake/vel_saltis_servicesConfig-version.cmake
-- Symlinking: /app/install/vel_saltis_services/share/vel_saltis_services/package.xml
-- Installing: /app/install/vel_saltis_services/lib/libvel_saltis_services__rosidl_generator_c.so
-- Set runtime path of "/app/install/vel_saltis_services/lib/libvel_saltis_services__rosidl_generator_c.so" to ""
-- Installing: /app/install/vel_saltis_services/lib/libvel_saltis_services__rosidl_typesupport_fastrtps_c.so
-- Set runtime path of "/app/install/vel_saltis_services/lib/libvel_saltis_services__rosidl_typesupport_fastrtps_c.so" to ""
-- Installing: /app/install/vel_saltis_services/lib/libvel_saltis_services__rosidl_typesupport_fastrtps_cpp.so
-- Set runtime path of "/app/install/vel_saltis_services/lib/libvel_saltis_services__rosidl_typesupport_fastrtps_cpp.so" to ""
-- Installing: /app/install/vel_saltis_services/lib/libvel_saltis_services__rosidl_typesupport_introspection_c.so
-- Set runtime path of "/app/install/vel_saltis_services/lib/libvel_saltis_services__rosidl_typesupport_introspection_c.so" to ""
-- Installing: /app/install/vel_saltis_services/lib/libvel_saltis_services__rosidl_typesupport_c.so
-- Set runtime path of "/app/install/vel_saltis_services/lib/libvel_saltis_services__rosidl_typesupport_c.so" to ""
-- Installing: /app/install/vel_saltis_services/lib/libvel_saltis_services__rosidl_typesupport_introspection_cpp.so
-- Set runtime path of "/app/install/vel_saltis_services/lib/libvel_saltis_services__rosidl_typesupport_introspection_cpp.so" to ""
-- Installing: /app/install/vel_saltis_services/lib/libvel_saltis_services__rosidl_typesupport_cpp.so
-- Set runtime path of "/app/install/vel_saltis_services/lib/libvel_saltis_services__rosidl_typesupport_cpp.so" to ""
Listing '/app/install/vel_saltis_services/local/lib/python3.10/dist-packages/vel_saltis_services'...
Compiling '/app/install/vel_saltis_services/local/lib/python3.10/dist-packages/vel_saltis_services/__init__.py'...
Listing '/app/install/vel_saltis_services/local/lib/python3.10/dist-packages/vel_saltis_services/msg'...
Compiling '/app/install/vel_saltis_services/local/lib/python3.10/dist-packages/vel_saltis_services/msg/__init__.py'...
Compiling '/app/install/vel_saltis_services/local/lib/python3.10/dist-packages/vel_saltis_services/msg/_fusion_cfg.py'...
Compiling '/app/install/vel_saltis_services/local/lib/python3.10/dist-packages/vel_saltis_services/msg/_imu_cfg.py'...
Compiling '/app/install/vel_saltis_services/local/lib/python3.10/dist-packages/vel_saltis_services/msg/_motor_cfg.py'...
Compiling '/app/install/vel_saltis_services/local/lib/python3.10/dist-packages/vel_saltis_services/msg/_pidcfg.py'...
Compiling '/app/install/vel_saltis_services/local/lib/python3.10/dist-packages/vel_saltis_services/msg/_servo_cfg.py'...
Listing '/app/install/vel_saltis_services/local/lib/python3.10/dist-packages/vel_saltis_services/srv'...
Compiling '/app/install/vel_saltis_services/local/lib/python3.10/dist-packages/vel_saltis_services/srv/__init__.py'...
Compiling '/app/install/vel_saltis_services/local/lib/python3.10/dist-packages/vel_saltis_services/srv/_get_fusion_cfg.py'...
Compiling '/app/install/vel_saltis_services/local/lib/python3.10/dist-packages/vel_saltis_services/srv/_get_imu_cfg.py'...
Compiling '/app/install/vel_saltis_services/local/lib/python3.10/dist-packages/vel_saltis_services/srv/_get_motor_cfg.py'...
Compiling '/app/install/vel_saltis_services/local/lib/python3.10/dist-packages/vel_saltis_services/srv/_get_pidcfg.py'...
Compiling '/app/install/vel_saltis_services/local/lib/python3.10/dist-packages/vel_saltis_services/srv/_get_servo_cfg.py'...
Compiling '/app/install/vel_saltis_services/local/lib/python3.10/dist-packages/vel_saltis_services/srv/_set_fusion_cfg.py'...
Compiling '/app/install/vel_saltis_services/local/lib/python3.10/dist-packages/vel_saltis_services/srv/_set_imu_cfg.py'...
Compiling '/app/install/vel_saltis_services/local/lib/python3.10/dist-packages/vel_saltis_services/srv/_set_motor_cfg.py'...
Compiling '/app/install/vel_saltis_services/local/lib/python3.10/dist-packages/vel_saltis_services/srv/_set_pidcfg.py'...
Compiling '/app/install/vel_saltis_services/local/lib/python3.10/dist-packages/vel_saltis_services/srv/_set_servo_cfg.py'...
-- Installing: /app/install/vel_saltis_services/lib/libvel_saltis_services__rosidl_generator_py.so
-- Set runtime path of "/app/install/vel_saltis_services/lib/libvel_saltis_services__rosidl_generator_py.so" to ""
-- Installing: /app/install/vel_saltis_services/share/vel_saltis_services/cmake/export_vel_saltis_services__rosidl_generator_cExport.cmake
-- Installing: /app/install/vel_saltis_services/share/vel_saltis_services/cmake/export_vel_saltis_services__rosidl_generator_cExport-noconfig.cmake
-- Installing: /app/install/vel_saltis_services/share/vel_saltis_services/cmake/export_vel_saltis_services__rosidl_typesupport_fastrtps_cExport.cmake
-- Installing: /app/install/vel_saltis_services/share/vel_saltis_services/cmake/export_vel_saltis_services__rosidl_typesupport_fastrtps_cExport-noconfig.cmake
-- Installing: /app/install/vel_saltis_services/share/vel_saltis_services/cmake/export_vel_saltis_services__rosidl_generator_cppExport.cmake
-- Installing: /app/install/vel_saltis_services/share/vel_saltis_services/cmake/export_vel_saltis_services__rosidl_typesupport_fastrtps_cppExport.cmake
-- Installing: /app/install/vel_saltis_services/share/vel_saltis_services/cmake/export_vel_saltis_services__rosidl_typesupport_fastrtps_cppExport-noconfig.cmake
-- Installing: /app/install/vel_saltis_services/share/vel_saltis_services/cmake/vel_saltis_services__rosidl_typesupport_introspection_cExport.cmake
-- Installing: /app/install/vel_saltis_services/share/vel_saltis_services/cmake/vel_saltis_services__rosidl_typesupport_introspection_cExport-noconfig.cmake
-- Installing: /app/install/vel_saltis_services/share/vel_saltis_services/cmake/vel_saltis_services__rosidl_typesupport_cExport.cmake
-- Installing: /app/install/vel_saltis_services/share/vel_saltis_services/cmake/vel_saltis_services__rosidl_typesupport_cExport-noconfig.cmake
-- Installing: /app/install/vel_saltis_services/share/vel_saltis_services/cmake/vel_saltis_services__rosidl_typesupport_introspection_cppExport.cmake
-- Installing: /app/install/vel_saltis_services/share/vel_saltis_services/cmake/vel_saltis_services__rosidl_typesupport_introspection_cppExport-noconfig.cmake
-- Installing: /app/install/vel_saltis_services/share/vel_saltis_services/cmake/vel_saltis_services__rosidl_typesupport_cppExport.cmake
-- Installing: /app/install/vel_saltis_services/share/vel_saltis_services/cmake/vel_saltis_services__rosidl_typesupport_cppExport-noconfig.cmake
-- Installing: /app/install/vel_saltis_services/share/vel_saltis_services/cmake/export_vel_saltis_services__rosidl_generator_pyExport.cmake
-- Installing: /app/install/vel_saltis_services/share/vel_saltis_services/cmake/export_vel_saltis_services__rosidl_generator_pyExport-noconfig.cmake
