[0.057s] Invoking command in '/app/build/modus_board_interfaces': CMAKE_PREFIX_PATH=/app/install/kapibara_interfaces:/app/install/start_sequence:/app/install/kapibara_vel_saltis_bridge:/app/install/kapibara_twingo_bridge:/app/install/vel_saltis_services:/app/install/vel_saltis_ears:/app/install/vel_saltis_drive:/app/install/sample_package:/app/install/mqtt_bridge:/app/install/modus_board:/app/install/modus_board_interfaces:/app/install/microphone:/app/install/kapibara:/app/install/emotion_estimer:/opt/ros/humble LD_LIBRARY_PATH=/app/install/kapibara_interfaces/lib:/app/install/vel_saltis_services/lib:/app/install/vel_saltis_ears/lib:/app/install/vel_saltis_drive/lib:/app/install/modus_board_interfaces/lib:/opt/ros/humble/opt/rviz_ogre_vendor/lib:/opt/ros/humble/lib/x86_64-linux-gnu:/opt/ros/humble/lib /usr/bin/cmake --build /app/build/modus_board_interfaces -- -j12 -l12
[0.164s] [  2%] Built target modus_board_interfaces__rs
[0.180s] [  5%] Built target modus_board_interfaces__cpp
[0.187s] [ 15%] Built target modus_board_interfaces__rosidl_generator_c
[0.197s] [ 15%] Built target ament_cmake_python_symlink_modus_board_interfaces
[0.228s] [ 25%] Built target modus_board_interfaces__rosidl_typesupport_fastrtps_cpp
[0.238s] [ 35%] Built target modus_board_interfaces__rosidl_typesupport_c
[0.262s] [ 45%] Built target modus_board_interfaces__rosidl_typesupport_introspection_c
[0.262s] [ 55%] Built target modus_board_interfaces__rosidl_typesupport_fastrtps_c
[0.262s] [ 65%] Built target modus_board_interfaces__rosidl_typesupport_introspection_cpp
[0.286s] [ 75%] Built target modus_board_interfaces__rosidl_typesupport_cpp
[0.344s] [ 75%] Built target modus_board_interfaces
[0.375s] [ 77%] Built target modus_board_interfaces__py
[0.412s] [ 85%] Built target modus_board_interfaces__rosidl_generator_py
[0.463s] [ 90%] Built target modus_board_interfaces__rosidl_typesupport_introspection_c__pyext
[0.464s] [ 95%] Built target modus_board_interfaces__rosidl_typesupport_fastrtps_c__pyext
[0.484s] [100%] Built target modus_board_interfaces__rosidl_typesupport_c__pyext
[0.541s] running egg_info
[0.542s] writing modus_board_interfaces.egg-info/PKG-INFO
[0.542s] writing dependency_links to modus_board_interfaces.egg-info/dependency_links.txt
[0.542s] writing top-level names to modus_board_interfaces.egg-info/top_level.txt
[0.544s] reading manifest file 'modus_board_interfaces.egg-info/SOURCES.txt'
[0.545s] writing manifest file 'modus_board_interfaces.egg-info/SOURCES.txt'
[0.584s] [100%] Built target ament_cmake_python_build_modus_board_interfaces_egg
[0.613s] Invoked command in '/app/build/modus_board_interfaces' returned '0': CMAKE_PREFIX_PATH=/app/install/kapibara_interfaces:/app/install/start_sequence:/app/install/kapibara_vel_saltis_bridge:/app/install/kapibara_twingo_bridge:/app/install/vel_saltis_services:/app/install/vel_saltis_ears:/app/install/vel_saltis_drive:/app/install/sample_package:/app/install/mqtt_bridge:/app/install/modus_board:/app/install/modus_board_interfaces:/app/install/microphone:/app/install/kapibara:/app/install/emotion_estimer:/opt/ros/humble LD_LIBRARY_PATH=/app/install/kapibara_interfaces/lib:/app/install/vel_saltis_services/lib:/app/install/vel_saltis_ears/lib:/app/install/vel_saltis_drive/lib:/app/install/modus_board_interfaces/lib:/opt/ros/humble/opt/rviz_ogre_vendor/lib:/opt/ros/humble/lib/x86_64-linux-gnu:/opt/ros/humble/lib /usr/bin/cmake --build /app/build/modus_board_interfaces -- -j12 -l12
[0.614s] Invoking command in '/app/build/modus_board_interfaces': CMAKE_PREFIX_PATH=/app/install/kapibara_interfaces:/app/install/start_sequence:/app/install/kapibara_vel_saltis_bridge:/app/install/kapibara_twingo_bridge:/app/install/vel_saltis_services:/app/install/vel_saltis_ears:/app/install/vel_saltis_drive:/app/install/sample_package:/app/install/mqtt_bridge:/app/install/modus_board:/app/install/modus_board_interfaces:/app/install/microphone:/app/install/kapibara:/app/install/emotion_estimer:/opt/ros/humble LD_LIBRARY_PATH=/app/install/kapibara_interfaces/lib:/app/install/vel_saltis_services/lib:/app/install/vel_saltis_ears/lib:/app/install/vel_saltis_drive/lib:/app/install/modus_board_interfaces/lib:/opt/ros/humble/opt/rviz_ogre_vendor/lib:/opt/ros/humble/lib/x86_64-linux-gnu:/opt/ros/humble/lib /usr/bin/cmake --install /app/build/modus_board_interfaces
[0.630s] -- Install configuration: ""
[0.630s] -- Execute custom install script
[0.630s] -- Up-to-date symlink: /app/install/modus_board_interfaces/share/ament_index/resource_index/rosidl_interfaces/modus_board_interfaces
[0.630s] -- Up-to-date symlink: /app/install/modus_board_interfaces/include/modus_board_interfaces/modus_board_interfaces/msg/rosidl_generator_c__visibility_control.h
[0.630s] -- Up-to-date symlink: /app/install/modus_board_interfaces/include/modus_board_interfaces/modus_board_interfaces/srv/detail/enable_boards__functions.h
[0.630s] -- Up-to-date symlink: /app/install/modus_board_interfaces/include/modus_board_interfaces/modus_board_interfaces/srv/detail/enable_boards__struct.h
[0.630s] -- Up-to-date symlink: /app/install/modus_board_interfaces/include/modus_board_interfaces/modus_board_interfaces/srv/detail/enable_boards__type_support.h
[0.630s] -- Up-to-date symlink: /app/install/modus_board_interfaces/include/modus_board_interfaces/modus_board_interfaces/srv/detail/reset_boards__functions.h
[0.631s] -- Up-to-date symlink: /app/install/modus_board_interfaces/include/modus_board_interfaces/modus_board_interfaces/srv/detail/reset_boards__struct.h
[0.632s] -- Up-to-date symlink: /app/install/modus_board_interfaces/include/modus_board_interfaces/modus_board_interfaces/srv/detail/reset_boards__type_support.h
[0.632s] -- Up-to-date symlink: /app/install/modus_board_interfaces/include/modus_board_interfaces/modus_board_interfaces/srv/enable_boards.h
[0.632s] -- Up-to-date symlink: /app/install/modus_board_interfaces/include/modus_board_interfaces/modus_board_interfaces/srv/reset_boards.h
[0.635s] -- Up-to-date symlink: /app/install/modus_board_interfaces/share/modus_board_interfaces/environment/library_path.sh
[0.635s] -- Up-to-date symlink: /app/install/modus_board_interfaces/share/modus_board_interfaces/environment/library_path.dsv
[0.635s] -- Up-to-date symlink: /app/install/modus_board_interfaces/include/modus_board_interfaces/modus_board_interfaces/msg/rosidl_typesupport_fastrtps_c__visibility_control.h
[0.636s] -- Up-to-date symlink: /app/install/modus_board_interfaces/include/modus_board_interfaces/modus_board_interfaces/srv/detail/enable_boards__rosidl_typesupport_fastrtps_c.h
[0.636s] -- Up-to-date symlink: /app/install/modus_board_interfaces/include/modus_board_interfaces/modus_board_interfaces/srv/detail/reset_boards__rosidl_typesupport_fastrtps_c.h
[0.636s] -- Up-to-date symlink: /app/install/modus_board_interfaces/include/modus_board_interfaces/modus_board_interfaces/msg/rosidl_generator_cpp__visibility_control.hpp
[0.636s] -- Up-to-date symlink: /app/install/modus_board_interfaces/include/modus_board_interfaces/modus_board_interfaces/srv/detail/enable_boards__builder.hpp
[0.637s] -- Up-to-date symlink: /app/install/modus_board_interfaces/include/modus_board_interfaces/modus_board_interfaces/srv/detail/enable_boards__struct.hpp
[0.637s] -- Up-to-date symlink: /app/install/modus_board_interfaces/include/modus_board_interfaces/modus_board_interfaces/srv/detail/enable_boards__traits.hpp
[0.637s] -- Up-to-date symlink: /app/install/modus_board_interfaces/include/modus_board_interfaces/modus_board_interfaces/srv/detail/enable_boards__type_support.hpp
[0.637s] -- Up-to-date symlink: /app/install/modus_board_interfaces/include/modus_board_interfaces/modus_board_interfaces/srv/detail/reset_boards__builder.hpp
[0.638s] -- Up-to-date symlink: /app/install/modus_board_interfaces/include/modus_board_interfaces/modus_board_interfaces/srv/detail/reset_boards__struct.hpp
[0.638s] -- Up-to-date symlink: /app/install/modus_board_interfaces/include/modus_board_interfaces/modus_board_interfaces/srv/detail/reset_boards__traits.hpp
[0.638s] -- Up-to-date symlink: /app/install/modus_board_interfaces/include/modus_board_interfaces/modus_board_interfaces/srv/detail/reset_boards__type_support.hpp
[0.638s] -- Up-to-date symlink: /app/install/modus_board_interfaces/include/modus_board_interfaces/modus_board_interfaces/srv/enable_boards.hpp
[0.639s] -- Up-to-date symlink: /app/install/modus_board_interfaces/include/modus_board_interfaces/modus_board_interfaces/srv/reset_boards.hpp
[0.639s] -- Up-to-date symlink: /app/install/modus_board_interfaces/include/modus_board_interfaces/modus_board_interfaces/msg/rosidl_typesupport_fastrtps_cpp__visibility_control.h
[0.639s] -- Up-to-date symlink: /app/install/modus_board_interfaces/include/modus_board_interfaces/modus_board_interfaces/srv/detail/enable_boards__rosidl_typesupport_fastrtps_cpp.hpp
[0.639s] -- Up-to-date symlink: /app/install/modus_board_interfaces/include/modus_board_interfaces/modus_board_interfaces/srv/detail/reset_boards__rosidl_typesupport_fastrtps_cpp.hpp
[0.642s] -- Up-to-date symlink: /app/install/modus_board_interfaces/include/modus_board_interfaces/modus_board_interfaces/msg/rosidl_typesupport_introspection_c__visibility_control.h
[0.642s] -- Up-to-date symlink: /app/install/modus_board_interfaces/include/modus_board_interfaces/modus_board_interfaces/srv/detail/enable_boards__rosidl_typesupport_introspection_c.h
[0.642s] -- Up-to-date symlink: /app/install/modus_board_interfaces/include/modus_board_interfaces/modus_board_interfaces/srv/detail/reset_boards__rosidl_typesupport_introspection_c.h
[0.642s] -- Up-to-date symlink: /app/install/modus_board_interfaces/include/modus_board_interfaces/modus_board_interfaces/srv/detail/enable_boards__rosidl_typesupport_introspection_cpp.hpp
[0.642s] -- Up-to-date symlink: /app/install/modus_board_interfaces/include/modus_board_interfaces/modus_board_interfaces/srv/detail/reset_boards__rosidl_typesupport_introspection_cpp.hpp
[0.642s] -- Up-to-date symlink: /app/install/modus_board_interfaces/share/modus_board_interfaces/environment/pythonpath.sh
[0.642s] -- Up-to-date symlink: /app/install/modus_board_interfaces/share/modus_board_interfaces/environment/pythonpath.dsv
[0.642s] -- Up-to-date symlink: /app/install/modus_board_interfaces/local/lib/python3.10/dist-packages/modus_board_interfaces-0.8.0-py3.10.egg-info/PKG-INFO
[0.642s] -- Up-to-date symlink: /app/install/modus_board_interfaces/local/lib/python3.10/dist-packages/modus_board_interfaces-0.8.0-py3.10.egg-info/SOURCES.txt
[0.642s] -- Up-to-date symlink: /app/install/modus_board_interfaces/local/lib/python3.10/dist-packages/modus_board_interfaces-0.8.0-py3.10.egg-info/dependency_links.txt
[0.644s] -- Up-to-date symlink: /app/install/modus_board_interfaces/local/lib/python3.10/dist-packages/modus_board_interfaces-0.8.0-py3.10.egg-info/top_level.txt
[0.644s] -- Up-to-date symlink: /app/install/modus_board_interfaces/local/lib/python3.10/dist-packages/modus_board_interfaces/__init__.py
[0.644s] -- Up-to-date symlink: /app/install/modus_board_interfaces/local/lib/python3.10/dist-packages/modus_board_interfaces/_modus_board_interfaces_s.ep.rosidl_typesupport_c.c
[0.645s] -- Up-to-date symlink: /app/install/modus_board_interfaces/local/lib/python3.10/dist-packages/modus_board_interfaces/_modus_board_interfaces_s.ep.rosidl_typesupport_fastrtps_c.c
[0.645s] -- Up-to-date symlink: /app/install/modus_board_interfaces/local/lib/python3.10/dist-packages/modus_board_interfaces/_modus_board_interfaces_s.ep.rosidl_typesupport_introspection_c.c
[0.645s] -- Up-to-date symlink: /app/install/modus_board_interfaces/local/lib/python3.10/dist-packages/modus_board_interfaces/libmodus_board_interfaces__rosidl_generator_py.so
[0.645s] -- Up-to-date symlink: /app/install/modus_board_interfaces/local/lib/python3.10/dist-packages/modus_board_interfaces/modus_board_interfaces_s__rosidl_typesupport_c.cpython-310-x86_64-linux-gnu.so
[0.645s] -- Up-to-date symlink: /app/install/modus_board_interfaces/local/lib/python3.10/dist-packages/modus_board_interfaces/modus_board_interfaces_s__rosidl_typesupport_fastrtps_c.cpython-310-x86_64-linux-gnu.so
[0.645s] -- Up-to-date symlink: /app/install/modus_board_interfaces/local/lib/python3.10/dist-packages/modus_board_interfaces/modus_board_interfaces_s__rosidl_typesupport_introspection_c.cpython-310-x86_64-linux-gnu.so
[0.645s] -- Up-to-date symlink: /app/install/modus_board_interfaces/local/lib/python3.10/dist-packages/modus_board_interfaces/srv/__init__.py
[0.646s] -- Up-to-date symlink: /app/install/modus_board_interfaces/local/lib/python3.10/dist-packages/modus_board_interfaces/srv/_enable_boards.py
[0.646s] -- Up-to-date symlink: /app/install/modus_board_interfaces/local/lib/python3.10/dist-packages/modus_board_interfaces/srv/_enable_boards_s.c
[0.646s] -- Up-to-date symlink: /app/install/modus_board_interfaces/local/lib/python3.10/dist-packages/modus_board_interfaces/srv/_reset_boards.py
[0.646s] -- Up-to-date symlink: /app/install/modus_board_interfaces/local/lib/python3.10/dist-packages/modus_board_interfaces/srv/_reset_boards_s.c
[0.646s] -- Up-to-date symlink: /app/install/modus_board_interfaces/local/lib/python3.10/dist-packages/modus_board_interfaces/modus_board_interfaces_s__rosidl_typesupport_fastrtps_c.cpython-310-x86_64-linux-gnu.so
[0.649s] -- Up-to-date symlink: /app/install/modus_board_interfaces/local/lib/python3.10/dist-packages/modus_board_interfaces/modus_board_interfaces_s__rosidl_typesupport_introspection_c.cpython-310-x86_64-linux-gnu.so
[0.649s] -- Up-to-date symlink: /app/install/modus_board_interfaces/local/lib/python3.10/dist-packages/modus_board_interfaces/modus_board_interfaces_s__rosidl_typesupport_c.cpython-310-x86_64-linux-gnu.so
[0.649s] -- Up-to-date symlink: /app/install/modus_board_interfaces/share/ament_index/resource_index/rust_packages/modus_board_interfaces
[0.649s] -- Up-to-date symlink: /app/install/modus_board_interfaces/share/modus_board_interfaces/rust/Cargo.toml
[0.649s] -- Up-to-date symlink: /app/install/modus_board_interfaces/share/modus_board_interfaces/rust/build.rs
[0.649s] -- Up-to-date symlink: /app/install/modus_board_interfaces/share/modus_board_interfaces/rust/src/lib.rs
[0.649s] -- Up-to-date symlink: /app/install/modus_board_interfaces/share/modus_board_interfaces/rust/src/srv.rs
[0.649s] -- Up-to-date symlink: /app/install/modus_board_interfaces/share/modus_board_interfaces/rust/src/srv/rmw.rs
[0.649s] -- Up-to-date symlink: /app/install/modus_board_interfaces/share/modus_board_interfaces/srv/EnableBoards.idl
[0.649s] -- Up-to-date symlink: /app/install/modus_board_interfaces/share/modus_board_interfaces/srv/ResetBoards.idl
[0.649s] -- Up-to-date symlink: /app/install/modus_board_interfaces/share/modus_board_interfaces/srv/EnableBoards.srv
[0.650s] -- Up-to-date symlink: /app/install/modus_board_interfaces/share/modus_board_interfaces/srv/EnableBoards_Request.msg
[0.650s] -- Up-to-date symlink: /app/install/modus_board_interfaces/share/modus_board_interfaces/srv/EnableBoards_Response.msg
[0.650s] -- Up-to-date symlink: /app/install/modus_board_interfaces/share/modus_board_interfaces/srv/ResetBoards.srv
[0.650s] -- Up-to-date symlink: /app/install/modus_board_interfaces/share/modus_board_interfaces/srv/ResetBoards_Request.msg
[0.650s] -- Up-to-date symlink: /app/install/modus_board_interfaces/share/modus_board_interfaces/srv/ResetBoards_Response.msg
[0.650s] -- Up-to-date symlink: /app/install/modus_board_interfaces/share/ament_index/resource_index/package_run_dependencies/modus_board_interfaces
[0.650s] -- Up-to-date symlink: /app/install/modus_board_interfaces/share/ament_index/resource_index/parent_prefix_path/modus_board_interfaces
[0.656s] -- Up-to-date symlink: /app/install/modus_board_interfaces/share/modus_board_interfaces/environment/ament_prefix_path.sh
[0.656s] -- Up-to-date symlink: /app/install/modus_board_interfaces/share/modus_board_interfaces/environment/ament_prefix_path.dsv
[0.656s] -- Up-to-date symlink: /app/install/modus_board_interfaces/share/modus_board_interfaces/environment/path.sh
[0.656s] -- Up-to-date symlink: /app/install/modus_board_interfaces/share/modus_board_interfaces/environment/path.dsv
[0.656s] -- Up-to-date symlink: /app/install/modus_board_interfaces/share/modus_board_interfaces/local_setup.bash
[0.657s] -- Up-to-date symlink: /app/install/modus_board_interfaces/share/modus_board_interfaces/local_setup.sh
[0.657s] -- Up-to-date symlink: /app/install/modus_board_interfaces/share/modus_board_interfaces/local_setup.zsh
[0.657s] -- Up-to-date symlink: /app/install/modus_board_interfaces/share/modus_board_interfaces/local_setup.dsv
[0.657s] -- Symlinking: /app/install/modus_board_interfaces/share/modus_board_interfaces/package.dsv
[0.671s] -- Up-to-date symlink: /app/install/modus_board_interfaces/share/ament_index/resource_index/packages/modus_board_interfaces
[0.671s] -- Up-to-date symlink: /app/install/modus_board_interfaces/share/modus_board_interfaces/cmake/rosidl_cmake-extras.cmake
[0.671s] -- Up-to-date symlink: /app/install/modus_board_interfaces/share/modus_board_interfaces/cmake/ament_cmake_export_dependencies-extras.cmake
[0.671s] -- Up-to-date symlink: /app/install/modus_board_interfaces/share/modus_board_interfaces/cmake/ament_cmake_export_include_directories-extras.cmake
[0.671s] -- Up-to-date symlink: /app/install/modus_board_interfaces/share/modus_board_interfaces/cmake/ament_cmake_export_libraries-extras.cmake
[0.672s] -- Up-to-date symlink: /app/install/modus_board_interfaces/share/modus_board_interfaces/cmake/ament_cmake_export_targets-extras.cmake
[0.672s] -- Up-to-date symlink: /app/install/modus_board_interfaces/share/modus_board_interfaces/cmake/rosidl_cmake_export_typesupport_targets-extras.cmake
[0.672s] -- Up-to-date symlink: /app/install/modus_board_interfaces/share/modus_board_interfaces/cmake/rosidl_cmake_export_typesupport_libraries-extras.cmake
[0.672s] -- Up-to-date symlink: /app/install/modus_board_interfaces/share/modus_board_interfaces/cmake/modus_board_interfacesConfig.cmake
[0.672s] -- Up-to-date symlink: /app/install/modus_board_interfaces/share/modus_board_interfaces/cmake/modus_board_interfacesConfig-version.cmake
[0.672s] -- Up-to-date symlink: /app/install/modus_board_interfaces/share/modus_board_interfaces/package.xml
[0.673s] -- Up-to-date: /app/install/modus_board_interfaces/lib/libmodus_board_interfaces__rosidl_generator_c.so
[0.673s] -- Up-to-date: /app/install/modus_board_interfaces/lib/libmodus_board_interfaces__rosidl_typesupport_fastrtps_c.so
[0.679s] -- Up-to-date: /app/install/modus_board_interfaces/lib/libmodus_board_interfaces__rosidl_typesupport_fastrtps_cpp.so
[0.679s] -- Up-to-date: /app/install/modus_board_interfaces/lib/libmodus_board_interfaces__rosidl_typesupport_introspection_c.so
[0.679s] -- Up-to-date: /app/install/modus_board_interfaces/lib/libmodus_board_interfaces__rosidl_typesupport_c.so
[0.680s] -- Up-to-date: /app/install/modus_board_interfaces/lib/libmodus_board_interfaces__rosidl_typesupport_introspection_cpp.so
[0.680s] -- Up-to-date: /app/install/modus_board_interfaces/lib/libmodus_board_interfaces__rosidl_typesupport_cpp.so
[0.732s] Listing '/app/install/modus_board_interfaces/local/lib/python3.10/dist-packages/modus_board_interfaces'...
[0.732s] Listing '/app/install/modus_board_interfaces/local/lib/python3.10/dist-packages/modus_board_interfaces/srv'...
[0.736s] -- Up-to-date: /app/install/modus_board_interfaces/lib/libmodus_board_interfaces__rosidl_generator_py.so
[0.737s] -- Up-to-date: /app/install/modus_board_interfaces/share/modus_board_interfaces/cmake/export_modus_board_interfaces__rosidl_generator_cExport.cmake
[0.737s] -- Up-to-date: /app/install/modus_board_interfaces/share/modus_board_interfaces/cmake/export_modus_board_interfaces__rosidl_generator_cExport-noconfig.cmake
[0.737s] -- Up-to-date: /app/install/modus_board_interfaces/share/modus_board_interfaces/cmake/export_modus_board_interfaces__rosidl_typesupport_fastrtps_cExport.cmake
[0.738s] -- Up-to-date: /app/install/modus_board_interfaces/share/modus_board_interfaces/cmake/export_modus_board_interfaces__rosidl_typesupport_fastrtps_cExport-noconfig.cmake
[0.738s] -- Up-to-date: /app/install/modus_board_interfaces/share/modus_board_interfaces/cmake/export_modus_board_interfaces__rosidl_generator_cppExport.cmake
[0.738s] -- Up-to-date: /app/install/modus_board_interfaces/share/modus_board_interfaces/cmake/export_modus_board_interfaces__rosidl_typesupport_fastrtps_cppExport.cmake
[0.738s] -- Up-to-date: /app/install/modus_board_interfaces/share/modus_board_interfaces/cmake/export_modus_board_interfaces__rosidl_typesupport_fastrtps_cppExport-noconfig.cmake
[0.740s] -- Up-to-date: /app/install/modus_board_interfaces/share/modus_board_interfaces/cmake/modus_board_interfaces__rosidl_typesupport_introspection_cExport.cmake
[0.741s] -- Up-to-date: /app/install/modus_board_interfaces/share/modus_board_interfaces/cmake/modus_board_interfaces__rosidl_typesupport_introspection_cExport-noconfig.cmake
[0.741s] -- Up-to-date: /app/install/modus_board_interfaces/share/modus_board_interfaces/cmake/modus_board_interfaces__rosidl_typesupport_cExport.cmake
[0.742s] -- Up-to-date: /app/install/modus_board_interfaces/share/modus_board_interfaces/cmake/modus_board_interfaces__rosidl_typesupport_cExport-noconfig.cmake
[0.743s] -- Up-to-date: /app/install/modus_board_interfaces/share/modus_board_interfaces/cmake/modus_board_interfaces__rosidl_typesupport_introspection_cppExport.cmake
[0.743s] -- Up-to-date: /app/install/modus_board_interfaces/share/modus_board_interfaces/cmake/modus_board_interfaces__rosidl_typesupport_introspection_cppExport-noconfig.cmake
[0.743s] -- Up-to-date: /app/install/modus_board_interfaces/share/modus_board_interfaces/cmake/modus_board_interfaces__rosidl_typesupport_cppExport.cmake
[0.743s] -- Up-to-date: /app/install/modus_board_interfaces/share/modus_board_interfaces/cmake/modus_board_interfaces__rosidl_typesupport_cppExport-noconfig.cmake
[0.743s] -- Up-to-date: /app/install/modus_board_interfaces/share/modus_board_interfaces/cmake/export_modus_board_interfaces__rosidl_generator_pyExport.cmake
[0.743s] -- Up-to-date: /app/install/modus_board_interfaces/share/modus_board_interfaces/cmake/export_modus_board_interfaces__rosidl_generator_pyExport-noconfig.cmake
[0.767s] Invoked command in '/app/build/modus_board_interfaces' returned '0': CMAKE_PREFIX_PATH=/app/install/kapibara_interfaces:/app/install/start_sequence:/app/install/kapibara_vel_saltis_bridge:/app/install/kapibara_twingo_bridge:/app/install/vel_saltis_services:/app/install/vel_saltis_ears:/app/install/vel_saltis_drive:/app/install/sample_package:/app/install/mqtt_bridge:/app/install/modus_board:/app/install/modus_board_interfaces:/app/install/microphone:/app/install/kapibara:/app/install/emotion_estimer:/opt/ros/humble LD_LIBRARY_PATH=/app/install/kapibara_interfaces/lib:/app/install/vel_saltis_services/lib:/app/install/vel_saltis_ears/lib:/app/install/vel_saltis_drive/lib:/app/install/modus_board_interfaces/lib:/opt/ros/humble/opt/rviz_ogre_vendor/lib:/opt/ros/humble/lib/x86_64-linux-gnu:/opt/ros/humble/lib /usr/bin/cmake --install /app/build/modus_board_interfaces
