[100%] Built target atractor
[100%] Built target ament_cmake_python_symlink_kapibara
running egg_info
writing kapibara.egg-info/PKG-INFO
writing dependency_links to kapibara.egg-info/dependency_links.txt
writing top-level names to kapibara.egg-info/top_level.txt
reading manifest file 'kapibara.egg-info/SOURCES.txt'
writing manifest file 'kapibara.egg-info/SOURCES.txt'
[100%] Built target ament_cmake_python_build_kapibara_egg
-- Install configuration: ""
-- Execute custom install script
-- Up-to-date symlink: /app/install/kapibara/share/kapibara/description/camera.xacro
-- Up-to-date symlink: /app/install/kapibara/share/kapibara/description/imu.xacro
-- Up-to-date symlink: /app/install/kapibara/share/kapibara/description/inertial_macros.xacro
-- Up-to-date symlink: /app/install/kapibara/share/kapibara/description/kapibara.urdf.xacro
-- Up-to-date symlink: /app/install/kapibara/share/kapibara/description/lasers_def.xacro
-- Up-to-date symlink: /app/install/kapibara/share/kapibara/description/lasers_joints.xacro
-- Symlinking: /app/install/kapibara/share/kapibara/description/mujoco_description.xml
-- Up-to-date symlink: /app/install/kapibara/share/kapibara/description/robot_core.xacro
-- Up-to-date symlink: /app/install/kapibara/share/kapibara/description/ros2_control.xacro
-- Up-to-date symlink: /app/install/kapibara/share/kapibara/meshes/Bottom.stl
-- Up-to-date symlink: /app/install/kapibara/share/kapibara/meshes/Top.stl
-- Up-to-date symlink: /app/install/kapibara/share/kapibara/meshes/Top1.stl
-- Up-to-date symlink: /app/install/kapibara/share/kapibara/meshes/Top3.stl
-- Up-to-date symlink: /app/install/kapibara/share/kapibara/meshes/Wing.stl
-- Up-to-date symlink: /app/install/kapibara/share/kapibara/meshes/Wing1.stl
-- Up-to-date symlink: /app/install/kapibara/share/kapibara/meshes/Wing2.stl
-- Up-to-date symlink: /app/install/kapibara/share/kapibara/config/gazebo.yaml
-- Up-to-date symlink: /app/install/kapibara/share/kapibara/config/lidar3d-gicp.yaml
-- Up-to-date symlink: /app/install/kapibara/share/kapibara/config/lidar3d-icp.yaml
-- Up-to-date symlink: /app/install/kapibara/share/kapibara/config/mola_cfg.yaml
-- Up-to-date symlink: /app/install/kapibara/share/kapibara/config/my_controllers.yaml
-- Up-to-date symlink: /app/install/kapibara/share/kapibara/config/my_controllers_sim.yaml
-- Up-to-date symlink: /app/install/kapibara/share/kapibara/config/state-estimator.yaml
-- Up-to-date symlink: /app/install/kapibara/share/kapibara/launch/launch.kapibara.can.py
-- Up-to-date symlink: /app/install/kapibara/share/kapibara/launch/launch.mapper.sim.py
-- Up-to-date symlink: /app/install/kapibara/share/kapibara/launch/launch.sim.py
-- Up-to-date symlink: /app/install/kapibara/share/kapibara/model/Midas-V2-Quantized.tflite
-- Up-to-date symlink: /app/install/kapibara/share/kapibara/model/Midas-V2-Quantized_edgetpu.log
-- Up-to-date symlink: /app/install/kapibara/share/kapibara/model/Midas-V2-Quantized_edgetpu.tflite
-- Up-to-date symlink: /app/install/kapibara/share/kapibara/model/calibration_image_sample_data_20x128x128x3_float32.npy
-- Up-to-date symlink: /app/install/kapibara/share/kapibara/model/deepid.tflite
-- Up-to-date symlink: /app/install/kapibara/share/kapibara/model/deepid_edgetpu.log
-- Up-to-date symlink: /app/install/kapibara/share/kapibara/model/deepid_edgetpu.tflite
-- Up-to-date symlink: /app/install/kapibara/share/kapibara/model/face_detection_yunet_2023mar_int8.tflite
-- Up-to-date symlink: /app/install/kapibara/share/kapibara/model/face_detection_yunet_2023mar_int8_edgetpu.log
-- Up-to-date symlink: /app/install/kapibara/share/kapibara/model/model.tflite
-- Up-to-date symlink: /app/install/kapibara/share/kapibara/model/model_edgetpu.log
-- Up-to-date symlink: /app/install/kapibara/share/kapibara/model/model_edgetpu.tflite
-- Up-to-date symlink: /app/install/kapibara/share/kapibara/model/slim.tflite
-- Up-to-date symlink: /app/install/kapibara/share/kapibara/model/slim_edgetpu.log
-- Up-to-date symlink: /app/install/kapibara/share/kapibara/model/slim_edgetpu.tflite
-- Up-to-date symlink: /app/install/kapibara/share/kapibara/model/yolov11n-face.onnx
-- Up-to-date symlink: /app/install/kapibara/share/kapibara/model/yolov11n-face.pt
-- Up-to-date symlink: /app/install/kapibara/share/kapibara/model/yolov11n-face_float32.tflite
-- Up-to-date symlink: /app/install/kapibara/share/kapibara/model/yolov8n-cls_full_integer_quant.tflite
-- Up-to-date symlink: /app/install/kapibara/share/kapibara/model/yolov8n-cls_full_integer_quant_edgetpu.tflite
-- Up-to-date symlink: /app/install/kapibara/share/kapibara/model/yolov8n_full_integer_quant.tflite
-- Up-to-date symlink: /app/install/kapibara/share/kapibara/model/yolov8n_full_integer_quant_edgetpu.tflite
-- Up-to-date symlink: /app/install/kapibara/share/kapibara/model/yunet_full_integer_quant_edgetpu.log
-- Up-to-date symlink: /app/install/kapibara/share/kapibara/model/yunet_integer_quant.tflite
-- Up-to-date symlink: /app/install/kapibara/share/kapibara/model/yunet_integer_quant_edgetpu.log
-- Up-to-date symlink: /app/install/kapibara/share/kapibara/model/yunet_integer_quant_edgetpu.tflite
-- Up-to-date symlink: /app/install/kapibara/share/kapibara/scenes/scene.xml
-- Up-to-date symlink: /app/install/kapibara/lib/kapibara/atractor
-- Up-to-date symlink: /app/install/kapibara/share/kapibara/environment/pythonpath.sh
-- Up-to-date symlink: /app/install/kapibara/share/kapibara/environment/pythonpath.dsv
-- Up-to-date symlink: /app/install/kapibara/local/lib/python3.10/dist-packages/kapibara-0.0.0-py3.10.egg-info/PKG-INFO
-- Up-to-date symlink: /app/install/kapibara/local/lib/python3.10/dist-packages/kapibara-0.0.0-py3.10.egg-info/SOURCES.txt
-- Up-to-date symlink: /app/install/kapibara/local/lib/python3.10/dist-packages/kapibara-0.0.0-py3.10.egg-info/dependency_links.txt
-- Up-to-date symlink: /app/install/kapibara/local/lib/python3.10/dist-packages/kapibara-0.0.0-py3.10.egg-info/top_level.txt
-- Up-to-date symlink: /app/install/kapibara/local/lib/python3.10/dist-packages/kapibara/DeepIDTFLite.py
-- Up-to-date symlink: /app/install/kapibara/local/lib/python3.10/dist-packages/kapibara/__init__.py
-- Up-to-date symlink: /app/install/kapibara/local/lib/python3.10/dist-packages/kapibara/kapi_graphs.py
-- Up-to-date symlink: /app/install/kapibara/lib/kapibara/camera_sim.py
-- Up-to-date symlink: /app/install/kapibara/lib/kapibara/map_mind.py
-- Up-to-date symlink: /app/install/kapibara/lib/kapibara/sensor_broadcaster.py
-- Up-to-date symlink: /app/install/kapibara/lib/kapibara/map_scene.py
-- Up-to-date symlink: /app/install/kapibara/lib/kapibara/imu_calib.py
-- Up-to-date symlink: /app/install/kapibara/lib/kapibara/quanterion_decoder.py
-- Up-to-date symlink: /app/install/kapibara/lib/kapibara/atractor.py
-- Up-to-date symlink: /app/install/kapibara/lib/kapibara/.venv
-- Up-to-date symlink: /app/install/kapibara/share/ament_index/resource_index/package_run_dependencies/kapibara
-- Up-to-date symlink: /app/install/kapibara/share/ament_index/resource_index/parent_prefix_path/kapibara
-- Up-to-date symlink: /app/install/kapibara/share/kapibara/environment/ament_prefix_path.sh
-- Up-to-date symlink: /app/install/kapibara/share/kapibara/environment/ament_prefix_path.dsv
-- Up-to-date symlink: /app/install/kapibara/share/kapibara/environment/path.sh
-- Up-to-date symlink: /app/install/kapibara/share/kapibara/environment/path.dsv
-- Up-to-date symlink: /app/install/kapibara/share/kapibara/local_setup.bash
-- Up-to-date symlink: /app/install/kapibara/share/kapibara/local_setup.sh
-- Up-to-date symlink: /app/install/kapibara/share/kapibara/local_setup.zsh
-- Up-to-date symlink: /app/install/kapibara/share/kapibara/local_setup.dsv
-- Symlinking: /app/install/kapibara/share/kapibara/package.dsv
-- Up-to-date symlink: /app/install/kapibara/share/ament_index/resource_index/packages/kapibara
-- Up-to-date symlink: /app/install/kapibara/share/kapibara/cmake/kapibaraConfig.cmake
-- Up-to-date symlink: /app/install/kapibara/share/kapibara/cmake/kapibaraConfig-version.cmake
-- Up-to-date symlink: /app/install/kapibara/share/kapibara/package.xml
Listing '/app/install/kapibara/local/lib/python3.10/dist-packages/kapibara'...
