-- The C compiler identification is GNU 11.4.0
-- The CXX compiler identification is GNU 11.4.0
-- Detecting C compiler ABI info
-- Detecting C compiler ABI info - done
-- Check for working C compiler: /usr/bin/cc - skipped
-- Detecting C compile features
-- Detecting C compile features - done
-- Detecting CXX compiler ABI info
-- Detecting CXX compiler ABI info - done
-- Check for working CXX compiler: /usr/bin/c++ - skipped
-- Detecting CXX compile features
-- Detecting CXX compile features - done
-- Found ament_cmake: 1.3.14 (/opt/ros/humble/share/ament_cmake/cmake)
-- Found Python3: /usr/bin/python3 (found version "3.10.12") found components: Interpreter 
-- Override CMake install command with custom implementation using symlinks instead of copying resources
-- Found ament_lint_auto: 0.12.15 (/opt/ros/humble/share/ament_lint_auto/cmake)
-- Added test 'flake8' to check Python code syntax and style conventions
-- Added test 'lint_cmake' to check CMake code style
-- Added test 'pep257' to check Python code against some of the docstring style conventions in PEP 257
-- Added test 'xmllint' to check XML markup files
-- Configuring done
-- Generating done
-- Build files have been written to: /app/build/start_sequence
-- Install configuration: ""
-- Execute custom install script
-- Symlinking: /app/install/start_sequence/lib/start_sequence/start.py
-- Symlinking: /app/install/start_sequence/share/ament_index/resource_index/package_run_dependencies/start_sequence
-- Symlinking: /app/install/start_sequence/share/ament_index/resource_index/parent_prefix_path/start_sequence
-- Symlinking: /app/install/start_sequence/share/start_sequence/environment/ament_prefix_path.sh
-- Symlinking: /app/install/start_sequence/share/start_sequence/environment/ament_prefix_path.dsv
-- Symlinking: /app/install/start_sequence/share/start_sequence/environment/path.sh
-- Symlinking: /app/install/start_sequence/share/start_sequence/environment/path.dsv
-- Symlinking: /app/install/start_sequence/share/start_sequence/local_setup.bash
-- Symlinking: /app/install/start_sequence/share/start_sequence/local_setup.sh
-- Symlinking: /app/install/start_sequence/share/start_sequence/local_setup.zsh
-- Symlinking: /app/install/start_sequence/share/start_sequence/local_setup.dsv
-- Symlinking: /app/install/start_sequence/share/start_sequence/package.dsv
-- Symlinking: /app/install/start_sequence/share/ament_index/resource_index/packages/start_sequence
-- Symlinking: /app/install/start_sequence/share/start_sequence/cmake/start_sequenceConfig.cmake
-- Symlinking: /app/install/start_sequence/share/start_sequence/cmake/start_sequenceConfig-version.cmake
-- Symlinking: /app/install/start_sequence/share/start_sequence/package.xml
