[0.017s] Invoking command in '/app/build/start_sequence': AMENT_PREFIX_PATH=/app/install/vel_saltis_services:/app/install/modus_board_interfaces:/app/install/kapibara_interfaces:${AMENT_PREFIX_PATH} CMAKE_PREFIX_PATH=/app/install/vel_saltis_services:/app/install/modus_board_interfaces:/app/install/kapibara_interfaces:/opt/ros/humble LD_LIBRARY_PATH=/app/install/vel_saltis_services/lib:/app/install/modus_board_interfaces/lib:/app/install/kapibara_interfaces/lib:${LD_LIBRARY_PATH} PYTHONPATH=/app/install/vel_saltis_services/local/lib/python3.10/dist-packages:/app/install/modus_board_interfaces/local/lib/python3.10/dist-packages:/app/install/kapibara_interfaces/local/lib/python3.10/dist-packages:${PYTHONPATH} /usr/bin/cmake /app/src/start_sequence -DAMENT_CMAKE_SYMLINK_INSTALL=1 -DCMAKE_INSTALL_PREFIX=/app/install/start_sequence
[0.066s] -- The C compiler identification is GNU 11.4.0
[0.122s] -- The CXX compiler identification is GNU 11.4.0
[0.130s] -- Detecting C compiler ABI info
[0.195s] -- Detecting C compiler ABI info - done
[0.200s] -- Check for working C compiler: /usr/bin/cc - skipped
[0.200s] -- Detecting C compile features
[0.200s] -- Detecting C compile features - done
[0.203s] -- Detecting CXX compiler ABI info
[0.270s] -- Detecting CXX compiler ABI info - done
[0.276s] -- Check for working CXX compiler: /usr/bin/c++ - skipped
[0.276s] -- Detecting CXX compile features
[0.277s] -- Detecting CXX compile features - done
[0.280s] -- Found ament_cmake: 1.3.14 (/opt/ros/humble/share/ament_cmake/cmake)
[0.394s] -- Found Python3: /usr/bin/python3 (found version "3.10.12") found components: Interpreter 
[0.445s] -- Override CMake install command with custom implementation using symlinks instead of copying resources
[0.487s] -- Found ament_lint_auto: 0.12.15 (/opt/ros/humble/share/ament_lint_auto/cmake)
[0.582s] -- Added test 'flake8' to check Python code syntax and style conventions
[0.582s] -- Added test 'lint_cmake' to check CMake code style
[0.584s] -- Added test 'pep257' to check Python code against some of the docstring style conventions in PEP 257
[0.584s] -- Added test 'xmllint' to check XML markup files
[0.586s] -- Configuring done
[0.589s] -- Generating done
[0.594s] -- Build files have been written to: /app/build/start_sequence
[0.597s] Invoked command in '/app/build/start_sequence' returned '0': AMENT_PREFIX_PATH=/app/install/vel_saltis_services:/app/install/modus_board_interfaces:/app/install/kapibara_interfaces:${AMENT_PREFIX_PATH} CMAKE_PREFIX_PATH=/app/install/vel_saltis_services:/app/install/modus_board_interfaces:/app/install/kapibara_interfaces:/opt/ros/humble LD_LIBRARY_PATH=/app/install/vel_saltis_services/lib:/app/install/modus_board_interfaces/lib:/app/install/kapibara_interfaces/lib:${LD_LIBRARY_PATH} PYTHONPATH=/app/install/vel_saltis_services/local/lib/python3.10/dist-packages:/app/install/modus_board_interfaces/local/lib/python3.10/dist-packages:/app/install/kapibara_interfaces/local/lib/python3.10/dist-packages:${PYTHONPATH} /usr/bin/cmake /app/src/start_sequence -DAMENT_CMAKE_SYMLINK_INSTALL=1 -DCMAKE_INSTALL_PREFIX=/app/install/start_sequence
[0.599s] Invoking command in '/app/build/start_sequence': AMENT_PREFIX_PATH=/app/install/vel_saltis_services:/app/install/modus_board_interfaces:/app/install/kapibara_interfaces:${AMENT_PREFIX_PATH} CMAKE_PREFIX_PATH=/app/install/vel_saltis_services:/app/install/modus_board_interfaces:/app/install/kapibara_interfaces:/opt/ros/humble LD_LIBRARY_PATH=/app/install/vel_saltis_services/lib:/app/install/modus_board_interfaces/lib:/app/install/kapibara_interfaces/lib:${LD_LIBRARY_PATH} PYTHONPATH=/app/install/vel_saltis_services/local/lib/python3.10/dist-packages:/app/install/modus_board_interfaces/local/lib/python3.10/dist-packages:/app/install/kapibara_interfaces/local/lib/python3.10/dist-packages:${PYTHONPATH} /usr/bin/cmake --build /app/build/start_sequence -- -j12 -l12
[0.646s] Invoked command in '/app/build/start_sequence' returned '0': AMENT_PREFIX_PATH=/app/install/vel_saltis_services:/app/install/modus_board_interfaces:/app/install/kapibara_interfaces:${AMENT_PREFIX_PATH} CMAKE_PREFIX_PATH=/app/install/vel_saltis_services:/app/install/modus_board_interfaces:/app/install/kapibara_interfaces:/opt/ros/humble LD_LIBRARY_PATH=/app/install/vel_saltis_services/lib:/app/install/modus_board_interfaces/lib:/app/install/kapibara_interfaces/lib:${LD_LIBRARY_PATH} PYTHONPATH=/app/install/vel_saltis_services/local/lib/python3.10/dist-packages:/app/install/modus_board_interfaces/local/lib/python3.10/dist-packages:/app/install/kapibara_interfaces/local/lib/python3.10/dist-packages:${PYTHONPATH} /usr/bin/cmake --build /app/build/start_sequence -- -j12 -l12
[0.649s] Invoking command in '/app/build/start_sequence': AMENT_PREFIX_PATH=/app/install/vel_saltis_services:/app/install/modus_board_interfaces:/app/install/kapibara_interfaces:${AMENT_PREFIX_PATH} CMAKE_PREFIX_PATH=/app/install/vel_saltis_services:/app/install/modus_board_interfaces:/app/install/kapibara_interfaces:/opt/ros/humble LD_LIBRARY_PATH=/app/install/vel_saltis_services/lib:/app/install/modus_board_interfaces/lib:/app/install/kapibara_interfaces/lib:${LD_LIBRARY_PATH} PYTHONPATH=/app/install/vel_saltis_services/local/lib/python3.10/dist-packages:/app/install/modus_board_interfaces/local/lib/python3.10/dist-packages:/app/install/kapibara_interfaces/local/lib/python3.10/dist-packages:${PYTHONPATH} /usr/bin/cmake --install /app/build/start_sequence
[0.658s] -- Install configuration: ""
[0.658s] -- Execute custom install script
[0.659s] -- Symlinking: /app/install/start_sequence/lib/start_sequence/start.py
[0.671s] -- Symlinking: /app/install/start_sequence/share/ament_index/resource_index/package_run_dependencies/start_sequence
[0.683s] -- Symlinking: /app/install/start_sequence/share/ament_index/resource_index/parent_prefix_path/start_sequence
[0.693s] -- Symlinking: /app/install/start_sequence/share/start_sequence/environment/ament_prefix_path.sh
[0.703s] -- Symlinking: /app/install/start_sequence/share/start_sequence/environment/ament_prefix_path.dsv
[0.714s] -- Symlinking: /app/install/start_sequence/share/start_sequence/environment/path.sh
[0.724s] -- Symlinking: /app/install/start_sequence/share/start_sequence/environment/path.dsv
[0.735s] -- Symlinking: /app/install/start_sequence/share/start_sequence/local_setup.bash
[0.744s] -- Symlinking: /app/install/start_sequence/share/start_sequence/local_setup.sh
[0.756s] -- Symlinking: /app/install/start_sequence/share/start_sequence/local_setup.zsh
[0.769s] -- Symlinking: /app/install/start_sequence/share/start_sequence/local_setup.dsv
[0.780s] -- Symlinking: /app/install/start_sequence/share/start_sequence/package.dsv
[0.792s] -- Symlinking: /app/install/start_sequence/share/ament_index/resource_index/packages/start_sequence
[0.802s] -- Symlinking: /app/install/start_sequence/share/start_sequence/cmake/start_sequenceConfig.cmake
[0.812s] -- Symlinking: /app/install/start_sequence/share/start_sequence/cmake/start_sequenceConfig-version.cmake
[0.823s] -- Symlinking: /app/install/start_sequence/share/start_sequence/package.xml
[0.837s] Invoked command in '/app/build/start_sequence' returned '0': AMENT_PREFIX_PATH=/app/install/vel_saltis_services:/app/install/modus_board_interfaces:/app/install/kapibara_interfaces:${AMENT_PREFIX_PATH} CMAKE_PREFIX_PATH=/app/install/vel_saltis_services:/app/install/modus_board_interfaces:/app/install/kapibara_interfaces:/opt/ros/humble LD_LIBRARY_PATH=/app/install/vel_saltis_services/lib:/app/install/modus_board_interfaces/lib:/app/install/kapibara_interfaces/lib:${LD_LIBRARY_PATH} PYTHONPATH=/app/install/vel_saltis_services/local/lib/python3.10/dist-packages:/app/install/modus_board_interfaces/local/lib/python3.10/dist-packages:/app/install/kapibara_interfaces/local/lib/python3.10/dist-packages:${PYTHONPATH} /usr/bin/cmake --install /app/build/start_sequence
