[0.051s] Invoking command in '/app/build/vel_saltis_drive': CMAKE_PREFIX_PATH=/app/install/kapibara_interfaces:/app/install/start_sequence:/app/install/kapibara_vel_saltis_bridge:/app/install/kapibara_twingo_bridge:/app/install/vel_saltis_services:/app/install/vel_saltis_ears:/app/install/vel_saltis_drive:/app/install/sample_package:/app/install/mqtt_bridge:/app/install/modus_board:/app/install/modus_board_interfaces:/app/install/microphone:/app/install/kapibara:/app/install/emotion_estimer:/opt/ros/humble LD_LIBRARY_PATH=/app/install/kapibara_interfaces/lib:/app/install/vel_saltis_services/lib:/app/install/vel_saltis_ears/lib:/app/install/vel_saltis_drive/lib:/app/install/modus_board_interfaces/lib:/opt/ros/humble/opt/rviz_ogre_vendor/lib:/opt/ros/humble/lib/x86_64-linux-gnu:/opt/ros/humble/lib /usr/bin/cmake --build /app/build/vel_saltis_drive -- -j12 -l12
[0.215s] [100%] Built target vel_saltis_drive
[0.240s] Invoked command in '/app/build/vel_saltis_drive' returned '0': CMAKE_PREFIX_PATH=/app/install/kapibara_interfaces:/app/install/start_sequence:/app/install/kapibara_vel_saltis_bridge:/app/install/kapibara_twingo_bridge:/app/install/vel_saltis_services:/app/install/vel_saltis_ears:/app/install/vel_saltis_drive:/app/install/sample_package:/app/install/mqtt_bridge:/app/install/modus_board:/app/install/modus_board_interfaces:/app/install/microphone:/app/install/kapibara:/app/install/emotion_estimer:/opt/ros/humble LD_LIBRARY_PATH=/app/install/kapibara_interfaces/lib:/app/install/vel_saltis_services/lib:/app/install/vel_saltis_ears/lib:/app/install/vel_saltis_drive/lib:/app/install/modus_board_interfaces/lib:/opt/ros/humble/opt/rviz_ogre_vendor/lib:/opt/ros/humble/lib/x86_64-linux-gnu:/opt/ros/humble/lib /usr/bin/cmake --build /app/build/vel_saltis_drive -- -j12 -l12
[0.247s] Invoking command in '/app/build/vel_saltis_drive': CMAKE_PREFIX_PATH=/app/install/kapibara_interfaces:/app/install/start_sequence:/app/install/kapibara_vel_saltis_bridge:/app/install/kapibara_twingo_bridge:/app/install/vel_saltis_services:/app/install/vel_saltis_ears:/app/install/vel_saltis_drive:/app/install/sample_package:/app/install/mqtt_bridge:/app/install/modus_board:/app/install/modus_board_interfaces:/app/install/microphone:/app/install/kapibara:/app/install/emotion_estimer:/opt/ros/humble LD_LIBRARY_PATH=/app/install/kapibara_interfaces/lib:/app/install/vel_saltis_services/lib:/app/install/vel_saltis_ears/lib:/app/install/vel_saltis_drive/lib:/app/install/modus_board_interfaces/lib:/opt/ros/humble/opt/rviz_ogre_vendor/lib:/opt/ros/humble/lib/x86_64-linux-gnu:/opt/ros/humble/lib /usr/bin/cmake --install /app/build/vel_saltis_drive
[0.260s] -- Install configuration: ""
[0.263s] -- Execute custom install script
[0.263s] -- Up-to-date symlink: /app/install/vel_saltis_drive/share/vel_saltis_drive//vel_saltis_drive.xml
[0.264s] -- Up-to-date symlink: /app/install/vel_saltis_drive/lib/libvel_saltis_drive.so
[0.265s] -- Up-to-date symlink: /app/install/vel_saltis_drive/share/ament_index/resource_index/package_run_dependencies/vel_saltis_drive
[0.265s] -- Up-to-date symlink: /app/install/vel_saltis_drive/share/ament_index/resource_index/parent_prefix_path/vel_saltis_drive
[0.266s] -- Up-to-date symlink: /app/install/vel_saltis_drive/share/vel_saltis_drive/environment/ament_prefix_path.sh
[0.266s] -- Up-to-date symlink: /app/install/vel_saltis_drive/share/vel_saltis_drive/environment/ament_prefix_path.dsv
[0.267s] -- Up-to-date symlink: /app/install/vel_saltis_drive/share/vel_saltis_drive/environment/path.sh
[0.267s] -- Up-to-date symlink: /app/install/vel_saltis_drive/share/vel_saltis_drive/environment/path.dsv
[0.267s] -- Up-to-date symlink: /app/install/vel_saltis_drive/share/vel_saltis_drive/local_setup.bash
[0.267s] -- Up-to-date symlink: /app/install/vel_saltis_drive/share/vel_saltis_drive/local_setup.sh
[0.268s] -- Up-to-date symlink: /app/install/vel_saltis_drive/share/vel_saltis_drive/local_setup.zsh
[0.269s] -- Up-to-date symlink: /app/install/vel_saltis_drive/share/vel_saltis_drive/local_setup.dsv
[0.270s] -- Symlinking: /app/install/vel_saltis_drive/share/vel_saltis_drive/package.dsv
[0.307s] -- Up-to-date symlink: /app/install/vel_saltis_drive/share/ament_index/resource_index/packages/vel_saltis_drive
[0.310s] -- Up-to-date symlink: /app/install/vel_saltis_drive/share/ament_index/resource_index/hardware_interface__pluginlib__plugin/vel_saltis_drive
[0.310s] -- Up-to-date symlink: /app/install/vel_saltis_drive/share/vel_saltis_drive/cmake/vel_saltis_driveConfig.cmake
[0.310s] -- Up-to-date symlink: /app/install/vel_saltis_drive/share/vel_saltis_drive/cmake/vel_saltis_driveConfig-version.cmake
[0.310s] -- Up-to-date symlink: /app/install/vel_saltis_drive/share/vel_saltis_drive/package.xml
[0.354s] Invoked command in '/app/build/vel_saltis_drive' returned '0': CMAKE_PREFIX_PATH=/app/install/kapibara_interfaces:/app/install/start_sequence:/app/install/kapibara_vel_saltis_bridge:/app/install/kapibara_twingo_bridge:/app/install/vel_saltis_services:/app/install/vel_saltis_ears:/app/install/vel_saltis_drive:/app/install/sample_package:/app/install/mqtt_bridge:/app/install/modus_board:/app/install/modus_board_interfaces:/app/install/microphone:/app/install/kapibara:/app/install/emotion_estimer:/opt/ros/humble LD_LIBRARY_PATH=/app/install/kapibara_interfaces/lib:/app/install/vel_saltis_services/lib:/app/install/vel_saltis_ears/lib:/app/install/vel_saltis_drive/lib:/app/install/modus_board_interfaces/lib:/opt/ros/humble/opt/rviz_ogre_vendor/lib:/opt/ros/humble/lib/x86_64-linux-gnu:/opt/ros/humble/lib /usr/bin/cmake --install /app/build/vel_saltis_drive
