-- The C compiler identification is GNU 11.4.0
-- The CXX compiler identification is GNU 11.4.0
-- Detecting C compiler ABI info
-- Detecting C compiler ABI info - done
-- Check for working C compiler: /usr/bin/cc - skipped
-- Detecting C compile features
-- Detecting C compile features - done
-- Detecting CXX compiler ABI info
-- Detecting CXX compiler ABI info - done
-- Check for working CXX compiler: /usr/bin/c++ - skipped
-- Detecting CXX compile features
-- Detecting CXX compile features - done
-- Found ament_cmake: 1.3.14 (/opt/ros/humble/share/ament_cmake/cmake)
-- Found Python3: /usr/bin/python3 (found version "3.10.12") found components: Interpreter 
-- Override CMake install command with custom implementation using symlinks instead of copying resources
-- Found rclcpp: 16.0.19 (/opt/ros/humble/share/rclcpp/cmake)
-- Found rosidl_generator_c: 3.1.8 (/opt/ros/humble/share/rosidl_generator_c/cmake)
-- Found rosidl_adapter: 3.1.8 (/opt/ros/humble/share/rosidl_adapter/cmake)
-- Found rosidl_generator_cpp: 3.1.8 (/opt/ros/humble/share/rosidl_generator_cpp/cmake)
-- Using all available rosidl_typesupport_c: rosidl_typesupport_fastrtps_c;rosidl_typesupport_introspection_c
-- Using all available rosidl_typesupport_cpp: rosidl_typesupport_fastrtps_cpp;rosidl_typesupport_introspection_cpp
-- Found rmw_implementation_cmake: 6.1.2 (/opt/ros/humble/share/rmw_implementation_cmake/cmake)
-- Found rmw_fastrtps_cpp: 6.2.10 (/opt/ros/humble/share/rmw_fastrtps_cpp/cmake)
-- Found OpenSSL: /usr/lib/x86_64-linux-gnu/libcrypto.so (found version "3.0.2")  
-- Found FastRTPS: /opt/ros/humble/include  
-- Using RMW implementation 'rmw_fastrtps_cpp' as default
-- Looking for pthread.h
-- Looking for pthread.h - found
-- Performing Test CMAKE_HAVE_LIBC_PTHREAD
-- Performing Test CMAKE_HAVE_LIBC_PTHREAD - Success
-- Found Threads: TRUE  
-- Found rclpy: 3.3.21 (/opt/ros/humble/share/rclpy/cmake)
-- Found sensor_msgs: 4.9.1 (/opt/ros/humble/share/sensor_msgs/cmake)
-- Found kapibara_interfaces: 0.8.0 (/app/install/kapibara_interfaces/share/kapibara_interfaces/cmake)
-- Found ament_lint_auto: 0.12.15 (/opt/ros/humble/share/ament_lint_auto/cmake)
-- Added test 'flake8' to check Python code syntax and style conventions
-- Added test 'lint_cmake' to check CMake code style
-- Added test 'pep257' to check Python code against some of the docstring style conventions in PEP 257
-- Added test 'xmllint' to check XML markup files
-- Configuring done
-- Generating done
-- Build files have been written to: /app/build/emotion_estimer
Built target ament_cmake_python_symlink_emotion_estimer
running egg_info
creating emotion_estimer.egg-info
writing emotion_estimer.egg-info/PKG-INFO
writing dependency_links to emotion_estimer.egg-info/dependency_links.txt
writing top-level names to emotion_estimer.egg-info/top_level.txt
writing manifest file 'emotion_estimer.egg-info/SOURCES.txt'
reading manifest file 'emotion_estimer.egg-info/SOURCES.txt'
writing manifest file 'emotion_estimer.egg-info/SOURCES.txt'
Built target ament_cmake_python_build_emotion_estimer_egg
-- Install configuration: ""
-- Execute custom install script
-- Symlinking: /app/install/emotion_estimer/share/emotion_estimer/environment/pythonpath.sh
-- Symlinking: /app/install/emotion_estimer/share/emotion_estimer/environment/pythonpath.dsv
-- Symlinking: /app/install/emotion_estimer/local/lib/python3.10/dist-packages/emotion_estimer-0.0.0-py3.10.egg-info/PKG-INFO
-- Symlinking: /app/install/emotion_estimer/local/lib/python3.10/dist-packages/emotion_estimer-0.0.0-py3.10.egg-info/SOURCES.txt
-- Symlinking: /app/install/emotion_estimer/local/lib/python3.10/dist-packages/emotion_estimer-0.0.0-py3.10.egg-info/dependency_links.txt
-- Symlinking: /app/install/emotion_estimer/local/lib/python3.10/dist-packages/emotion_estimer-0.0.0-py3.10.egg-info/top_level.txt
-- Symlinking: /app/install/emotion_estimer/local/lib/python3.10/dist-packages/emotion_estimer/DeepIDTFLite.py
-- Symlinking: /app/install/emotion_estimer/local/lib/python3.10/dist-packages/emotion_estimer/TFLiteFaceDetector.py
-- Symlinking: /app/install/emotion_estimer/local/lib/python3.10/dist-packages/emotion_estimer/__init__.py
-- Symlinking: /app/install/emotion_estimer/local/lib/python3.10/dist-packages/emotion_estimer/face_data.py
-- Symlinking: /app/install/emotion_estimer/local/lib/python3.10/dist-packages/emotion_estimer/kapibara_audio.py
-- Symlinking: /app/install/emotion_estimer/local/lib/python3.10/dist-packages/emotion_estimer/midas.py
-- Symlinking: /app/install/emotion_estimer/local/lib/python3.10/dist-packages/emotion_estimer/yunet.py
-- Symlinking: /app/install/emotion_estimer/share/emotion_estimer/model/Midas-V2-Quantized.tflite
-- Symlinking: /app/install/emotion_estimer/share/emotion_estimer/model/Midas-V2-Quantized_edgetpu.log
-- Symlinking: /app/install/emotion_estimer/share/emotion_estimer/model/Midas-V2-Quantized_edgetpu.tflite
-- Symlinking: /app/install/emotion_estimer/share/emotion_estimer/model/deepid.tflite
-- Symlinking: /app/install/emotion_estimer/share/emotion_estimer/model/deepid_edgetpu.log
-- Symlinking: /app/install/emotion_estimer/share/emotion_estimer/model/deepid_edgetpu.tflite
-- Symlinking: /app/install/emotion_estimer/share/emotion_estimer/model/face_detection_yunet_2023mar_int8.tflite
-- Symlinking: /app/install/emotion_estimer/share/emotion_estimer/model/face_detection_yunet_2023mar_int8_edgetpu.log
-- Symlinking: /app/install/emotion_estimer/share/emotion_estimer/model/model.tflite
-- Symlinking: /app/install/emotion_estimer/share/emotion_estimer/model/model_edgetpu.log
-- Symlinking: /app/install/emotion_estimer/share/emotion_estimer/model/model_edgetpu.tflite
-- Symlinking: /app/install/emotion_estimer/share/emotion_estimer/model/slim.tflite
-- Symlinking: /app/install/emotion_estimer/share/emotion_estimer/model/slim_edgetpu.log
-- Symlinking: /app/install/emotion_estimer/share/emotion_estimer/model/slim_edgetpu.tflite
-- Symlinking: /app/install/emotion_estimer/share/emotion_estimer/model/yunet_full_integer_quant_edgetpu.log
-- Symlinking: /app/install/emotion_estimer/share/emotion_estimer/model/yunet_integer_quant.tflite
-- Symlinking: /app/install/emotion_estimer/share/emotion_estimer/model/yunet_integer_quant_edgetpu.log
-- Symlinking: /app/install/emotion_estimer/share/emotion_estimer/model/yunet_integer_quant_edgetpu.tflite
-- Symlinking: /app/install/emotion_estimer/lib/emotion_estimer/estimator.py
-- Symlinking: /app/install/emotion_estimer/share/ament_index/resource_index/package_run_dependencies/emotion_estimer
-- Symlinking: /app/install/emotion_estimer/share/ament_index/resource_index/parent_prefix_path/emotion_estimer
-- Symlinking: /app/install/emotion_estimer/share/emotion_estimer/environment/ament_prefix_path.sh
-- Symlinking: /app/install/emotion_estimer/share/emotion_estimer/environment/ament_prefix_path.dsv
-- Symlinking: /app/install/emotion_estimer/share/emotion_estimer/environment/path.sh
-- Symlinking: /app/install/emotion_estimer/share/emotion_estimer/environment/path.dsv
-- Symlinking: /app/install/emotion_estimer/share/emotion_estimer/local_setup.bash
-- Symlinking: /app/install/emotion_estimer/share/emotion_estimer/local_setup.sh
-- Symlinking: /app/install/emotion_estimer/share/emotion_estimer/local_setup.zsh
-- Symlinking: /app/install/emotion_estimer/share/emotion_estimer/local_setup.dsv
-- Symlinking: /app/install/emotion_estimer/share/emotion_estimer/package.dsv
-- Symlinking: /app/install/emotion_estimer/share/ament_index/resource_index/packages/emotion_estimer
-- Symlinking: /app/install/emotion_estimer/share/emotion_estimer/cmake/emotion_estimerConfig.cmake
-- Symlinking: /app/install/emotion_estimer/share/emotion_estimer/cmake/emotion_estimerConfig-version.cmake
-- Symlinking: /app/install/emotion_estimer/share/emotion_estimer/package.xml
Listing '/app/install/emotion_estimer/local/lib/python3.10/dist-packages/emotion_estimer'...
Compiling '/app/install/emotion_estimer/local/lib/python3.10/dist-packages/emotion_estimer/DeepIDTFLite.py'...
Compiling '/app/install/emotion_estimer/local/lib/python3.10/dist-packages/emotion_estimer/TFLiteFaceDetector.py'...
Compiling '/app/install/emotion_estimer/local/lib/python3.10/dist-packages/emotion_estimer/__init__.py'...
Compiling '/app/install/emotion_estimer/local/lib/python3.10/dist-packages/emotion_estimer/face_data.py'...
Compiling '/app/install/emotion_estimer/local/lib/python3.10/dist-packages/emotion_estimer/kapibara_audio.py'...
Compiling '/app/install/emotion_estimer/local/lib/python3.10/dist-packages/emotion_estimer/midas.py'...
Compiling '/app/install/emotion_estimer/local/lib/python3.10/dist-packages/emotion_estimer/yunet.py'...
