[0.025s] Invoking command in '/app/build/emotion_estimer': AMENT_PREFIX_PATH=/app/install/kapibara_interfaces:${AMENT_PREFIX_PATH} CMAKE_PREFIX_PATH=/app/install/kapibara_interfaces:/opt/ros/humble LD_LIBRARY_PATH=/app/install/kapibara_interfaces/lib:${LD_LIBRARY_PATH} PYTHONPATH=/app/install/kapibara_interfaces/local/lib/python3.10/dist-packages:${PYTHONPATH} /usr/bin/cmake /app/src/emotion_estimer -DAMENT_CMAKE_SYMLINK_INSTALL=1 -DCMAKE_INSTALL_PREFIX=/app/install/emotion_estimer
[0.102s] -- The C compiler identification is GNU 11.4.0
[0.165s] -- The CXX compiler identification is GNU 11.4.0
[0.172s] -- Detecting C compiler ABI info
[0.240s] -- Detecting C compiler ABI info - done
[0.248s] -- Check for working C compiler: /usr/bin/cc - skipped
[0.248s] -- Detecting C compile features
[0.251s] -- Detecting C compile features - done
[0.254s] -- Detecting CXX compiler ABI info
[0.335s] -- Detecting CXX compiler ABI info - done
[0.343s] -- Check for working CXX compiler: /usr/bin/c++ - skipped
[0.343s] -- Detecting CXX compile features
[0.344s] -- Detecting CXX compile features - done
[0.347s] -- Found ament_cmake: 1.3.14 (/opt/ros/humble/share/ament_cmake/cmake)
[0.493s] -- Found Python3: /usr/bin/python3 (found version "3.10.12") found components: Interpreter 
[0.571s] -- Override CMake install command with custom implementation using symlinks instead of copying resources
[0.634s] -- Found rclcpp: 16.0.19 (/opt/ros/humble/share/rclcpp/cmake)
[0.710s] -- Found rosidl_generator_c: 3.1.8 (/opt/ros/humble/share/rosidl_generator_c/cmake)
[0.716s] -- Found rosidl_adapter: 3.1.8 (/opt/ros/humble/share/rosidl_adapter/cmake)
[0.726s] -- Found rosidl_generator_cpp: 3.1.8 (/opt/ros/humble/share/rosidl_generator_cpp/cmake)
[0.739s] -- Using all available rosidl_typesupport_c: rosidl_typesupport_fastrtps_c;rosidl_typesupport_introspection_c
[0.762s] -- Using all available rosidl_typesupport_cpp: rosidl_typesupport_fastrtps_cpp;rosidl_typesupport_introspection_cpp
[0.827s] -- Found rmw_implementation_cmake: 6.1.2 (/opt/ros/humble/share/rmw_implementation_cmake/cmake)
[0.830s] -- Found rmw_fastrtps_cpp: 6.2.10 (/opt/ros/humble/share/rmw_fastrtps_cpp/cmake)
[0.950s] -- Found OpenSSL: /usr/lib/x86_64-linux-gnu/libcrypto.so (found version "3.0.2")  
[0.987s] -- Found FastRTPS: /opt/ros/humble/include  
[1.046s] -- Using RMW implementation 'rmw_fastrtps_cpp' as default
[1.058s] -- Looking for pthread.h
[1.144s] -- Looking for pthread.h - found
[1.144s] -- Performing Test CMAKE_HAVE_LIBC_PTHREAD
[1.245s] -- Performing Test CMAKE_HAVE_LIBC_PTHREAD - Success
[1.246s] -- Found Threads: TRUE  
[1.314s] -- Found rclpy: 3.3.21 (/opt/ros/humble/share/rclpy/cmake)
[1.318s] -- Found sensor_msgs: 4.9.1 (/opt/ros/humble/share/sensor_msgs/cmake)
[1.355s] -- Found kapibara_interfaces: 0.8.0 (/app/install/kapibara_interfaces/share/kapibara_interfaces/cmake)
[1.371s] -- Found ament_lint_auto: 0.12.15 (/opt/ros/humble/share/ament_lint_auto/cmake)
[1.532s] -- Added test 'flake8' to check Python code syntax and style conventions
[1.532s] -- Added test 'lint_cmake' to check CMake code style
[1.532s] -- Added test 'pep257' to check Python code against some of the docstring style conventions in PEP 257
[1.535s] -- Added test 'xmllint' to check XML markup files
[1.539s] -- Configuring done
[1.553s] -- Generating done
[1.558s] -- Build files have been written to: /app/build/emotion_estimer
[1.580s] Invoked command in '/app/build/emotion_estimer' returned '0': AMENT_PREFIX_PATH=/app/install/kapibara_interfaces:${AMENT_PREFIX_PATH} CMAKE_PREFIX_PATH=/app/install/kapibara_interfaces:/opt/ros/humble LD_LIBRARY_PATH=/app/install/kapibara_interfaces/lib:${LD_LIBRARY_PATH} PYTHONPATH=/app/install/kapibara_interfaces/local/lib/python3.10/dist-packages:${PYTHONPATH} /usr/bin/cmake /app/src/emotion_estimer -DAMENT_CMAKE_SYMLINK_INSTALL=1 -DCMAKE_INSTALL_PREFIX=/app/install/emotion_estimer
[1.584s] Invoking command in '/app/build/emotion_estimer': AMENT_PREFIX_PATH=/app/install/kapibara_interfaces:${AMENT_PREFIX_PATH} CMAKE_PREFIX_PATH=/app/install/kapibara_interfaces:/opt/ros/humble LD_LIBRARY_PATH=/app/install/kapibara_interfaces/lib:${LD_LIBRARY_PATH} PYTHONPATH=/app/install/kapibara_interfaces/local/lib/python3.10/dist-packages:${PYTHONPATH} /usr/bin/cmake --build /app/build/emotion_estimer -- -j12 -l12
[1.673s] Built target ament_cmake_python_symlink_emotion_estimer
[1.926s] running egg_info
[1.926s] creating emotion_estimer.egg-info
[1.926s] writing emotion_estimer.egg-info/PKG-INFO
[1.926s] writing dependency_links to emotion_estimer.egg-info/dependency_links.txt
[1.926s] writing top-level names to emotion_estimer.egg-info/top_level.txt
[1.926s] writing manifest file 'emotion_estimer.egg-info/SOURCES.txt'
[1.928s] reading manifest file 'emotion_estimer.egg-info/SOURCES.txt'
[1.929s] writing manifest file 'emotion_estimer.egg-info/SOURCES.txt'
[1.967s] Built target ament_cmake_python_build_emotion_estimer_egg
[1.994s] Invoked command in '/app/build/emotion_estimer' returned '0': AMENT_PREFIX_PATH=/app/install/kapibara_interfaces:${AMENT_PREFIX_PATH} CMAKE_PREFIX_PATH=/app/install/kapibara_interfaces:/opt/ros/humble LD_LIBRARY_PATH=/app/install/kapibara_interfaces/lib:${LD_LIBRARY_PATH} PYTHONPATH=/app/install/kapibara_interfaces/local/lib/python3.10/dist-packages:${PYTHONPATH} /usr/bin/cmake --build /app/build/emotion_estimer -- -j12 -l12
[1.994s] Invoking command in '/app/build/emotion_estimer': AMENT_PREFIX_PATH=/app/install/kapibara_interfaces:${AMENT_PREFIX_PATH} CMAKE_PREFIX_PATH=/app/install/kapibara_interfaces:/opt/ros/humble LD_LIBRARY_PATH=/app/install/kapibara_interfaces/lib:${LD_LIBRARY_PATH} PYTHONPATH=/app/install/kapibara_interfaces/local/lib/python3.10/dist-packages:${PYTHONPATH} /usr/bin/cmake --install /app/build/emotion_estimer
[2.007s] -- Install configuration: ""
[2.009s] -- Execute custom install script
[2.009s] -- Symlinking: /app/install/emotion_estimer/share/emotion_estimer/environment/pythonpath.sh
[2.026s] -- Symlinking: /app/install/emotion_estimer/share/emotion_estimer/environment/pythonpath.dsv
[2.042s] -- Symlinking: /app/install/emotion_estimer/local/lib/python3.10/dist-packages/emotion_estimer-0.0.0-py3.10.egg-info/PKG-INFO
[2.058s] -- Symlinking: /app/install/emotion_estimer/local/lib/python3.10/dist-packages/emotion_estimer-0.0.0-py3.10.egg-info/SOURCES.txt
[2.077s] -- Symlinking: /app/install/emotion_estimer/local/lib/python3.10/dist-packages/emotion_estimer-0.0.0-py3.10.egg-info/dependency_links.txt
[2.094s] -- Symlinking: /app/install/emotion_estimer/local/lib/python3.10/dist-packages/emotion_estimer-0.0.0-py3.10.egg-info/top_level.txt
[2.126s] -- Symlinking: /app/install/emotion_estimer/local/lib/python3.10/dist-packages/emotion_estimer/DeepIDTFLite.py
[2.154s] -- Symlinking: /app/install/emotion_estimer/local/lib/python3.10/dist-packages/emotion_estimer/TFLiteFaceDetector.py
[2.193s] -- Symlinking: /app/install/emotion_estimer/local/lib/python3.10/dist-packages/emotion_estimer/__init__.py
[2.217s] -- Symlinking: /app/install/emotion_estimer/local/lib/python3.10/dist-packages/emotion_estimer/face_data.py
[2.240s] -- Symlinking: /app/install/emotion_estimer/local/lib/python3.10/dist-packages/emotion_estimer/kapibara_audio.py
[2.260s] -- Symlinking: /app/install/emotion_estimer/local/lib/python3.10/dist-packages/emotion_estimer/midas.py
[2.284s] -- Symlinking: /app/install/emotion_estimer/local/lib/python3.10/dist-packages/emotion_estimer/yunet.py
[2.304s] -- Symlinking: /app/install/emotion_estimer/share/emotion_estimer/model/Midas-V2-Quantized.tflite
[2.331s] -- Symlinking: /app/install/emotion_estimer/share/emotion_estimer/model/Midas-V2-Quantized_edgetpu.log
[2.345s] -- Symlinking: /app/install/emotion_estimer/share/emotion_estimer/model/Midas-V2-Quantized_edgetpu.tflite
[2.367s] -- Symlinking: /app/install/emotion_estimer/share/emotion_estimer/model/deepid.tflite
[2.392s] -- Symlinking: /app/install/emotion_estimer/share/emotion_estimer/model/deepid_edgetpu.log
[2.421s] -- Symlinking: /app/install/emotion_estimer/share/emotion_estimer/model/deepid_edgetpu.tflite
[2.445s] -- Symlinking: /app/install/emotion_estimer/share/emotion_estimer/model/face_detection_yunet_2023mar_int8.tflite
[2.467s] -- Symlinking: /app/install/emotion_estimer/share/emotion_estimer/model/face_detection_yunet_2023mar_int8_edgetpu.log
[2.491s] -- Symlinking: /app/install/emotion_estimer/share/emotion_estimer/model/model.tflite
[2.515s] -- Symlinking: /app/install/emotion_estimer/share/emotion_estimer/model/model_edgetpu.log
[2.539s] -- Symlinking: /app/install/emotion_estimer/share/emotion_estimer/model/model_edgetpu.tflite
[2.560s] -- Symlinking: /app/install/emotion_estimer/share/emotion_estimer/model/slim.tflite
[2.586s] -- Symlinking: /app/install/emotion_estimer/share/emotion_estimer/model/slim_edgetpu.log
[2.603s] -- Symlinking: /app/install/emotion_estimer/share/emotion_estimer/model/slim_edgetpu.tflite
[2.618s] -- Symlinking: /app/install/emotion_estimer/share/emotion_estimer/model/yunet_full_integer_quant_edgetpu.log
[2.634s] -- Symlinking: /app/install/emotion_estimer/share/emotion_estimer/model/yunet_integer_quant.tflite
[2.651s] -- Symlinking: /app/install/emotion_estimer/share/emotion_estimer/model/yunet_integer_quant_edgetpu.log
[2.670s] -- Symlinking: /app/install/emotion_estimer/share/emotion_estimer/model/yunet_integer_quant_edgetpu.tflite
[2.691s] -- Symlinking: /app/install/emotion_estimer/lib/emotion_estimer/estimator.py
[2.708s] -- Symlinking: /app/install/emotion_estimer/share/ament_index/resource_index/package_run_dependencies/emotion_estimer
[2.730s] -- Symlinking: /app/install/emotion_estimer/share/ament_index/resource_index/parent_prefix_path/emotion_estimer
[2.757s] -- Symlinking: /app/install/emotion_estimer/share/emotion_estimer/environment/ament_prefix_path.sh
[2.781s] -- Symlinking: /app/install/emotion_estimer/share/emotion_estimer/environment/ament_prefix_path.dsv
[2.805s] -- Symlinking: /app/install/emotion_estimer/share/emotion_estimer/environment/path.sh
[2.827s] -- Symlinking: /app/install/emotion_estimer/share/emotion_estimer/environment/path.dsv
[2.858s] -- Symlinking: /app/install/emotion_estimer/share/emotion_estimer/local_setup.bash
[2.880s] -- Symlinking: /app/install/emotion_estimer/share/emotion_estimer/local_setup.sh
[2.933s] -- Symlinking: /app/install/emotion_estimer/share/emotion_estimer/local_setup.zsh
[2.965s] -- Symlinking: /app/install/emotion_estimer/share/emotion_estimer/local_setup.dsv
[3.000s] -- Symlinking: /app/install/emotion_estimer/share/emotion_estimer/package.dsv
[3.053s] -- Symlinking: /app/install/emotion_estimer/share/ament_index/resource_index/packages/emotion_estimer
[3.081s] -- Symlinking: /app/install/emotion_estimer/share/emotion_estimer/cmake/emotion_estimerConfig.cmake
[3.123s] -- Symlinking: /app/install/emotion_estimer/share/emotion_estimer/cmake/emotion_estimerConfig-version.cmake
[3.164s] -- Symlinking: /app/install/emotion_estimer/share/emotion_estimer/package.xml
[3.322s] Listing '/app/install/emotion_estimer/local/lib/python3.10/dist-packages/emotion_estimer'...
[3.322s] Compiling '/app/install/emotion_estimer/local/lib/python3.10/dist-packages/emotion_estimer/DeepIDTFLite.py'...
[3.326s] Compiling '/app/install/emotion_estimer/local/lib/python3.10/dist-packages/emotion_estimer/TFLiteFaceDetector.py'...
[3.330s] Compiling '/app/install/emotion_estimer/local/lib/python3.10/dist-packages/emotion_estimer/__init__.py'...
[3.330s] Compiling '/app/install/emotion_estimer/local/lib/python3.10/dist-packages/emotion_estimer/face_data.py'...
[3.332s] Compiling '/app/install/emotion_estimer/local/lib/python3.10/dist-packages/emotion_estimer/kapibara_audio.py'...
[3.333s] Compiling '/app/install/emotion_estimer/local/lib/python3.10/dist-packages/emotion_estimer/midas.py'...
[3.334s] Compiling '/app/install/emotion_estimer/local/lib/python3.10/dist-packages/emotion_estimer/yunet.py'...
[3.350s] Invoked command in '/app/build/emotion_estimer' returned '0': AMENT_PREFIX_PATH=/app/install/kapibara_interfaces:${AMENT_PREFIX_PATH} CMAKE_PREFIX_PATH=/app/install/kapibara_interfaces:/opt/ros/humble LD_LIBRARY_PATH=/app/install/kapibara_interfaces/lib:${LD_LIBRARY_PATH} PYTHONPATH=/app/install/kapibara_interfaces/local/lib/python3.10/dist-packages:${PYTHONPATH} /usr/bin/cmake --install /app/build/emotion_estimer
