-- Found ament_cmake: 1.3.14 (/opt/ros/humble/share/ament_cmake/cmake)
-- Override CMake install command with custom implementation using symlinks instead of copying resources
-- Found rclcpp: 16.0.19 (/opt/ros/humble/share/rclcpp/cmake)
-- Found rosidl_generator_c: 3.1.8 (/opt/ros/humble/share/rosidl_generator_c/cmake)
-- Found rosidl_adapter: 3.1.8 (/opt/ros/humble/share/rosidl_adapter/cmake)
-- Found rosidl_generator_cpp: 3.1.8 (/opt/ros/humble/share/rosidl_generator_cpp/cmake)
-- Using all available rosidl_typesupport_c: rosidl_typesupport_fastrtps_c;rosidl_typesupport_introspection_c
-- Using all available rosidl_typesupport_cpp: rosidl_typesupport_fastrtps_cpp;rosidl_typesupport_introspection_cpp
-- Found rmw_implementation_cmake: 6.1.2 (/opt/ros/humble/share/rmw_implementation_cmake/cmake)
-- Found rmw_fastrtps_cpp: 6.2.10 (/opt/ros/humble/share/rmw_fastrtps_cpp/cmake)
-- Using RMW implementation 'rmw_fastrtps_cpp' as default
-- Found rclpy: 3.3.21 (/opt/ros/humble/share/rclpy/cmake)
-- Found kapibara_interfaces: 0.8.0 (/app/install/kapibara_interfaces/share/kapibara_interfaces/cmake)
-- Found ament_lint_auto: 0.12.15 (/opt/ros/humble/share/ament_lint_auto/cmake)
-- Added test 'flake8' to check Python code syntax and style conventions
-- Added test 'lint_cmake' to check CMake code style
-- Added test 'pep257' to check Python code against some of the docstring style conventions in PEP 257
-- Added test 'xmllint' to check XML markup files
-- Configuring done
-- Generating done
-- Build files have been written to: /app/build/microphone
Built target ament_cmake_python_symlink_microphone
running egg_info
writing microphone.egg-info/PKG-INFO
writing dependency_links to microphone.egg-info/dependency_links.txt
writing top-level names to microphone.egg-info/top_level.txt
reading manifest file 'microphone.egg-info/SOURCES.txt'
writing manifest file 'microphone.egg-info/SOURCES.txt'
Built target ament_cmake_python_build_microphone_egg
-- Install configuration: ""
-- Execute custom install script
-- Up-to-date symlink: /app/install/microphone/share/microphone/environment/pythonpath.sh
-- Up-to-date symlink: /app/install/microphone/share/microphone/environment/pythonpath.dsv
-- Up-to-date symlink: /app/install/microphone/local/lib/python3.10/dist-packages/microphone-0.0.0-py3.10.egg-info/PKG-INFO
-- Up-to-date symlink: /app/install/microphone/local/lib/python3.10/dist-packages/microphone-0.0.0-py3.10.egg-info/SOURCES.txt
-- Up-to-date symlink: /app/install/microphone/local/lib/python3.10/dist-packages/microphone-0.0.0-py3.10.egg-info/dependency_links.txt
-- Up-to-date symlink: /app/install/microphone/local/lib/python3.10/dist-packages/microphone-0.0.0-py3.10.egg-info/top_level.txt
-- Up-to-date symlink: /app/install/microphone/local/lib/python3.10/dist-packages/microphone/__init__.py
-- Up-to-date symlink: /app/install/microphone/lib/microphone/mic.py
-- Symlinking: /app/install/microphone/lib/microphone/.venv
-- Up-to-date symlink: /app/install/microphone/share/ament_index/resource_index/package_run_dependencies/microphone
-- Up-to-date symlink: /app/install/microphone/share/ament_index/resource_index/parent_prefix_path/microphone
-- Up-to-date symlink: /app/install/microphone/share/microphone/environment/ament_prefix_path.sh
-- Up-to-date symlink: /app/install/microphone/share/microphone/environment/ament_prefix_path.dsv
-- Up-to-date symlink: /app/install/microphone/share/microphone/environment/path.sh
-- Up-to-date symlink: /app/install/microphone/share/microphone/environment/path.dsv
-- Up-to-date symlink: /app/install/microphone/share/microphone/local_setup.bash
-- Up-to-date symlink: /app/install/microphone/share/microphone/local_setup.sh
-- Up-to-date symlink: /app/install/microphone/share/microphone/local_setup.zsh
-- Up-to-date symlink: /app/install/microphone/share/microphone/local_setup.dsv
-- Symlinking: /app/install/microphone/share/microphone/package.dsv
-- Up-to-date symlink: /app/install/microphone/share/ament_index/resource_index/packages/microphone
-- Up-to-date symlink: /app/install/microphone/share/microphone/cmake/microphoneConfig.cmake
-- Up-to-date symlink: /app/install/microphone/share/microphone/cmake/microphoneConfig-version.cmake
-- Up-to-date symlink: /app/install/microphone/share/microphone/package.xml
Listing '/app/install/microphone/local/lib/python3.10/dist-packages/microphone'...
