[0.031s] Invoking command in '/app/build/microphone': AMENT_PREFIX_PATH=/app/install/kapibara_interfaces:${AMENT_PREFIX_PATH} CMAKE_PREFIX_PATH=/app/install/kapibara_interfaces:/opt/ros/humble LD_LIBRARY_PATH=/app/install/kapibara_interfaces/lib:${LD_LIBRARY_PATH} PYTHONPATH=/app/install/kapibara_interfaces/local/lib/python3.10/dist-packages:${PYTHONPATH} /usr/bin/cmake --build /app/build/microphone -- -j12 -l12
[0.063s] -- Found ament_cmake: 1.3.14 (/opt/ros/humble/share/ament_cmake/cmake)
[0.250s] -- Override CMake install command with custom implementation using symlinks instead of copying resources
[0.260s] -- Found rclcpp: 16.0.19 (/opt/ros/humble/share/rclcpp/cmake)
[0.298s] -- Found rosidl_generator_c: 3.1.8 (/opt/ros/humble/share/rosidl_generator_c/cmake)
[0.299s] -- Found rosidl_adapter: 3.1.8 (/opt/ros/humble/share/rosidl_adapter/cmake)
[0.307s] -- Found rosidl_generator_cpp: 3.1.8 (/opt/ros/humble/share/rosidl_generator_cpp/cmake)
[0.319s] -- Using all available rosidl_typesupport_c: rosidl_typesupport_fastrtps_c;rosidl_typesupport_introspection_c
[0.329s] -- Using all available rosidl_typesupport_cpp: rosidl_typesupport_fastrtps_cpp;rosidl_typesupport_introspection_cpp
[0.356s] -- Found rmw_implementation_cmake: 6.1.2 (/opt/ros/humble/share/rmw_implementation_cmake/cmake)
[0.357s] -- Found rmw_fastrtps_cpp: 6.2.10 (/opt/ros/humble/share/rmw_fastrtps_cpp/cmake)
[0.475s] -- Using RMW implementation 'rmw_fastrtps_cpp' as default
[0.518s] -- Found rclpy: 3.3.21 (/opt/ros/humble/share/rclpy/cmake)
[0.518s] -- Found kapibara_interfaces: 0.8.0 (/app/install/kapibara_interfaces/share/kapibara_interfaces/cmake)
[0.528s] -- Found ament_lint_auto: 0.12.15 (/opt/ros/humble/share/ament_lint_auto/cmake)
[0.598s] -- Added test 'flake8' to check Python code syntax and style conventions
[0.599s] -- Added test 'lint_cmake' to check CMake code style
[0.600s] -- Added test 'pep257' to check Python code against some of the docstring style conventions in PEP 257
[0.604s] -- Added test 'xmllint' to check XML markup files
[0.605s] -- Configuring done
[0.611s] -- Generating done
[0.613s] -- Build files have been written to: /app/build/microphone
[0.654s] Built target ament_cmake_python_symlink_microphone
[0.804s] running egg_info
[0.804s] writing microphone.egg-info/PKG-INFO
[0.804s] writing dependency_links to microphone.egg-info/dependency_links.txt
[0.804s] writing top-level names to microphone.egg-info/top_level.txt
[0.806s] reading manifest file 'microphone.egg-info/SOURCES.txt'
[0.806s] writing manifest file 'microphone.egg-info/SOURCES.txt'
[0.824s] Built target ament_cmake_python_build_microphone_egg
[0.833s] Invoked command in '/app/build/microphone' returned '0': AMENT_PREFIX_PATH=/app/install/kapibara_interfaces:${AMENT_PREFIX_PATH} CMAKE_PREFIX_PATH=/app/install/kapibara_interfaces:/opt/ros/humble LD_LIBRARY_PATH=/app/install/kapibara_interfaces/lib:${LD_LIBRARY_PATH} PYTHONPATH=/app/install/kapibara_interfaces/local/lib/python3.10/dist-packages:${PYTHONPATH} /usr/bin/cmake --build /app/build/microphone -- -j12 -l12
[0.834s] Invoking command in '/app/build/microphone': AMENT_PREFIX_PATH=/app/install/kapibara_interfaces:${AMENT_PREFIX_PATH} CMAKE_PREFIX_PATH=/app/install/kapibara_interfaces:/opt/ros/humble LD_LIBRARY_PATH=/app/install/kapibara_interfaces/lib:${LD_LIBRARY_PATH} PYTHONPATH=/app/install/kapibara_interfaces/local/lib/python3.10/dist-packages:${PYTHONPATH} /usr/bin/cmake --install /app/build/microphone
[0.842s] -- Install configuration: ""
[0.842s] -- Execute custom install script
[0.842s] -- Up-to-date symlink: /app/install/microphone/share/microphone/environment/pythonpath.sh
[0.843s] -- Up-to-date symlink: /app/install/microphone/share/microphone/environment/pythonpath.dsv
[0.843s] -- Up-to-date symlink: /app/install/microphone/local/lib/python3.10/dist-packages/microphone-0.0.0-py3.10.egg-info/PKG-INFO
[0.843s] -- Up-to-date symlink: /app/install/microphone/local/lib/python3.10/dist-packages/microphone-0.0.0-py3.10.egg-info/SOURCES.txt
[0.843s] -- Up-to-date symlink: /app/install/microphone/local/lib/python3.10/dist-packages/microphone-0.0.0-py3.10.egg-info/dependency_links.txt
[0.843s] -- Up-to-date symlink: /app/install/microphone/local/lib/python3.10/dist-packages/microphone-0.0.0-py3.10.egg-info/top_level.txt
[0.843s] -- Up-to-date symlink: /app/install/microphone/local/lib/python3.10/dist-packages/microphone/__init__.py
[0.844s] -- Up-to-date symlink: /app/install/microphone/lib/microphone/mic.py
[0.844s] -- Symlinking: /app/install/microphone/lib/microphone/.venv
[0.853s] -- Up-to-date symlink: /app/install/microphone/share/ament_index/resource_index/package_run_dependencies/microphone
[0.853s] -- Up-to-date symlink: /app/install/microphone/share/ament_index/resource_index/parent_prefix_path/microphone
[0.853s] -- Up-to-date symlink: /app/install/microphone/share/microphone/environment/ament_prefix_path.sh
[0.853s] -- Up-to-date symlink: /app/install/microphone/share/microphone/environment/ament_prefix_path.dsv
[0.853s] -- Up-to-date symlink: /app/install/microphone/share/microphone/environment/path.sh
[0.853s] -- Up-to-date symlink: /app/install/microphone/share/microphone/environment/path.dsv
[0.854s] -- Up-to-date symlink: /app/install/microphone/share/microphone/local_setup.bash
[0.854s] -- Up-to-date symlink: /app/install/microphone/share/microphone/local_setup.sh
[0.854s] -- Up-to-date symlink: /app/install/microphone/share/microphone/local_setup.zsh
[0.854s] -- Up-to-date symlink: /app/install/microphone/share/microphone/local_setup.dsv
[0.854s] -- Symlinking: /app/install/microphone/share/microphone/package.dsv
[0.863s] -- Up-to-date symlink: /app/install/microphone/share/ament_index/resource_index/packages/microphone
[0.863s] -- Up-to-date symlink: /app/install/microphone/share/microphone/cmake/microphoneConfig.cmake
[0.863s] -- Up-to-date symlink: /app/install/microphone/share/microphone/cmake/microphoneConfig-version.cmake
[0.863s] -- Up-to-date symlink: /app/install/microphone/share/microphone/package.xml
[0.888s] Listing '/app/install/microphone/local/lib/python3.10/dist-packages/microphone'...
[0.895s] Invoked command in '/app/build/microphone' returned '0': AMENT_PREFIX_PATH=/app/install/kapibara_interfaces:${AMENT_PREFIX_PATH} CMAKE_PREFIX_PATH=/app/install/kapibara_interfaces:/opt/ros/humble LD_LIBRARY_PATH=/app/install/kapibara_interfaces/lib:${LD_LIBRARY_PATH} PYTHONPATH=/app/install/kapibara_interfaces/local/lib/python3.10/dist-packages:${PYTHONPATH} /usr/bin/cmake --install /app/build/microphone
