[0.017s] Invoking command in '/app/build/kapibara_vel_saltis_bridge': AMENT_PREFIX_PATH=/app/install/vel_saltis_services:/app/install/kapibara_interfaces:${AMENT_PREFIX_PATH} CMAKE_PREFIX_PATH=/app/install/vel_saltis_services:/app/install/kapibara_interfaces:/opt/ros/humble LD_LIBRARY_PATH=/app/install/vel_saltis_services/lib:/app/install/kapibara_interfaces/lib:${LD_LIBRARY_PATH} PYTHONPATH=/app/install/vel_saltis_services/local/lib/python3.10/dist-packages:/app/install/kapibara_interfaces/local/lib/python3.10/dist-packages:${PYTHONPATH} /usr/bin/cmake --build /app/build/kapibara_vel_saltis_bridge -- -j12 -l12
[0.061s] [35m[1mConsolidate compiler generated dependencies of target bridge[0m
[0.082s] [100%] Built target bridge
[0.101s] Invoked command in '/app/build/kapibara_vel_saltis_bridge' returned '0': AMENT_PREFIX_PATH=/app/install/vel_saltis_services:/app/install/kapibara_interfaces:${AMENT_PREFIX_PATH} CMAKE_PREFIX_PATH=/app/install/vel_saltis_services:/app/install/kapibara_interfaces:/opt/ros/humble LD_LIBRARY_PATH=/app/install/vel_saltis_services/lib:/app/install/kapibara_interfaces/lib:${LD_LIBRARY_PATH} PYTHONPATH=/app/install/vel_saltis_services/local/lib/python3.10/dist-packages:/app/install/kapibara_interfaces/local/lib/python3.10/dist-packages:${PYTHONPATH} /usr/bin/cmake --build /app/build/kapibara_vel_saltis_bridge -- -j12 -l12
[0.101s] Invoking command in '/app/build/kapibara_vel_saltis_bridge': AMENT_PREFIX_PATH=/app/install/vel_saltis_services:/app/install/kapibara_interfaces:${AMENT_PREFIX_PATH} CMAKE_PREFIX_PATH=/app/install/vel_saltis_services:/app/install/kapibara_interfaces:/opt/ros/humble LD_LIBRARY_PATH=/app/install/vel_saltis_services/lib:/app/install/kapibara_interfaces/lib:${LD_LIBRARY_PATH} PYTHONPATH=/app/install/vel_saltis_services/local/lib/python3.10/dist-packages:/app/install/kapibara_interfaces/local/lib/python3.10/dist-packages:${PYTHONPATH} /usr/bin/cmake --install /app/build/kapibara_vel_saltis_bridge
[0.111s] -- Install configuration: ""
[0.112s] -- Execute custom install script
[0.112s] -- Up-to-date symlink: /app/install/kapibara_vel_saltis_bridge/lib/kapibara_vel_saltis_bridge/bridge
[0.112s] -- Up-to-date symlink: /app/install/kapibara_vel_saltis_bridge/share/ament_index/resource_index/package_run_dependencies/kapibara_vel_saltis_bridge
[0.112s] -- Up-to-date symlink: /app/install/kapibara_vel_saltis_bridge/share/ament_index/resource_index/parent_prefix_path/kapibara_vel_saltis_bridge
[0.113s] -- Up-to-date symlink: /app/install/kapibara_vel_saltis_bridge/share/kapibara_vel_saltis_bridge/environment/ament_prefix_path.sh
[0.113s] -- Up-to-date symlink: /app/install/kapibara_vel_saltis_bridge/share/kapibara_vel_saltis_bridge/environment/ament_prefix_path.dsv
[0.113s] -- Up-to-date symlink: /app/install/kapibara_vel_saltis_bridge/share/kapibara_vel_saltis_bridge/environment/path.sh
[0.113s] -- Up-to-date symlink: /app/install/kapibara_vel_saltis_bridge/share/kapibara_vel_saltis_bridge/environment/path.dsv
[0.113s] -- Up-to-date symlink: /app/install/kapibara_vel_saltis_bridge/share/kapibara_vel_saltis_bridge/local_setup.bash
[0.114s] -- Up-to-date symlink: /app/install/kapibara_vel_saltis_bridge/share/kapibara_vel_saltis_bridge/local_setup.sh
[0.114s] -- Up-to-date symlink: /app/install/kapibara_vel_saltis_bridge/share/kapibara_vel_saltis_bridge/local_setup.zsh
[0.114s] -- Up-to-date symlink: /app/install/kapibara_vel_saltis_bridge/share/kapibara_vel_saltis_bridge/local_setup.dsv
[0.114s] -- Symlinking: /app/install/kapibara_vel_saltis_bridge/share/kapibara_vel_saltis_bridge/package.dsv
[0.123s] -- Up-to-date symlink: /app/install/kapibara_vel_saltis_bridge/share/ament_index/resource_index/packages/kapibara_vel_saltis_bridge
[0.123s] -- Up-to-date symlink: /app/install/kapibara_vel_saltis_bridge/share/kapibara_vel_saltis_bridge/cmake/kapibara_vel_saltis_bridgeConfig.cmake
[0.123s] -- Up-to-date symlink: /app/install/kapibara_vel_saltis_bridge/share/kapibara_vel_saltis_bridge/cmake/kapibara_vel_saltis_bridgeConfig-version.cmake
[0.123s] -- Up-to-date symlink: /app/install/kapibara_vel_saltis_bridge/share/kapibara_vel_saltis_bridge/package.xml
[0.134s] Invoked command in '/app/build/kapibara_vel_saltis_bridge' returned '0': AMENT_PREFIX_PATH=/app/install/vel_saltis_services:/app/install/kapibara_interfaces:${AMENT_PREFIX_PATH} CMAKE_PREFIX_PATH=/app/install/vel_saltis_services:/app/install/kapibara_interfaces:/opt/ros/humble LD_LIBRARY_PATH=/app/install/vel_saltis_services/lib:/app/install/kapibara_interfaces/lib:${LD_LIBRARY_PATH} PYTHONPATH=/app/install/vel_saltis_services/local/lib/python3.10/dist-packages:/app/install/kapibara_interfaces/local/lib/python3.10/dist-packages:${PYTHONPATH} /usr/bin/cmake --install /app/build/kapibara_vel_saltis_bridge
