[0.062s] Invoking command in '/app/build/vel_saltis_ears': CMAKE_PREFIX_PATH=/app/install/kapibara_interfaces:/app/install/start_sequence:/app/install/kapibara_vel_saltis_bridge:/app/install/kapibara_twingo_bridge:/app/install/vel_saltis_services:/app/install/vel_saltis_ears:/app/install/vel_saltis_drive:/app/install/sample_package:/app/install/mqtt_bridge:/app/install/modus_board:/app/install/modus_board_interfaces:/app/install/microphone:/app/install/kapibara:/app/install/emotion_estimer:/opt/ros/humble LD_LIBRARY_PATH=/app/install/kapibara_interfaces/lib:/app/install/vel_saltis_services/lib:/app/install/vel_saltis_ears/lib:/app/install/vel_saltis_drive/lib:/app/install/modus_board_interfaces/lib:/opt/ros/humble/opt/rviz_ogre_vendor/lib:/opt/ros/humble/lib/x86_64-linux-gnu:/opt/ros/humble/lib /usr/bin/cmake --build /app/build/vel_saltis_ears -- -j12 -l12
[0.203s] [100%] Built target vel_saltis_ears
[0.242s] Invoked command in '/app/build/vel_saltis_ears' returned '0': CMAKE_PREFIX_PATH=/app/install/kapibara_interfaces:/app/install/start_sequence:/app/install/kapibara_vel_saltis_bridge:/app/install/kapibara_twingo_bridge:/app/install/vel_saltis_services:/app/install/vel_saltis_ears:/app/install/vel_saltis_drive:/app/install/sample_package:/app/install/mqtt_bridge:/app/install/modus_board:/app/install/modus_board_interfaces:/app/install/microphone:/app/install/kapibara:/app/install/emotion_estimer:/opt/ros/humble LD_LIBRARY_PATH=/app/install/kapibara_interfaces/lib:/app/install/vel_saltis_services/lib:/app/install/vel_saltis_ears/lib:/app/install/vel_saltis_drive/lib:/app/install/modus_board_interfaces/lib:/opt/ros/humble/opt/rviz_ogre_vendor/lib:/opt/ros/humble/lib/x86_64-linux-gnu:/opt/ros/humble/lib /usr/bin/cmake --build /app/build/vel_saltis_ears -- -j12 -l12
[0.246s] Invoking command in '/app/build/vel_saltis_ears': CMAKE_PREFIX_PATH=/app/install/kapibara_interfaces:/app/install/start_sequence:/app/install/kapibara_vel_saltis_bridge:/app/install/kapibara_twingo_bridge:/app/install/vel_saltis_services:/app/install/vel_saltis_ears:/app/install/vel_saltis_drive:/app/install/sample_package:/app/install/mqtt_bridge:/app/install/modus_board:/app/install/modus_board_interfaces:/app/install/microphone:/app/install/kapibara:/app/install/emotion_estimer:/opt/ros/humble LD_LIBRARY_PATH=/app/install/kapibara_interfaces/lib:/app/install/vel_saltis_services/lib:/app/install/vel_saltis_ears/lib:/app/install/vel_saltis_drive/lib:/app/install/modus_board_interfaces/lib:/opt/ros/humble/opt/rviz_ogre_vendor/lib:/opt/ros/humble/lib/x86_64-linux-gnu:/opt/ros/humble/lib /usr/bin/cmake --install /app/build/vel_saltis_ears
[0.264s] -- Install configuration: ""
[0.274s] -- Execute custom install script
[0.274s] -- Up-to-date symlink: /app/install/vel_saltis_ears/share/vel_saltis_ears//vel_saltis_ears.xml
[0.274s] -- Up-to-date symlink: /app/install/vel_saltis_ears/lib/libvel_saltis_ears.so
[0.274s] -- Up-to-date symlink: /app/install/vel_saltis_ears/share/ament_index/resource_index/package_run_dependencies/vel_saltis_ears
[0.275s] -- Up-to-date symlink: /app/install/vel_saltis_ears/share/ament_index/resource_index/parent_prefix_path/vel_saltis_ears
[0.275s] -- Up-to-date symlink: /app/install/vel_saltis_ears/share/vel_saltis_ears/environment/ament_prefix_path.sh
[0.275s] -- Up-to-date symlink: /app/install/vel_saltis_ears/share/vel_saltis_ears/environment/ament_prefix_path.dsv
[0.275s] -- Up-to-date symlink: /app/install/vel_saltis_ears/share/vel_saltis_ears/environment/path.sh
[0.275s] -- Up-to-date symlink: /app/install/vel_saltis_ears/share/vel_saltis_ears/environment/path.dsv
[0.275s] -- Up-to-date symlink: /app/install/vel_saltis_ears/share/vel_saltis_ears/local_setup.bash
[0.275s] -- Up-to-date symlink: /app/install/vel_saltis_ears/share/vel_saltis_ears/local_setup.sh
[0.275s] -- Up-to-date symlink: /app/install/vel_saltis_ears/share/vel_saltis_ears/local_setup.zsh
[0.275s] -- Up-to-date symlink: /app/install/vel_saltis_ears/share/vel_saltis_ears/local_setup.dsv
[0.275s] -- Symlinking: /app/install/vel_saltis_ears/share/vel_saltis_ears/package.dsv
[0.284s] -- Up-to-date symlink: /app/install/vel_saltis_ears/share/ament_index/resource_index/packages/vel_saltis_ears
[0.284s] -- Up-to-date symlink: /app/install/vel_saltis_ears/share/ament_index/resource_index/hardware_interface__pluginlib__plugin/vel_saltis_ears
[0.284s] -- Up-to-date symlink: /app/install/vel_saltis_ears/share/vel_saltis_ears/cmake/vel_saltis_earsConfig.cmake
[0.284s] -- Up-to-date symlink: /app/install/vel_saltis_ears/share/vel_saltis_ears/cmake/vel_saltis_earsConfig-version.cmake
[0.285s] -- Up-to-date symlink: /app/install/vel_saltis_ears/share/vel_saltis_ears/package.xml
[0.296s] Invoked command in '/app/build/vel_saltis_ears' returned '0': CMAKE_PREFIX_PATH=/app/install/kapibara_interfaces:/app/install/start_sequence:/app/install/kapibara_vel_saltis_bridge:/app/install/kapibara_twingo_bridge:/app/install/vel_saltis_services:/app/install/vel_saltis_ears:/app/install/vel_saltis_drive:/app/install/sample_package:/app/install/mqtt_bridge:/app/install/modus_board:/app/install/modus_board_interfaces:/app/install/microphone:/app/install/kapibara:/app/install/emotion_estimer:/opt/ros/humble LD_LIBRARY_PATH=/app/install/kapibara_interfaces/lib:/app/install/vel_saltis_services/lib:/app/install/vel_saltis_ears/lib:/app/install/vel_saltis_drive/lib:/app/install/modus_board_interfaces/lib:/opt/ros/humble/opt/rviz_ogre_vendor/lib:/opt/ros/humble/lib/x86_64-linux-gnu:/opt/ros/humble/lib /usr/bin/cmake --install /app/build/vel_saltis_ears
