[0.043s] Invoking command in '/app/build/emotion_estimer': AMENT_PREFIX_PATH=/app/install/kapibara_interfaces:${AMENT_PREFIX_PATH} CMAKE_PREFIX_PATH=/app/install/kapibara_interfaces:/opt/ros/humble LD_LIBRARY_PATH=/app/install/kapibara_interfaces/lib:${LD_LIBRARY_PATH} PYTHONPATH=/app/install/kapibara_interfaces/local/lib/python3.10/dist-packages:${PYTHONPATH} /usr/bin/cmake --build /app/build/emotion_estimer -- -j12 -l12
[0.139s] Built target ament_cmake_python_symlink_emotion_estimer
[0.435s] running egg_info
[0.435s] writing emotion_estimer.egg-info/PKG-INFO
[0.435s] writing dependency_links to emotion_estimer.egg-info/dependency_links.txt
[0.436s] writing top-level names to emotion_estimer.egg-info/top_level.txt
[0.437s] reading manifest file 'emotion_estimer.egg-info/SOURCES.txt'
[0.438s] writing manifest file 'emotion_estimer.egg-info/SOURCES.txt'
[0.466s] Built target ament_cmake_python_build_emotion_estimer_egg
[0.477s] Invoked command in '/app/build/emotion_estimer' returned '0': AMENT_PREFIX_PATH=/app/install/kapibara_interfaces:${AMENT_PREFIX_PATH} CMAKE_PREFIX_PATH=/app/install/kapibara_interfaces:/opt/ros/humble LD_LIBRARY_PATH=/app/install/kapibara_interfaces/lib:${LD_LIBRARY_PATH} PYTHONPATH=/app/install/kapibara_interfaces/local/lib/python3.10/dist-packages:${PYTHONPATH} /usr/bin/cmake --build /app/build/emotion_estimer -- -j12 -l12
[0.479s] Invoking command in '/app/build/emotion_estimer': AMENT_PREFIX_PATH=/app/install/kapibara_interfaces:${AMENT_PREFIX_PATH} CMAKE_PREFIX_PATH=/app/install/kapibara_interfaces:/opt/ros/humble LD_LIBRARY_PATH=/app/install/kapibara_interfaces/lib:${LD_LIBRARY_PATH} PYTHONPATH=/app/install/kapibara_interfaces/local/lib/python3.10/dist-packages:${PYTHONPATH} /usr/bin/cmake --install /app/build/emotion_estimer
[0.486s] -- Install configuration: ""
[0.487s] -- Execute custom install script
[0.487s] -- Up-to-date symlink: /app/install/emotion_estimer/share/emotion_estimer/environment/pythonpath.sh
[0.487s] -- Up-to-date symlink: /app/install/emotion_estimer/share/emotion_estimer/environment/pythonpath.dsv
[0.487s] -- Up-to-date symlink: /app/install/emotion_estimer/local/lib/python3.10/dist-packages/emotion_estimer-0.0.0-py3.10.egg-info/PKG-INFO
[0.487s] -- Up-to-date symlink: /app/install/emotion_estimer/local/lib/python3.10/dist-packages/emotion_estimer-0.0.0-py3.10.egg-info/SOURCES.txt
[0.487s] -- Up-to-date symlink: /app/install/emotion_estimer/local/lib/python3.10/dist-packages/emotion_estimer-0.0.0-py3.10.egg-info/dependency_links.txt
[0.487s] -- Up-to-date symlink: /app/install/emotion_estimer/local/lib/python3.10/dist-packages/emotion_estimer-0.0.0-py3.10.egg-info/top_level.txt
[0.487s] -- Up-to-date symlink: /app/install/emotion_estimer/local/lib/python3.10/dist-packages/emotion_estimer/DeepIDTFLite.py
[0.487s] -- Up-to-date symlink: /app/install/emotion_estimer/local/lib/python3.10/dist-packages/emotion_estimer/TFLiteFaceDetector.py
[0.487s] -- Up-to-date symlink: /app/install/emotion_estimer/local/lib/python3.10/dist-packages/emotion_estimer/__init__.py
[0.487s] -- Up-to-date symlink: /app/install/emotion_estimer/local/lib/python3.10/dist-packages/emotion_estimer/face_data.py
[0.487s] -- Up-to-date symlink: /app/install/emotion_estimer/local/lib/python3.10/dist-packages/emotion_estimer/kapibara_audio.py
[0.487s] -- Up-to-date symlink: /app/install/emotion_estimer/local/lib/python3.10/dist-packages/emotion_estimer/midas.py
[0.490s] -- Up-to-date symlink: /app/install/emotion_estimer/local/lib/python3.10/dist-packages/emotion_estimer/yunet.py
[0.490s] -- Up-to-date symlink: /app/install/emotion_estimer/share/emotion_estimer/model/Midas-V2-Quantized.tflite
[0.490s] -- Up-to-date symlink: /app/install/emotion_estimer/share/emotion_estimer/model/Midas-V2-Quantized_edgetpu.log
[0.490s] -- Up-to-date symlink: /app/install/emotion_estimer/share/emotion_estimer/model/Midas-V2-Quantized_edgetpu.tflite
[0.490s] -- Up-to-date symlink: /app/install/emotion_estimer/share/emotion_estimer/model/deepid.tflite
[0.490s] -- Up-to-date symlink: /app/install/emotion_estimer/share/emotion_estimer/model/deepid_edgetpu.log
[0.490s] -- Up-to-date symlink: /app/install/emotion_estimer/share/emotion_estimer/model/deepid_edgetpu.tflite
[0.490s] -- Up-to-date symlink: /app/install/emotion_estimer/share/emotion_estimer/model/face_detection_yunet_2023mar_int8.tflite
[0.490s] -- Up-to-date symlink: /app/install/emotion_estimer/share/emotion_estimer/model/face_detection_yunet_2023mar_int8_edgetpu.log
[0.490s] -- Up-to-date symlink: /app/install/emotion_estimer/share/emotion_estimer/model/model.tflite
[0.491s] -- Up-to-date symlink: /app/install/emotion_estimer/share/emotion_estimer/model/model_edgetpu.log
[0.491s] -- Up-to-date symlink: /app/install/emotion_estimer/share/emotion_estimer/model/model_edgetpu.tflite
[0.491s] -- Up-to-date symlink: /app/install/emotion_estimer/share/emotion_estimer/model/slim.tflite
[0.491s] -- Up-to-date symlink: /app/install/emotion_estimer/share/emotion_estimer/model/slim_edgetpu.log
[0.491s] -- Up-to-date symlink: /app/install/emotion_estimer/share/emotion_estimer/model/slim_edgetpu.tflite
[0.491s] -- Up-to-date symlink: /app/install/emotion_estimer/share/emotion_estimer/model/yunet_full_integer_quant_edgetpu.log
[0.491s] -- Up-to-date symlink: /app/install/emotion_estimer/share/emotion_estimer/model/yunet_integer_quant.tflite
[0.491s] -- Up-to-date symlink: /app/install/emotion_estimer/share/emotion_estimer/model/yunet_integer_quant_edgetpu.log
[0.491s] -- Up-to-date symlink: /app/install/emotion_estimer/share/emotion_estimer/model/yunet_integer_quant_edgetpu.tflite
[0.491s] -- Up-to-date symlink: /app/install/emotion_estimer/lib/emotion_estimer/estimator.py
[0.491s] -- Symlinking: /app/install/emotion_estimer/lib/emotion_estimer/.venv
[0.499s] -- Up-to-date symlink: /app/install/emotion_estimer/share/ament_index/resource_index/package_run_dependencies/emotion_estimer
[0.500s] -- Up-to-date symlink: /app/install/emotion_estimer/share/ament_index/resource_index/parent_prefix_path/emotion_estimer
[0.500s] -- Up-to-date symlink: /app/install/emotion_estimer/share/emotion_estimer/environment/ament_prefix_path.sh
[0.500s] -- Up-to-date symlink: /app/install/emotion_estimer/share/emotion_estimer/environment/ament_prefix_path.dsv
[0.500s] -- Up-to-date symlink: /app/install/emotion_estimer/share/emotion_estimer/environment/path.sh
[0.501s] -- Up-to-date symlink: /app/install/emotion_estimer/share/emotion_estimer/environment/path.dsv
[0.501s] -- Up-to-date symlink: /app/install/emotion_estimer/share/emotion_estimer/local_setup.bash
[0.501s] -- Up-to-date symlink: /app/install/emotion_estimer/share/emotion_estimer/local_setup.sh
[0.501s] -- Up-to-date symlink: /app/install/emotion_estimer/share/emotion_estimer/local_setup.zsh
[0.502s] -- Up-to-date symlink: /app/install/emotion_estimer/share/emotion_estimer/local_setup.dsv
[0.502s] -- Symlinking: /app/install/emotion_estimer/share/emotion_estimer/package.dsv
[0.512s] -- Up-to-date symlink: /app/install/emotion_estimer/share/ament_index/resource_index/packages/emotion_estimer
[0.512s] -- Up-to-date symlink: /app/install/emotion_estimer/share/emotion_estimer/cmake/emotion_estimerConfig.cmake
[0.512s] -- Up-to-date symlink: /app/install/emotion_estimer/share/emotion_estimer/cmake/emotion_estimerConfig-version.cmake
[0.513s] -- Up-to-date symlink: /app/install/emotion_estimer/share/emotion_estimer/package.xml
[0.550s] Listing '/app/install/emotion_estimer/local/lib/python3.10/dist-packages/emotion_estimer'...
[0.559s] Invoked command in '/app/build/emotion_estimer' returned '0': AMENT_PREFIX_PATH=/app/install/kapibara_interfaces:${AMENT_PREFIX_PATH} CMAKE_PREFIX_PATH=/app/install/kapibara_interfaces:/opt/ros/humble LD_LIBRARY_PATH=/app/install/kapibara_interfaces/lib:${LD_LIBRARY_PATH} PYTHONPATH=/app/install/kapibara_interfaces/local/lib/python3.10/dist-packages:${PYTHONPATH} /usr/bin/cmake --install /app/build/emotion_estimer
