[0.038s] Invoking command in '/app/build/kapibara_twingo_bridge': CMAKE_PREFIX_PATH=/app/install/vel_saltis_services:/app/install/kapibara_interfaces:/app/install/start_sequence:/app/install/kapibara_vel_saltis_bridge:/app/install/kapibara_twingo_bridge:/app/install/vel_saltis_ears:/app/install/vel_saltis_drive:/app/install/sample_package:/app/install/mqtt_bridge:/app/install/modus_board:/app/install/modus_board_interfaces:/app/install/microphone:/app/install/kapibara:/app/install/emotion_estimer:/opt/ros/humble LD_LIBRARY_PATH=/app/install/vel_saltis_services/lib:/app/install/kapibara_interfaces/lib:/app/install/vel_saltis_ears/lib:/app/install/vel_saltis_drive/lib:/app/install/modus_board_interfaces/lib:/opt/ros/humble/opt/rviz_ogre_vendor/lib:/opt/ros/humble/lib/x86_64-linux-gnu:/opt/ros/humble/lib /usr/bin/cmake --build /app/build/kapibara_twingo_bridge -- -j12 -l12
[0.140s] [100%] Built target bridge
[0.152s] Invoked command in '/app/build/kapibara_twingo_bridge' returned '0': CMAKE_PREFIX_PATH=/app/install/vel_saltis_services:/app/install/kapibara_interfaces:/app/install/start_sequence:/app/install/kapibara_vel_saltis_bridge:/app/install/kapibara_twingo_bridge:/app/install/vel_saltis_ears:/app/install/vel_saltis_drive:/app/install/sample_package:/app/install/mqtt_bridge:/app/install/modus_board:/app/install/modus_board_interfaces:/app/install/microphone:/app/install/kapibara:/app/install/emotion_estimer:/opt/ros/humble LD_LIBRARY_PATH=/app/install/vel_saltis_services/lib:/app/install/kapibara_interfaces/lib:/app/install/vel_saltis_ears/lib:/app/install/vel_saltis_drive/lib:/app/install/modus_board_interfaces/lib:/opt/ros/humble/opt/rviz_ogre_vendor/lib:/opt/ros/humble/lib/x86_64-linux-gnu:/opt/ros/humble/lib /usr/bin/cmake --build /app/build/kapibara_twingo_bridge -- -j12 -l12
[0.153s] Invoking command in '/app/build/kapibara_twingo_bridge': CMAKE_PREFIX_PATH=/app/install/vel_saltis_services:/app/install/kapibara_interfaces:/app/install/start_sequence:/app/install/kapibara_vel_saltis_bridge:/app/install/kapibara_twingo_bridge:/app/install/vel_saltis_ears:/app/install/vel_saltis_drive:/app/install/sample_package:/app/install/mqtt_bridge:/app/install/modus_board:/app/install/modus_board_interfaces:/app/install/microphone:/app/install/kapibara:/app/install/emotion_estimer:/opt/ros/humble LD_LIBRARY_PATH=/app/install/vel_saltis_services/lib:/app/install/kapibara_interfaces/lib:/app/install/vel_saltis_ears/lib:/app/install/vel_saltis_drive/lib:/app/install/modus_board_interfaces/lib:/opt/ros/humble/opt/rviz_ogre_vendor/lib:/opt/ros/humble/lib/x86_64-linux-gnu:/opt/ros/humble/lib /usr/bin/cmake --install /app/build/kapibara_twingo_bridge
[0.162s] -- Install configuration: ""
[0.162s] -- Execute custom install script
[0.162s] -- Up-to-date symlink: /app/install/kapibara_twingo_bridge/lib/kapibara_twingo_bridge/bridge
[0.163s] -- Up-to-date symlink: /app/install/kapibara_twingo_bridge/share/ament_index/resource_index/package_run_dependencies/kapibara_twingo_bridge
[0.163s] -- Up-to-date symlink: /app/install/kapibara_twingo_bridge/share/ament_index/resource_index/parent_prefix_path/kapibara_twingo_bridge
[0.163s] -- Up-to-date symlink: /app/install/kapibara_twingo_bridge/share/kapibara_twingo_bridge/environment/ament_prefix_path.sh
[0.163s] -- Up-to-date symlink: /app/install/kapibara_twingo_bridge/share/kapibara_twingo_bridge/environment/ament_prefix_path.dsv
[0.163s] -- Up-to-date symlink: /app/install/kapibara_twingo_bridge/share/kapibara_twingo_bridge/environment/path.sh
[0.164s] -- Up-to-date symlink: /app/install/kapibara_twingo_bridge/share/kapibara_twingo_bridge/environment/path.dsv
[0.165s] -- Up-to-date symlink: /app/install/kapibara_twingo_bridge/share/kapibara_twingo_bridge/local_setup.bash
[0.165s] -- Up-to-date symlink: /app/install/kapibara_twingo_bridge/share/kapibara_twingo_bridge/local_setup.sh
[0.165s] -- Up-to-date symlink: /app/install/kapibara_twingo_bridge/share/kapibara_twingo_bridge/local_setup.zsh
[0.165s] -- Up-to-date symlink: /app/install/kapibara_twingo_bridge/share/kapibara_twingo_bridge/local_setup.dsv
[0.166s] -- Symlinking: /app/install/kapibara_twingo_bridge/share/kapibara_twingo_bridge/package.dsv
[0.176s] -- Up-to-date symlink: /app/install/kapibara_twingo_bridge/share/ament_index/resource_index/packages/kapibara_twingo_bridge
[0.176s] -- Up-to-date symlink: /app/install/kapibara_twingo_bridge/share/kapibara_twingo_bridge/cmake/kapibara_twingo_bridgeConfig.cmake
[0.176s] -- Up-to-date symlink: /app/install/kapibara_twingo_bridge/share/kapibara_twingo_bridge/cmake/kapibara_twingo_bridgeConfig-version.cmake
[0.176s] -- Up-to-date symlink: /app/install/kapibara_twingo_bridge/share/kapibara_twingo_bridge/package.xml
[0.182s] Invoked command in '/app/build/kapibara_twingo_bridge' returned '0': CMAKE_PREFIX_PATH=/app/install/vel_saltis_services:/app/install/kapibara_interfaces:/app/install/start_sequence:/app/install/kapibara_vel_saltis_bridge:/app/install/kapibara_twingo_bridge:/app/install/vel_saltis_ears:/app/install/vel_saltis_drive:/app/install/sample_package:/app/install/mqtt_bridge:/app/install/modus_board:/app/install/modus_board_interfaces:/app/install/microphone:/app/install/kapibara:/app/install/emotion_estimer:/opt/ros/humble LD_LIBRARY_PATH=/app/install/vel_saltis_services/lib:/app/install/kapibara_interfaces/lib:/app/install/vel_saltis_ears/lib:/app/install/vel_saltis_drive/lib:/app/install/modus_board_interfaces/lib:/opt/ros/humble/opt/rviz_ogre_vendor/lib:/opt/ros/humble/lib/x86_64-linux-gnu:/opt/ros/humble/lib /usr/bin/cmake --install /app/build/kapibara_twingo_bridge
