[0.047s] Invoking command in '/app/build/mqtt_bridge': AMENT_PREFIX_PATH=/app/install/kapibara_interfaces:${AMENT_PREFIX_PATH} CMAKE_PREFIX_PATH=/app/install/kapibara_interfaces:/opt/ros/humble LD_LIBRARY_PATH=/app/install/kapibara_interfaces/lib:${LD_LIBRARY_PATH} PYTHONPATH=/app/install/kapibara_interfaces/local/lib/python3.10/dist-packages:${PYTHONPATH} /usr/bin/cmake --build /app/build/mqtt_bridge -- -j12 -l12
[0.149s] [100%] Built target mqtt_bridge
[0.184s] Invoked command in '/app/build/mqtt_bridge' returned '0': AMENT_PREFIX_PATH=/app/install/kapibara_interfaces:${AMENT_PREFIX_PATH} CMAKE_PREFIX_PATH=/app/install/kapibara_interfaces:/opt/ros/humble LD_LIBRARY_PATH=/app/install/kapibara_interfaces/lib:${LD_LIBRARY_PATH} PYTHONPATH=/app/install/kapibara_interfaces/local/lib/python3.10/dist-packages:${PYTHONPATH} /usr/bin/cmake --build /app/build/mqtt_bridge -- -j12 -l12
[0.186s] Invoking command in '/app/build/mqtt_bridge': AMENT_PREFIX_PATH=/app/install/kapibara_interfaces:${AMENT_PREFIX_PATH} CMAKE_PREFIX_PATH=/app/install/kapibara_interfaces:/opt/ros/humble LD_LIBRARY_PATH=/app/install/kapibara_interfaces/lib:${LD_LIBRARY_PATH} PYTHONPATH=/app/install/kapibara_interfaces/local/lib/python3.10/dist-packages:${PYTHONPATH} /usr/bin/cmake --install /app/build/mqtt_bridge
[0.201s] -- Install configuration: ""
[0.201s] -- Execute custom install script
[0.201s] -- Up-to-date symlink: /app/install/mqtt_bridge/lib/mqtt_bridge/mqtt_bridge
[0.201s] -- Up-to-date symlink: /app/install/mqtt_bridge/share/ament_index/resource_index/package_run_dependencies/mqtt_bridge
[0.201s] -- Up-to-date symlink: /app/install/mqtt_bridge/share/ament_index/resource_index/parent_prefix_path/mqtt_bridge
[0.202s] -- Up-to-date symlink: /app/install/mqtt_bridge/share/mqtt_bridge/environment/ament_prefix_path.sh
[0.202s] -- Up-to-date symlink: /app/install/mqtt_bridge/share/mqtt_bridge/environment/ament_prefix_path.dsv
[0.202s] -- Up-to-date symlink: /app/install/mqtt_bridge/share/mqtt_bridge/environment/path.sh
[0.202s] -- Up-to-date symlink: /app/install/mqtt_bridge/share/mqtt_bridge/environment/path.dsv
[0.202s] -- Up-to-date symlink: /app/install/mqtt_bridge/share/mqtt_bridge/local_setup.bash
[0.202s] -- Up-to-date symlink: /app/install/mqtt_bridge/share/mqtt_bridge/local_setup.sh
[0.202s] -- Up-to-date symlink: /app/install/mqtt_bridge/share/mqtt_bridge/local_setup.zsh
[0.202s] -- Up-to-date symlink: /app/install/mqtt_bridge/share/mqtt_bridge/local_setup.dsv
[0.202s] -- Symlinking: /app/install/mqtt_bridge/share/mqtt_bridge/package.dsv
[0.212s] -- Up-to-date symlink: /app/install/mqtt_bridge/share/ament_index/resource_index/packages/mqtt_bridge
[0.212s] -- Up-to-date symlink: /app/install/mqtt_bridge/share/mqtt_bridge/cmake/mqtt_bridgeConfig.cmake
[0.212s] -- Up-to-date symlink: /app/install/mqtt_bridge/share/mqtt_bridge/cmake/mqtt_bridgeConfig-version.cmake
[0.212s] -- Up-to-date symlink: /app/install/mqtt_bridge/share/mqtt_bridge/package.xml
[0.214s] Invoked command in '/app/build/mqtt_bridge' returned '0': AMENT_PREFIX_PATH=/app/install/kapibara_interfaces:${AMENT_PREFIX_PATH} CMAKE_PREFIX_PATH=/app/install/kapibara_interfaces:/opt/ros/humble LD_LIBRARY_PATH=/app/install/kapibara_interfaces/lib:${LD_LIBRARY_PATH} PYTHONPATH=/app/install/kapibara_interfaces/local/lib/python3.10/dist-packages:${PYTHONPATH} /usr/bin/cmake --install /app/build/mqtt_bridge
