[35m[1mConsolidate compiler generated dependencies of target mqtt_bridge[0m
[100%] Built target mqtt_bridge
-- Install configuration: ""
-- Execute custom install script
-- Up-to-date symlink: /app/install/mqtt_bridge/lib/mqtt_bridge/mqtt_bridge
-- Up-to-date symlink: /app/install/mqtt_bridge/share/ament_index/resource_index/package_run_dependencies/mqtt_bridge
-- Up-to-date symlink: /app/install/mqtt_bridge/share/ament_index/resource_index/parent_prefix_path/mqtt_bridge
-- Up-to-date symlink: /app/install/mqtt_bridge/share/mqtt_bridge/environment/ament_prefix_path.sh
-- Up-to-date symlink: /app/install/mqtt_bridge/share/mqtt_bridge/environment/ament_prefix_path.dsv
-- Up-to-date symlink: /app/install/mqtt_bridge/share/mqtt_bridge/environment/path.sh
-- Up-to-date symlink: /app/install/mqtt_bridge/share/mqtt_bridge/environment/path.dsv
-- Up-to-date symlink: /app/install/mqtt_bridge/share/mqtt_bridge/local_setup.bash
-- Up-to-date symlink: /app/install/mqtt_bridge/share/mqtt_bridge/local_setup.sh
-- Up-to-date symlink: /app/install/mqtt_bridge/share/mqtt_bridge/local_setup.zsh
-- Up-to-date symlink: /app/install/mqtt_bridge/share/mqtt_bridge/local_setup.dsv
-- Symlinking: /app/install/mqtt_bridge/share/mqtt_bridge/package.dsv
-- Up-to-date symlink: /app/install/mqtt_bridge/share/ament_index/resource_index/packages/mqtt_bridge
-- Up-to-date symlink: /app/install/mqtt_bridge/share/mqtt_bridge/cmake/mqtt_bridgeConfig.cmake
-- Up-to-date symlink: /app/install/mqtt_bridge/share/mqtt_bridge/cmake/mqtt_bridgeConfig-version.cmake
-- Up-to-date symlink: /app/install/mqtt_bridge/share/mqtt_bridge/package.xml
