[0.017s] Invoking command in '/app/build/start_sequence': AMENT_PREFIX_PATH=/app/install/vel_saltis_services:/app/install/modus_board_interfaces:/app/install/kapibara_interfaces:${AMENT_PREFIX_PATH} CMAKE_PREFIX_PATH=/app/install/vel_saltis_services:/app/install/modus_board_interfaces:/app/install/kapibara_interfaces:/opt/ros/humble LD_LIBRARY_PATH=/app/install/vel_saltis_services/lib:/app/install/modus_board_interfaces/lib:/app/install/kapibara_interfaces/lib:${LD_LIBRARY_PATH} PYTHONPATH=/app/install/vel_saltis_services/local/lib/python3.10/dist-packages:/app/install/modus_board_interfaces/local/lib/python3.10/dist-packages:/app/install/kapibara_interfaces/local/lib/python3.10/dist-packages:${PYTHONPATH} /usr/bin/cmake --build /app/build/start_sequence -- -j12 -l12
[0.055s] Invoked command in '/app/build/start_sequence' returned '0': AMENT_PREFIX_PATH=/app/install/vel_saltis_services:/app/install/modus_board_interfaces:/app/install/kapibara_interfaces:${AMENT_PREFIX_PATH} CMAKE_PREFIX_PATH=/app/install/vel_saltis_services:/app/install/modus_board_interfaces:/app/install/kapibara_interfaces:/opt/ros/humble LD_LIBRARY_PATH=/app/install/vel_saltis_services/lib:/app/install/modus_board_interfaces/lib:/app/install/kapibara_interfaces/lib:${LD_LIBRARY_PATH} PYTHONPATH=/app/install/vel_saltis_services/local/lib/python3.10/dist-packages:/app/install/modus_board_interfaces/local/lib/python3.10/dist-packages:/app/install/kapibara_interfaces/local/lib/python3.10/dist-packages:${PYTHONPATH} /usr/bin/cmake --build /app/build/start_sequence -- -j12 -l12
[0.057s] Invoking command in '/app/build/start_sequence': AMENT_PREFIX_PATH=/app/install/vel_saltis_services:/app/install/modus_board_interfaces:/app/install/kapibara_interfaces:${AMENT_PREFIX_PATH} CMAKE_PREFIX_PATH=/app/install/vel_saltis_services:/app/install/modus_board_interfaces:/app/install/kapibara_interfaces:/opt/ros/humble LD_LIBRARY_PATH=/app/install/vel_saltis_services/lib:/app/install/modus_board_interfaces/lib:/app/install/kapibara_interfaces/lib:${LD_LIBRARY_PATH} PYTHONPATH=/app/install/vel_saltis_services/local/lib/python3.10/dist-packages:/app/install/modus_board_interfaces/local/lib/python3.10/dist-packages:/app/install/kapibara_interfaces/local/lib/python3.10/dist-packages:${PYTHONPATH} /usr/bin/cmake --install /app/build/start_sequence
[0.064s] -- Install configuration: ""
[0.064s] -- Execute custom install script
[0.065s] -- Up-to-date symlink: /app/install/start_sequence/lib/start_sequence/start.py
[0.065s] -- Up-to-date symlink: /app/install/start_sequence/share/ament_index/resource_index/package_run_dependencies/start_sequence
[0.065s] -- Up-to-date symlink: /app/install/start_sequence/share/ament_index/resource_index/parent_prefix_path/start_sequence
[0.065s] -- Up-to-date symlink: /app/install/start_sequence/share/start_sequence/environment/ament_prefix_path.sh
[0.065s] -- Up-to-date symlink: /app/install/start_sequence/share/start_sequence/environment/ament_prefix_path.dsv
[0.065s] -- Up-to-date symlink: /app/install/start_sequence/share/start_sequence/environment/path.sh
[0.065s] -- Up-to-date symlink: /app/install/start_sequence/share/start_sequence/environment/path.dsv
[0.066s] -- Up-to-date symlink: /app/install/start_sequence/share/start_sequence/local_setup.bash
[0.066s] -- Up-to-date symlink: /app/install/start_sequence/share/start_sequence/local_setup.sh
[0.066s] -- Up-to-date symlink: /app/install/start_sequence/share/start_sequence/local_setup.zsh
[0.066s] -- Up-to-date symlink: /app/install/start_sequence/share/start_sequence/local_setup.dsv
[0.066s] -- Symlinking: /app/install/start_sequence/share/start_sequence/package.dsv
[0.075s] -- Up-to-date symlink: /app/install/start_sequence/share/ament_index/resource_index/packages/start_sequence
[0.075s] -- Up-to-date symlink: /app/install/start_sequence/share/start_sequence/cmake/start_sequenceConfig.cmake
[0.075s] -- Up-to-date symlink: /app/install/start_sequence/share/start_sequence/cmake/start_sequenceConfig-version.cmake
[0.075s] -- Up-to-date symlink: /app/install/start_sequence/share/start_sequence/package.xml
[0.083s] Invoked command in '/app/build/start_sequence' returned '0': AMENT_PREFIX_PATH=/app/install/vel_saltis_services:/app/install/modus_board_interfaces:/app/install/kapibara_interfaces:${AMENT_PREFIX_PATH} CMAKE_PREFIX_PATH=/app/install/vel_saltis_services:/app/install/modus_board_interfaces:/app/install/kapibara_interfaces:/opt/ros/humble LD_LIBRARY_PATH=/app/install/vel_saltis_services/lib:/app/install/modus_board_interfaces/lib:/app/install/kapibara_interfaces/lib:${LD_LIBRARY_PATH} PYTHONPATH=/app/install/vel_saltis_services/local/lib/python3.10/dist-packages:/app/install/modus_board_interfaces/local/lib/python3.10/dist-packages:/app/install/kapibara_interfaces/local/lib/python3.10/dist-packages:${PYTHONPATH} /usr/bin/cmake --install /app/build/start_sequence
