[  1%] Built target vel_saltis_services__rs
[  1%] Built target vel_saltis_services__cpp
[ 13%] Built target vel_saltis_services__rosidl_generator_c
[ 13%] Built target ament_cmake_python_symlink_vel_saltis_services
[ 25%] Built target vel_saltis_services__rosidl_typesupport_fastrtps_cpp
[ 37%] Built target vel_saltis_services__rosidl_typesupport_introspection_cpp
[ 49%] Built target vel_saltis_services__rosidl_typesupport_c
[ 61%] Built target vel_saltis_services__rosidl_typesupport_cpp
[ 73%] Built target vel_saltis_services__rosidl_typesupport_fastrtps_c
[ 85%] Built target vel_saltis_services__rosidl_typesupport_introspection_c
[ 85%] Built target vel_saltis_services
[ 86%] Built target vel_saltis_services__py
[ 97%] Built target vel_saltis_services__rosidl_generator_py
[ 98%] Built target vel_saltis_services__rosidl_typesupport_fastrtps_c__pyext
[ 99%] Built target vel_saltis_services__rosidl_typesupport_introspection_c__pyext
[100%] Built target vel_saltis_services__rosidl_typesupport_c__pyext
running egg_info
writing vel_saltis_services.egg-info/PKG-INFO
writing dependency_links to vel_saltis_services.egg-info/dependency_links.txt
writing top-level names to vel_saltis_services.egg-info/top_level.txt
reading manifest file 'vel_saltis_services.egg-info/SOURCES.txt'
writing manifest file 'vel_saltis_services.egg-info/SOURCES.txt'
[100%] Built target ament_cmake_python_build_vel_saltis_services_egg
-- Install configuration: ""
-- Execute custom install script
-- Up-to-date symlink: /app/install/vel_saltis_services/share/ament_index/resource_index/rosidl_interfaces/vel_saltis_services
-- Up-to-date symlink: /app/install/vel_saltis_services/include/vel_saltis_services/vel_saltis_services/msg/detail/fusion_cfg__functions.h
-- Up-to-date symlink: /app/install/vel_saltis_services/include/vel_saltis_services/vel_saltis_services/msg/detail/fusion_cfg__struct.h
-- Up-to-date symlink: /app/install/vel_saltis_services/include/vel_saltis_services/vel_saltis_services/msg/detail/fusion_cfg__type_support.h
-- Up-to-date symlink: /app/install/vel_saltis_services/include/vel_saltis_services/vel_saltis_services/msg/detail/imu_cfg__functions.h
-- Up-to-date symlink: /app/install/vel_saltis_services/include/vel_saltis_services/vel_saltis_services/msg/detail/imu_cfg__struct.h
-- Up-to-date symlink: /app/install/vel_saltis_services/include/vel_saltis_services/vel_saltis_services/msg/detail/imu_cfg__type_support.h
-- Up-to-date symlink: /app/install/vel_saltis_services/include/vel_saltis_services/vel_saltis_services/msg/detail/motor_cfg__functions.h
-- Up-to-date symlink: /app/install/vel_saltis_services/include/vel_saltis_services/vel_saltis_services/msg/detail/motor_cfg__struct.h
-- Up-to-date symlink: /app/install/vel_saltis_services/include/vel_saltis_services/vel_saltis_services/msg/detail/motor_cfg__type_support.h
-- Up-to-date symlink: /app/install/vel_saltis_services/include/vel_saltis_services/vel_saltis_services/msg/detail/pidcfg__functions.h
-- Up-to-date symlink: /app/install/vel_saltis_services/include/vel_saltis_services/vel_saltis_services/msg/detail/pidcfg__struct.h
-- Up-to-date symlink: /app/install/vel_saltis_services/include/vel_saltis_services/vel_saltis_services/msg/detail/pidcfg__type_support.h
-- Up-to-date symlink: /app/install/vel_saltis_services/include/vel_saltis_services/vel_saltis_services/msg/detail/servo_cfg__functions.h
-- Up-to-date symlink: /app/install/vel_saltis_services/include/vel_saltis_services/vel_saltis_services/msg/detail/servo_cfg__struct.h
-- Up-to-date symlink: /app/install/vel_saltis_services/include/vel_saltis_services/vel_saltis_services/msg/detail/servo_cfg__type_support.h
-- Up-to-date symlink: /app/install/vel_saltis_services/include/vel_saltis_services/vel_saltis_services/msg/fusion_cfg.h
-- Up-to-date symlink: /app/install/vel_saltis_services/include/vel_saltis_services/vel_saltis_services/msg/imu_cfg.h
-- Up-to-date symlink: /app/install/vel_saltis_services/include/vel_saltis_services/vel_saltis_services/msg/motor_cfg.h
-- Up-to-date symlink: /app/install/vel_saltis_services/include/vel_saltis_services/vel_saltis_services/msg/pidcfg.h
-- Up-to-date symlink: /app/install/vel_saltis_services/include/vel_saltis_services/vel_saltis_services/msg/rosidl_generator_c__visibility_control.h
-- Up-to-date symlink: /app/install/vel_saltis_services/include/vel_saltis_services/vel_saltis_services/msg/servo_cfg.h
-- Up-to-date symlink: /app/install/vel_saltis_services/include/vel_saltis_services/vel_saltis_services/srv/detail/get_fusion_cfg__functions.h
-- Up-to-date symlink: /app/install/vel_saltis_services/include/vel_saltis_services/vel_saltis_services/srv/detail/get_fusion_cfg__struct.h
-- Up-to-date symlink: /app/install/vel_saltis_services/include/vel_saltis_services/vel_saltis_services/srv/detail/get_fusion_cfg__type_support.h
-- Up-to-date symlink: /app/install/vel_saltis_services/include/vel_saltis_services/vel_saltis_services/srv/detail/get_imu_cfg__functions.h
-- Up-to-date symlink: /app/install/vel_saltis_services/include/vel_saltis_services/vel_saltis_services/srv/detail/get_imu_cfg__struct.h
-- Up-to-date symlink: /app/install/vel_saltis_services/include/vel_saltis_services/vel_saltis_services/srv/detail/get_imu_cfg__type_support.h
-- Up-to-date symlink: /app/install/vel_saltis_services/include/vel_saltis_services/vel_saltis_services/srv/detail/get_motor_cfg__functions.h
-- Up-to-date symlink: /app/install/vel_saltis_services/include/vel_saltis_services/vel_saltis_services/srv/detail/get_motor_cfg__struct.h
-- Up-to-date symlink: /app/install/vel_saltis_services/include/vel_saltis_services/vel_saltis_services/srv/detail/get_motor_cfg__type_support.h
-- Up-to-date symlink: /app/install/vel_saltis_services/include/vel_saltis_services/vel_saltis_services/srv/detail/get_pidcfg__functions.h
-- Up-to-date symlink: /app/install/vel_saltis_services/include/vel_saltis_services/vel_saltis_services/srv/detail/get_pidcfg__struct.h
-- Up-to-date symlink: /app/install/vel_saltis_services/include/vel_saltis_services/vel_saltis_services/srv/detail/get_pidcfg__type_support.h
-- Up-to-date symlink: /app/install/vel_saltis_services/include/vel_saltis_services/vel_saltis_services/srv/detail/get_servo_cfg__functions.h
-- Up-to-date symlink: /app/install/vel_saltis_services/include/vel_saltis_services/vel_saltis_services/srv/detail/get_servo_cfg__struct.h
-- Up-to-date symlink: /app/install/vel_saltis_services/include/vel_saltis_services/vel_saltis_services/srv/detail/get_servo_cfg__type_support.h
-- Up-to-date symlink: /app/install/vel_saltis_services/include/vel_saltis_services/vel_saltis_services/srv/detail/set_fusion_cfg__functions.h
-- Up-to-date symlink: /app/install/vel_saltis_services/include/vel_saltis_services/vel_saltis_services/srv/detail/set_fusion_cfg__struct.h
-- Up-to-date symlink: /app/install/vel_saltis_services/include/vel_saltis_services/vel_saltis_services/srv/detail/set_fusion_cfg__type_support.h
-- Up-to-date symlink: /app/install/vel_saltis_services/include/vel_saltis_services/vel_saltis_services/srv/detail/set_imu_cfg__functions.h
-- Up-to-date symlink: /app/install/vel_saltis_services/include/vel_saltis_services/vel_saltis_services/srv/detail/set_imu_cfg__struct.h
-- Up-to-date symlink: /app/install/vel_saltis_services/include/vel_saltis_services/vel_saltis_services/srv/detail/set_imu_cfg__type_support.h
-- Up-to-date symlink: /app/install/vel_saltis_services/include/vel_saltis_services/vel_saltis_services/srv/detail/set_motor_cfg__functions.h
-- Up-to-date symlink: /app/install/vel_saltis_services/include/vel_saltis_services/vel_saltis_services/srv/detail/set_motor_cfg__struct.h
-- Up-to-date symlink: /app/install/vel_saltis_services/include/vel_saltis_services/vel_saltis_services/srv/detail/set_motor_cfg__type_support.h
-- Up-to-date symlink: /app/install/vel_saltis_services/include/vel_saltis_services/vel_saltis_services/srv/detail/set_pidcfg__functions.h
-- Up-to-date symlink: /app/install/vel_saltis_services/include/vel_saltis_services/vel_saltis_services/srv/detail/set_pidcfg__struct.h
-- Up-to-date symlink: /app/install/vel_saltis_services/include/vel_saltis_services/vel_saltis_services/srv/detail/set_pidcfg__type_support.h
-- Up-to-date symlink: /app/install/vel_saltis_services/include/vel_saltis_services/vel_saltis_services/srv/detail/set_servo_cfg__functions.h
-- Up-to-date symlink: /app/install/vel_saltis_services/include/vel_saltis_services/vel_saltis_services/srv/detail/set_servo_cfg__struct.h
-- Up-to-date symlink: /app/install/vel_saltis_services/include/vel_saltis_services/vel_saltis_services/srv/detail/set_servo_cfg__type_support.h
-- Up-to-date symlink: /app/install/vel_saltis_services/include/vel_saltis_services/vel_saltis_services/srv/get_fusion_cfg.h
-- Up-to-date symlink: /app/install/vel_saltis_services/include/vel_saltis_services/vel_saltis_services/srv/get_imu_cfg.h
-- Up-to-date symlink: /app/install/vel_saltis_services/include/vel_saltis_services/vel_saltis_services/srv/get_motor_cfg.h
-- Up-to-date symlink: /app/install/vel_saltis_services/include/vel_saltis_services/vel_saltis_services/srv/get_pidcfg.h
-- Up-to-date symlink: /app/install/vel_saltis_services/include/vel_saltis_services/vel_saltis_services/srv/get_servo_cfg.h
-- Up-to-date symlink: /app/install/vel_saltis_services/include/vel_saltis_services/vel_saltis_services/srv/set_fusion_cfg.h
-- Up-to-date symlink: /app/install/vel_saltis_services/include/vel_saltis_services/vel_saltis_services/srv/set_imu_cfg.h
-- Up-to-date symlink: /app/install/vel_saltis_services/include/vel_saltis_services/vel_saltis_services/srv/set_motor_cfg.h
-- Up-to-date symlink: /app/install/vel_saltis_services/include/vel_saltis_services/vel_saltis_services/srv/set_pidcfg.h
-- Up-to-date symlink: /app/install/vel_saltis_services/include/vel_saltis_services/vel_saltis_services/srv/set_servo_cfg.h
-- Up-to-date symlink: /app/install/vel_saltis_services/share/vel_saltis_services/environment/library_path.sh
-- Up-to-date symlink: /app/install/vel_saltis_services/share/vel_saltis_services/environment/library_path.dsv
-- Up-to-date symlink: /app/install/vel_saltis_services/include/vel_saltis_services/vel_saltis_services/msg/detail/fusion_cfg__rosidl_typesupport_fastrtps_c.h
-- Up-to-date symlink: /app/install/vel_saltis_services/include/vel_saltis_services/vel_saltis_services/msg/detail/imu_cfg__rosidl_typesupport_fastrtps_c.h
-- Up-to-date symlink: /app/install/vel_saltis_services/include/vel_saltis_services/vel_saltis_services/msg/detail/motor_cfg__rosidl_typesupport_fastrtps_c.h
-- Up-to-date symlink: /app/install/vel_saltis_services/include/vel_saltis_services/vel_saltis_services/msg/detail/pidcfg__rosidl_typesupport_fastrtps_c.h
-- Up-to-date symlink: /app/install/vel_saltis_services/include/vel_saltis_services/vel_saltis_services/msg/detail/servo_cfg__rosidl_typesupport_fastrtps_c.h
-- Up-to-date symlink: /app/install/vel_saltis_services/include/vel_saltis_services/vel_saltis_services/msg/rosidl_typesupport_fastrtps_c__visibility_control.h
-- Up-to-date symlink: /app/install/vel_saltis_services/include/vel_saltis_services/vel_saltis_services/srv/detail/get_fusion_cfg__rosidl_typesupport_fastrtps_c.h
-- Up-to-date symlink: /app/install/vel_saltis_services/include/vel_saltis_services/vel_saltis_services/srv/detail/get_imu_cfg__rosidl_typesupport_fastrtps_c.h
-- Up-to-date symlink: /app/install/vel_saltis_services/include/vel_saltis_services/vel_saltis_services/srv/detail/get_motor_cfg__rosidl_typesupport_fastrtps_c.h
-- Up-to-date symlink: /app/install/vel_saltis_services/include/vel_saltis_services/vel_saltis_services/srv/detail/get_pidcfg__rosidl_typesupport_fastrtps_c.h
-- Up-to-date symlink: /app/install/vel_saltis_services/include/vel_saltis_services/vel_saltis_services/srv/detail/get_servo_cfg__rosidl_typesupport_fastrtps_c.h
-- Up-to-date symlink: /app/install/vel_saltis_services/include/vel_saltis_services/vel_saltis_services/srv/detail/set_fusion_cfg__rosidl_typesupport_fastrtps_c.h
-- Up-to-date symlink: /app/install/vel_saltis_services/include/vel_saltis_services/vel_saltis_services/srv/detail/set_imu_cfg__rosidl_typesupport_fastrtps_c.h
-- Up-to-date symlink: /app/install/vel_saltis_services/include/vel_saltis_services/vel_saltis_services/srv/detail/set_motor_cfg__rosidl_typesupport_fastrtps_c.h
-- Up-to-date symlink: /app/install/vel_saltis_services/include/vel_saltis_services/vel_saltis_services/srv/detail/set_pidcfg__rosidl_typesupport_fastrtps_c.h
-- Up-to-date symlink: /app/install/vel_saltis_services/include/vel_saltis_services/vel_saltis_services/srv/detail/set_servo_cfg__rosidl_typesupport_fastrtps_c.h
-- Up-to-date symlink: /app/install/vel_saltis_services/include/vel_saltis_services/vel_saltis_services/msg/detail/fusion_cfg__builder.hpp
-- Up-to-date symlink: /app/install/vel_saltis_services/include/vel_saltis_services/vel_saltis_services/msg/detail/fusion_cfg__struct.hpp
-- Up-to-date symlink: /app/install/vel_saltis_services/include/vel_saltis_services/vel_saltis_services/msg/detail/fusion_cfg__traits.hpp
-- Up-to-date symlink: /app/install/vel_saltis_services/include/vel_saltis_services/vel_saltis_services/msg/detail/fusion_cfg__type_support.hpp
-- Up-to-date symlink: /app/install/vel_saltis_services/include/vel_saltis_services/vel_saltis_services/msg/detail/imu_cfg__builder.hpp
-- Up-to-date symlink: /app/install/vel_saltis_services/include/vel_saltis_services/vel_saltis_services/msg/detail/imu_cfg__struct.hpp
-- Up-to-date symlink: /app/install/vel_saltis_services/include/vel_saltis_services/vel_saltis_services/msg/detail/imu_cfg__traits.hpp
-- Up-to-date symlink: /app/install/vel_saltis_services/include/vel_saltis_services/vel_saltis_services/msg/detail/imu_cfg__type_support.hpp
-- Up-to-date symlink: /app/install/vel_saltis_services/include/vel_saltis_services/vel_saltis_services/msg/detail/motor_cfg__builder.hpp
-- Up-to-date symlink: /app/install/vel_saltis_services/include/vel_saltis_services/vel_saltis_services/msg/detail/motor_cfg__struct.hpp
-- Up-to-date symlink: /app/install/vel_saltis_services/include/vel_saltis_services/vel_saltis_services/msg/detail/motor_cfg__traits.hpp
-- Up-to-date symlink: /app/install/vel_saltis_services/include/vel_saltis_services/vel_saltis_services/msg/detail/motor_cfg__type_support.hpp
-- Up-to-date symlink: /app/install/vel_saltis_services/include/vel_saltis_services/vel_saltis_services/msg/detail/pidcfg__builder.hpp
-- Up-to-date symlink: /app/install/vel_saltis_services/include/vel_saltis_services/vel_saltis_services/msg/detail/pidcfg__struct.hpp
-- Up-to-date symlink: /app/install/vel_saltis_services/include/vel_saltis_services/vel_saltis_services/msg/detail/pidcfg__traits.hpp
-- Up-to-date symlink: /app/install/vel_saltis_services/include/vel_saltis_services/vel_saltis_services/msg/detail/pidcfg__type_support.hpp
-- Up-to-date symlink: /app/install/vel_saltis_services/include/vel_saltis_services/vel_saltis_services/msg/detail/servo_cfg__builder.hpp
-- Up-to-date symlink: /app/install/vel_saltis_services/include/vel_saltis_services/vel_saltis_services/msg/detail/servo_cfg__struct.hpp
-- Up-to-date symlink: /app/install/vel_saltis_services/include/vel_saltis_services/vel_saltis_services/msg/detail/servo_cfg__traits.hpp
-- Up-to-date symlink: /app/install/vel_saltis_services/include/vel_saltis_services/vel_saltis_services/msg/detail/servo_cfg__type_support.hpp
-- Up-to-date symlink: /app/install/vel_saltis_services/include/vel_saltis_services/vel_saltis_services/msg/fusion_cfg.hpp
-- Up-to-date symlink: /app/install/vel_saltis_services/include/vel_saltis_services/vel_saltis_services/msg/imu_cfg.hpp
-- Up-to-date symlink: /app/install/vel_saltis_services/include/vel_saltis_services/vel_saltis_services/msg/motor_cfg.hpp
-- Up-to-date symlink: /app/install/vel_saltis_services/include/vel_saltis_services/vel_saltis_services/msg/pidcfg.hpp
-- Up-to-date symlink: /app/install/vel_saltis_services/include/vel_saltis_services/vel_saltis_services/msg/rosidl_generator_cpp__visibility_control.hpp
-- Up-to-date symlink: /app/install/vel_saltis_services/include/vel_saltis_services/vel_saltis_services/msg/servo_cfg.hpp
-- Up-to-date symlink: /app/install/vel_saltis_services/include/vel_saltis_services/vel_saltis_services/srv/detail/get_fusion_cfg__builder.hpp
-- Up-to-date symlink: /app/install/vel_saltis_services/include/vel_saltis_services/vel_saltis_services/srv/detail/get_fusion_cfg__struct.hpp
-- Up-to-date symlink: /app/install/vel_saltis_services/include/vel_saltis_services/vel_saltis_services/srv/detail/get_fusion_cfg__traits.hpp
-- Up-to-date symlink: /app/install/vel_saltis_services/include/vel_saltis_services/vel_saltis_services/srv/detail/get_fusion_cfg__type_support.hpp
-- Up-to-date symlink: /app/install/vel_saltis_services/include/vel_saltis_services/vel_saltis_services/srv/detail/get_imu_cfg__builder.hpp
-- Up-to-date symlink: /app/install/vel_saltis_services/include/vel_saltis_services/vel_saltis_services/srv/detail/get_imu_cfg__struct.hpp
-- Up-to-date symlink: /app/install/vel_saltis_services/include/vel_saltis_services/vel_saltis_services/srv/detail/get_imu_cfg__traits.hpp
-- Up-to-date symlink: /app/install/vel_saltis_services/include/vel_saltis_services/vel_saltis_services/srv/detail/get_imu_cfg__type_support.hpp
-- Up-to-date symlink: /app/install/vel_saltis_services/include/vel_saltis_services/vel_saltis_services/srv/detail/get_motor_cfg__builder.hpp
-- Up-to-date symlink: /app/install/vel_saltis_services/include/vel_saltis_services/vel_saltis_services/srv/detail/get_motor_cfg__struct.hpp
-- Up-to-date symlink: /app/install/vel_saltis_services/include/vel_saltis_services/vel_saltis_services/srv/detail/get_motor_cfg__traits.hpp
-- Up-to-date symlink: /app/install/vel_saltis_services/include/vel_saltis_services/vel_saltis_services/srv/detail/get_motor_cfg__type_support.hpp
-- Up-to-date symlink: /app/install/vel_saltis_services/include/vel_saltis_services/vel_saltis_services/srv/detail/get_pidcfg__builder.hpp
-- Up-to-date symlink: /app/install/vel_saltis_services/include/vel_saltis_services/vel_saltis_services/srv/detail/get_pidcfg__struct.hpp
-- Up-to-date symlink: /app/install/vel_saltis_services/include/vel_saltis_services/vel_saltis_services/srv/detail/get_pidcfg__traits.hpp
-- Up-to-date symlink: /app/install/vel_saltis_services/include/vel_saltis_services/vel_saltis_services/srv/detail/get_pidcfg__type_support.hpp
-- Up-to-date symlink: /app/install/vel_saltis_services/include/vel_saltis_services/vel_saltis_services/srv/detail/get_servo_cfg__builder.hpp
-- Up-to-date symlink: /app/install/vel_saltis_services/include/vel_saltis_services/vel_saltis_services/srv/detail/get_servo_cfg__struct.hpp
-- Up-to-date symlink: /app/install/vel_saltis_services/include/vel_saltis_services/vel_saltis_services/srv/detail/get_servo_cfg__traits.hpp
-- Up-to-date symlink: /app/install/vel_saltis_services/include/vel_saltis_services/vel_saltis_services/srv/detail/get_servo_cfg__type_support.hpp
-- Up-to-date symlink: /app/install/vel_saltis_services/include/vel_saltis_services/vel_saltis_services/srv/detail/set_fusion_cfg__builder.hpp
-- Up-to-date symlink: /app/install/vel_saltis_services/include/vel_saltis_services/vel_saltis_services/srv/detail/set_fusion_cfg__struct.hpp
-- Up-to-date symlink: /app/install/vel_saltis_services/include/vel_saltis_services/vel_saltis_services/srv/detail/set_fusion_cfg__traits.hpp
-- Up-to-date symlink: /app/install/vel_saltis_services/include/vel_saltis_services/vel_saltis_services/srv/detail/set_fusion_cfg__type_support.hpp
-- Up-to-date symlink: /app/install/vel_saltis_services/include/vel_saltis_services/vel_saltis_services/srv/detail/set_imu_cfg__builder.hpp
-- Up-to-date symlink: /app/install/vel_saltis_services/include/vel_saltis_services/vel_saltis_services/srv/detail/set_imu_cfg__struct.hpp
-- Up-to-date symlink: /app/install/vel_saltis_services/include/vel_saltis_services/vel_saltis_services/srv/detail/set_imu_cfg__traits.hpp
-- Up-to-date symlink: /app/install/vel_saltis_services/include/vel_saltis_services/vel_saltis_services/srv/detail/set_imu_cfg__type_support.hpp
-- Up-to-date symlink: /app/install/vel_saltis_services/include/vel_saltis_services/vel_saltis_services/srv/detail/set_motor_cfg__builder.hpp
-- Up-to-date symlink: /app/install/vel_saltis_services/include/vel_saltis_services/vel_saltis_services/srv/detail/set_motor_cfg__struct.hpp
-- Up-to-date symlink: /app/install/vel_saltis_services/include/vel_saltis_services/vel_saltis_services/srv/detail/set_motor_cfg__traits.hpp
-- Up-to-date symlink: /app/install/vel_saltis_services/include/vel_saltis_services/vel_saltis_services/srv/detail/set_motor_cfg__type_support.hpp
-- Up-to-date symlink: /app/install/vel_saltis_services/include/vel_saltis_services/vel_saltis_services/srv/detail/set_pidcfg__builder.hpp
-- Up-to-date symlink: /app/install/vel_saltis_services/include/vel_saltis_services/vel_saltis_services/srv/detail/set_pidcfg__struct.hpp
-- Up-to-date symlink: /app/install/vel_saltis_services/include/vel_saltis_services/vel_saltis_services/srv/detail/set_pidcfg__traits.hpp
-- Up-to-date symlink: /app/install/vel_saltis_services/include/vel_saltis_services/vel_saltis_services/srv/detail/set_pidcfg__type_support.hpp
-- Up-to-date symlink: /app/install/vel_saltis_services/include/vel_saltis_services/vel_saltis_services/srv/detail/set_servo_cfg__builder.hpp
-- Up-to-date symlink: /app/install/vel_saltis_services/include/vel_saltis_services/vel_saltis_services/srv/detail/set_servo_cfg__struct.hpp
-- Up-to-date symlink: /app/install/vel_saltis_services/include/vel_saltis_services/vel_saltis_services/srv/detail/set_servo_cfg__traits.hpp
-- Up-to-date symlink: /app/install/vel_saltis_services/include/vel_saltis_services/vel_saltis_services/srv/detail/set_servo_cfg__type_support.hpp
-- Up-to-date symlink: /app/install/vel_saltis_services/include/vel_saltis_services/vel_saltis_services/srv/get_fusion_cfg.hpp
-- Up-to-date symlink: /app/install/vel_saltis_services/include/vel_saltis_services/vel_saltis_services/srv/get_imu_cfg.hpp
-- Up-to-date symlink: /app/install/vel_saltis_services/include/vel_saltis_services/vel_saltis_services/srv/get_motor_cfg.hpp
-- Up-to-date symlink: /app/install/vel_saltis_services/include/vel_saltis_services/vel_saltis_services/srv/get_pidcfg.hpp
-- Up-to-date symlink: /app/install/vel_saltis_services/include/vel_saltis_services/vel_saltis_services/srv/get_servo_cfg.hpp
-- Up-to-date symlink: /app/install/vel_saltis_services/include/vel_saltis_services/vel_saltis_services/srv/set_fusion_cfg.hpp
-- Up-to-date symlink: /app/install/vel_saltis_services/include/vel_saltis_services/vel_saltis_services/srv/set_imu_cfg.hpp
-- Up-to-date symlink: /app/install/vel_saltis_services/include/vel_saltis_services/vel_saltis_services/srv/set_motor_cfg.hpp
-- Up-to-date symlink: /app/install/vel_saltis_services/include/vel_saltis_services/vel_saltis_services/srv/set_pidcfg.hpp
-- Up-to-date symlink: /app/install/vel_saltis_services/include/vel_saltis_services/vel_saltis_services/srv/set_servo_cfg.hpp
-- Up-to-date symlink: /app/install/vel_saltis_services/include/vel_saltis_services/vel_saltis_services/msg/detail/fusion_cfg__rosidl_typesupport_fastrtps_cpp.hpp
-- Up-to-date symlink: /app/install/vel_saltis_services/include/vel_saltis_services/vel_saltis_services/msg/detail/imu_cfg__rosidl_typesupport_fastrtps_cpp.hpp
-- Up-to-date symlink: /app/install/vel_saltis_services/include/vel_saltis_services/vel_saltis_services/msg/detail/motor_cfg__rosidl_typesupport_fastrtps_cpp.hpp
-- Up-to-date symlink: /app/install/vel_saltis_services/include/vel_saltis_services/vel_saltis_services/msg/detail/pidcfg__rosidl_typesupport_fastrtps_cpp.hpp
-- Up-to-date symlink: /app/install/vel_saltis_services/include/vel_saltis_services/vel_saltis_services/msg/detail/servo_cfg__rosidl_typesupport_fastrtps_cpp.hpp
-- Up-to-date symlink: /app/install/vel_saltis_services/include/vel_saltis_services/vel_saltis_services/msg/rosidl_typesupport_fastrtps_cpp__visibility_control.h
-- Up-to-date symlink: /app/install/vel_saltis_services/include/vel_saltis_services/vel_saltis_services/srv/detail/get_fusion_cfg__rosidl_typesupport_fastrtps_cpp.hpp
-- Up-to-date symlink: /app/install/vel_saltis_services/include/vel_saltis_services/vel_saltis_services/srv/detail/get_imu_cfg__rosidl_typesupport_fastrtps_cpp.hpp
-- Up-to-date symlink: /app/install/vel_saltis_services/include/vel_saltis_services/vel_saltis_services/srv/detail/get_motor_cfg__rosidl_typesupport_fastrtps_cpp.hpp
-- Up-to-date symlink: /app/install/vel_saltis_services/include/vel_saltis_services/vel_saltis_services/srv/detail/get_pidcfg__rosidl_typesupport_fastrtps_cpp.hpp
-- Up-to-date symlink: /app/install/vel_saltis_services/include/vel_saltis_services/vel_saltis_services/srv/detail/get_servo_cfg__rosidl_typesupport_fastrtps_cpp.hpp
-- Up-to-date symlink: /app/install/vel_saltis_services/include/vel_saltis_services/vel_saltis_services/srv/detail/set_fusion_cfg__rosidl_typesupport_fastrtps_cpp.hpp
-- Up-to-date symlink: /app/install/vel_saltis_services/include/vel_saltis_services/vel_saltis_services/srv/detail/set_imu_cfg__rosidl_typesupport_fastrtps_cpp.hpp
-- Up-to-date symlink: /app/install/vel_saltis_services/include/vel_saltis_services/vel_saltis_services/srv/detail/set_motor_cfg__rosidl_typesupport_fastrtps_cpp.hpp
-- Up-to-date symlink: /app/install/vel_saltis_services/include/vel_saltis_services/vel_saltis_services/srv/detail/set_pidcfg__rosidl_typesupport_fastrtps_cpp.hpp
-- Up-to-date symlink: /app/install/vel_saltis_services/include/vel_saltis_services/vel_saltis_services/srv/detail/set_servo_cfg__rosidl_typesupport_fastrtps_cpp.hpp
-- Up-to-date symlink: /app/install/vel_saltis_services/include/vel_saltis_services/vel_saltis_services/msg/detail/fusion_cfg__rosidl_typesupport_introspection_c.h
-- Up-to-date symlink: /app/install/vel_saltis_services/include/vel_saltis_services/vel_saltis_services/msg/detail/imu_cfg__rosidl_typesupport_introspection_c.h
-- Up-to-date symlink: /app/install/vel_saltis_services/include/vel_saltis_services/vel_saltis_services/msg/detail/motor_cfg__rosidl_typesupport_introspection_c.h
-- Up-to-date symlink: /app/install/vel_saltis_services/include/vel_saltis_services/vel_saltis_services/msg/detail/pidcfg__rosidl_typesupport_introspection_c.h
-- Up-to-date symlink: /app/install/vel_saltis_services/include/vel_saltis_services/vel_saltis_services/msg/detail/servo_cfg__rosidl_typesupport_introspection_c.h
-- Up-to-date symlink: /app/install/vel_saltis_services/include/vel_saltis_services/vel_saltis_services/msg/rosidl_typesupport_introspection_c__visibility_control.h
-- Up-to-date symlink: /app/install/vel_saltis_services/include/vel_saltis_services/vel_saltis_services/srv/detail/get_fusion_cfg__rosidl_typesupport_introspection_c.h
-- Up-to-date symlink: /app/install/vel_saltis_services/include/vel_saltis_services/vel_saltis_services/srv/detail/get_imu_cfg__rosidl_typesupport_introspection_c.h
-- Up-to-date symlink: /app/install/vel_saltis_services/include/vel_saltis_services/vel_saltis_services/srv/detail/get_motor_cfg__rosidl_typesupport_introspection_c.h
-- Up-to-date symlink: /app/install/vel_saltis_services/include/vel_saltis_services/vel_saltis_services/srv/detail/get_pidcfg__rosidl_typesupport_introspection_c.h
-- Up-to-date symlink: /app/install/vel_saltis_services/include/vel_saltis_services/vel_saltis_services/srv/detail/get_servo_cfg__rosidl_typesupport_introspection_c.h
-- Up-to-date symlink: /app/install/vel_saltis_services/include/vel_saltis_services/vel_saltis_services/srv/detail/set_fusion_cfg__rosidl_typesupport_introspection_c.h
-- Up-to-date symlink: /app/install/vel_saltis_services/include/vel_saltis_services/vel_saltis_services/srv/detail/set_imu_cfg__rosidl_typesupport_introspection_c.h
-- Up-to-date symlink: /app/install/vel_saltis_services/include/vel_saltis_services/vel_saltis_services/srv/detail/set_motor_cfg__rosidl_typesupport_introspection_c.h
-- Up-to-date symlink: /app/install/vel_saltis_services/include/vel_saltis_services/vel_saltis_services/srv/detail/set_pidcfg__rosidl_typesupport_introspection_c.h
-- Up-to-date symlink: /app/install/vel_saltis_services/include/vel_saltis_services/vel_saltis_services/srv/detail/set_servo_cfg__rosidl_typesupport_introspection_c.h
-- Up-to-date symlink: /app/install/vel_saltis_services/include/vel_saltis_services/vel_saltis_services/msg/detail/fusion_cfg__rosidl_typesupport_introspection_cpp.hpp
-- Up-to-date symlink: /app/install/vel_saltis_services/include/vel_saltis_services/vel_saltis_services/msg/detail/imu_cfg__rosidl_typesupport_introspection_cpp.hpp
-- Up-to-date symlink: /app/install/vel_saltis_services/include/vel_saltis_services/vel_saltis_services/msg/detail/motor_cfg__rosidl_typesupport_introspection_cpp.hpp
-- Up-to-date symlink: /app/install/vel_saltis_services/include/vel_saltis_services/vel_saltis_services/msg/detail/pidcfg__rosidl_typesupport_introspection_cpp.hpp
-- Up-to-date symlink: /app/install/vel_saltis_services/include/vel_saltis_services/vel_saltis_services/msg/detail/servo_cfg__rosidl_typesupport_introspection_cpp.hpp
-- Up-to-date symlink: /app/install/vel_saltis_services/include/vel_saltis_services/vel_saltis_services/srv/detail/get_fusion_cfg__rosidl_typesupport_introspection_cpp.hpp
-- Up-to-date symlink: /app/install/vel_saltis_services/include/vel_saltis_services/vel_saltis_services/srv/detail/get_imu_cfg__rosidl_typesupport_introspection_cpp.hpp
-- Up-to-date symlink: /app/install/vel_saltis_services/include/vel_saltis_services/vel_saltis_services/srv/detail/get_motor_cfg__rosidl_typesupport_introspection_cpp.hpp
-- Up-to-date symlink: /app/install/vel_saltis_services/include/vel_saltis_services/vel_saltis_services/srv/detail/get_pidcfg__rosidl_typesupport_introspection_cpp.hpp
-- Up-to-date symlink: /app/install/vel_saltis_services/include/vel_saltis_services/vel_saltis_services/srv/detail/get_servo_cfg__rosidl_typesupport_introspection_cpp.hpp
-- Up-to-date symlink: /app/install/vel_saltis_services/include/vel_saltis_services/vel_saltis_services/srv/detail/set_fusion_cfg__rosidl_typesupport_introspection_cpp.hpp
-- Up-to-date symlink: /app/install/vel_saltis_services/include/vel_saltis_services/vel_saltis_services/srv/detail/set_imu_cfg__rosidl_typesupport_introspection_cpp.hpp
-- Up-to-date symlink: /app/install/vel_saltis_services/include/vel_saltis_services/vel_saltis_services/srv/detail/set_motor_cfg__rosidl_typesupport_introspection_cpp.hpp
-- Up-to-date symlink: /app/install/vel_saltis_services/include/vel_saltis_services/vel_saltis_services/srv/detail/set_pidcfg__rosidl_typesupport_introspection_cpp.hpp
-- Up-to-date symlink: /app/install/vel_saltis_services/include/vel_saltis_services/vel_saltis_services/srv/detail/set_servo_cfg__rosidl_typesupport_introspection_cpp.hpp
-- Up-to-date symlink: /app/install/vel_saltis_services/share/vel_saltis_services/environment/pythonpath.sh
-- Up-to-date symlink: /app/install/vel_saltis_services/share/vel_saltis_services/environment/pythonpath.dsv
-- Up-to-date symlink: /app/install/vel_saltis_services/local/lib/python3.10/dist-packages/vel_saltis_services-0.8.0-py3.10.egg-info/PKG-INFO
-- Up-to-date symlink: /app/install/vel_saltis_services/local/lib/python3.10/dist-packages/vel_saltis_services-0.8.0-py3.10.egg-info/SOURCES.txt
-- Up-to-date symlink: /app/install/vel_saltis_services/local/lib/python3.10/dist-packages/vel_saltis_services-0.8.0-py3.10.egg-info/dependency_links.txt
-- Up-to-date symlink: /app/install/vel_saltis_services/local/lib/python3.10/dist-packages/vel_saltis_services-0.8.0-py3.10.egg-info/top_level.txt
-- Up-to-date symlink: /app/install/vel_saltis_services/local/lib/python3.10/dist-packages/vel_saltis_services/__init__.py
-- Up-to-date symlink: /app/install/vel_saltis_services/local/lib/python3.10/dist-packages/vel_saltis_services/_vel_saltis_services_s.ep.rosidl_typesupport_c.c
-- Up-to-date symlink: /app/install/vel_saltis_services/local/lib/python3.10/dist-packages/vel_saltis_services/_vel_saltis_services_s.ep.rosidl_typesupport_fastrtps_c.c
-- Up-to-date symlink: /app/install/vel_saltis_services/local/lib/python3.10/dist-packages/vel_saltis_services/_vel_saltis_services_s.ep.rosidl_typesupport_introspection_c.c
-- Up-to-date symlink: /app/install/vel_saltis_services/local/lib/python3.10/dist-packages/vel_saltis_services/libvel_saltis_services__rosidl_generator_py.so
-- Up-to-date symlink: /app/install/vel_saltis_services/local/lib/python3.10/dist-packages/vel_saltis_services/msg/__init__.py
-- Up-to-date symlink: /app/install/vel_saltis_services/local/lib/python3.10/dist-packages/vel_saltis_services/msg/_fusion_cfg.py
-- Up-to-date symlink: /app/install/vel_saltis_services/local/lib/python3.10/dist-packages/vel_saltis_services/msg/_fusion_cfg_s.c
-- Up-to-date symlink: /app/install/vel_saltis_services/local/lib/python3.10/dist-packages/vel_saltis_services/msg/_imu_cfg.py
-- Up-to-date symlink: /app/install/vel_saltis_services/local/lib/python3.10/dist-packages/vel_saltis_services/msg/_imu_cfg_s.c
-- Up-to-date symlink: /app/install/vel_saltis_services/local/lib/python3.10/dist-packages/vel_saltis_services/msg/_motor_cfg.py
-- Up-to-date symlink: /app/install/vel_saltis_services/local/lib/python3.10/dist-packages/vel_saltis_services/msg/_motor_cfg_s.c
-- Up-to-date symlink: /app/install/vel_saltis_services/local/lib/python3.10/dist-packages/vel_saltis_services/msg/_pidcfg.py
-- Up-to-date symlink: /app/install/vel_saltis_services/local/lib/python3.10/dist-packages/vel_saltis_services/msg/_pidcfg_s.c
-- Up-to-date symlink: /app/install/vel_saltis_services/local/lib/python3.10/dist-packages/vel_saltis_services/msg/_servo_cfg.py
-- Up-to-date symlink: /app/install/vel_saltis_services/local/lib/python3.10/dist-packages/vel_saltis_services/msg/_servo_cfg_s.c
-- Up-to-date symlink: /app/install/vel_saltis_services/local/lib/python3.10/dist-packages/vel_saltis_services/srv/__init__.py
-- Up-to-date symlink: /app/install/vel_saltis_services/local/lib/python3.10/dist-packages/vel_saltis_services/srv/_get_fusion_cfg.py
-- Up-to-date symlink: /app/install/vel_saltis_services/local/lib/python3.10/dist-packages/vel_saltis_services/srv/_get_fusion_cfg_s.c
-- Up-to-date symlink: /app/install/vel_saltis_services/local/lib/python3.10/dist-packages/vel_saltis_services/srv/_get_imu_cfg.py
-- Up-to-date symlink: /app/install/vel_saltis_services/local/lib/python3.10/dist-packages/vel_saltis_services/srv/_get_imu_cfg_s.c
-- Up-to-date symlink: /app/install/vel_saltis_services/local/lib/python3.10/dist-packages/vel_saltis_services/srv/_get_motor_cfg.py
-- Up-to-date symlink: /app/install/vel_saltis_services/local/lib/python3.10/dist-packages/vel_saltis_services/srv/_get_motor_cfg_s.c
-- Up-to-date symlink: /app/install/vel_saltis_services/local/lib/python3.10/dist-packages/vel_saltis_services/srv/_get_pidcfg.py
-- Up-to-date symlink: /app/install/vel_saltis_services/local/lib/python3.10/dist-packages/vel_saltis_services/srv/_get_pidcfg_s.c
-- Up-to-date symlink: /app/install/vel_saltis_services/local/lib/python3.10/dist-packages/vel_saltis_services/srv/_get_servo_cfg.py
-- Up-to-date symlink: /app/install/vel_saltis_services/local/lib/python3.10/dist-packages/vel_saltis_services/srv/_get_servo_cfg_s.c
-- Up-to-date symlink: /app/install/vel_saltis_services/local/lib/python3.10/dist-packages/vel_saltis_services/srv/_set_fusion_cfg.py
-- Up-to-date symlink: /app/install/vel_saltis_services/local/lib/python3.10/dist-packages/vel_saltis_services/srv/_set_fusion_cfg_s.c
-- Up-to-date symlink: /app/install/vel_saltis_services/local/lib/python3.10/dist-packages/vel_saltis_services/srv/_set_imu_cfg.py
-- Up-to-date symlink: /app/install/vel_saltis_services/local/lib/python3.10/dist-packages/vel_saltis_services/srv/_set_imu_cfg_s.c
-- Up-to-date symlink: /app/install/vel_saltis_services/local/lib/python3.10/dist-packages/vel_saltis_services/srv/_set_motor_cfg.py
-- Up-to-date symlink: /app/install/vel_saltis_services/local/lib/python3.10/dist-packages/vel_saltis_services/srv/_set_motor_cfg_s.c
-- Up-to-date symlink: /app/install/vel_saltis_services/local/lib/python3.10/dist-packages/vel_saltis_services/srv/_set_pidcfg.py
-- Up-to-date symlink: /app/install/vel_saltis_services/local/lib/python3.10/dist-packages/vel_saltis_services/srv/_set_pidcfg_s.c
-- Up-to-date symlink: /app/install/vel_saltis_services/local/lib/python3.10/dist-packages/vel_saltis_services/srv/_set_servo_cfg.py
-- Up-to-date symlink: /app/install/vel_saltis_services/local/lib/python3.10/dist-packages/vel_saltis_services/srv/_set_servo_cfg_s.c
-- Up-to-date symlink: /app/install/vel_saltis_services/local/lib/python3.10/dist-packages/vel_saltis_services/vel_saltis_services_s__rosidl_typesupport_c.cpython-310-x86_64-linux-gnu.so
-- Up-to-date symlink: /app/install/vel_saltis_services/local/lib/python3.10/dist-packages/vel_saltis_services/vel_saltis_services_s__rosidl_typesupport_fastrtps_c.cpython-310-x86_64-linux-gnu.so
-- Up-to-date symlink: /app/install/vel_saltis_services/local/lib/python3.10/dist-packages/vel_saltis_services/vel_saltis_services_s__rosidl_typesupport_introspection_c.cpython-310-x86_64-linux-gnu.so
-- Up-to-date symlink: /app/install/vel_saltis_services/local/lib/python3.10/dist-packages/vel_saltis_services/vel_saltis_services_s__rosidl_typesupport_fastrtps_c.cpython-310-x86_64-linux-gnu.so
-- Up-to-date symlink: /app/install/vel_saltis_services/local/lib/python3.10/dist-packages/vel_saltis_services/vel_saltis_services_s__rosidl_typesupport_introspection_c.cpython-310-x86_64-linux-gnu.so
-- Up-to-date symlink: /app/install/vel_saltis_services/local/lib/python3.10/dist-packages/vel_saltis_services/vel_saltis_services_s__rosidl_typesupport_c.cpython-310-x86_64-linux-gnu.so
-- Up-to-date symlink: /app/install/vel_saltis_services/share/ament_index/resource_index/rust_packages/vel_saltis_services
-- Up-to-date symlink: /app/install/vel_saltis_services/share/vel_saltis_services/rust/Cargo.toml
-- Up-to-date symlink: /app/install/vel_saltis_services/share/vel_saltis_services/rust/build.rs
-- Up-to-date symlink: /app/install/vel_saltis_services/share/vel_saltis_services/rust/src/lib.rs
-- Up-to-date symlink: /app/install/vel_saltis_services/share/vel_saltis_services/rust/src/msg.rs
-- Up-to-date symlink: /app/install/vel_saltis_services/share/vel_saltis_services/rust/src/msg/rmw.rs
-- Up-to-date symlink: /app/install/vel_saltis_services/share/vel_saltis_services/rust/src/srv.rs
-- Up-to-date symlink: /app/install/vel_saltis_services/share/vel_saltis_services/rust/src/srv/rmw.rs
-- Up-to-date symlink: /app/install/vel_saltis_services/share/vel_saltis_services/msg/ImuCFG.idl
-- Up-to-date symlink: /app/install/vel_saltis_services/share/vel_saltis_services/msg/FusionCFG.idl
-- Up-to-date symlink: /app/install/vel_saltis_services/share/vel_saltis_services/msg/MotorCFG.idl
-- Up-to-date symlink: /app/install/vel_saltis_services/share/vel_saltis_services/msg/PIDCFG.idl
-- Up-to-date symlink: /app/install/vel_saltis_services/share/vel_saltis_services/msg/ServoCFG.idl
-- Up-to-date symlink: /app/install/vel_saltis_services/share/vel_saltis_services/srv/GetFusionCFG.idl
-- Up-to-date symlink: /app/install/vel_saltis_services/share/vel_saltis_services/srv/SetFusionCFG.idl
-- Up-to-date symlink: /app/install/vel_saltis_services/share/vel_saltis_services/srv/GetImuCFG.idl
-- Up-to-date symlink: /app/install/vel_saltis_services/share/vel_saltis_services/srv/SetImuCFG.idl
-- Up-to-date symlink: /app/install/vel_saltis_services/share/vel_saltis_services/srv/GetMotorCFG.idl
-- Up-to-date symlink: /app/install/vel_saltis_services/share/vel_saltis_services/srv/SetMotorCFG.idl
-- Up-to-date symlink: /app/install/vel_saltis_services/share/vel_saltis_services/srv/GetPIDCFG.idl
-- Up-to-date symlink: /app/install/vel_saltis_services/share/vel_saltis_services/srv/SetPIDCFG.idl
-- Up-to-date symlink: /app/install/vel_saltis_services/share/vel_saltis_services/srv/GetServoCFG.idl
-- Up-to-date symlink: /app/install/vel_saltis_services/share/vel_saltis_services/srv/SetServoCFG.idl
-- Up-to-date symlink: /app/install/vel_saltis_services/share/vel_saltis_services/msg/ImuCFG.msg
-- Up-to-date symlink: /app/install/vel_saltis_services/share/vel_saltis_services/msg/FusionCFG.msg
-- Up-to-date symlink: /app/install/vel_saltis_services/share/vel_saltis_services/msg/MotorCFG.msg
-- Up-to-date symlink: /app/install/vel_saltis_services/share/vel_saltis_services/msg/PIDCFG.msg
-- Up-to-date symlink: /app/install/vel_saltis_services/share/vel_saltis_services/msg/ServoCFG.msg
-- Up-to-date symlink: /app/install/vel_saltis_services/share/vel_saltis_services/srv/GetFusionCFG.srv
-- Up-to-date symlink: /app/install/vel_saltis_services/share/vel_saltis_services/srv/GetFusionCFG_Request.msg
-- Up-to-date symlink: /app/install/vel_saltis_services/share/vel_saltis_services/srv/GetFusionCFG_Response.msg
-- Up-to-date symlink: /app/install/vel_saltis_services/share/vel_saltis_services/srv/SetFusionCFG.srv
-- Up-to-date symlink: /app/install/vel_saltis_services/share/vel_saltis_services/srv/SetFusionCFG_Request.msg
-- Up-to-date symlink: /app/install/vel_saltis_services/share/vel_saltis_services/srv/SetFusionCFG_Response.msg
-- Up-to-date symlink: /app/install/vel_saltis_services/share/vel_saltis_services/srv/GetImuCFG.srv
-- Up-to-date symlink: /app/install/vel_saltis_services/share/vel_saltis_services/srv/GetImuCFG_Request.msg
-- Up-to-date symlink: /app/install/vel_saltis_services/share/vel_saltis_services/srv/GetImuCFG_Response.msg
-- Up-to-date symlink: /app/install/vel_saltis_services/share/vel_saltis_services/srv/SetImuCFG.srv
-- Up-to-date symlink: /app/install/vel_saltis_services/share/vel_saltis_services/srv/SetImuCFG_Request.msg
-- Up-to-date symlink: /app/install/vel_saltis_services/share/vel_saltis_services/srv/SetImuCFG_Response.msg
-- Up-to-date symlink: /app/install/vel_saltis_services/share/vel_saltis_services/srv/GetMotorCFG.srv
-- Up-to-date symlink: /app/install/vel_saltis_services/share/vel_saltis_services/srv/GetMotorCFG_Request.msg
-- Up-to-date symlink: /app/install/vel_saltis_services/share/vel_saltis_services/srv/GetMotorCFG_Response.msg
-- Up-to-date symlink: /app/install/vel_saltis_services/share/vel_saltis_services/srv/SetMotorCFG.srv
-- Up-to-date symlink: /app/install/vel_saltis_services/share/vel_saltis_services/srv/SetMotorCFG_Request.msg
-- Up-to-date symlink: /app/install/vel_saltis_services/share/vel_saltis_services/srv/SetMotorCFG_Response.msg
-- Up-to-date symlink: /app/install/vel_saltis_services/share/vel_saltis_services/srv/GetPIDCFG.srv
-- Up-to-date symlink: /app/install/vel_saltis_services/share/vel_saltis_services/srv/GetPIDCFG_Request.msg
-- Up-to-date symlink: /app/install/vel_saltis_services/share/vel_saltis_services/srv/GetPIDCFG_Response.msg
-- Up-to-date symlink: /app/install/vel_saltis_services/share/vel_saltis_services/srv/SetPIDCFG.srv
-- Up-to-date symlink: /app/install/vel_saltis_services/share/vel_saltis_services/srv/SetPIDCFG_Request.msg
-- Up-to-date symlink: /app/install/vel_saltis_services/share/vel_saltis_services/srv/SetPIDCFG_Response.msg
-- Up-to-date symlink: /app/install/vel_saltis_services/share/vel_saltis_services/srv/GetServoCFG.srv
-- Up-to-date symlink: /app/install/vel_saltis_services/share/vel_saltis_services/srv/GetServoCFG_Request.msg
-- Up-to-date symlink: /app/install/vel_saltis_services/share/vel_saltis_services/srv/GetServoCFG_Response.msg
-- Up-to-date symlink: /app/install/vel_saltis_services/share/vel_saltis_services/srv/SetServoCFG.srv
-- Up-to-date symlink: /app/install/vel_saltis_services/share/vel_saltis_services/srv/SetServoCFG_Request.msg
-- Up-to-date symlink: /app/install/vel_saltis_services/share/vel_saltis_services/srv/SetServoCFG_Response.msg
-- Up-to-date symlink: /app/install/vel_saltis_services/share/ament_index/resource_index/package_run_dependencies/vel_saltis_services
-- Up-to-date symlink: /app/install/vel_saltis_services/share/ament_index/resource_index/parent_prefix_path/vel_saltis_services
-- Up-to-date symlink: /app/install/vel_saltis_services/share/vel_saltis_services/environment/ament_prefix_path.sh
-- Up-to-date symlink: /app/install/vel_saltis_services/share/vel_saltis_services/environment/ament_prefix_path.dsv
-- Up-to-date symlink: /app/install/vel_saltis_services/share/vel_saltis_services/environment/path.sh
-- Up-to-date symlink: /app/install/vel_saltis_services/share/vel_saltis_services/environment/path.dsv
-- Up-to-date symlink: /app/install/vel_saltis_services/share/vel_saltis_services/local_setup.bash
-- Up-to-date symlink: /app/install/vel_saltis_services/share/vel_saltis_services/local_setup.sh
-- Up-to-date symlink: /app/install/vel_saltis_services/share/vel_saltis_services/local_setup.zsh
-- Up-to-date symlink: /app/install/vel_saltis_services/share/vel_saltis_services/local_setup.dsv
-- Symlinking: /app/install/vel_saltis_services/share/vel_saltis_services/package.dsv
-- Up-to-date symlink: /app/install/vel_saltis_services/share/ament_index/resource_index/packages/vel_saltis_services
-- Up-to-date symlink: /app/install/vel_saltis_services/share/vel_saltis_services/cmake/rosidl_cmake-extras.cmake
-- Up-to-date symlink: /app/install/vel_saltis_services/share/vel_saltis_services/cmake/ament_cmake_export_dependencies-extras.cmake
-- Up-to-date symlink: /app/install/vel_saltis_services/share/vel_saltis_services/cmake/ament_cmake_export_include_directories-extras.cmake
-- Up-to-date symlink: /app/install/vel_saltis_services/share/vel_saltis_services/cmake/ament_cmake_export_libraries-extras.cmake
-- Up-to-date symlink: /app/install/vel_saltis_services/share/vel_saltis_services/cmake/ament_cmake_export_targets-extras.cmake
-- Up-to-date symlink: /app/install/vel_saltis_services/share/vel_saltis_services/cmake/rosidl_cmake_export_typesupport_targets-extras.cmake
-- Up-to-date symlink: /app/install/vel_saltis_services/share/vel_saltis_services/cmake/rosidl_cmake_export_typesupport_libraries-extras.cmake
-- Up-to-date symlink: /app/install/vel_saltis_services/share/vel_saltis_services/cmake/vel_saltis_servicesConfig.cmake
-- Up-to-date symlink: /app/install/vel_saltis_services/share/vel_saltis_services/cmake/vel_saltis_servicesConfig-version.cmake
-- Up-to-date symlink: /app/install/vel_saltis_services/share/vel_saltis_services/package.xml
-- Up-to-date: /app/install/vel_saltis_services/lib/libvel_saltis_services__rosidl_generator_c.so
-- Up-to-date: /app/install/vel_saltis_services/lib/libvel_saltis_services__rosidl_typesupport_fastrtps_c.so
-- Up-to-date: /app/install/vel_saltis_services/lib/libvel_saltis_services__rosidl_typesupport_fastrtps_cpp.so
-- Up-to-date: /app/install/vel_saltis_services/lib/libvel_saltis_services__rosidl_typesupport_introspection_c.so
-- Up-to-date: /app/install/vel_saltis_services/lib/libvel_saltis_services__rosidl_typesupport_c.so
-- Up-to-date: /app/install/vel_saltis_services/lib/libvel_saltis_services__rosidl_typesupport_introspection_cpp.so
-- Up-to-date: /app/install/vel_saltis_services/lib/libvel_saltis_services__rosidl_typesupport_cpp.so
Listing '/app/install/vel_saltis_services/local/lib/python3.10/dist-packages/vel_saltis_services'...
Listing '/app/install/vel_saltis_services/local/lib/python3.10/dist-packages/vel_saltis_services/msg'...
Listing '/app/install/vel_saltis_services/local/lib/python3.10/dist-packages/vel_saltis_services/srv'...
-- Up-to-date: /app/install/vel_saltis_services/lib/libvel_saltis_services__rosidl_generator_py.so
-- Up-to-date: /app/install/vel_saltis_services/share/vel_saltis_services/cmake/export_vel_saltis_services__rosidl_generator_cExport.cmake
-- Up-to-date: /app/install/vel_saltis_services/share/vel_saltis_services/cmake/export_vel_saltis_services__rosidl_generator_cExport-noconfig.cmake
-- Up-to-date: /app/install/vel_saltis_services/share/vel_saltis_services/cmake/export_vel_saltis_services__rosidl_typesupport_fastrtps_cExport.cmake
-- Up-to-date: /app/install/vel_saltis_services/share/vel_saltis_services/cmake/export_vel_saltis_services__rosidl_typesupport_fastrtps_cExport-noconfig.cmake
-- Up-to-date: /app/install/vel_saltis_services/share/vel_saltis_services/cmake/export_vel_saltis_services__rosidl_generator_cppExport.cmake
-- Up-to-date: /app/install/vel_saltis_services/share/vel_saltis_services/cmake/export_vel_saltis_services__rosidl_typesupport_fastrtps_cppExport.cmake
-- Up-to-date: /app/install/vel_saltis_services/share/vel_saltis_services/cmake/export_vel_saltis_services__rosidl_typesupport_fastrtps_cppExport-noconfig.cmake
-- Up-to-date: /app/install/vel_saltis_services/share/vel_saltis_services/cmake/vel_saltis_services__rosidl_typesupport_introspection_cExport.cmake
-- Up-to-date: /app/install/vel_saltis_services/share/vel_saltis_services/cmake/vel_saltis_services__rosidl_typesupport_introspection_cExport-noconfig.cmake
-- Up-to-date: /app/install/vel_saltis_services/share/vel_saltis_services/cmake/vel_saltis_services__rosidl_typesupport_cExport.cmake
-- Up-to-date: /app/install/vel_saltis_services/share/vel_saltis_services/cmake/vel_saltis_services__rosidl_typesupport_cExport-noconfig.cmake
-- Up-to-date: /app/install/vel_saltis_services/share/vel_saltis_services/cmake/vel_saltis_services__rosidl_typesupport_introspection_cppExport.cmake
-- Up-to-date: /app/install/vel_saltis_services/share/vel_saltis_services/cmake/vel_saltis_services__rosidl_typesupport_introspection_cppExport-noconfig.cmake
-- Up-to-date: /app/install/vel_saltis_services/share/vel_saltis_services/cmake/vel_saltis_services__rosidl_typesupport_cppExport.cmake
-- Up-to-date: /app/install/vel_saltis_services/share/vel_saltis_services/cmake/vel_saltis_services__rosidl_typesupport_cppExport-noconfig.cmake
-- Up-to-date: /app/install/vel_saltis_services/share/vel_saltis_services/cmake/export_vel_saltis_services__rosidl_generator_pyExport.cmake
-- Up-to-date: /app/install/vel_saltis_services/share/vel_saltis_services/cmake/export_vel_saltis_services__rosidl_generator_pyExport-noconfig.cmake
