[0.038s] Invoking command in '/app/build/vel_saltis_services': AMENT_PREFIX_PATH=/app/install/kapibara_interfaces:${AMENT_PREFIX_PATH} CMAKE_PREFIX_PATH=/app/install/kapibara_interfaces:/opt/ros/humble LD_LIBRARY_PATH=/app/install/kapibara_interfaces/lib:${LD_LIBRARY_PATH} PYTHONPATH=/app/install/kapibara_interfaces/local/lib/python3.10/dist-packages:${PYTHONPATH} /usr/bin/cmake --build /app/build/vel_saltis_services -- -j12 -l12
[0.127s] [  1%] Built target vel_saltis_services__rs
[0.134s] [  1%] Built target vel_saltis_services__cpp
[0.135s] [ 13%] Built target vel_saltis_services__rosidl_generator_c
[0.149s] [ 13%] Built target ament_cmake_python_symlink_vel_saltis_services
[0.205s] [ 25%] Built target vel_saltis_services__rosidl_typesupport_fastrtps_cpp
[0.209s] [ 37%] Built target vel_saltis_services__rosidl_typesupport_introspection_cpp
[0.209s] [ 49%] Built target vel_saltis_services__rosidl_typesupport_c
[0.216s] [ 61%] Built target vel_saltis_services__rosidl_typesupport_cpp
[0.228s] [ 73%] Built target vel_saltis_services__rosidl_typesupport_fastrtps_c
[0.229s] [ 85%] Built target vel_saltis_services__rosidl_typesupport_introspection_c
[0.262s] [ 85%] Built target vel_saltis_services
[0.294s] [ 86%] Built target vel_saltis_services__py
[0.334s] [ 97%] Built target vel_saltis_services__rosidl_generator_py
[0.391s] [ 98%] Built target vel_saltis_services__rosidl_typesupport_fastrtps_c__pyext
[0.399s] [ 99%] Built target vel_saltis_services__rosidl_typesupport_introspection_c__pyext
[0.404s] [100%] Built target vel_saltis_services__rosidl_typesupport_c__pyext
[0.474s] running egg_info
[0.475s] writing vel_saltis_services.egg-info/PKG-INFO
[0.475s] writing dependency_links to vel_saltis_services.egg-info/dependency_links.txt
[0.475s] writing top-level names to vel_saltis_services.egg-info/top_level.txt
[0.477s] reading manifest file 'vel_saltis_services.egg-info/SOURCES.txt'
[0.478s] writing manifest file 'vel_saltis_services.egg-info/SOURCES.txt'
[0.506s] [100%] Built target ament_cmake_python_build_vel_saltis_services_egg
[0.523s] Invoked command in '/app/build/vel_saltis_services' returned '0': AMENT_PREFIX_PATH=/app/install/kapibara_interfaces:${AMENT_PREFIX_PATH} CMAKE_PREFIX_PATH=/app/install/kapibara_interfaces:/opt/ros/humble LD_LIBRARY_PATH=/app/install/kapibara_interfaces/lib:${LD_LIBRARY_PATH} PYTHONPATH=/app/install/kapibara_interfaces/local/lib/python3.10/dist-packages:${PYTHONPATH} /usr/bin/cmake --build /app/build/vel_saltis_services -- -j12 -l12
[0.528s] Invoking command in '/app/build/vel_saltis_services': AMENT_PREFIX_PATH=/app/install/kapibara_interfaces:${AMENT_PREFIX_PATH} CMAKE_PREFIX_PATH=/app/install/kapibara_interfaces:/opt/ros/humble LD_LIBRARY_PATH=/app/install/kapibara_interfaces/lib:${LD_LIBRARY_PATH} PYTHONPATH=/app/install/kapibara_interfaces/local/lib/python3.10/dist-packages:${PYTHONPATH} /usr/bin/cmake --install /app/build/vel_saltis_services
[0.535s] -- Install configuration: ""
[0.536s] -- Execute custom install script
[0.537s] -- Up-to-date symlink: /app/install/vel_saltis_services/share/ament_index/resource_index/rosidl_interfaces/vel_saltis_services
[0.537s] -- Up-to-date symlink: /app/install/vel_saltis_services/include/vel_saltis_services/vel_saltis_services/msg/detail/fusion_cfg__functions.h
[0.537s] -- Up-to-date symlink: /app/install/vel_saltis_services/include/vel_saltis_services/vel_saltis_services/msg/detail/fusion_cfg__struct.h
[0.537s] -- Up-to-date symlink: /app/install/vel_saltis_services/include/vel_saltis_services/vel_saltis_services/msg/detail/fusion_cfg__type_support.h
[0.538s] -- Up-to-date symlink: /app/install/vel_saltis_services/include/vel_saltis_services/vel_saltis_services/msg/detail/imu_cfg__functions.h
[0.538s] -- Up-to-date symlink: /app/install/vel_saltis_services/include/vel_saltis_services/vel_saltis_services/msg/detail/imu_cfg__struct.h
[0.538s] -- Up-to-date symlink: /app/install/vel_saltis_services/include/vel_saltis_services/vel_saltis_services/msg/detail/imu_cfg__type_support.h
[0.538s] -- Up-to-date symlink: /app/install/vel_saltis_services/include/vel_saltis_services/vel_saltis_services/msg/detail/motor_cfg__functions.h
[0.538s] -- Up-to-date symlink: /app/install/vel_saltis_services/include/vel_saltis_services/vel_saltis_services/msg/detail/motor_cfg__struct.h
[0.538s] -- Up-to-date symlink: /app/install/vel_saltis_services/include/vel_saltis_services/vel_saltis_services/msg/detail/motor_cfg__type_support.h
[0.538s] -- Up-to-date symlink: /app/install/vel_saltis_services/include/vel_saltis_services/vel_saltis_services/msg/detail/pidcfg__functions.h
[0.538s] -- Up-to-date symlink: /app/install/vel_saltis_services/include/vel_saltis_services/vel_saltis_services/msg/detail/pidcfg__struct.h
[0.539s] -- Up-to-date symlink: /app/install/vel_saltis_services/include/vel_saltis_services/vel_saltis_services/msg/detail/pidcfg__type_support.h
[0.539s] -- Up-to-date symlink: /app/install/vel_saltis_services/include/vel_saltis_services/vel_saltis_services/msg/detail/servo_cfg__functions.h
[0.539s] -- Up-to-date symlink: /app/install/vel_saltis_services/include/vel_saltis_services/vel_saltis_services/msg/detail/servo_cfg__struct.h
[0.539s] -- Up-to-date symlink: /app/install/vel_saltis_services/include/vel_saltis_services/vel_saltis_services/msg/detail/servo_cfg__type_support.h
[0.540s] -- Up-to-date symlink: /app/install/vel_saltis_services/include/vel_saltis_services/vel_saltis_services/msg/fusion_cfg.h
[0.540s] -- Up-to-date symlink: /app/install/vel_saltis_services/include/vel_saltis_services/vel_saltis_services/msg/imu_cfg.h
[0.540s] -- Up-to-date symlink: /app/install/vel_saltis_services/include/vel_saltis_services/vel_saltis_services/msg/motor_cfg.h
[0.540s] -- Up-to-date symlink: /app/install/vel_saltis_services/include/vel_saltis_services/vel_saltis_services/msg/pidcfg.h
[0.540s] -- Up-to-date symlink: /app/install/vel_saltis_services/include/vel_saltis_services/vel_saltis_services/msg/rosidl_generator_c__visibility_control.h
[0.540s] -- Up-to-date symlink: /app/install/vel_saltis_services/include/vel_saltis_services/vel_saltis_services/msg/servo_cfg.h
[0.541s] -- Up-to-date symlink: /app/install/vel_saltis_services/include/vel_saltis_services/vel_saltis_services/srv/detail/get_fusion_cfg__functions.h
[0.541s] -- Up-to-date symlink: /app/install/vel_saltis_services/include/vel_saltis_services/vel_saltis_services/srv/detail/get_fusion_cfg__struct.h
[0.541s] -- Up-to-date symlink: /app/install/vel_saltis_services/include/vel_saltis_services/vel_saltis_services/srv/detail/get_fusion_cfg__type_support.h
[0.542s] -- Up-to-date symlink: /app/install/vel_saltis_services/include/vel_saltis_services/vel_saltis_services/srv/detail/get_imu_cfg__functions.h
[0.542s] -- Up-to-date symlink: /app/install/vel_saltis_services/include/vel_saltis_services/vel_saltis_services/srv/detail/get_imu_cfg__struct.h
[0.542s] -- Up-to-date symlink: /app/install/vel_saltis_services/include/vel_saltis_services/vel_saltis_services/srv/detail/get_imu_cfg__type_support.h
[0.542s] -- Up-to-date symlink: /app/install/vel_saltis_services/include/vel_saltis_services/vel_saltis_services/srv/detail/get_motor_cfg__functions.h
[0.542s] -- Up-to-date symlink: /app/install/vel_saltis_services/include/vel_saltis_services/vel_saltis_services/srv/detail/get_motor_cfg__struct.h
[0.542s] -- Up-to-date symlink: /app/install/vel_saltis_services/include/vel_saltis_services/vel_saltis_services/srv/detail/get_motor_cfg__type_support.h
[0.542s] -- Up-to-date symlink: /app/install/vel_saltis_services/include/vel_saltis_services/vel_saltis_services/srv/detail/get_pidcfg__functions.h
[0.542s] -- Up-to-date symlink: /app/install/vel_saltis_services/include/vel_saltis_services/vel_saltis_services/srv/detail/get_pidcfg__struct.h
[0.542s] -- Up-to-date symlink: /app/install/vel_saltis_services/include/vel_saltis_services/vel_saltis_services/srv/detail/get_pidcfg__type_support.h
[0.542s] -- Up-to-date symlink: /app/install/vel_saltis_services/include/vel_saltis_services/vel_saltis_services/srv/detail/get_servo_cfg__functions.h
[0.543s] -- Up-to-date symlink: /app/install/vel_saltis_services/include/vel_saltis_services/vel_saltis_services/srv/detail/get_servo_cfg__struct.h
[0.543s] -- Up-to-date symlink: /app/install/vel_saltis_services/include/vel_saltis_services/vel_saltis_services/srv/detail/get_servo_cfg__type_support.h
[0.543s] -- Up-to-date symlink: /app/install/vel_saltis_services/include/vel_saltis_services/vel_saltis_services/srv/detail/set_fusion_cfg__functions.h
[0.543s] -- Up-to-date symlink: /app/install/vel_saltis_services/include/vel_saltis_services/vel_saltis_services/srv/detail/set_fusion_cfg__struct.h
[0.543s] -- Up-to-date symlink: /app/install/vel_saltis_services/include/vel_saltis_services/vel_saltis_services/srv/detail/set_fusion_cfg__type_support.h
[0.543s] -- Up-to-date symlink: /app/install/vel_saltis_services/include/vel_saltis_services/vel_saltis_services/srv/detail/set_imu_cfg__functions.h
[0.543s] -- Up-to-date symlink: /app/install/vel_saltis_services/include/vel_saltis_services/vel_saltis_services/srv/detail/set_imu_cfg__struct.h
[0.543s] -- Up-to-date symlink: /app/install/vel_saltis_services/include/vel_saltis_services/vel_saltis_services/srv/detail/set_imu_cfg__type_support.h
[0.544s] -- Up-to-date symlink: /app/install/vel_saltis_services/include/vel_saltis_services/vel_saltis_services/srv/detail/set_motor_cfg__functions.h
[0.544s] -- Up-to-date symlink: /app/install/vel_saltis_services/include/vel_saltis_services/vel_saltis_services/srv/detail/set_motor_cfg__struct.h
[0.544s] -- Up-to-date symlink: /app/install/vel_saltis_services/include/vel_saltis_services/vel_saltis_services/srv/detail/set_motor_cfg__type_support.h
[0.544s] -- Up-to-date symlink: /app/install/vel_saltis_services/include/vel_saltis_services/vel_saltis_services/srv/detail/set_pidcfg__functions.h
[0.544s] -- Up-to-date symlink: /app/install/vel_saltis_services/include/vel_saltis_services/vel_saltis_services/srv/detail/set_pidcfg__struct.h
[0.544s] -- Up-to-date symlink: /app/install/vel_saltis_services/include/vel_saltis_services/vel_saltis_services/srv/detail/set_pidcfg__type_support.h
[0.544s] -- Up-to-date symlink: /app/install/vel_saltis_services/include/vel_saltis_services/vel_saltis_services/srv/detail/set_servo_cfg__functions.h
[0.545s] -- Up-to-date symlink: /app/install/vel_saltis_services/include/vel_saltis_services/vel_saltis_services/srv/detail/set_servo_cfg__struct.h
[0.545s] -- Up-to-date symlink: /app/install/vel_saltis_services/include/vel_saltis_services/vel_saltis_services/srv/detail/set_servo_cfg__type_support.h
[0.545s] -- Up-to-date symlink: /app/install/vel_saltis_services/include/vel_saltis_services/vel_saltis_services/srv/get_fusion_cfg.h
[0.545s] -- Up-to-date symlink: /app/install/vel_saltis_services/include/vel_saltis_services/vel_saltis_services/srv/get_imu_cfg.h
[0.545s] -- Up-to-date symlink: /app/install/vel_saltis_services/include/vel_saltis_services/vel_saltis_services/srv/get_motor_cfg.h
[0.545s] -- Up-to-date symlink: /app/install/vel_saltis_services/include/vel_saltis_services/vel_saltis_services/srv/get_pidcfg.h
[0.545s] -- Up-to-date symlink: /app/install/vel_saltis_services/include/vel_saltis_services/vel_saltis_services/srv/get_servo_cfg.h
[0.545s] -- Up-to-date symlink: /app/install/vel_saltis_services/include/vel_saltis_services/vel_saltis_services/srv/set_fusion_cfg.h
[0.545s] -- Up-to-date symlink: /app/install/vel_saltis_services/include/vel_saltis_services/vel_saltis_services/srv/set_imu_cfg.h
[0.545s] -- Up-to-date symlink: /app/install/vel_saltis_services/include/vel_saltis_services/vel_saltis_services/srv/set_motor_cfg.h
[0.546s] -- Up-to-date symlink: /app/install/vel_saltis_services/include/vel_saltis_services/vel_saltis_services/srv/set_pidcfg.h
[0.546s] -- Up-to-date symlink: /app/install/vel_saltis_services/include/vel_saltis_services/vel_saltis_services/srv/set_servo_cfg.h
[0.546s] -- Up-to-date symlink: /app/install/vel_saltis_services/share/vel_saltis_services/environment/library_path.sh
[0.546s] -- Up-to-date symlink: /app/install/vel_saltis_services/share/vel_saltis_services/environment/library_path.dsv
[0.546s] -- Up-to-date symlink: /app/install/vel_saltis_services/include/vel_saltis_services/vel_saltis_services/msg/detail/fusion_cfg__rosidl_typesupport_fastrtps_c.h
[0.547s] -- Up-to-date symlink: /app/install/vel_saltis_services/include/vel_saltis_services/vel_saltis_services/msg/detail/imu_cfg__rosidl_typesupport_fastrtps_c.h
[0.547s] -- Up-to-date symlink: /app/install/vel_saltis_services/include/vel_saltis_services/vel_saltis_services/msg/detail/motor_cfg__rosidl_typesupport_fastrtps_c.h
[0.547s] -- Up-to-date symlink: /app/install/vel_saltis_services/include/vel_saltis_services/vel_saltis_services/msg/detail/pidcfg__rosidl_typesupport_fastrtps_c.h
[0.547s] -- Up-to-date symlink: /app/install/vel_saltis_services/include/vel_saltis_services/vel_saltis_services/msg/detail/servo_cfg__rosidl_typesupport_fastrtps_c.h
[0.547s] -- Up-to-date symlink: /app/install/vel_saltis_services/include/vel_saltis_services/vel_saltis_services/msg/rosidl_typesupport_fastrtps_c__visibility_control.h
[0.547s] -- Up-to-date symlink: /app/install/vel_saltis_services/include/vel_saltis_services/vel_saltis_services/srv/detail/get_fusion_cfg__rosidl_typesupport_fastrtps_c.h
[0.549s] -- Up-to-date symlink: /app/install/vel_saltis_services/include/vel_saltis_services/vel_saltis_services/srv/detail/get_imu_cfg__rosidl_typesupport_fastrtps_c.h
[0.549s] -- Up-to-date symlink: /app/install/vel_saltis_services/include/vel_saltis_services/vel_saltis_services/srv/detail/get_motor_cfg__rosidl_typesupport_fastrtps_c.h
[0.550s] -- Up-to-date symlink: /app/install/vel_saltis_services/include/vel_saltis_services/vel_saltis_services/srv/detail/get_pidcfg__rosidl_typesupport_fastrtps_c.h
[0.550s] -- Up-to-date symlink: /app/install/vel_saltis_services/include/vel_saltis_services/vel_saltis_services/srv/detail/get_servo_cfg__rosidl_typesupport_fastrtps_c.h
[0.550s] -- Up-to-date symlink: /app/install/vel_saltis_services/include/vel_saltis_services/vel_saltis_services/srv/detail/set_fusion_cfg__rosidl_typesupport_fastrtps_c.h
[0.550s] -- Up-to-date symlink: /app/install/vel_saltis_services/include/vel_saltis_services/vel_saltis_services/srv/detail/set_imu_cfg__rosidl_typesupport_fastrtps_c.h
[0.550s] -- Up-to-date symlink: /app/install/vel_saltis_services/include/vel_saltis_services/vel_saltis_services/srv/detail/set_motor_cfg__rosidl_typesupport_fastrtps_c.h
[0.550s] -- Up-to-date symlink: /app/install/vel_saltis_services/include/vel_saltis_services/vel_saltis_services/srv/detail/set_pidcfg__rosidl_typesupport_fastrtps_c.h
[0.550s] -- Up-to-date symlink: /app/install/vel_saltis_services/include/vel_saltis_services/vel_saltis_services/srv/detail/set_servo_cfg__rosidl_typesupport_fastrtps_c.h
[0.550s] -- Up-to-date symlink: /app/install/vel_saltis_services/include/vel_saltis_services/vel_saltis_services/msg/detail/fusion_cfg__builder.hpp
[0.550s] -- Up-to-date symlink: /app/install/vel_saltis_services/include/vel_saltis_services/vel_saltis_services/msg/detail/fusion_cfg__struct.hpp
[0.550s] -- Up-to-date symlink: /app/install/vel_saltis_services/include/vel_saltis_services/vel_saltis_services/msg/detail/fusion_cfg__traits.hpp
[0.551s] -- Up-to-date symlink: /app/install/vel_saltis_services/include/vel_saltis_services/vel_saltis_services/msg/detail/fusion_cfg__type_support.hpp
[0.551s] -- Up-to-date symlink: /app/install/vel_saltis_services/include/vel_saltis_services/vel_saltis_services/msg/detail/imu_cfg__builder.hpp
[0.551s] -- Up-to-date symlink: /app/install/vel_saltis_services/include/vel_saltis_services/vel_saltis_services/msg/detail/imu_cfg__struct.hpp
[0.551s] -- Up-to-date symlink: /app/install/vel_saltis_services/include/vel_saltis_services/vel_saltis_services/msg/detail/imu_cfg__traits.hpp
[0.552s] -- Up-to-date symlink: /app/install/vel_saltis_services/include/vel_saltis_services/vel_saltis_services/msg/detail/imu_cfg__type_support.hpp
[0.552s] -- Up-to-date symlink: /app/install/vel_saltis_services/include/vel_saltis_services/vel_saltis_services/msg/detail/motor_cfg__builder.hpp
[0.552s] -- Up-to-date symlink: /app/install/vel_saltis_services/include/vel_saltis_services/vel_saltis_services/msg/detail/motor_cfg__struct.hpp
[0.552s] -- Up-to-date symlink: /app/install/vel_saltis_services/include/vel_saltis_services/vel_saltis_services/msg/detail/motor_cfg__traits.hpp
[0.552s] -- Up-to-date symlink: /app/install/vel_saltis_services/include/vel_saltis_services/vel_saltis_services/msg/detail/motor_cfg__type_support.hpp
[0.552s] -- Up-to-date symlink: /app/install/vel_saltis_services/include/vel_saltis_services/vel_saltis_services/msg/detail/pidcfg__builder.hpp
[0.552s] -- Up-to-date symlink: /app/install/vel_saltis_services/include/vel_saltis_services/vel_saltis_services/msg/detail/pidcfg__struct.hpp
[0.553s] -- Up-to-date symlink: /app/install/vel_saltis_services/include/vel_saltis_services/vel_saltis_services/msg/detail/pidcfg__traits.hpp
[0.553s] -- Up-to-date symlink: /app/install/vel_saltis_services/include/vel_saltis_services/vel_saltis_services/msg/detail/pidcfg__type_support.hpp
[0.553s] -- Up-to-date symlink: /app/install/vel_saltis_services/include/vel_saltis_services/vel_saltis_services/msg/detail/servo_cfg__builder.hpp
[0.553s] -- Up-to-date symlink: /app/install/vel_saltis_services/include/vel_saltis_services/vel_saltis_services/msg/detail/servo_cfg__struct.hpp
[0.553s] -- Up-to-date symlink: /app/install/vel_saltis_services/include/vel_saltis_services/vel_saltis_services/msg/detail/servo_cfg__traits.hpp
[0.553s] -- Up-to-date symlink: /app/install/vel_saltis_services/include/vel_saltis_services/vel_saltis_services/msg/detail/servo_cfg__type_support.hpp
[0.553s] -- Up-to-date symlink: /app/install/vel_saltis_services/include/vel_saltis_services/vel_saltis_services/msg/fusion_cfg.hpp
[0.553s] -- Up-to-date symlink: /app/install/vel_saltis_services/include/vel_saltis_services/vel_saltis_services/msg/imu_cfg.hpp
[0.553s] -- Up-to-date symlink: /app/install/vel_saltis_services/include/vel_saltis_services/vel_saltis_services/msg/motor_cfg.hpp
[0.554s] -- Up-to-date symlink: /app/install/vel_saltis_services/include/vel_saltis_services/vel_saltis_services/msg/pidcfg.hpp
[0.554s] -- Up-to-date symlink: /app/install/vel_saltis_services/include/vel_saltis_services/vel_saltis_services/msg/rosidl_generator_cpp__visibility_control.hpp
[0.555s] -- Up-to-date symlink: /app/install/vel_saltis_services/include/vel_saltis_services/vel_saltis_services/msg/servo_cfg.hpp
[0.555s] -- Up-to-date symlink: /app/install/vel_saltis_services/include/vel_saltis_services/vel_saltis_services/srv/detail/get_fusion_cfg__builder.hpp
[0.555s] -- Up-to-date symlink: /app/install/vel_saltis_services/include/vel_saltis_services/vel_saltis_services/srv/detail/get_fusion_cfg__struct.hpp
[0.555s] -- Up-to-date symlink: /app/install/vel_saltis_services/include/vel_saltis_services/vel_saltis_services/srv/detail/get_fusion_cfg__traits.hpp
[0.555s] -- Up-to-date symlink: /app/install/vel_saltis_services/include/vel_saltis_services/vel_saltis_services/srv/detail/get_fusion_cfg__type_support.hpp
[0.555s] -- Up-to-date symlink: /app/install/vel_saltis_services/include/vel_saltis_services/vel_saltis_services/srv/detail/get_imu_cfg__builder.hpp
[0.555s] -- Up-to-date symlink: /app/install/vel_saltis_services/include/vel_saltis_services/vel_saltis_services/srv/detail/get_imu_cfg__struct.hpp
[0.555s] -- Up-to-date symlink: /app/install/vel_saltis_services/include/vel_saltis_services/vel_saltis_services/srv/detail/get_imu_cfg__traits.hpp
[0.555s] -- Up-to-date symlink: /app/install/vel_saltis_services/include/vel_saltis_services/vel_saltis_services/srv/detail/get_imu_cfg__type_support.hpp
[0.555s] -- Up-to-date symlink: /app/install/vel_saltis_services/include/vel_saltis_services/vel_saltis_services/srv/detail/get_motor_cfg__builder.hpp
[0.557s] -- Up-to-date symlink: /app/install/vel_saltis_services/include/vel_saltis_services/vel_saltis_services/srv/detail/get_motor_cfg__struct.hpp
[0.557s] -- Up-to-date symlink: /app/install/vel_saltis_services/include/vel_saltis_services/vel_saltis_services/srv/detail/get_motor_cfg__traits.hpp
[0.557s] -- Up-to-date symlink: /app/install/vel_saltis_services/include/vel_saltis_services/vel_saltis_services/srv/detail/get_motor_cfg__type_support.hpp
[0.557s] -- Up-to-date symlink: /app/install/vel_saltis_services/include/vel_saltis_services/vel_saltis_services/srv/detail/get_pidcfg__builder.hpp
[0.557s] -- Up-to-date symlink: /app/install/vel_saltis_services/include/vel_saltis_services/vel_saltis_services/srv/detail/get_pidcfg__struct.hpp
[0.557s] -- Up-to-date symlink: /app/install/vel_saltis_services/include/vel_saltis_services/vel_saltis_services/srv/detail/get_pidcfg__traits.hpp
[0.557s] -- Up-to-date symlink: /app/install/vel_saltis_services/include/vel_saltis_services/vel_saltis_services/srv/detail/get_pidcfg__type_support.hpp
[0.557s] -- Up-to-date symlink: /app/install/vel_saltis_services/include/vel_saltis_services/vel_saltis_services/srv/detail/get_servo_cfg__builder.hpp
[0.557s] -- Up-to-date symlink: /app/install/vel_saltis_services/include/vel_saltis_services/vel_saltis_services/srv/detail/get_servo_cfg__struct.hpp
[0.557s] -- Up-to-date symlink: /app/install/vel_saltis_services/include/vel_saltis_services/vel_saltis_services/srv/detail/get_servo_cfg__traits.hpp
[0.557s] -- Up-to-date symlink: /app/install/vel_saltis_services/include/vel_saltis_services/vel_saltis_services/srv/detail/get_servo_cfg__type_support.hpp
[0.557s] -- Up-to-date symlink: /app/install/vel_saltis_services/include/vel_saltis_services/vel_saltis_services/srv/detail/set_fusion_cfg__builder.hpp
[0.557s] -- Up-to-date symlink: /app/install/vel_saltis_services/include/vel_saltis_services/vel_saltis_services/srv/detail/set_fusion_cfg__struct.hpp
[0.557s] -- Up-to-date symlink: /app/install/vel_saltis_services/include/vel_saltis_services/vel_saltis_services/srv/detail/set_fusion_cfg__traits.hpp
[0.557s] -- Up-to-date symlink: /app/install/vel_saltis_services/include/vel_saltis_services/vel_saltis_services/srv/detail/set_fusion_cfg__type_support.hpp
[0.557s] -- Up-to-date symlink: /app/install/vel_saltis_services/include/vel_saltis_services/vel_saltis_services/srv/detail/set_imu_cfg__builder.hpp
[0.558s] -- Up-to-date symlink: /app/install/vel_saltis_services/include/vel_saltis_services/vel_saltis_services/srv/detail/set_imu_cfg__struct.hpp
[0.558s] -- Up-to-date symlink: /app/install/vel_saltis_services/include/vel_saltis_services/vel_saltis_services/srv/detail/set_imu_cfg__traits.hpp
[0.558s] -- Up-to-date symlink: /app/install/vel_saltis_services/include/vel_saltis_services/vel_saltis_services/srv/detail/set_imu_cfg__type_support.hpp
[0.558s] -- Up-to-date symlink: /app/install/vel_saltis_services/include/vel_saltis_services/vel_saltis_services/srv/detail/set_motor_cfg__builder.hpp
[0.558s] -- Up-to-date symlink: /app/install/vel_saltis_services/include/vel_saltis_services/vel_saltis_services/srv/detail/set_motor_cfg__struct.hpp
[0.558s] -- Up-to-date symlink: /app/install/vel_saltis_services/include/vel_saltis_services/vel_saltis_services/srv/detail/set_motor_cfg__traits.hpp
[0.558s] -- Up-to-date symlink: /app/install/vel_saltis_services/include/vel_saltis_services/vel_saltis_services/srv/detail/set_motor_cfg__type_support.hpp
[0.558s] -- Up-to-date symlink: /app/install/vel_saltis_services/include/vel_saltis_services/vel_saltis_services/srv/detail/set_pidcfg__builder.hpp
[0.558s] -- Up-to-date symlink: /app/install/vel_saltis_services/include/vel_saltis_services/vel_saltis_services/srv/detail/set_pidcfg__struct.hpp
[0.558s] -- Up-to-date symlink: /app/install/vel_saltis_services/include/vel_saltis_services/vel_saltis_services/srv/detail/set_pidcfg__traits.hpp
[0.558s] -- Up-to-date symlink: /app/install/vel_saltis_services/include/vel_saltis_services/vel_saltis_services/srv/detail/set_pidcfg__type_support.hpp
[0.558s] -- Up-to-date symlink: /app/install/vel_saltis_services/include/vel_saltis_services/vel_saltis_services/srv/detail/set_servo_cfg__builder.hpp
[0.558s] -- Up-to-date symlink: /app/install/vel_saltis_services/include/vel_saltis_services/vel_saltis_services/srv/detail/set_servo_cfg__struct.hpp
[0.558s] -- Up-to-date symlink: /app/install/vel_saltis_services/include/vel_saltis_services/vel_saltis_services/srv/detail/set_servo_cfg__traits.hpp
[0.559s] -- Up-to-date symlink: /app/install/vel_saltis_services/include/vel_saltis_services/vel_saltis_services/srv/detail/set_servo_cfg__type_support.hpp
[0.559s] -- Up-to-date symlink: /app/install/vel_saltis_services/include/vel_saltis_services/vel_saltis_services/srv/get_fusion_cfg.hpp
[0.559s] -- Up-to-date symlink: /app/install/vel_saltis_services/include/vel_saltis_services/vel_saltis_services/srv/get_imu_cfg.hpp
[0.559s] -- Up-to-date symlink: /app/install/vel_saltis_services/include/vel_saltis_services/vel_saltis_services/srv/get_motor_cfg.hpp
[0.559s] -- Up-to-date symlink: /app/install/vel_saltis_services/include/vel_saltis_services/vel_saltis_services/srv/get_pidcfg.hpp
[0.559s] -- Up-to-date symlink: /app/install/vel_saltis_services/include/vel_saltis_services/vel_saltis_services/srv/get_servo_cfg.hpp
[0.560s] -- Up-to-date symlink: /app/install/vel_saltis_services/include/vel_saltis_services/vel_saltis_services/srv/set_fusion_cfg.hpp
[0.560s] -- Up-to-date symlink: /app/install/vel_saltis_services/include/vel_saltis_services/vel_saltis_services/srv/set_imu_cfg.hpp
[0.560s] -- Up-to-date symlink: /app/install/vel_saltis_services/include/vel_saltis_services/vel_saltis_services/srv/set_motor_cfg.hpp
[0.560s] -- Up-to-date symlink: /app/install/vel_saltis_services/include/vel_saltis_services/vel_saltis_services/srv/set_pidcfg.hpp
[0.560s] -- Up-to-date symlink: /app/install/vel_saltis_services/include/vel_saltis_services/vel_saltis_services/srv/set_servo_cfg.hpp
[0.561s] -- Up-to-date symlink: /app/install/vel_saltis_services/include/vel_saltis_services/vel_saltis_services/msg/detail/fusion_cfg__rosidl_typesupport_fastrtps_cpp.hpp
[0.561s] -- Up-to-date symlink: /app/install/vel_saltis_services/include/vel_saltis_services/vel_saltis_services/msg/detail/imu_cfg__rosidl_typesupport_fastrtps_cpp.hpp
[0.561s] -- Up-to-date symlink: /app/install/vel_saltis_services/include/vel_saltis_services/vel_saltis_services/msg/detail/motor_cfg__rosidl_typesupport_fastrtps_cpp.hpp
[0.561s] -- Up-to-date symlink: /app/install/vel_saltis_services/include/vel_saltis_services/vel_saltis_services/msg/detail/pidcfg__rosidl_typesupport_fastrtps_cpp.hpp
[0.561s] -- Up-to-date symlink: /app/install/vel_saltis_services/include/vel_saltis_services/vel_saltis_services/msg/detail/servo_cfg__rosidl_typesupport_fastrtps_cpp.hpp
[0.562s] -- Up-to-date symlink: /app/install/vel_saltis_services/include/vel_saltis_services/vel_saltis_services/msg/rosidl_typesupport_fastrtps_cpp__visibility_control.h
[0.562s] -- Up-to-date symlink: /app/install/vel_saltis_services/include/vel_saltis_services/vel_saltis_services/srv/detail/get_fusion_cfg__rosidl_typesupport_fastrtps_cpp.hpp
[0.562s] -- Up-to-date symlink: /app/install/vel_saltis_services/include/vel_saltis_services/vel_saltis_services/srv/detail/get_imu_cfg__rosidl_typesupport_fastrtps_cpp.hpp
[0.562s] -- Up-to-date symlink: /app/install/vel_saltis_services/include/vel_saltis_services/vel_saltis_services/srv/detail/get_motor_cfg__rosidl_typesupport_fastrtps_cpp.hpp
[0.562s] -- Up-to-date symlink: /app/install/vel_saltis_services/include/vel_saltis_services/vel_saltis_services/srv/detail/get_pidcfg__rosidl_typesupport_fastrtps_cpp.hpp
[0.562s] -- Up-to-date symlink: /app/install/vel_saltis_services/include/vel_saltis_services/vel_saltis_services/srv/detail/get_servo_cfg__rosidl_typesupport_fastrtps_cpp.hpp
[0.566s] -- Up-to-date symlink: /app/install/vel_saltis_services/include/vel_saltis_services/vel_saltis_services/srv/detail/set_fusion_cfg__rosidl_typesupport_fastrtps_cpp.hpp
[0.566s] -- Up-to-date symlink: /app/install/vel_saltis_services/include/vel_saltis_services/vel_saltis_services/srv/detail/set_imu_cfg__rosidl_typesupport_fastrtps_cpp.hpp
[0.566s] -- Up-to-date symlink: /app/install/vel_saltis_services/include/vel_saltis_services/vel_saltis_services/srv/detail/set_motor_cfg__rosidl_typesupport_fastrtps_cpp.hpp
[0.567s] -- Up-to-date symlink: /app/install/vel_saltis_services/include/vel_saltis_services/vel_saltis_services/srv/detail/set_pidcfg__rosidl_typesupport_fastrtps_cpp.hpp
[0.567s] -- Up-to-date symlink: /app/install/vel_saltis_services/include/vel_saltis_services/vel_saltis_services/srv/detail/set_servo_cfg__rosidl_typesupport_fastrtps_cpp.hpp
[0.567s] -- Up-to-date symlink: /app/install/vel_saltis_services/include/vel_saltis_services/vel_saltis_services/msg/detail/fusion_cfg__rosidl_typesupport_introspection_c.h
[0.567s] -- Up-to-date symlink: /app/install/vel_saltis_services/include/vel_saltis_services/vel_saltis_services/msg/detail/imu_cfg__rosidl_typesupport_introspection_c.h
[0.567s] -- Up-to-date symlink: /app/install/vel_saltis_services/include/vel_saltis_services/vel_saltis_services/msg/detail/motor_cfg__rosidl_typesupport_introspection_c.h
[0.567s] -- Up-to-date symlink: /app/install/vel_saltis_services/include/vel_saltis_services/vel_saltis_services/msg/detail/pidcfg__rosidl_typesupport_introspection_c.h
[0.567s] -- Up-to-date symlink: /app/install/vel_saltis_services/include/vel_saltis_services/vel_saltis_services/msg/detail/servo_cfg__rosidl_typesupport_introspection_c.h
[0.567s] -- Up-to-date symlink: /app/install/vel_saltis_services/include/vel_saltis_services/vel_saltis_services/msg/rosidl_typesupport_introspection_c__visibility_control.h
[0.567s] -- Up-to-date symlink: /app/install/vel_saltis_services/include/vel_saltis_services/vel_saltis_services/srv/detail/get_fusion_cfg__rosidl_typesupport_introspection_c.h
[0.567s] -- Up-to-date symlink: /app/install/vel_saltis_services/include/vel_saltis_services/vel_saltis_services/srv/detail/get_imu_cfg__rosidl_typesupport_introspection_c.h
[0.568s] -- Up-to-date symlink: /app/install/vel_saltis_services/include/vel_saltis_services/vel_saltis_services/srv/detail/get_motor_cfg__rosidl_typesupport_introspection_c.h
[0.568s] -- Up-to-date symlink: /app/install/vel_saltis_services/include/vel_saltis_services/vel_saltis_services/srv/detail/get_pidcfg__rosidl_typesupport_introspection_c.h
[0.568s] -- Up-to-date symlink: /app/install/vel_saltis_services/include/vel_saltis_services/vel_saltis_services/srv/detail/get_servo_cfg__rosidl_typesupport_introspection_c.h
[0.568s] -- Up-to-date symlink: /app/install/vel_saltis_services/include/vel_saltis_services/vel_saltis_services/srv/detail/set_fusion_cfg__rosidl_typesupport_introspection_c.h
[0.568s] -- Up-to-date symlink: /app/install/vel_saltis_services/include/vel_saltis_services/vel_saltis_services/srv/detail/set_imu_cfg__rosidl_typesupport_introspection_c.h
[0.568s] -- Up-to-date symlink: /app/install/vel_saltis_services/include/vel_saltis_services/vel_saltis_services/srv/detail/set_motor_cfg__rosidl_typesupport_introspection_c.h
[0.568s] -- Up-to-date symlink: /app/install/vel_saltis_services/include/vel_saltis_services/vel_saltis_services/srv/detail/set_pidcfg__rosidl_typesupport_introspection_c.h
[0.568s] -- Up-to-date symlink: /app/install/vel_saltis_services/include/vel_saltis_services/vel_saltis_services/srv/detail/set_servo_cfg__rosidl_typesupport_introspection_c.h
[0.568s] -- Up-to-date symlink: /app/install/vel_saltis_services/include/vel_saltis_services/vel_saltis_services/msg/detail/fusion_cfg__rosidl_typesupport_introspection_cpp.hpp
[0.568s] -- Up-to-date symlink: /app/install/vel_saltis_services/include/vel_saltis_services/vel_saltis_services/msg/detail/imu_cfg__rosidl_typesupport_introspection_cpp.hpp
[0.568s] -- Up-to-date symlink: /app/install/vel_saltis_services/include/vel_saltis_services/vel_saltis_services/msg/detail/motor_cfg__rosidl_typesupport_introspection_cpp.hpp
[0.568s] -- Up-to-date symlink: /app/install/vel_saltis_services/include/vel_saltis_services/vel_saltis_services/msg/detail/pidcfg__rosidl_typesupport_introspection_cpp.hpp
[0.568s] -- Up-to-date symlink: /app/install/vel_saltis_services/include/vel_saltis_services/vel_saltis_services/msg/detail/servo_cfg__rosidl_typesupport_introspection_cpp.hpp
[0.569s] -- Up-to-date symlink: /app/install/vel_saltis_services/include/vel_saltis_services/vel_saltis_services/srv/detail/get_fusion_cfg__rosidl_typesupport_introspection_cpp.hpp
[0.569s] -- Up-to-date symlink: /app/install/vel_saltis_services/include/vel_saltis_services/vel_saltis_services/srv/detail/get_imu_cfg__rosidl_typesupport_introspection_cpp.hpp
[0.570s] -- Up-to-date symlink: /app/install/vel_saltis_services/include/vel_saltis_services/vel_saltis_services/srv/detail/get_motor_cfg__rosidl_typesupport_introspection_cpp.hpp
[0.570s] -- Up-to-date symlink: /app/install/vel_saltis_services/include/vel_saltis_services/vel_saltis_services/srv/detail/get_pidcfg__rosidl_typesupport_introspection_cpp.hpp
[0.570s] -- Up-to-date symlink: /app/install/vel_saltis_services/include/vel_saltis_services/vel_saltis_services/srv/detail/get_servo_cfg__rosidl_typesupport_introspection_cpp.hpp
[0.570s] -- Up-to-date symlink: /app/install/vel_saltis_services/include/vel_saltis_services/vel_saltis_services/srv/detail/set_fusion_cfg__rosidl_typesupport_introspection_cpp.hpp
[0.570s] -- Up-to-date symlink: /app/install/vel_saltis_services/include/vel_saltis_services/vel_saltis_services/srv/detail/set_imu_cfg__rosidl_typesupport_introspection_cpp.hpp
[0.570s] -- Up-to-date symlink: /app/install/vel_saltis_services/include/vel_saltis_services/vel_saltis_services/srv/detail/set_motor_cfg__rosidl_typesupport_introspection_cpp.hpp
[0.570s] -- Up-to-date symlink: /app/install/vel_saltis_services/include/vel_saltis_services/vel_saltis_services/srv/detail/set_pidcfg__rosidl_typesupport_introspection_cpp.hpp
[0.571s] -- Up-to-date symlink: /app/install/vel_saltis_services/include/vel_saltis_services/vel_saltis_services/srv/detail/set_servo_cfg__rosidl_typesupport_introspection_cpp.hpp
[0.571s] -- Up-to-date symlink: /app/install/vel_saltis_services/share/vel_saltis_services/environment/pythonpath.sh
[0.571s] -- Up-to-date symlink: /app/install/vel_saltis_services/share/vel_saltis_services/environment/pythonpath.dsv
[0.571s] -- Up-to-date symlink: /app/install/vel_saltis_services/local/lib/python3.10/dist-packages/vel_saltis_services-0.8.0-py3.10.egg-info/PKG-INFO
[0.571s] -- Up-to-date symlink: /app/install/vel_saltis_services/local/lib/python3.10/dist-packages/vel_saltis_services-0.8.0-py3.10.egg-info/SOURCES.txt
[0.572s] -- Up-to-date symlink: /app/install/vel_saltis_services/local/lib/python3.10/dist-packages/vel_saltis_services-0.8.0-py3.10.egg-info/dependency_links.txt
[0.572s] -- Up-to-date symlink: /app/install/vel_saltis_services/local/lib/python3.10/dist-packages/vel_saltis_services-0.8.0-py3.10.egg-info/top_level.txt
[0.572s] -- Up-to-date symlink: /app/install/vel_saltis_services/local/lib/python3.10/dist-packages/vel_saltis_services/__init__.py
[0.572s] -- Up-to-date symlink: /app/install/vel_saltis_services/local/lib/python3.10/dist-packages/vel_saltis_services/_vel_saltis_services_s.ep.rosidl_typesupport_c.c
[0.572s] -- Up-to-date symlink: /app/install/vel_saltis_services/local/lib/python3.10/dist-packages/vel_saltis_services/_vel_saltis_services_s.ep.rosidl_typesupport_fastrtps_c.c
[0.572s] -- Up-to-date symlink: /app/install/vel_saltis_services/local/lib/python3.10/dist-packages/vel_saltis_services/_vel_saltis_services_s.ep.rosidl_typesupport_introspection_c.c
[0.572s] -- Up-to-date symlink: /app/install/vel_saltis_services/local/lib/python3.10/dist-packages/vel_saltis_services/libvel_saltis_services__rosidl_generator_py.so
[0.573s] -- Up-to-date symlink: /app/install/vel_saltis_services/local/lib/python3.10/dist-packages/vel_saltis_services/msg/__init__.py
[0.573s] -- Up-to-date symlink: /app/install/vel_saltis_services/local/lib/python3.10/dist-packages/vel_saltis_services/msg/_fusion_cfg.py
[0.573s] -- Up-to-date symlink: /app/install/vel_saltis_services/local/lib/python3.10/dist-packages/vel_saltis_services/msg/_fusion_cfg_s.c
[0.573s] -- Up-to-date symlink: /app/install/vel_saltis_services/local/lib/python3.10/dist-packages/vel_saltis_services/msg/_imu_cfg.py
[0.573s] -- Up-to-date symlink: /app/install/vel_saltis_services/local/lib/python3.10/dist-packages/vel_saltis_services/msg/_imu_cfg_s.c
[0.573s] -- Up-to-date symlink: /app/install/vel_saltis_services/local/lib/python3.10/dist-packages/vel_saltis_services/msg/_motor_cfg.py
[0.573s] -- Up-to-date symlink: /app/install/vel_saltis_services/local/lib/python3.10/dist-packages/vel_saltis_services/msg/_motor_cfg_s.c
[0.574s] -- Up-to-date symlink: /app/install/vel_saltis_services/local/lib/python3.10/dist-packages/vel_saltis_services/msg/_pidcfg.py
[0.574s] -- Up-to-date symlink: /app/install/vel_saltis_services/local/lib/python3.10/dist-packages/vel_saltis_services/msg/_pidcfg_s.c
[0.574s] -- Up-to-date symlink: /app/install/vel_saltis_services/local/lib/python3.10/dist-packages/vel_saltis_services/msg/_servo_cfg.py
[0.574s] -- Up-to-date symlink: /app/install/vel_saltis_services/local/lib/python3.10/dist-packages/vel_saltis_services/msg/_servo_cfg_s.c
[0.574s] -- Up-to-date symlink: /app/install/vel_saltis_services/local/lib/python3.10/dist-packages/vel_saltis_services/srv/__init__.py
[0.574s] -- Up-to-date symlink: /app/install/vel_saltis_services/local/lib/python3.10/dist-packages/vel_saltis_services/srv/_get_fusion_cfg.py
[0.574s] -- Up-to-date symlink: /app/install/vel_saltis_services/local/lib/python3.10/dist-packages/vel_saltis_services/srv/_get_fusion_cfg_s.c
[0.574s] -- Up-to-date symlink: /app/install/vel_saltis_services/local/lib/python3.10/dist-packages/vel_saltis_services/srv/_get_imu_cfg.py
[0.574s] -- Up-to-date symlink: /app/install/vel_saltis_services/local/lib/python3.10/dist-packages/vel_saltis_services/srv/_get_imu_cfg_s.c
[0.575s] -- Up-to-date symlink: /app/install/vel_saltis_services/local/lib/python3.10/dist-packages/vel_saltis_services/srv/_get_motor_cfg.py
[0.575s] -- Up-to-date symlink: /app/install/vel_saltis_services/local/lib/python3.10/dist-packages/vel_saltis_services/srv/_get_motor_cfg_s.c
[0.575s] -- Up-to-date symlink: /app/install/vel_saltis_services/local/lib/python3.10/dist-packages/vel_saltis_services/srv/_get_pidcfg.py
[0.575s] -- Up-to-date symlink: /app/install/vel_saltis_services/local/lib/python3.10/dist-packages/vel_saltis_services/srv/_get_pidcfg_s.c
[0.575s] -- Up-to-date symlink: /app/install/vel_saltis_services/local/lib/python3.10/dist-packages/vel_saltis_services/srv/_get_servo_cfg.py
[0.575s] -- Up-to-date symlink: /app/install/vel_saltis_services/local/lib/python3.10/dist-packages/vel_saltis_services/srv/_get_servo_cfg_s.c
[0.575s] -- Up-to-date symlink: /app/install/vel_saltis_services/local/lib/python3.10/dist-packages/vel_saltis_services/srv/_set_fusion_cfg.py
[0.575s] -- Up-to-date symlink: /app/install/vel_saltis_services/local/lib/python3.10/dist-packages/vel_saltis_services/srv/_set_fusion_cfg_s.c
[0.575s] -- Up-to-date symlink: /app/install/vel_saltis_services/local/lib/python3.10/dist-packages/vel_saltis_services/srv/_set_imu_cfg.py
[0.575s] -- Up-to-date symlink: /app/install/vel_saltis_services/local/lib/python3.10/dist-packages/vel_saltis_services/srv/_set_imu_cfg_s.c
[0.575s] -- Up-to-date symlink: /app/install/vel_saltis_services/local/lib/python3.10/dist-packages/vel_saltis_services/srv/_set_motor_cfg.py
[0.575s] -- Up-to-date symlink: /app/install/vel_saltis_services/local/lib/python3.10/dist-packages/vel_saltis_services/srv/_set_motor_cfg_s.c
[0.575s] -- Up-to-date symlink: /app/install/vel_saltis_services/local/lib/python3.10/dist-packages/vel_saltis_services/srv/_set_pidcfg.py
[0.575s] -- Up-to-date symlink: /app/install/vel_saltis_services/local/lib/python3.10/dist-packages/vel_saltis_services/srv/_set_pidcfg_s.c
[0.575s] -- Up-to-date symlink: /app/install/vel_saltis_services/local/lib/python3.10/dist-packages/vel_saltis_services/srv/_set_servo_cfg.py
[0.575s] -- Up-to-date symlink: /app/install/vel_saltis_services/local/lib/python3.10/dist-packages/vel_saltis_services/srv/_set_servo_cfg_s.c
[0.577s] -- Up-to-date symlink: /app/install/vel_saltis_services/local/lib/python3.10/dist-packages/vel_saltis_services/vel_saltis_services_s__rosidl_typesupport_c.cpython-310-x86_64-linux-gnu.so
[0.579s] -- Up-to-date symlink: /app/install/vel_saltis_services/local/lib/python3.10/dist-packages/vel_saltis_services/vel_saltis_services_s__rosidl_typesupport_fastrtps_c.cpython-310-x86_64-linux-gnu.so
[0.579s] -- Up-to-date symlink: /app/install/vel_saltis_services/local/lib/python3.10/dist-packages/vel_saltis_services/vel_saltis_services_s__rosidl_typesupport_introspection_c.cpython-310-x86_64-linux-gnu.so
[0.579s] -- Up-to-date symlink: /app/install/vel_saltis_services/local/lib/python3.10/dist-packages/vel_saltis_services/vel_saltis_services_s__rosidl_typesupport_fastrtps_c.cpython-310-x86_64-linux-gnu.so
[0.579s] -- Up-to-date symlink: /app/install/vel_saltis_services/local/lib/python3.10/dist-packages/vel_saltis_services/vel_saltis_services_s__rosidl_typesupport_introspection_c.cpython-310-x86_64-linux-gnu.so
[0.579s] -- Up-to-date symlink: /app/install/vel_saltis_services/local/lib/python3.10/dist-packages/vel_saltis_services/vel_saltis_services_s__rosidl_typesupport_c.cpython-310-x86_64-linux-gnu.so
[0.579s] -- Up-to-date symlink: /app/install/vel_saltis_services/share/ament_index/resource_index/rust_packages/vel_saltis_services
[0.579s] -- Up-to-date symlink: /app/install/vel_saltis_services/share/vel_saltis_services/rust/Cargo.toml
[0.579s] -- Up-to-date symlink: /app/install/vel_saltis_services/share/vel_saltis_services/rust/build.rs
[0.580s] -- Up-to-date symlink: /app/install/vel_saltis_services/share/vel_saltis_services/rust/src/lib.rs
[0.580s] -- Up-to-date symlink: /app/install/vel_saltis_services/share/vel_saltis_services/rust/src/msg.rs
[0.580s] -- Up-to-date symlink: /app/install/vel_saltis_services/share/vel_saltis_services/rust/src/msg/rmw.rs
[0.580s] -- Up-to-date symlink: /app/install/vel_saltis_services/share/vel_saltis_services/rust/src/srv.rs
[0.580s] -- Up-to-date symlink: /app/install/vel_saltis_services/share/vel_saltis_services/rust/src/srv/rmw.rs
[0.580s] -- Up-to-date symlink: /app/install/vel_saltis_services/share/vel_saltis_services/msg/ImuCFG.idl
[0.580s] -- Up-to-date symlink: /app/install/vel_saltis_services/share/vel_saltis_services/msg/FusionCFG.idl
[0.580s] -- Up-to-date symlink: /app/install/vel_saltis_services/share/vel_saltis_services/msg/MotorCFG.idl
[0.581s] -- Up-to-date symlink: /app/install/vel_saltis_services/share/vel_saltis_services/msg/PIDCFG.idl
[0.581s] -- Up-to-date symlink: /app/install/vel_saltis_services/share/vel_saltis_services/msg/ServoCFG.idl
[0.581s] -- Up-to-date symlink: /app/install/vel_saltis_services/share/vel_saltis_services/srv/GetFusionCFG.idl
[0.581s] -- Up-to-date symlink: /app/install/vel_saltis_services/share/vel_saltis_services/srv/SetFusionCFG.idl
[0.581s] -- Up-to-date symlink: /app/install/vel_saltis_services/share/vel_saltis_services/srv/GetImuCFG.idl
[0.581s] -- Up-to-date symlink: /app/install/vel_saltis_services/share/vel_saltis_services/srv/SetImuCFG.idl
[0.581s] -- Up-to-date symlink: /app/install/vel_saltis_services/share/vel_saltis_services/srv/GetMotorCFG.idl
[0.581s] -- Up-to-date symlink: /app/install/vel_saltis_services/share/vel_saltis_services/srv/SetMotorCFG.idl
[0.581s] -- Up-to-date symlink: /app/install/vel_saltis_services/share/vel_saltis_services/srv/GetPIDCFG.idl
[0.581s] -- Up-to-date symlink: /app/install/vel_saltis_services/share/vel_saltis_services/srv/SetPIDCFG.idl
[0.581s] -- Up-to-date symlink: /app/install/vel_saltis_services/share/vel_saltis_services/srv/GetServoCFG.idl
[0.581s] -- Up-to-date symlink: /app/install/vel_saltis_services/share/vel_saltis_services/srv/SetServoCFG.idl
[0.581s] -- Up-to-date symlink: /app/install/vel_saltis_services/share/vel_saltis_services/msg/ImuCFG.msg
[0.581s] -- Up-to-date symlink: /app/install/vel_saltis_services/share/vel_saltis_services/msg/FusionCFG.msg
[0.581s] -- Up-to-date symlink: /app/install/vel_saltis_services/share/vel_saltis_services/msg/MotorCFG.msg
[0.581s] -- Up-to-date symlink: /app/install/vel_saltis_services/share/vel_saltis_services/msg/PIDCFG.msg
[0.581s] -- Up-to-date symlink: /app/install/vel_saltis_services/share/vel_saltis_services/msg/ServoCFG.msg
[0.581s] -- Up-to-date symlink: /app/install/vel_saltis_services/share/vel_saltis_services/srv/GetFusionCFG.srv
[0.581s] -- Up-to-date symlink: /app/install/vel_saltis_services/share/vel_saltis_services/srv/GetFusionCFG_Request.msg
[0.581s] -- Up-to-date symlink: /app/install/vel_saltis_services/share/vel_saltis_services/srv/GetFusionCFG_Response.msg
[0.582s] -- Up-to-date symlink: /app/install/vel_saltis_services/share/vel_saltis_services/srv/SetFusionCFG.srv
[0.582s] -- Up-to-date symlink: /app/install/vel_saltis_services/share/vel_saltis_services/srv/SetFusionCFG_Request.msg
[0.582s] -- Up-to-date symlink: /app/install/vel_saltis_services/share/vel_saltis_services/srv/SetFusionCFG_Response.msg
[0.582s] -- Up-to-date symlink: /app/install/vel_saltis_services/share/vel_saltis_services/srv/GetImuCFG.srv
[0.582s] -- Up-to-date symlink: /app/install/vel_saltis_services/share/vel_saltis_services/srv/GetImuCFG_Request.msg
[0.582s] -- Up-to-date symlink: /app/install/vel_saltis_services/share/vel_saltis_services/srv/GetImuCFG_Response.msg
[0.582s] -- Up-to-date symlink: /app/install/vel_saltis_services/share/vel_saltis_services/srv/SetImuCFG.srv
[0.582s] -- Up-to-date symlink: /app/install/vel_saltis_services/share/vel_saltis_services/srv/SetImuCFG_Request.msg
[0.582s] -- Up-to-date symlink: /app/install/vel_saltis_services/share/vel_saltis_services/srv/SetImuCFG_Response.msg
[0.582s] -- Up-to-date symlink: /app/install/vel_saltis_services/share/vel_saltis_services/srv/GetMotorCFG.srv
[0.582s] -- Up-to-date symlink: /app/install/vel_saltis_services/share/vel_saltis_services/srv/GetMotorCFG_Request.msg
[0.582s] -- Up-to-date symlink: /app/install/vel_saltis_services/share/vel_saltis_services/srv/GetMotorCFG_Response.msg
[0.582s] -- Up-to-date symlink: /app/install/vel_saltis_services/share/vel_saltis_services/srv/SetMotorCFG.srv
[0.582s] -- Up-to-date symlink: /app/install/vel_saltis_services/share/vel_saltis_services/srv/SetMotorCFG_Request.msg
[0.583s] -- Up-to-date symlink: /app/install/vel_saltis_services/share/vel_saltis_services/srv/SetMotorCFG_Response.msg
[0.583s] -- Up-to-date symlink: /app/install/vel_saltis_services/share/vel_saltis_services/srv/GetPIDCFG.srv
[0.583s] -- Up-to-date symlink: /app/install/vel_saltis_services/share/vel_saltis_services/srv/GetPIDCFG_Request.msg
[0.583s] -- Up-to-date symlink: /app/install/vel_saltis_services/share/vel_saltis_services/srv/GetPIDCFG_Response.msg
[0.583s] -- Up-to-date symlink: /app/install/vel_saltis_services/share/vel_saltis_services/srv/SetPIDCFG.srv
[0.583s] -- Up-to-date symlink: /app/install/vel_saltis_services/share/vel_saltis_services/srv/SetPIDCFG_Request.msg
[0.583s] -- Up-to-date symlink: /app/install/vel_saltis_services/share/vel_saltis_services/srv/SetPIDCFG_Response.msg
[0.583s] -- Up-to-date symlink: /app/install/vel_saltis_services/share/vel_saltis_services/srv/GetServoCFG.srv
[0.583s] -- Up-to-date symlink: /app/install/vel_saltis_services/share/vel_saltis_services/srv/GetServoCFG_Request.msg
[0.583s] -- Up-to-date symlink: /app/install/vel_saltis_services/share/vel_saltis_services/srv/GetServoCFG_Response.msg
[0.583s] -- Up-to-date symlink: /app/install/vel_saltis_services/share/vel_saltis_services/srv/SetServoCFG.srv
[0.583s] -- Up-to-date symlink: /app/install/vel_saltis_services/share/vel_saltis_services/srv/SetServoCFG_Request.msg
[0.583s] -- Up-to-date symlink: /app/install/vel_saltis_services/share/vel_saltis_services/srv/SetServoCFG_Response.msg
[0.583s] -- Up-to-date symlink: /app/install/vel_saltis_services/share/ament_index/resource_index/package_run_dependencies/vel_saltis_services
[0.583s] -- Up-to-date symlink: /app/install/vel_saltis_services/share/ament_index/resource_index/parent_prefix_path/vel_saltis_services
[0.583s] -- Up-to-date symlink: /app/install/vel_saltis_services/share/vel_saltis_services/environment/ament_prefix_path.sh
[0.583s] -- Up-to-date symlink: /app/install/vel_saltis_services/share/vel_saltis_services/environment/ament_prefix_path.dsv
[0.584s] -- Up-to-date symlink: /app/install/vel_saltis_services/share/vel_saltis_services/environment/path.sh
[0.584s] -- Up-to-date symlink: /app/install/vel_saltis_services/share/vel_saltis_services/environment/path.dsv
[0.584s] -- Up-to-date symlink: /app/install/vel_saltis_services/share/vel_saltis_services/local_setup.bash
[0.584s] -- Up-to-date symlink: /app/install/vel_saltis_services/share/vel_saltis_services/local_setup.sh
[0.584s] -- Up-to-date symlink: /app/install/vel_saltis_services/share/vel_saltis_services/local_setup.zsh
[0.584s] -- Up-to-date symlink: /app/install/vel_saltis_services/share/vel_saltis_services/local_setup.dsv
[0.584s] -- Symlinking: /app/install/vel_saltis_services/share/vel_saltis_services/package.dsv
[0.594s] -- Up-to-date symlink: /app/install/vel_saltis_services/share/ament_index/resource_index/packages/vel_saltis_services
[0.594s] -- Up-to-date symlink: /app/install/vel_saltis_services/share/vel_saltis_services/cmake/rosidl_cmake-extras.cmake
[0.594s] -- Up-to-date symlink: /app/install/vel_saltis_services/share/vel_saltis_services/cmake/ament_cmake_export_dependencies-extras.cmake
[0.595s] -- Up-to-date symlink: /app/install/vel_saltis_services/share/vel_saltis_services/cmake/ament_cmake_export_include_directories-extras.cmake
[0.595s] -- Up-to-date symlink: /app/install/vel_saltis_services/share/vel_saltis_services/cmake/ament_cmake_export_libraries-extras.cmake
[0.596s] -- Up-to-date symlink: /app/install/vel_saltis_services/share/vel_saltis_services/cmake/ament_cmake_export_targets-extras.cmake
[0.596s] -- Up-to-date symlink: /app/install/vel_saltis_services/share/vel_saltis_services/cmake/rosidl_cmake_export_typesupport_targets-extras.cmake
[0.596s] -- Up-to-date symlink: /app/install/vel_saltis_services/share/vel_saltis_services/cmake/rosidl_cmake_export_typesupport_libraries-extras.cmake
[0.596s] -- Up-to-date symlink: /app/install/vel_saltis_services/share/vel_saltis_services/cmake/vel_saltis_servicesConfig.cmake
[0.596s] -- Up-to-date symlink: /app/install/vel_saltis_services/share/vel_saltis_services/cmake/vel_saltis_servicesConfig-version.cmake
[0.596s] -- Up-to-date symlink: /app/install/vel_saltis_services/share/vel_saltis_services/package.xml
[0.596s] -- Up-to-date: /app/install/vel_saltis_services/lib/libvel_saltis_services__rosidl_generator_c.so
[0.596s] -- Up-to-date: /app/install/vel_saltis_services/lib/libvel_saltis_services__rosidl_typesupport_fastrtps_c.so
[0.597s] -- Up-to-date: /app/install/vel_saltis_services/lib/libvel_saltis_services__rosidl_typesupport_fastrtps_cpp.so
[0.600s] -- Up-to-date: /app/install/vel_saltis_services/lib/libvel_saltis_services__rosidl_typesupport_introspection_c.so
[0.600s] -- Up-to-date: /app/install/vel_saltis_services/lib/libvel_saltis_services__rosidl_typesupport_c.so
[0.600s] -- Up-to-date: /app/install/vel_saltis_services/lib/libvel_saltis_services__rosidl_typesupport_introspection_cpp.so
[0.600s] -- Up-to-date: /app/install/vel_saltis_services/lib/libvel_saltis_services__rosidl_typesupport_cpp.so
[0.635s] Listing '/app/install/vel_saltis_services/local/lib/python3.10/dist-packages/vel_saltis_services'...
[0.635s] Listing '/app/install/vel_saltis_services/local/lib/python3.10/dist-packages/vel_saltis_services/msg'...
[0.635s] Listing '/app/install/vel_saltis_services/local/lib/python3.10/dist-packages/vel_saltis_services/srv'...
[0.640s] -- Up-to-date: /app/install/vel_saltis_services/lib/libvel_saltis_services__rosidl_generator_py.so
[0.641s] -- Up-to-date: /app/install/vel_saltis_services/share/vel_saltis_services/cmake/export_vel_saltis_services__rosidl_generator_cExport.cmake
[0.641s] -- Up-to-date: /app/install/vel_saltis_services/share/vel_saltis_services/cmake/export_vel_saltis_services__rosidl_generator_cExport-noconfig.cmake
[0.641s] -- Up-to-date: /app/install/vel_saltis_services/share/vel_saltis_services/cmake/export_vel_saltis_services__rosidl_typesupport_fastrtps_cExport.cmake
[0.641s] -- Up-to-date: /app/install/vel_saltis_services/share/vel_saltis_services/cmake/export_vel_saltis_services__rosidl_typesupport_fastrtps_cExport-noconfig.cmake
[0.641s] -- Up-to-date: /app/install/vel_saltis_services/share/vel_saltis_services/cmake/export_vel_saltis_services__rosidl_generator_cppExport.cmake
[0.641s] -- Up-to-date: /app/install/vel_saltis_services/share/vel_saltis_services/cmake/export_vel_saltis_services__rosidl_typesupport_fastrtps_cppExport.cmake
[0.641s] -- Up-to-date: /app/install/vel_saltis_services/share/vel_saltis_services/cmake/export_vel_saltis_services__rosidl_typesupport_fastrtps_cppExport-noconfig.cmake
[0.642s] -- Up-to-date: /app/install/vel_saltis_services/share/vel_saltis_services/cmake/vel_saltis_services__rosidl_typesupport_introspection_cExport.cmake
[0.642s] -- Up-to-date: /app/install/vel_saltis_services/share/vel_saltis_services/cmake/vel_saltis_services__rosidl_typesupport_introspection_cExport-noconfig.cmake
[0.642s] -- Up-to-date: /app/install/vel_saltis_services/share/vel_saltis_services/cmake/vel_saltis_services__rosidl_typesupport_cExport.cmake
[0.642s] -- Up-to-date: /app/install/vel_saltis_services/share/vel_saltis_services/cmake/vel_saltis_services__rosidl_typesupport_cExport-noconfig.cmake
[0.642s] -- Up-to-date: /app/install/vel_saltis_services/share/vel_saltis_services/cmake/vel_saltis_services__rosidl_typesupport_introspection_cppExport.cmake
[0.642s] -- Up-to-date: /app/install/vel_saltis_services/share/vel_saltis_services/cmake/vel_saltis_services__rosidl_typesupport_introspection_cppExport-noconfig.cmake
[0.642s] -- Up-to-date: /app/install/vel_saltis_services/share/vel_saltis_services/cmake/vel_saltis_services__rosidl_typesupport_cppExport.cmake
[0.642s] -- Up-to-date: /app/install/vel_saltis_services/share/vel_saltis_services/cmake/vel_saltis_services__rosidl_typesupport_cppExport-noconfig.cmake
[0.642s] -- Up-to-date: /app/install/vel_saltis_services/share/vel_saltis_services/cmake/export_vel_saltis_services__rosidl_generator_pyExport.cmake
[0.642s] -- Up-to-date: /app/install/vel_saltis_services/share/vel_saltis_services/cmake/export_vel_saltis_services__rosidl_generator_pyExport-noconfig.cmake
[0.653s] Invoked command in '/app/build/vel_saltis_services' returned '0': AMENT_PREFIX_PATH=/app/install/kapibara_interfaces:${AMENT_PREFIX_PATH} CMAKE_PREFIX_PATH=/app/install/kapibara_interfaces:/opt/ros/humble LD_LIBRARY_PATH=/app/install/kapibara_interfaces/lib:${LD_LIBRARY_PATH} PYTHONPATH=/app/install/kapibara_interfaces/local/lib/python3.10/dist-packages:${PYTHONPATH} /usr/bin/cmake --install /app/build/vel_saltis_services
