[0.039s] Invoking command in '/app/build/kapibara': AMENT_PREFIX_PATH=/app/install/kapibara_interfaces:${AMENT_PREFIX_PATH} CMAKE_PREFIX_PATH=/app/install/kapibara_interfaces:/opt/ros/humble LD_LIBRARY_PATH=/app/install/kapibara_interfaces/lib:${LD_LIBRARY_PATH} PYTHONPATH=/app/install/kapibara_interfaces/local/lib/python3.10/dist-packages:${PYTHONPATH} /usr/bin/cmake --build /app/build/kapibara -- -j12 -l12
[0.073s] -- Found ament_cmake: 1.3.14 (/opt/ros/humble/share/ament_cmake/cmake)
[0.304s] -- Override CMake install command with custom implementation using symlinks instead of copying resources
[0.314s] -- Found rclcpp: 16.0.19 (/opt/ros/humble/share/rclcpp/cmake)
[0.353s] -- Found rosidl_generator_c: 3.1.8 (/opt/ros/humble/share/rosidl_generator_c/cmake)
[0.353s] -- Found rosidl_adapter: 3.1.8 (/opt/ros/humble/share/rosidl_adapter/cmake)
[0.358s] -- Found rosidl_generator_cpp: 3.1.8 (/opt/ros/humble/share/rosidl_generator_cpp/cmake)
[0.371s] -- Using all available rosidl_typesupport_c: rosidl_typesupport_fastrtps_c;rosidl_typesupport_introspection_c
[0.381s] -- Using all available rosidl_typesupport_cpp: rosidl_typesupport_fastrtps_cpp;rosidl_typesupport_introspection_cpp
[0.406s] -- Found rmw_implementation_cmake: 6.1.2 (/opt/ros/humble/share/rmw_implementation_cmake/cmake)
[0.407s] -- Found rmw_fastrtps_cpp: 6.2.10 (/opt/ros/humble/share/rmw_fastrtps_cpp/cmake)
[0.530s] -- Using RMW implementation 'rmw_fastrtps_cpp' as default
[0.579s] -- Found rclpy: 3.3.21 (/opt/ros/humble/share/rclpy/cmake)
[0.579s] -- Found sensor_msgs: 4.9.1 (/opt/ros/humble/share/sensor_msgs/cmake)
[0.605s] -- Found kapibara_interfaces: 0.8.0 (/app/install/kapibara_interfaces/share/kapibara_interfaces/cmake)
[0.615s] -- Found nav_msgs: 4.9.1 (/opt/ros/humble/share/nav_msgs/cmake)
[0.641s] -- Found ament_lint_auto: 0.12.15 (/opt/ros/humble/share/ament_lint_auto/cmake)
[3.233s] -- Added test 'cppcheck' to perform static code analysis on C / C++ code
[3.233s] -- Configured cppcheck include dirs: /app/src/kapibara/include
[3.233s] -- Configured cppcheck exclude dirs and/or files: 
[3.533s] -- Added test 'flake8' to check Python code syntax and style conventions
[4.139s] -- Added test 'lint_cmake' to check CMake code style
[4.465s] -- Added test 'pep257' to check Python code against some of the docstring style conventions in PEP 257
[6.942s] -- Added test 'uncrustify' to check C / C++ code style
[6.942s] -- Configured uncrustify additional arguments: 
[7.278s] -- Added test 'xmllint' to check XML markup files
[7.280s] -- Configuring done
[7.292s] -- Generating done
[7.297s] -- Build files have been written to: /app/build/kapibara
[7.324s] [35m[1mConsolidate compiler generated dependencies of target atractor[0m
[7.343s] [  0%] Built target ament_cmake_python_symlink_kapibara
[7.344s] [100%] Built target atractor
[7.521s] running egg_info
[7.522s] writing kapibara.egg-info/PKG-INFO
[7.522s] writing dependency_links to kapibara.egg-info/dependency_links.txt
[7.522s] writing top-level names to kapibara.egg-info/top_level.txt
[7.523s] reading manifest file 'kapibara.egg-info/SOURCES.txt'
[7.524s] writing manifest file 'kapibara.egg-info/SOURCES.txt'
[7.549s] [100%] Built target ament_cmake_python_build_kapibara_egg
