[  2%] Built target modus_board_interfaces__rs
[  5%] Built target modus_board_interfaces__cpp
[ 15%] Built target modus_board_interfaces__rosidl_generator_c
[ 15%] Built target ament_cmake_python_symlink_modus_board_interfaces
[ 25%] Built target modus_board_interfaces__rosidl_typesupport_introspection_cpp
[ 35%] Built target modus_board_interfaces__rosidl_typesupport_fastrtps_cpp
[ 45%] Built target modus_board_interfaces__rosidl_typesupport_cpp
[ 55%] Built target modus_board_interfaces__rosidl_typesupport_c
[ 65%] Built target modus_board_interfaces__rosidl_typesupport_fastrtps_c
[ 75%] Built target modus_board_interfaces__rosidl_typesupport_introspection_c
[ 75%] Built target modus_board_interfaces
[ 77%] Built target modus_board_interfaces__py
[ 85%] Built target modus_board_interfaces__rosidl_generator_py
[ 95%] Built target modus_board_interfaces__rosidl_typesupport_fastrtps_c__pyext
[ 95%] Built target modus_board_interfaces__rosidl_typesupport_c__pyext
[100%] Built target modus_board_interfaces__rosidl_typesupport_introspection_c__pyext
running egg_info
writing modus_board_interfaces.egg-info/PKG-INFO
writing dependency_links to modus_board_interfaces.egg-info/dependency_links.txt
writing top-level names to modus_board_interfaces.egg-info/top_level.txt
reading manifest file 'modus_board_interfaces.egg-info/SOURCES.txt'
writing manifest file 'modus_board_interfaces.egg-info/SOURCES.txt'
[100%] Built target ament_cmake_python_build_modus_board_interfaces_egg
