[0.040s] Invoking command in '/app/build/modus_board_interfaces': AMENT_PREFIX_PATH=/app/install/kapibara_interfaces:${AMENT_PREFIX_PATH} CMAKE_PREFIX_PATH=/app/install/kapibara_interfaces:/opt/ros/humble LD_LIBRARY_PATH=/app/install/kapibara_interfaces/lib:${LD_LIBRARY_PATH} PYTHONPATH=/app/install/kapibara_interfaces/local/lib/python3.10/dist-packages:${PYTHONPATH} /usr/bin/cmake --build /app/build/modus_board_interfaces -- -j12 -l12
[0.122s] [  2%] Built target modus_board_interfaces__rs
[0.125s] [  5%] Built target modus_board_interfaces__cpp
[0.134s] [ 15%] Built target modus_board_interfaces__rosidl_generator_c
[0.139s] [ 15%] Built target ament_cmake_python_symlink_modus_board_interfaces
[0.179s] [ 25%] Built target modus_board_interfaces__rosidl_typesupport_introspection_cpp
[0.220s] [ 35%] Built target modus_board_interfaces__rosidl_typesupport_fastrtps_cpp
[0.230s] [ 45%] Built target modus_board_interfaces__rosidl_typesupport_cpp
[0.263s] [ 55%] Built target modus_board_interfaces__rosidl_typesupport_c
[0.265s] [ 65%] Built target modus_board_interfaces__rosidl_typesupport_fastrtps_c
[0.267s] [ 75%] Built target modus_board_interfaces__rosidl_typesupport_introspection_c
[0.287s] [ 75%] Built target modus_board_interfaces
[0.311s] [ 77%] Built target modus_board_interfaces__py
[0.343s] [ 85%] Built target modus_board_interfaces__rosidl_generator_py
[0.378s] [ 95%] Built target modus_board_interfaces__rosidl_typesupport_fastrtps_c__pyext
[0.378s] [ 95%] Built target modus_board_interfaces__rosidl_typesupport_c__pyext
[0.378s] [100%] Built target modus_board_interfaces__rosidl_typesupport_introspection_c__pyext
[0.413s] running egg_info
[0.414s] writing modus_board_interfaces.egg-info/PKG-INFO
[0.414s] writing dependency_links to modus_board_interfaces.egg-info/dependency_links.txt
[0.414s] writing top-level names to modus_board_interfaces.egg-info/top_level.txt
[0.417s] reading manifest file 'modus_board_interfaces.egg-info/SOURCES.txt'
[0.418s] writing manifest file 'modus_board_interfaces.egg-info/SOURCES.txt'
[0.450s] [100%] Built target ament_cmake_python_build_modus_board_interfaces_egg
