[0.032s] Invoking command in '/app/build/emotion_estimer': AMENT_PREFIX_PATH=/app/install/kapibara_interfaces:${AMENT_PREFIX_PATH} CMAKE_PREFIX_PATH=/app/install/kapibara_interfaces:/opt/ros/humble LD_LIBRARY_PATH=/app/install/kapibara_interfaces/lib:${LD_LIBRARY_PATH} PYTHONPATH=/app/install/kapibara_interfaces/local/lib/python3.10/dist-packages:${PYTHONPATH} /usr/bin/cmake --build /app/build/emotion_estimer -- -j12 -l12
[0.062s] -- Found ament_cmake: 1.3.14 (/opt/ros/humble/share/ament_cmake/cmake)
[0.264s] -- Override CMake install command with custom implementation using symlinks instead of copying resources
[0.269s] -- Found rclcpp: 16.0.19 (/opt/ros/humble/share/rclcpp/cmake)
[0.305s] -- Found rosidl_generator_c: 3.1.8 (/opt/ros/humble/share/rosidl_generator_c/cmake)
[0.308s] -- Found rosidl_adapter: 3.1.8 (/opt/ros/humble/share/rosidl_adapter/cmake)
[0.316s] -- Found rosidl_generator_cpp: 3.1.8 (/opt/ros/humble/share/rosidl_generator_cpp/cmake)
[0.328s] -- Using all available rosidl_typesupport_c: rosidl_typesupport_fastrtps_c;rosidl_typesupport_introspection_c
[0.345s] -- Using all available rosidl_typesupport_cpp: rosidl_typesupport_fastrtps_cpp;rosidl_typesupport_introspection_cpp
[0.379s] -- Found rmw_implementation_cmake: 6.1.2 (/opt/ros/humble/share/rmw_implementation_cmake/cmake)
[0.380s] -- Found rmw_fastrtps_cpp: 6.2.10 (/opt/ros/humble/share/rmw_fastrtps_cpp/cmake)
[0.497s] -- Using RMW implementation 'rmw_fastrtps_cpp' as default
[0.539s] -- Found rclpy: 3.3.21 (/opt/ros/humble/share/rclpy/cmake)
[0.539s] -- Found sensor_msgs: 4.9.1 (/opt/ros/humble/share/sensor_msgs/cmake)
[0.570s] -- Found kapibara_interfaces: 0.8.0 (/app/install/kapibara_interfaces/share/kapibara_interfaces/cmake)
[0.578s] -- Found ament_lint_auto: 0.12.15 (/opt/ros/humble/share/ament_lint_auto/cmake)
[0.654s] -- Added test 'flake8' to check Python code syntax and style conventions
[0.655s] -- Added test 'lint_cmake' to check CMake code style
[0.655s] -- Added test 'pep257' to check Python code against some of the docstring style conventions in PEP 257
[0.657s] -- Added test 'xmllint' to check XML markup files
[0.658s] -- Configuring done
[0.665s] -- Generating done
[0.667s] -- Build files have been written to: /app/build/emotion_estimer
[0.708s] Built target ament_cmake_python_symlink_emotion_estimer
[0.853s] running egg_info
[0.854s] writing emotion_estimer.egg-info/PKG-INFO
[0.854s] writing dependency_links to emotion_estimer.egg-info/dependency_links.txt
[0.854s] writing top-level names to emotion_estimer.egg-info/top_level.txt
[0.856s] reading manifest file 'emotion_estimer.egg-info/SOURCES.txt'
[0.856s] writing manifest file 'emotion_estimer.egg-info/SOURCES.txt'
[0.879s] Built target ament_cmake_python_build_emotion_estimer_egg
[0.890s] Invoked command in '/app/build/emotion_estimer' returned '0': AMENT_PREFIX_PATH=/app/install/kapibara_interfaces:${AMENT_PREFIX_PATH} CMAKE_PREFIX_PATH=/app/install/kapibara_interfaces:/opt/ros/humble LD_LIBRARY_PATH=/app/install/kapibara_interfaces/lib:${LD_LIBRARY_PATH} PYTHONPATH=/app/install/kapibara_interfaces/local/lib/python3.10/dist-packages:${PYTHONPATH} /usr/bin/cmake --build /app/build/emotion_estimer -- -j12 -l12
[0.891s] Invoking command in '/app/build/emotion_estimer': AMENT_PREFIX_PATH=/app/install/kapibara_interfaces:${AMENT_PREFIX_PATH} CMAKE_PREFIX_PATH=/app/install/kapibara_interfaces:/opt/ros/humble LD_LIBRARY_PATH=/app/install/kapibara_interfaces/lib:${LD_LIBRARY_PATH} PYTHONPATH=/app/install/kapibara_interfaces/local/lib/python3.10/dist-packages:${PYTHONPATH} /usr/bin/cmake --install /app/build/emotion_estimer
[0.897s] -- Install configuration: ""
[0.898s] -- Execute custom install script
[0.898s] -- Up-to-date symlink: /app/install/emotion_estimer/share/emotion_estimer/environment/pythonpath.sh
[0.898s] -- Up-to-date symlink: /app/install/emotion_estimer/share/emotion_estimer/environment/pythonpath.dsv
[0.898s] -- Up-to-date symlink: /app/install/emotion_estimer/local/lib/python3.10/dist-packages/emotion_estimer-0.0.0-py3.10.egg-info/PKG-INFO
[0.898s] -- Up-to-date symlink: /app/install/emotion_estimer/local/lib/python3.10/dist-packages/emotion_estimer-0.0.0-py3.10.egg-info/SOURCES.txt
[0.899s] -- Up-to-date symlink: /app/install/emotion_estimer/local/lib/python3.10/dist-packages/emotion_estimer-0.0.0-py3.10.egg-info/dependency_links.txt
[0.899s] -- Up-to-date symlink: /app/install/emotion_estimer/local/lib/python3.10/dist-packages/emotion_estimer-0.0.0-py3.10.egg-info/top_level.txt
[0.899s] -- Up-to-date symlink: /app/install/emotion_estimer/local/lib/python3.10/dist-packages/emotion_estimer/DeepIDTFLite.py
[0.899s] -- Up-to-date symlink: /app/install/emotion_estimer/local/lib/python3.10/dist-packages/emotion_estimer/TFLiteFaceDetector.py
[0.899s] -- Up-to-date symlink: /app/install/emotion_estimer/local/lib/python3.10/dist-packages/emotion_estimer/__init__.py
[0.900s] -- Up-to-date symlink: /app/install/emotion_estimer/local/lib/python3.10/dist-packages/emotion_estimer/face_data.py
[0.901s] -- Up-to-date symlink: /app/install/emotion_estimer/local/lib/python3.10/dist-packages/emotion_estimer/kapibara_audio.py
[0.901s] -- Up-to-date symlink: /app/install/emotion_estimer/local/lib/python3.10/dist-packages/emotion_estimer/midas.py
[0.901s] -- Up-to-date symlink: /app/install/emotion_estimer/local/lib/python3.10/dist-packages/emotion_estimer/yunet.py
[0.903s] -- Up-to-date symlink: /app/install/emotion_estimer/share/emotion_estimer/model/Midas-V2-Quantized.tflite
[0.903s] -- Up-to-date symlink: /app/install/emotion_estimer/share/emotion_estimer/model/Midas-V2-Quantized_edgetpu.log
[0.903s] -- Up-to-date symlink: /app/install/emotion_estimer/share/emotion_estimer/model/Midas-V2-Quantized_edgetpu.tflite
[0.903s] -- Up-to-date symlink: /app/install/emotion_estimer/share/emotion_estimer/model/deepid.tflite
[0.903s] -- Up-to-date symlink: /app/install/emotion_estimer/share/emotion_estimer/model/deepid_edgetpu.log
[0.903s] -- Up-to-date symlink: /app/install/emotion_estimer/share/emotion_estimer/model/deepid_edgetpu.tflite
[0.903s] -- Up-to-date symlink: /app/install/emotion_estimer/share/emotion_estimer/model/face_detection_yunet_2023mar_int8.tflite
[0.903s] -- Up-to-date symlink: /app/install/emotion_estimer/share/emotion_estimer/model/face_detection_yunet_2023mar_int8_edgetpu.log
[0.903s] -- Up-to-date symlink: /app/install/emotion_estimer/share/emotion_estimer/model/model.tflite
[0.903s] -- Up-to-date symlink: /app/install/emotion_estimer/share/emotion_estimer/model/model_edgetpu.log
[0.903s] -- Up-to-date symlink: /app/install/emotion_estimer/share/emotion_estimer/model/model_edgetpu.tflite
[0.903s] -- Up-to-date symlink: /app/install/emotion_estimer/share/emotion_estimer/model/slim.tflite
[0.903s] -- Up-to-date symlink: /app/install/emotion_estimer/share/emotion_estimer/model/slim_edgetpu.log
[0.903s] -- Up-to-date symlink: /app/install/emotion_estimer/share/emotion_estimer/model/slim_edgetpu.tflite
[0.903s] -- Up-to-date symlink: /app/install/emotion_estimer/share/emotion_estimer/model/yunet_full_integer_quant_edgetpu.log
[0.903s] -- Up-to-date symlink: /app/install/emotion_estimer/share/emotion_estimer/model/yunet_integer_quant.tflite
[0.903s] -- Up-to-date symlink: /app/install/emotion_estimer/share/emotion_estimer/model/yunet_integer_quant_edgetpu.log
[0.903s] -- Up-to-date symlink: /app/install/emotion_estimer/share/emotion_estimer/model/yunet_integer_quant_edgetpu.tflite
[0.904s] -- Up-to-date symlink: /app/install/emotion_estimer/lib/emotion_estimer/estimator.py
[0.904s] -- Up-to-date symlink: /app/install/emotion_estimer/share/ament_index/resource_index/package_run_dependencies/emotion_estimer
[0.904s] -- Up-to-date symlink: /app/install/emotion_estimer/share/ament_index/resource_index/parent_prefix_path/emotion_estimer
[0.904s] -- Up-to-date symlink: /app/install/emotion_estimer/share/emotion_estimer/environment/ament_prefix_path.sh
[0.904s] -- Up-to-date symlink: /app/install/emotion_estimer/share/emotion_estimer/environment/ament_prefix_path.dsv
[0.904s] -- Up-to-date symlink: /app/install/emotion_estimer/share/emotion_estimer/environment/path.sh
[0.904s] -- Up-to-date symlink: /app/install/emotion_estimer/share/emotion_estimer/environment/path.dsv
[0.904s] -- Up-to-date symlink: /app/install/emotion_estimer/share/emotion_estimer/local_setup.bash
[0.904s] -- Up-to-date symlink: /app/install/emotion_estimer/share/emotion_estimer/local_setup.sh
[0.905s] -- Up-to-date symlink: /app/install/emotion_estimer/share/emotion_estimer/local_setup.zsh
[0.905s] -- Up-to-date symlink: /app/install/emotion_estimer/share/emotion_estimer/local_setup.dsv
[0.905s] -- Symlinking: /app/install/emotion_estimer/share/emotion_estimer/package.dsv
[0.913s] -- Up-to-date symlink: /app/install/emotion_estimer/share/ament_index/resource_index/packages/emotion_estimer
[0.913s] -- Up-to-date symlink: /app/install/emotion_estimer/share/emotion_estimer/cmake/emotion_estimerConfig.cmake
[0.913s] -- Up-to-date symlink: /app/install/emotion_estimer/share/emotion_estimer/cmake/emotion_estimerConfig-version.cmake
[0.913s] -- Up-to-date symlink: /app/install/emotion_estimer/share/emotion_estimer/package.xml
[0.936s] Listing '/app/install/emotion_estimer/local/lib/python3.10/dist-packages/emotion_estimer'...
[0.942s] Invoked command in '/app/build/emotion_estimer' returned '0': AMENT_PREFIX_PATH=/app/install/kapibara_interfaces:${AMENT_PREFIX_PATH} CMAKE_PREFIX_PATH=/app/install/kapibara_interfaces:/opt/ros/humble LD_LIBRARY_PATH=/app/install/kapibara_interfaces/lib:${LD_LIBRARY_PATH} PYTHONPATH=/app/install/kapibara_interfaces/local/lib/python3.10/dist-packages:${PYTHONPATH} /usr/bin/cmake --install /app/build/emotion_estimer
