[0.032s] Invoking command in '/app/build/kapibara_vel_saltis_bridge': CMAKE_PREFIX_PATH=/app/install/vel_saltis_services:/app/install/kapibara_interfaces:/app/install/start_sequence:/app/install/kapibara_vel_saltis_bridge:/app/install/kapibara_twingo_bridge:/app/install/vel_saltis_ears:/app/install/vel_saltis_drive:/app/install/sample_package:/app/install/mqtt_bridge:/app/install/modus_board:/app/install/modus_board_interfaces:/app/install/microphone:/app/install/kapibara:/app/install/emotion_estimer:/opt/ros/humble LD_LIBRARY_PATH=/app/install/vel_saltis_services/lib:/app/install/kapibara_interfaces/lib:/app/install/vel_saltis_ears/lib:/app/install/vel_saltis_drive/lib:/app/install/modus_board_interfaces/lib:/opt/ros/humble/opt/rviz_ogre_vendor/lib:/opt/ros/humble/lib/x86_64-linux-gnu:/opt/ros/humble/lib /usr/bin/cmake --build /app/build/kapibara_vel_saltis_bridge -- -j12 -l12
[0.144s] [100%] Built target bridge
[0.158s] Invoked command in '/app/build/kapibara_vel_saltis_bridge' returned '0': CMAKE_PREFIX_PATH=/app/install/vel_saltis_services:/app/install/kapibara_interfaces:/app/install/start_sequence:/app/install/kapibara_vel_saltis_bridge:/app/install/kapibara_twingo_bridge:/app/install/vel_saltis_ears:/app/install/vel_saltis_drive:/app/install/sample_package:/app/install/mqtt_bridge:/app/install/modus_board:/app/install/modus_board_interfaces:/app/install/microphone:/app/install/kapibara:/app/install/emotion_estimer:/opt/ros/humble LD_LIBRARY_PATH=/app/install/vel_saltis_services/lib:/app/install/kapibara_interfaces/lib:/app/install/vel_saltis_ears/lib:/app/install/vel_saltis_drive/lib:/app/install/modus_board_interfaces/lib:/opt/ros/humble/opt/rviz_ogre_vendor/lib:/opt/ros/humble/lib/x86_64-linux-gnu:/opt/ros/humble/lib /usr/bin/cmake --build /app/build/kapibara_vel_saltis_bridge -- -j12 -l12
[0.161s] Invoking command in '/app/build/kapibara_vel_saltis_bridge': CMAKE_PREFIX_PATH=/app/install/vel_saltis_services:/app/install/kapibara_interfaces:/app/install/start_sequence:/app/install/kapibara_vel_saltis_bridge:/app/install/kapibara_twingo_bridge:/app/install/vel_saltis_ears:/app/install/vel_saltis_drive:/app/install/sample_package:/app/install/mqtt_bridge:/app/install/modus_board:/app/install/modus_board_interfaces:/app/install/microphone:/app/install/kapibara:/app/install/emotion_estimer:/opt/ros/humble LD_LIBRARY_PATH=/app/install/vel_saltis_services/lib:/app/install/kapibara_interfaces/lib:/app/install/vel_saltis_ears/lib:/app/install/vel_saltis_drive/lib:/app/install/modus_board_interfaces/lib:/opt/ros/humble/opt/rviz_ogre_vendor/lib:/opt/ros/humble/lib/x86_64-linux-gnu:/opt/ros/humble/lib /usr/bin/cmake --install /app/build/kapibara_vel_saltis_bridge
[0.177s] -- Install configuration: ""
[0.177s] -- Execute custom install script
[0.181s] -- Up-to-date symlink: /app/install/kapibara_vel_saltis_bridge/lib/kapibara_vel_saltis_bridge/bridge
[0.181s] -- Up-to-date symlink: /app/install/kapibara_vel_saltis_bridge/share/ament_index/resource_index/package_run_dependencies/kapibara_vel_saltis_bridge
[0.181s] -- Up-to-date symlink: /app/install/kapibara_vel_saltis_bridge/share/ament_index/resource_index/parent_prefix_path/kapibara_vel_saltis_bridge
[0.181s] -- Up-to-date symlink: /app/install/kapibara_vel_saltis_bridge/share/kapibara_vel_saltis_bridge/environment/ament_prefix_path.sh
[0.181s] -- Up-to-date symlink: /app/install/kapibara_vel_saltis_bridge/share/kapibara_vel_saltis_bridge/environment/ament_prefix_path.dsv
[0.181s] -- Up-to-date symlink: /app/install/kapibara_vel_saltis_bridge/share/kapibara_vel_saltis_bridge/environment/path.sh
[0.181s] -- Up-to-date symlink: /app/install/kapibara_vel_saltis_bridge/share/kapibara_vel_saltis_bridge/environment/path.dsv
[0.181s] -- Up-to-date symlink: /app/install/kapibara_vel_saltis_bridge/share/kapibara_vel_saltis_bridge/local_setup.bash
[0.181s] -- Up-to-date symlink: /app/install/kapibara_vel_saltis_bridge/share/kapibara_vel_saltis_bridge/local_setup.sh
[0.181s] -- Up-to-date symlink: /app/install/kapibara_vel_saltis_bridge/share/kapibara_vel_saltis_bridge/local_setup.zsh
[0.181s] -- Up-to-date symlink: /app/install/kapibara_vel_saltis_bridge/share/kapibara_vel_saltis_bridge/local_setup.dsv
[0.182s] -- Symlinking: /app/install/kapibara_vel_saltis_bridge/share/kapibara_vel_saltis_bridge/package.dsv
[0.198s] -- Up-to-date symlink: /app/install/kapibara_vel_saltis_bridge/share/ament_index/resource_index/packages/kapibara_vel_saltis_bridge
[0.198s] -- Up-to-date symlink: /app/install/kapibara_vel_saltis_bridge/share/kapibara_vel_saltis_bridge/cmake/kapibara_vel_saltis_bridgeConfig.cmake
[0.199s] -- Up-to-date symlink: /app/install/kapibara_vel_saltis_bridge/share/kapibara_vel_saltis_bridge/cmake/kapibara_vel_saltis_bridgeConfig-version.cmake
[0.199s] -- Up-to-date symlink: /app/install/kapibara_vel_saltis_bridge/share/kapibara_vel_saltis_bridge/package.xml
[0.200s] Invoked command in '/app/build/kapibara_vel_saltis_bridge' returned '0': CMAKE_PREFIX_PATH=/app/install/vel_saltis_services:/app/install/kapibara_interfaces:/app/install/start_sequence:/app/install/kapibara_vel_saltis_bridge:/app/install/kapibara_twingo_bridge:/app/install/vel_saltis_ears:/app/install/vel_saltis_drive:/app/install/sample_package:/app/install/mqtt_bridge:/app/install/modus_board:/app/install/modus_board_interfaces:/app/install/microphone:/app/install/kapibara:/app/install/emotion_estimer:/opt/ros/humble LD_LIBRARY_PATH=/app/install/vel_saltis_services/lib:/app/install/kapibara_interfaces/lib:/app/install/vel_saltis_ears/lib:/app/install/vel_saltis_drive/lib:/app/install/modus_board_interfaces/lib:/opt/ros/humble/opt/rviz_ogre_vendor/lib:/opt/ros/humble/lib/x86_64-linux-gnu:/opt/ros/humble/lib /usr/bin/cmake --install /app/build/kapibara_vel_saltis_bridge
