[0.028s] Invoking command in '/app/build/kapibara_twingo_bridge': AMENT_PREFIX_PATH=/app/install/vel_saltis_services:/app/install/kapibara_interfaces:${AMENT_PREFIX_PATH} CMAKE_PREFIX_PATH=/app/install/vel_saltis_services:/app/install/kapibara_interfaces:/opt/ros/humble LD_LIBRARY_PATH=/app/install/vel_saltis_services/lib:/app/install/kapibara_interfaces/lib:${LD_LIBRARY_PATH} PYTHONPATH=/app/install/vel_saltis_services/local/lib/python3.10/dist-packages:/app/install/kapibara_interfaces/local/lib/python3.10/dist-packages:${PYTHONPATH} /usr/bin/cmake --build /app/build/kapibara_twingo_bridge -- -j12 -l12
[0.130s] [100%] Built target bridge
[0.167s] Invoked command in '/app/build/kapibara_twingo_bridge' returned '0': AMENT_PREFIX_PATH=/app/install/vel_saltis_services:/app/install/kapibara_interfaces:${AMENT_PREFIX_PATH} CMAKE_PREFIX_PATH=/app/install/vel_saltis_services:/app/install/kapibara_interfaces:/opt/ros/humble LD_LIBRARY_PATH=/app/install/vel_saltis_services/lib:/app/install/kapibara_interfaces/lib:${LD_LIBRARY_PATH} PYTHONPATH=/app/install/vel_saltis_services/local/lib/python3.10/dist-packages:/app/install/kapibara_interfaces/local/lib/python3.10/dist-packages:${PYTHONPATH} /usr/bin/cmake --build /app/build/kapibara_twingo_bridge -- -j12 -l12
[0.168s] Invoking command in '/app/build/kapibara_twingo_bridge': AMENT_PREFIX_PATH=/app/install/vel_saltis_services:/app/install/kapibara_interfaces:${AMENT_PREFIX_PATH} CMAKE_PREFIX_PATH=/app/install/vel_saltis_services:/app/install/kapibara_interfaces:/opt/ros/humble LD_LIBRARY_PATH=/app/install/vel_saltis_services/lib:/app/install/kapibara_interfaces/lib:${LD_LIBRARY_PATH} PYTHONPATH=/app/install/vel_saltis_services/local/lib/python3.10/dist-packages:/app/install/kapibara_interfaces/local/lib/python3.10/dist-packages:${PYTHONPATH} /usr/bin/cmake --install /app/build/kapibara_twingo_bridge
[0.176s] -- Install configuration: ""
[0.176s] -- Execute custom install script
[0.177s] -- Up-to-date symlink: /app/install/kapibara_twingo_bridge/lib/kapibara_twingo_bridge/bridge
[0.177s] -- Up-to-date symlink: /app/install/kapibara_twingo_bridge/share/ament_index/resource_index/package_run_dependencies/kapibara_twingo_bridge
[0.177s] -- Up-to-date symlink: /app/install/kapibara_twingo_bridge/share/ament_index/resource_index/parent_prefix_path/kapibara_twingo_bridge
[0.177s] -- Up-to-date symlink: /app/install/kapibara_twingo_bridge/share/kapibara_twingo_bridge/environment/ament_prefix_path.sh
[0.177s] -- Up-to-date symlink: /app/install/kapibara_twingo_bridge/share/kapibara_twingo_bridge/environment/ament_prefix_path.dsv
[0.177s] -- Up-to-date symlink: /app/install/kapibara_twingo_bridge/share/kapibara_twingo_bridge/environment/path.sh
[0.177s] -- Up-to-date symlink: /app/install/kapibara_twingo_bridge/share/kapibara_twingo_bridge/environment/path.dsv
[0.178s] -- Up-to-date symlink: /app/install/kapibara_twingo_bridge/share/kapibara_twingo_bridge/local_setup.bash
[0.178s] -- Up-to-date symlink: /app/install/kapibara_twingo_bridge/share/kapibara_twingo_bridge/local_setup.sh
[0.178s] -- Up-to-date symlink: /app/install/kapibara_twingo_bridge/share/kapibara_twingo_bridge/local_setup.zsh
[0.178s] -- Up-to-date symlink: /app/install/kapibara_twingo_bridge/share/kapibara_twingo_bridge/local_setup.dsv
[0.178s] -- Symlinking: /app/install/kapibara_twingo_bridge/share/kapibara_twingo_bridge/package.dsv
[0.187s] -- Up-to-date symlink: /app/install/kapibara_twingo_bridge/share/ament_index/resource_index/packages/kapibara_twingo_bridge
[0.188s] -- Up-to-date symlink: /app/install/kapibara_twingo_bridge/share/kapibara_twingo_bridge/cmake/kapibara_twingo_bridgeConfig.cmake
[0.188s] -- Up-to-date symlink: /app/install/kapibara_twingo_bridge/share/kapibara_twingo_bridge/cmake/kapibara_twingo_bridgeConfig-version.cmake
[0.188s] -- Up-to-date symlink: /app/install/kapibara_twingo_bridge/share/kapibara_twingo_bridge/package.xml
[0.190s] Invoked command in '/app/build/kapibara_twingo_bridge' returned '0': AMENT_PREFIX_PATH=/app/install/vel_saltis_services:/app/install/kapibara_interfaces:${AMENT_PREFIX_PATH} CMAKE_PREFIX_PATH=/app/install/vel_saltis_services:/app/install/kapibara_interfaces:/opt/ros/humble LD_LIBRARY_PATH=/app/install/vel_saltis_services/lib:/app/install/kapibara_interfaces/lib:${LD_LIBRARY_PATH} PYTHONPATH=/app/install/vel_saltis_services/local/lib/python3.10/dist-packages:/app/install/kapibara_interfaces/local/lib/python3.10/dist-packages:${PYTHONPATH} /usr/bin/cmake --install /app/build/kapibara_twingo_bridge
