[ 50%] [32mBuilding CXX object CMakeFiles/hello.dir/src/hello.cpp.o[0m
[100%] [32m[1mLinking CXX executable hello[0m
[100%] Built target hello
-- Install configuration: ""
-- Execute custom install script
-- Symlinking: /app/install/sample_package/lib/sample_package/hello
-- Symlinking: /app/install/sample_package/lib/sample_package/hello.py
-- Symlinking: /app/install/sample_package/share/ament_index/resource_index/package_run_dependencies/sample_package
-- Symlinking: /app/install/sample_package/share/ament_index/resource_index/parent_prefix_path/sample_package
-- Symlinking: /app/install/sample_package/share/sample_package/environment/ament_prefix_path.sh
-- Symlinking: /app/install/sample_package/share/sample_package/environment/ament_prefix_path.dsv
-- Symlinking: /app/install/sample_package/share/sample_package/environment/path.sh
-- Symlinking: /app/install/sample_package/share/sample_package/environment/path.dsv
-- Symlinking: /app/install/sample_package/share/sample_package/local_setup.bash
-- Symlinking: /app/install/sample_package/share/sample_package/local_setup.sh
-- Symlinking: /app/install/sample_package/share/sample_package/local_setup.zsh
-- Symlinking: /app/install/sample_package/share/sample_package/local_setup.dsv
-- Symlinking: /app/install/sample_package/share/sample_package/package.dsv
-- Symlinking: /app/install/sample_package/share/ament_index/resource_index/packages/sample_package
-- Symlinking: /app/install/sample_package/share/sample_package/cmake/sample_packageConfig.cmake
-- Symlinking: /app/install/sample_package/share/sample_package/cmake/sample_packageConfig-version.cmake
-- Symlinking: /app/install/sample_package/share/sample_package/package.xml
