[  1%] Built target vel_saltis_services__rs
[  1%] Built target vel_saltis_services__cpp
[ 13%] Built target vel_saltis_services__rosidl_generator_c
[ 13%] Built target ament_cmake_python_symlink_vel_saltis_services
[ 26%] Built target vel_saltis_services__rosidl_typesupport_introspection_cpp
[ 37%] Built target vel_saltis_services__rosidl_typesupport_introspection_c
[ 49%] Built target vel_saltis_services__rosidl_typesupport_c
[ 73%] Built target vel_saltis_services__rosidl_typesupport_fastrtps_cpp
[ 72%] Built target vel_saltis_services__rosidl_typesupport_fastrtps_c
[ 85%] Built target vel_saltis_services__rosidl_typesupport_cpp
[ 85%] Built target vel_saltis_services
[ 86%] Built target vel_saltis_services__py
[ 97%] Built target vel_saltis_services__rosidl_generator_py
[ 99%] Built target vel_saltis_services__rosidl_typesupport_fastrtps_c__pyext
[ 99%] Built target vel_saltis_services__rosidl_typesupport_introspection_c__pyext
[100%] Built target vel_saltis_services__rosidl_typesupport_c__pyext
running egg_info
writing vel_saltis_services.egg-info/PKG-INFO
writing dependency_links to vel_saltis_services.egg-info/dependency_links.txt
writing top-level names to vel_saltis_services.egg-info/top_level.txt
reading manifest file 'vel_saltis_services.egg-info/SOURCES.txt'
writing manifest file 'vel_saltis_services.egg-info/SOURCES.txt'
[100%] Built target ament_cmake_python_build_vel_saltis_services_egg
