[0.025s] Invoking command in '/app/build/kinect_ros2': CMAKE_PREFIX_PATH=/opt/ros/humble /usr/bin/cmake /app/src/kinect_ros2 -DAMENT_CMAKE_SYMLINK_INSTALL=1 -DCMAKE_INSTALL_PREFIX=/app/install/kinect_ros2
[0.034s] -- Found ament_cmake: 1.3.14 (/opt/ros/humble/share/ament_cmake/cmake)
[0.141s] -- Override CMake install command with custom implementation using symlinks instead of copying resources
[0.147s] -- Found rclcpp_components: 16.0.19 (/opt/ros/humble/share/rclcpp_components/cmake)
[0.175s] -- Found rosidl_generator_c: 3.1.8 (/opt/ros/humble/share/rosidl_generator_c/cmake)
[0.178s] -- Found rosidl_adapter: 3.1.8 (/opt/ros/humble/share/rosidl_adapter/cmake)
[0.183s] -- Found rosidl_generator_cpp: 3.1.8 (/opt/ros/humble/share/rosidl_generator_cpp/cmake)
[0.191s] -- Using all available rosidl_typesupport_c: rosidl_typesupport_fastrtps_c;rosidl_typesupport_introspection_c
[0.201s] -- Using all available rosidl_typesupport_cpp: rosidl_typesupport_fastrtps_cpp;rosidl_typesupport_introspection_cpp
[0.241s] -- Found rmw_implementation_cmake: 6.1.2 (/opt/ros/humble/share/rmw_implementation_cmake/cmake)
[0.242s] -- Found rmw_fastrtps_cpp: 6.2.10 (/opt/ros/humble/share/rmw_fastrtps_cpp/cmake)
[0.357s] -- Using RMW implementation 'rmw_fastrtps_cpp' as default
[0.414s] [31mCMake Error at CMakeLists.txt:17 (find_package):
[0.414s]   By not providing "Findlibfreenect.cmake" in CMAKE_MODULE_PATH this project
[0.414s]   has asked CMake to find a package configuration file provided by
[0.414s]   "libfreenect", but CMake did not find one.
[0.414s] 
[0.414s]   Could not find a package configuration file provided by "libfreenect" with
[0.414s]   any of the following names:
[0.415s] 
[0.415s]     libfreenectConfig.cmake
[0.415s]     libfreenect-config.cmake
[0.415s] 
[0.415s]   Add the installation prefix of "libfreenect" to CMAKE_PREFIX_PATH or set
[0.415s]   "libfreenect_DIR" to a directory containing one of the above files.  If
[0.415s]   "libfreenect" provides a separate development package or SDK, be sure it
[0.415s]   has been installed.
[0.415s] 
[0.415s] [0m
[0.416s] -- Configuring incomplete, errors occurred!
[0.417s] See also "/app/build/kinect_ros2/CMakeFiles/CMakeOutput.log".
[0.428s] Invoked command in '/app/build/kinect_ros2' returned '1': CMAKE_PREFIX_PATH=/opt/ros/humble /usr/bin/cmake /app/src/kinect_ros2 -DAMENT_CMAKE_SYMLINK_INSTALL=1 -DCMAKE_INSTALL_PREFIX=/app/install/kinect_ros2
