-- The C compiler identification is GNU 11.4.0
-- The CXX compiler identification is GNU 11.4.0
-- Detecting C compiler ABI info
-- Detecting C compiler ABI info - done
-- Check for working C compiler: /usr/bin/cc - skipped
-- Detecting C compile features
-- Detecting C compile features - done
-- Detecting CXX compiler ABI info
-- Detecting CXX compiler ABI info - done
-- Check for working CXX compiler: /usr/bin/c++ - skipped
-- Detecting CXX compile features
-- Detecting CXX compile features - done
-- Found ament_cmake: 1.3.14 (/opt/ros/humble/share/ament_cmake/cmake)
-- Found Python3: /usr/bin/python3 (found version "3.10.12") found components: Interpreter 
-- Override CMake install command with custom implementation using symlinks instead of copying resources
-- Found std_msgs: 4.9.1 (/opt/ros/humble/share/std_msgs/cmake)
-- Found rosidl_generator_c: 3.1.8 (/opt/ros/humble/share/rosidl_generator_c/cmake)
-- Found rosidl_adapter: 3.1.8 (/opt/ros/humble/share/rosidl_adapter/cmake)
-- Found rosidl_generator_cpp: 3.1.8 (/opt/ros/humble/share/rosidl_generator_cpp/cmake)
-- Using all available rosidl_typesupport_c: rosidl_typesupport_fastrtps_c;rosidl_typesupport_introspection_c
-- Using all available rosidl_typesupport_cpp: rosidl_typesupport_fastrtps_cpp;rosidl_typesupport_introspection_cpp
-- Found sensor_msgs: 4.9.1 (/opt/ros/humble/share/sensor_msgs/cmake)
-- Found rclcpp: 16.0.19 (/opt/ros/humble/share/rclcpp/cmake)
-- Found rmw_implementation_cmake: 6.1.2 (/opt/ros/humble/share/rmw_implementation_cmake/cmake)
-- Found rmw_fastrtps_cpp: 6.2.10 (/opt/ros/humble/share/rmw_fastrtps_cpp/cmake)
-- Found OpenSSL: /usr/lib/x86_64-linux-gnu/libcrypto.so (found version "3.0.2")  
-- Found FastRTPS: /opt/ros/humble/include  
-- Using RMW implementation 'rmw_fastrtps_cpp' as default
-- Looking for pthread.h
-- Looking for pthread.h - found
-- Performing Test CMAKE_HAVE_LIBC_PTHREAD
-- Performing Test CMAKE_HAVE_LIBC_PTHREAD - Success
-- Found Threads: TRUE  
-- Found kapibara_interfaces: 0.8.0 (/app/install/kapibara_interfaces/share/kapibara_interfaces/cmake)
-- Found vel_saltis_services: 0.8.0 (/app/install/vel_saltis_services/share/vel_saltis_services/cmake)
-- Found ament_lint_auto: 0.12.15 (/opt/ros/humble/share/ament_lint_auto/cmake)
-- Added test 'cppcheck' to perform static code analysis on C / C++ code
-- Configured cppcheck include dirs: /app/src/kapibara_vel_saltis_bridge/include
-- Configured cppcheck exclude dirs and/or files: 
-- Added test 'lint_cmake' to check CMake code style
-- Added test 'uncrustify' to check C / C++ code style
-- Configured uncrustify additional arguments: 
-- Added test 'xmllint' to check XML markup files
-- Configuring done
-- Generating done
-- Build files have been written to: /app/build/kapibara_vel_saltis_bridge
[ 25%] [32mBuilding CXX object CMakeFiles/bridge.dir/src/bridge.cpp.o[0m
[ 50%] [32mBuilding CXX object CMakeFiles/bridge.dir/src/can.cpp.o[0m
[ 75%] [32mBuilding CXX object CMakeFiles/bridge.dir/src/frame.cpp.o[0m
[01m[K/app/src/kapibara_vel_saltis_bridge/src/bridge.cpp:[m[K In function ‘[01m[Kvoid can_task(std::shared_ptr<BridgeNode>, uint64_t)[m[K’:
[01m[K/app/src/kapibara_vel_saltis_bridge/src/bridge.cpp:132:59:[m[K [01;35m[Kwarning: [m[KISO C++ forbids variable length array ‘[01m[Ktofs[m[K’ [[01;35m[K-Wvla[m[K]
  132 |     rclcpp::Publisher<sensor_msgs::msg::Range>::SharedPtr [01;35m[Ktofs[m[K[tofCount];
      |                                                           [01;35m[K^~~~[m[K
[01m[K/app/src/kapibara_vel_saltis_bridge/src/bridge.cpp:[m[K In function ‘[01m[Kvoid get_imu_cfg(std::shared_ptr<vel_saltis_services::srv::GetImuCFG_Request_<std::allocator<void> > >, std::shared_ptr<vel_saltis_services::srv::GetImuCFG_Response_<std::allocator<void> > >)[m[K’:
[01m[K/app/src/kapibara_vel_saltis_bridge/src/bridge.cpp:336:23:[m[K [01;35m[Kwarning: [m[Kmissing initializer for member ‘[01m[Kimu_raw_gyro::y[m[K’ [[01;35m[K-Wmissing-field-initializers[m[K]
  336 |     imu_cfg_t cfg = {0[01;35m[K}[m[K;
      |                       [01;35m[K^[m[K
[01m[K/app/src/kapibara_vel_saltis_bridge/src/bridge.cpp:336:23:[m[K [01;35m[Kwarning: [m[Kmissing initializer for member ‘[01m[Kimu_raw_gyro::z[m[K’ [[01;35m[K-Wmissing-field-initializers[m[K]
[01m[K/app/src/kapibara_vel_saltis_bridge/src/bridge.cpp:336:23:[m[K [01;35m[Kwarning: [m[Kmissing initializer for member ‘[01m[Kimu_cfg::accelerometer_offset[m[K’ [[01;35m[K-Wmissing-field-initializers[m[K]
[01m[K/app/src/kapibara_vel_saltis_bridge/src/bridge.cpp:336:23:[m[K [01;35m[Kwarning: [m[Kmissing initializer for member ‘[01m[Kimu_cfg::mag_offset[m[K’ [[01;35m[K-Wmissing-field-initializers[m[K]
[01m[K/app/src/kapibara_vel_saltis_bridge/src/bridge.cpp:336:23:[m[K [01;35m[Kwarning: [m[Kmissing initializer for member ‘[01m[Kimu_cfg::accel_range[m[K’ [[01;35m[K-Wmissing-field-initializers[m[K]
[01m[K/app/src/kapibara_vel_saltis_bridge/src/bridge.cpp:319:80:[m[K [01;35m[Kwarning: [m[Kunused parameter ‘[01m[Krequest[m[K’ [[01;35m[K-Wunused-parameter[m[K]
  319 | void get_imu_cfg([01;35m[Kstd::shared_ptr<vel_saltis_services::srv::GetImuCFG::Request> request[m[K,
      |                  [01;35m[K~~~~~~~~~~~~~~~~~~~~~~~~~~~~~~~~~~~~~~~~~~~~~~~~~~~~~~~~~~~~~~^~~~~~~[m[K
[01m[K/app/src/kapibara_vel_saltis_bridge/src/bridge.cpp:[m[K In function ‘[01m[Kvoid get_fusion_cfg(std::shared_ptr<vel_saltis_services::srv::GetFusionCFG_Request_<std::allocator<void> > >, std::shared_ptr<vel_saltis_services::srv::GetFusionCFG_Response_<std::allocator<void> > >)[m[K’:
[01m[K/app/src/kapibara_vel_saltis_bridge/src/bridge.cpp:439:26:[m[K [01;35m[Kwarning: [m[Kmissing initializer for member ‘[01m[Kfusion_cfg::integral[m[K’ [[01;35m[K-Wmissing-field-initializers[m[K]
  439 |     fusion_cfg_t cfg = {0[01;35m[K}[m[K;
      |                          [01;35m[K^[m[K
[01m[K/app/src/kapibara_vel_saltis_bridge/src/bridge.cpp:439:26:[m[K [01;35m[Kwarning: [m[Kmissing initializer for member ‘[01m[Kfusion_cfg::quaterion[m[K’ [[01;35m[K-Wmissing-field-initializers[m[K]
[01m[K/app/src/kapibara_vel_saltis_bridge/src/bridge.cpp:422:86:[m[K [01;35m[Kwarning: [m[Kunused parameter ‘[01m[Krequest[m[K’ [[01;35m[K-Wunused-parameter[m[K]
  422 | void get_fusion_cfg([01;35m[Kstd::shared_ptr<vel_saltis_services::srv::GetFusionCFG::Request> request[m[K,
      |                     [01;35m[K~~~~~~~~~~~~~~~~~~~~~~~~~~~~~~~~~~~~~~~~~~~~~~~~~~~~~~~~~~~~~~~~~^~~~~~~[m[K
[01m[K/app/src/kapibara_vel_saltis_bridge/src/bridge.cpp:[m[K In function ‘[01m[Kvoid get_pid_cfg(std::shared_ptr<vel_saltis_services::srv::GetPIDCFG_Request_<std::allocator<void> > >, std::shared_ptr<vel_saltis_services::srv::GetPIDCFG_Response_<std::allocator<void> > >)[m[K’:
[01m[K/app/src/kapibara_vel_saltis_bridge/src/bridge.cpp:584:23:[m[K [01;35m[Kwarning: [m[Kmissing initializer for member ‘[01m[KPID::i[m[K’ [[01;35m[K-Wmissing-field-initializers[m[K]
  584 |     pid_cfg_t cfg = {0[01;35m[K}[m[K;
      |                       [01;35m[K^[m[K
[01m[K/app/src/kapibara_vel_saltis_bridge/src/bridge.cpp:584:23:[m[K [01;35m[Kwarning: [m[Kmissing initializer for member ‘[01m[KPID::d[m[K’ [[01;35m[K-Wmissing-field-initializers[m[K]
[01m[K/app/src/kapibara_vel_saltis_bridge/src/bridge.cpp:584:23:[m[K [01;35m[Kwarning: [m[Kmissing initializer for member ‘[01m[Kpid_cfg::pid_right[m[K’ [[01;35m[K-Wmissing-field-initializers[m[K]
[01m[K/app/src/kapibara_vel_saltis_bridge/src/bridge.cpp:584:23:[m[K [01;35m[Kwarning: [m[Kmissing initializer for member ‘[01m[Kpid_cfg::open[m[K’ [[01;35m[K-Wmissing-field-initializers[m[K]
[01m[K/app/src/kapibara_vel_saltis_bridge/src/bridge.cpp:566:80:[m[K [01;35m[Kwarning: [m[Kunused parameter ‘[01m[Krequest[m[K’ [[01;35m[K-Wunused-parameter[m[K]
  566 | void get_pid_cfg([01;35m[Kstd::shared_ptr<vel_saltis_services::srv::GetPIDCFG::Request> request[m[K,
      |                  [01;35m[K~~~~~~~~~~~~~~~~~~~~~~~~~~~~~~~~~~~~~~~~~~~~~~~~~~~~~~~~~~~~~~^~~~~~~[m[K
[01m[K/app/src/kapibara_vel_saltis_bridge/src/bridge.cpp:[m[K In function ‘[01m[Kvoid get_servo_cfg(std::shared_ptr<vel_saltis_services::srv::GetServoCFG_Request_<std::allocator<void> > >, std::shared_ptr<vel_saltis_services::srv::GetServoCFG_Response_<std::allocator<void> > >)[m[K’:
[01m[K/app/src/kapibara_vel_saltis_bridge/src/bridge.cpp:651:84:[m[K [01;35m[Kwarning: [m[Kunused parameter ‘[01m[Krequest[m[K’ [[01;35m[K-Wunused-parameter[m[K]
  651 | void get_servo_cfg([01;35m[Kstd::shared_ptr<vel_saltis_services::srv::GetServoCFG::Request> request[m[K,
      |                    [01;35m[K~~~~~~~~~~~~~~~~~~~~~~~~~~~~~~~~~~~~~~~~~~~~~~~~~~~~~~~~~~~~~~~~^~~~~~~[m[K
[01m[K/app/src/kapibara_vel_saltis_bridge/src/bridge.cpp:[m[K In function ‘[01m[Kvoid get_motor_cfg(std::shared_ptr<vel_saltis_services::srv::GetMotorCFG_Request_<std::allocator<void> > >, std::shared_ptr<vel_saltis_services::srv::GetMotorCFG_Response_<std::allocator<void> > >)[m[K’:
[01m[K/app/src/kapibara_vel_saltis_bridge/src/bridge.cpp:727:84:[m[K [01;35m[Kwarning: [m[Kunused parameter ‘[01m[Krequest[m[K’ [[01;35m[K-Wunused-parameter[m[K]
  727 | void get_motor_cfg([01;35m[Kstd::shared_ptr<vel_saltis_services::srv::GetMotorCFG::Request> request[m[K,
      |                    [01;35m[K~~~~~~~~~~~~~~~~~~~~~~~~~~~~~~~~~~~~~~~~~~~~~~~~~~~~~~~~~~~~~~~~^~~~~~~[m[K
[01m[K/app/src/kapibara_vel_saltis_bridge/src/bridge.cpp:[m[K In lambda function:
[01m[K/app/src/kapibara_vel_saltis_bridge/src/bridge.cpp:804:42:[m[K [01;35m[Kwarning: [m[Kunused parameter ‘[01m[Ksignal[m[K’ [[01;35m[K-Wunused-parameter[m[K]
  804 |     shutdown_handler = [&can_thread]([01;35m[Kint signal[m[K)->void    {
      |                                      [01;35m[K~~~~^~~~~~[m[K
[100%] [32m[1mLinking CXX executable bridge[0m
[100%] Built target bridge
-- Install configuration: ""
-- Execute custom install script
-- Symlinking: /app/install/kapibara_vel_saltis_bridge/lib/kapibara_vel_saltis_bridge/bridge
-- Symlinking: /app/install/kapibara_vel_saltis_bridge/share/ament_index/resource_index/package_run_dependencies/kapibara_vel_saltis_bridge
-- Symlinking: /app/install/kapibara_vel_saltis_bridge/share/ament_index/resource_index/parent_prefix_path/kapibara_vel_saltis_bridge
-- Symlinking: /app/install/kapibara_vel_saltis_bridge/share/kapibara_vel_saltis_bridge/environment/ament_prefix_path.sh
-- Symlinking: /app/install/kapibara_vel_saltis_bridge/share/kapibara_vel_saltis_bridge/environment/ament_prefix_path.dsv
-- Symlinking: /app/install/kapibara_vel_saltis_bridge/share/kapibara_vel_saltis_bridge/environment/path.sh
-- Symlinking: /app/install/kapibara_vel_saltis_bridge/share/kapibara_vel_saltis_bridge/environment/path.dsv
-- Symlinking: /app/install/kapibara_vel_saltis_bridge/share/kapibara_vel_saltis_bridge/local_setup.bash
-- Symlinking: /app/install/kapibara_vel_saltis_bridge/share/kapibara_vel_saltis_bridge/local_setup.sh
-- Symlinking: /app/install/kapibara_vel_saltis_bridge/share/kapibara_vel_saltis_bridge/local_setup.zsh
-- Symlinking: /app/install/kapibara_vel_saltis_bridge/share/kapibara_vel_saltis_bridge/local_setup.dsv
-- Symlinking: /app/install/kapibara_vel_saltis_bridge/share/kapibara_vel_saltis_bridge/package.dsv
-- Symlinking: /app/install/kapibara_vel_saltis_bridge/share/ament_index/resource_index/packages/kapibara_vel_saltis_bridge
-- Symlinking: /app/install/kapibara_vel_saltis_bridge/share/kapibara_vel_saltis_bridge/cmake/kapibara_vel_saltis_bridgeConfig.cmake
-- Symlinking: /app/install/kapibara_vel_saltis_bridge/share/kapibara_vel_saltis_bridge/cmake/kapibara_vel_saltis_bridgeConfig-version.cmake
-- Symlinking: /app/install/kapibara_vel_saltis_bridge/share/kapibara_vel_saltis_bridge/package.xml
