[0.035s] Invoking command in '/app/build/modus_board': CMAKE_PREFIX_PATH=/app/install/modus_board_interfaces:/app/install/kapibara_interfaces:/app/install/start_sequence:/app/install/kapibara_vel_saltis_bridge:/app/install/kapibara_twingo_bridge:/app/install/vel_saltis_services:/app/install/vel_saltis_ears:/app/install/vel_saltis_drive:/app/install/sample_package:/app/install/mqtt_bridge:/app/install/modus_board:/app/install/microphone:/app/install/kapibara:/app/install/emotion_estimer:/opt/ros/humble LD_LIBRARY_PATH=/app/install/modus_board_interfaces/lib:/app/install/kapibara_interfaces/lib:/app/install/vel_saltis_services/lib:/app/install/vel_saltis_ears/lib:/app/install/vel_saltis_drive/lib:/opt/ros/humble/opt/rviz_ogre_vendor/lib:/opt/ros/humble/lib/x86_64-linux-gnu:/opt/ros/humble/lib /usr/bin/cmake --build /app/build/modus_board -- -j12 -l12
[0.096s] Invoked command in '/app/build/modus_board' returned '0': CMAKE_PREFIX_PATH=/app/install/modus_board_interfaces:/app/install/kapibara_interfaces:/app/install/start_sequence:/app/install/kapibara_vel_saltis_bridge:/app/install/kapibara_twingo_bridge:/app/install/vel_saltis_services:/app/install/vel_saltis_ears:/app/install/vel_saltis_drive:/app/install/sample_package:/app/install/mqtt_bridge:/app/install/modus_board:/app/install/microphone:/app/install/kapibara:/app/install/emotion_estimer:/opt/ros/humble LD_LIBRARY_PATH=/app/install/modus_board_interfaces/lib:/app/install/kapibara_interfaces/lib:/app/install/vel_saltis_services/lib:/app/install/vel_saltis_ears/lib:/app/install/vel_saltis_drive/lib:/opt/ros/humble/opt/rviz_ogre_vendor/lib:/opt/ros/humble/lib/x86_64-linux-gnu:/opt/ros/humble/lib /usr/bin/cmake --build /app/build/modus_board -- -j12 -l12
[0.099s] Invoking command in '/app/build/modus_board': CMAKE_PREFIX_PATH=/app/install/modus_board_interfaces:/app/install/kapibara_interfaces:/app/install/start_sequence:/app/install/kapibara_vel_saltis_bridge:/app/install/kapibara_twingo_bridge:/app/install/vel_saltis_services:/app/install/vel_saltis_ears:/app/install/vel_saltis_drive:/app/install/sample_package:/app/install/mqtt_bridge:/app/install/modus_board:/app/install/microphone:/app/install/kapibara:/app/install/emotion_estimer:/opt/ros/humble LD_LIBRARY_PATH=/app/install/modus_board_interfaces/lib:/app/install/kapibara_interfaces/lib:/app/install/vel_saltis_services/lib:/app/install/vel_saltis_ears/lib:/app/install/vel_saltis_drive/lib:/opt/ros/humble/opt/rviz_ogre_vendor/lib:/opt/ros/humble/lib/x86_64-linux-gnu:/opt/ros/humble/lib /usr/bin/cmake --install /app/build/modus_board
[0.118s] -- Install configuration: ""
[0.119s] -- Execute custom install script
[0.119s] -- Up-to-date symlink: /app/install/modus_board/lib/modus_board/enable_boards.py
[0.119s] -- Up-to-date symlink: /app/install/modus_board/lib/modus_board/reset_boards.py
[0.119s] -- Up-to-date symlink: /app/install/modus_board/share/ament_index/resource_index/package_run_dependencies/modus_board
[0.119s] -- Up-to-date symlink: /app/install/modus_board/share/ament_index/resource_index/parent_prefix_path/modus_board
[0.119s] -- Up-to-date symlink: /app/install/modus_board/share/modus_board/environment/ament_prefix_path.sh
[0.119s] -- Up-to-date symlink: /app/install/modus_board/share/modus_board/environment/ament_prefix_path.dsv
[0.119s] -- Up-to-date symlink: /app/install/modus_board/share/modus_board/environment/path.sh
[0.119s] -- Up-to-date symlink: /app/install/modus_board/share/modus_board/environment/path.dsv
[0.119s] -- Up-to-date symlink: /app/install/modus_board/share/modus_board/local_setup.bash
[0.120s] -- Up-to-date symlink: /app/install/modus_board/share/modus_board/local_setup.sh
[0.120s] -- Up-to-date symlink: /app/install/modus_board/share/modus_board/local_setup.zsh
[0.124s] -- Up-to-date symlink: /app/install/modus_board/share/modus_board/local_setup.dsv
[0.124s] -- Symlinking: /app/install/modus_board/share/modus_board/package.dsv
[0.140s] -- Up-to-date symlink: /app/install/modus_board/share/ament_index/resource_index/packages/modus_board
[0.140s] -- Up-to-date symlink: /app/install/modus_board/share/modus_board/cmake/modus_boardConfig.cmake
[0.140s] -- Up-to-date symlink: /app/install/modus_board/share/modus_board/cmake/modus_boardConfig-version.cmake
[0.141s] -- Up-to-date symlink: /app/install/modus_board/share/modus_board/package.xml
[0.151s] Invoked command in '/app/build/modus_board' returned '0': CMAKE_PREFIX_PATH=/app/install/modus_board_interfaces:/app/install/kapibara_interfaces:/app/install/start_sequence:/app/install/kapibara_vel_saltis_bridge:/app/install/kapibara_twingo_bridge:/app/install/vel_saltis_services:/app/install/vel_saltis_ears:/app/install/vel_saltis_drive:/app/install/sample_package:/app/install/mqtt_bridge:/app/install/modus_board:/app/install/microphone:/app/install/kapibara:/app/install/emotion_estimer:/opt/ros/humble LD_LIBRARY_PATH=/app/install/modus_board_interfaces/lib:/app/install/kapibara_interfaces/lib:/app/install/vel_saltis_services/lib:/app/install/vel_saltis_ears/lib:/app/install/vel_saltis_drive/lib:/opt/ros/humble/opt/rviz_ogre_vendor/lib:/opt/ros/humble/lib/x86_64-linux-gnu:/opt/ros/humble/lib /usr/bin/cmake --install /app/build/modus_board
